┌ Info: nu candidates
│   cand1 = 150
│   cand2 = 150
└   cand3 = 780
┌ Info: nu candidates
│   cand1 = 150
│   cand2 = 300
└   cand3 = 780
┌ Info: nu candidates
│   cand1 = 150
│   cand2 = 450
└   cand3 = 770
┌ Info: nu candidates
│   cand1 = 150
│   cand2 = 600
└   cand3 = 686
┌ Info: nu candidates
│   cand1 = 150
│   cand2 = 285
└   cand3 = 671
┌ Info: nu candidates
│   cand1 = 150
│   cand2 = 435
└   cand3 = 602
┌ Info: nu candidates
│   cand1 = 150
│   cand2 = 585
└   cand3 = 601
┌ Info: nu candidates
│   cand1 = 150
│   cand2 = 297
└   cand3 = 598
┌ Info: nu candidates
│   cand1 = 150
│   cand2 = 447
└   cand3 = 594
┌ Info: nu candidates
│   cand1 = 150
│   cand2 = 597
└   cand3 = 594
┌ Info: nu candidates
│   cand1 = 150
│   cand2 = 300
└   cand3 = 594
┌ Info: nu candidates
│   cand1 = 150
│   cand2 = 450
└   cand3 = 528
┌ Info: nu candidates
│   cand1 = 150
│   cand2 = 600
└   cand3 = 518
┌ Info: nu candidates
│   cand1 = 150
│   cand2 = 216
└   cand3 = 434
┌ Info: nu candidates
│   cand1 = 150
│   cand2 = 366
└   cand3 = 378
┌ Info: nu candidates
│   cand1 = 150
│   cand2 = 516
└   cand3 = 378
┌ Info: nu candidates
│   cand1 = 150
│   cand2 = 151
└   cand3 = 228
┌ Info: nu candidates
│   cand1 = 150
│   cand2 = 301
└   cand3 = 178
┌ Info: nu candidates
│   cand1 = 150
│   cand2 = 451
└   cand3 = 178

=== Running tests for molecule: formaldehyde ===
Starting Davidson with n_aux = 600, l_buffer = 780, lc = 603, thresh = 0.002, max_iter = 100
Iter 1: V_size = 150, Converged = 0, ‖r‖ (largest λ) = 0.3215948301616369
Iter 2: V_size = 300, Converged = 10, ‖r‖ (largest λ) = 2.9291012219754313e-5
Iter 3: V_size = 450, Converged = 94, ‖r‖ (largest λ) = 334.9397615151334
Iter 4: V_size = 600, Converged = 109, ‖r‖ (largest λ) = 264.67634760046604
Iter 5: V_size = 285, Converged = 178, ‖r‖ (largest λ) = 7.119424063635292e-6
Iter 6: V_size = 435, Converged = 179, ‖r‖ (largest λ) = 162.33120194706203
Iter 7: V_size = 585, Converged = 182, ‖r‖ (largest λ) = 0.0013348653930940347
Iter 8: V_size = 297, Converged = 186, ‖r‖ (largest λ) = 0.0014218002201817838
Iter 9: V_size = 447, Converged = 186, ‖r‖ (largest λ) = 35.58892700222835
Total MINRES iterations: 2424
Iter 10: V_size = 597, Converged = 186, ‖r‖ (largest λ) = 0.002113204685794937
Total MINRES iterations: 2075
Iter 11: V_size = 300, Converged = 252, ‖r‖ (largest λ) = 0.0019381781448175122
Total MINRES iterations: 2988
Iter 12: V_size = 450, Converged = 262, ‖r‖ (largest λ) = 98.74350506818638
Total MINRES iterations: 1398
Iter 13: V_size = 600, Converged = 346, ‖r‖ (largest λ) = 35.65085489593976
Total MINRES iterations: 2350
Iter 14: V_size = 216, Converged = 402, ‖r‖ (largest λ) = 0.00026678494697310545
Total MINRES iterations: 3000
Iter 15: V_size = 366, Converged = 402, ‖r‖ (largest λ) = 119.57259787624234
Iter 16: V_size = 516, Converged = 552, ‖r‖ (largest λ) = 0.000662360920122179
Warning: V is empty, rebuilding from A columns.
Total MINRES iterations: 2500
Iter 17: V_size = 0, Converged = 602, ‖r‖ (largest λ) = 0.0017904559107325322
Total MINRES iterations: 3027
Iter 18: V_size = 301, Converged = 602, ‖r‖ (largest λ) = 94.01282131737028
Converged all required eigenvalues (cluster-aware). Iter = 19
2332.037128 seconds (29.88 M allocations: 1.218 TiB, 0.20% gc time, 0.03% compilation time)
Number of FLOPs: 77924866191492

Reading exact Eigenvalues...
Reading eigenvalues from ../MA_best/Eigenvalues_folder/eigenres_formaldehyde_RNDbasis1.jld2

Compute the difference between computed and exact eigenvalues:
1×600 adjoint(::Vector{Float64}) with eltype Float64:
 -2.27374e-12  -4.43379e-12  -3.86535e-12  -4.52104e-10  -2.6165e-10  -3.26651e-10  -5.91626e-10  -5.78353e-10  -2.62901e-12  -3.40022e-9  -5.5185e-8  -1.6982e-12  -3.8014e-12  -2.32063e-11  -1.10916e-11  -2.90292e-11  -2.46914e-11  -4.86722e-13  -2.90719e-11  -3.31895e-11  -1.37561e-11  -2.37605e-11  -9.27969e-12  -3.77227e-11  -3.76588e-12  -1.99389e-10  -7.72715e-12  -4.31992e-11  -1.90248e-12  -6.41656e-11  -9.79909e-11  -1.33138e-11  -2.03979e-11  -5.66462e-11  -9.04521e-12  -4.89422e-11  -2.74554e-11  -5.78364e-11  -1.31628e-11  -1.09281e-11  -2.12932e-11  -5.26716e-11  -1.16413e-10  -3.24103e-10  -2.94546e-10  -1.27219e-10  -2.66811e-10  -3.77865e-10  -5.74254e-10  -2.65414e-10  -4.64743e-10  -8.20725e-10  -1.01493e-9  -1.11735e-9  -1.75994e-9  -9.22919e-10  -1.35648e-9  -2.06619e-9  -2.22168e-9  -3.25171e-9  -2.6399e-9  -5.43528e-9  -6.4623e-9  -3.89127e-9  -6.77984e-9  -6.87174e-9  -5.08683e-9  -1.12954e-8  -2.80141e-9  -1.55762e-8  -7.72661e-9  -1.25086e-8  -4.20544e-8  -2.9178e-8  -2.32524e-8  -4.69581e-8  -3.93328e-8  -3.29442e-8  -4.00004e-8  -6.14136e-8  -4.1737e-8  -6.33723e-8  -9.32258e-8  -2.30845e-7  -9.0421e-7  -7.04799e-8  -3.50131e-7  -6.58913e-7  -9.04131e-10  -1.48137e-6  -1.74886e-6  -1.92264e-10  -8.80063e-10  -1.61998e-6  -2.15621e-6  -1.82218e-10  -2.14135e-6  -7.63817e-9  -2.07851e-8  -1.76927e-6  -1.60305e-8  -7.85906e-9  1.7899e-11  -3.93037e-8  -2.42251e-7  -6.12172e-8  -6.16462e-8  -4.87256e-7  -6.84589e-8  -2.88628e-7  -4.94267e-10  -3.46664e-10  -2.72802e-10  -1.12009e-9  -4.17281e-8  -6.57344e-9  -6.69521e-9  -9.63347e-9  -2.03719e-8  -6.12598e-8  -5.72509e-8  -2.38409e-7  -1.24072e-7  -1.89717e-7  -1.38058e-7  -2.02553e-7  -7.84894e-7  -1.17369e-6  -9.59748e-7  -2.25766e-6  -1.73715e-6  -2.20288e-6  -3.55349e-6  -2.58385e-6  -2.25266e-6  -2.89826e-6  -4.99829e-6  -2.20159e-6  -3.22378e-6  -3.75192e-6  -2.41762e-6  -3.05988e-6  -4.05156e-6  -3.80774e-6  -4.3272e-6  -4.29966e-6  -4.67807e-6  -3.25228e-6  -4.89479e-6  -3.77959e-6  -2.73172e-6  -3.92887e-6  -2.8057e-6  -4.74857e-6  -6.6842e-6  -2.17403e-6  -5.41788e-6  -4.93083e-6  -3.45429e-6  -7.4291e-6  -7.43607e-6  -6.23408e-6  -4.44771e-6  -6.61927e-6  -5.03942e-6  -7.61808e-6  -5.58104e-6  -7.92278e-6  -5.14627e-6  -8.45623e-6  -7.31549e-6  -7.81538e-6  -5.03601e-6  -4.89173e-6  -6.52719e-6  -8.99044e-6  -5.1941e-6  -5.4307e-6  -6.71e-6  -7.65547e-6  -1.07769e-5  -9.94682e-6  -7.2984e-6  -5.80573e-6  -6.46793e-6  -1.1694e-5  -1.11585e-5  -7.94008e-8  -1.28479e-7  -1.44358e-7  -7.81057e-8  -1.29656e-7  -7.18512e-8  -1.39128e-7  -2.11598e-7  -1.73196e-7  -4.44712e-7  -2.94044e-7  -2.28833e-7  -3.83193e-7  -3.18497e-7  -6.38743e-7  -4.74469e-7  -6.55353e-7  -5.54102e-7  -5.16513e-7  -9.65778e-7  -9.81613e-7  -9.42182e-7  -8.00957e-7  -1.13898e-6  -8.47052e-7  -1.20232e-6  -1.025e-6  -9.44321e-7  -1.11401e-6  -1.35993e-6  -1.25159e-6  -1.5743e-6  -1.51592e-6  -1.4768e-6  -2.52387e-6  -2.57649e-6  -1.29911e-6  -2.44046e-6  -2.69027e-6  -3.15627e-6  -2.11668e-6  -2.26603e-6  -3.53877e-6  -3.01068e-6  -6.73475e-6  -1.04787e-5  -5.86802e-6  -7.3106e-6  -8.0228e-6  -1.25275e-5  -1.03987e-5  -1.17806e-5  -1.10362e-5  -1.9183e-5  -9.31636e-6  -1.41573e-5  -2.18756e-5  -2.10996e-5  -1.81529e-5  -1.74999e-5  -1.73349e-5  -2.88822e-5  -2.6419e-5  -2.02752e-7  -3.11367e-5  -2.84949e-7  1.37516e-7  -2.91378e-5  -6.84552e-8  7.4087e-8  9.00246e-8  7.09123e-8  6.50832e-8  1.34311e-7  1.04057e-7  1.22926e-7  1.16891e-7  -7.64136e-7  7.7842e-8  1.25146e-7  -7.37329e-7  8.46339e-8  8.23387e-8  9.83358e-8  6.60129e-8  -1.03084e-6  1.23632e-7  6.0282e-8  -1.90362e-6  2.17266e-7  7.55766e-8  1.03755e-7  1.56181e-7  1.13541e-7  1.64735e-7  1.35446e-7  1.72847e-7  1.40412e-7  1.98865e-7  2.14122e-7  8.43057e-8  4.56391e-7  1.4185e-7  2.29378e-7  1.05756e-7  1.75352e-7  2.72305e-7  1.956e-7  1.32143e-7  1.17115e-7  -1.61588e-5  2.61514e-7  -1.85937e-5  5.95953e-7  2.14209e-7  3.15728e-7  -1.27533e-5  2.92978e-7  2.16351e-7  6.87998e-7  2.33531e-7  3.72942e-7  4.14649e-7  2.70317e-7  4.38877e-7  5.5981e-7  6.07148e-7  2.51138e-7  5.81964e-8  4.23854e-8  1.44324e-6  5.89166e-7  6.76638e-7  -5.40354e-8  2.46234e-6  3.69432e-7  1.00614e-6  1.60975e-7  -3.48107e-7  1.50084e-7  1.49501e-7  -8.89317e-7  -2.23334e-6  -1.36982e-6  -6.852e-6  -7.53628e-6  -2.97253e-6  -3.32176e-6  -2.10446e-6  -4.92324e-6  -4.96323e-6  -5.34947e-6  -6.55079e-6  -6.35477e-6  4.46557e-6  -1.71763e-5  -1.64167e-5  3.8934e-6  9.56398e-6  7.03394e-6  7.63529e-6  3.41598e-6  -3.1915e-5  -4.46174e-5  -3.59804e-5  3.61916e-6  -3.68068e-5  -4.91304e-5  -2.41497e-6  -3.90182e-5  6.72691e-7  2.16906e-6  3.34064e-6  2.69334e-6  3.77001e-6  2.33472e-6  1.74757e-6  1.0494e-6  8.16353e-7  -8.12512e-7  -1.26742e-6  1.14969e-6  -1.28906e-6  8.64763e-7  -1.05998e-6  -1.30973e-6  4.81949e-7  2.92515e-7  -4.22419e-6  -5.29957e-6  -5.81042e-6  -2.88401e-6  -5.65204e-6  -7.76038e-6  -3.58001e-6  -3.24199e-6  -3.3651e-6  -9.53677e-6  -3.56756e-6  -1.06616e-5  -4.52729e-6  -1.82342e-5  -1.4766e-5  -1.1025e-5  -1.58032e-5  -1.11272e-5  -2.19366e-5  -1.32485e-5  -3.23039e-5  -2.41518e-5  -2.6459e-5  -9.27487e-5  -2.81146e-5  -2.93559e-5  4.03542e-5  -1.55264e-5  1.38878e-5  3.0847e-5  2.02335e-5  8.5774e-6  3.29863e-5  1.70568e-5  1.3417e-5  4.83009e-6  1.34409e-5  7.27565e-6  5.18001e-6  7.47279e-6  6.1953e-6  6.85549e-6  4.61632e-6  3.89217e-6  5.03757e-6  3.40613e-6  3.25179e-6  3.25763e-6  4.5493e-6  2.79275e-6  3.49616e-6  3.43308e-6  2.10654e-6  4.05057e-6  2.97723e-6  3.85115e-6  4.16965e-6  1.62915e-6  1.568e-6  1.44919e-6  1.95943e-7  1.80104e-6  7.10822e-7  8.57381e-7  9.76975e-7  -2.30952e-7  1.56406e-6  5.34496e-7  -2.21971e-6  -1.15141e-6  -2.92994e-6  -2.61062e-6  9.18386e-7  -6.55152e-7  -2.30264e-6  -2.09349e-6  -2.4603e-7  -3.9286e-6  -3.24151e-6  -1.87489e-6  -1.32219e-6  -4.50159e-6  -6.90905e-6  -4.14672e-6  -7.3211e-6  -7.00233e-6  -7.0134e-6  -4.56343e-6  -3.7483e-6  -9.18719e-6  -4.42382e-6  -4.06658e-6  -1.13383e-5  -1.25511e-5  -9.62269e-6  -1.23842e-5  -3.07967e-5  -1.05556e-5  -1.12485e-5  -1.24538e-5  -1.35852e-5  -1.05891e-5  -7.50375e-6  -1.65985e-5  -1.5045e-5  -2.25401e-5  -1.95441e-5  -9.76984e-6  -1.60958e-5  -1.35858e-5  -1.58515e-5  -2.599e-5  -2.45717e-5  -2.93115e-5  -1.25332e-5  -4.02143e-5  -5.27941e-5  -4.1681e-5  -3.84494e-5  -5.15092e-5  -9.20029e-5  -4.63311e-5  -7.27817e-5  -0.000104745  -0.000156885  -9.99419e-5  -9.46379e-5  -7.25764e-5  -0.000103234  -7.86294e-5  -0.000144469  -0.000100131  -0.000104853  -0.000100836  -0.000103145  -0.000109083  -9.84215e-5  -0.00011184  -0.000120123  -0.000133454  -0.000112893  -0.000122918  -0.000115797  -9.13807e-5  -0.000122864  -0.00014019  -0.000129184  -0.000104369  -0.000158838  -0.000141454  -0.000132965  -0.000172689  -0.000158263  -0.00018718  -0.000128357  -0.000172804  -0.000213305  -0.000180959  -0.000200282  -0.000256876  -0.000141744  -0.000151263  -0.000255939  -0.000145847  -0.000181986  -0.000198467  -0.000185939  -0.000191453  -0.000200638  -0.000266652  -0.000152837  -0.000228777  -0.000229337  -0.00028415  -0.000262407  -0.000253544  -0.000280811  -0.000404214  -0.000445687  -0.000524119  -0.000427164  -0.00053461  -0.000519182  -0.000606366  -0.000693133  -0.00064924  -0.000716147  -0.000679487  -0.000666069  -0.000666124  -0.000667314  -0.00080335  -0.000752383  -0.000804626  -0.000745561  -0.000739018  -0.000772361  -0.000777154  -0.000810958  -0.000819239  -0.000816774  -0.000855423  -0.000856488  -0.000789987  -0.000826963  -0.00076395  -0.00080641  -0.000827091  -0.000746416  -0.000786918  -0.000802827  -0.000822891  -0.000847422  -0.000808505  -0.000871109  -0.000966317  -0.000946244  -0.000872364  -0.000879984  -0.000871806  -0.000923671  -0.000940621  -0.000926075  -0.000962524  -0.000874592
600 Eigenvalues converges, out of 600 requested.
