Running for system: H2
Target number of eigenvalues (nev) = 10
=== Starting Davidson with initial guess V0 number 1 ===
iter=     1  Rnorm=  3.348e+00  size(V,2)=    10
iter=     2  Rnorm=  1.196e+00  size(V,2)=    20
iter=     3  Rnorm=  1.112e-01  size(V,2)=    30
iter=     4  Rnorm=  4.851e-02  size(V,2)=    40
iter=     5  Rnorm=  2.879e-03  size(V,2)=    50
iter=     6  Rnorm=  1.435e-04  size(V,2)=    60
converged!
  3.727944 seconds (1.25 k allocations: 111.415 MiB)
Number of FLOPs: 78181993860

Reading exact Eigenvalues...
Reading eigenvalues from ../MA_best/Eigenvalues_folder/eigenres_H2_RNDbasis1.jld2

Compute the difference between computed and exact eigenvalues:
1×10 adjoint(::Vector{Float64}) with eltype Float64:
 -4.44089e-15  -3.55271e-15  4.44089e-16  2.22045e-15  -1.77636e-15  -1.35647e-12  -8.4599e-14  -9.91429e-13  -6.37268e-14  -3.1666e-9
Target number of eigenvalues (nev) = 50
=== Starting Davidson with initial guess V0 number 1 ===
iter=     1  Rnorm=  7.497e-01  size(V,2)=    50
iter=     2  Rnorm=  1.235e-01  size(V,2)=   100
iter=     3  Rnorm=  1.520e-02  size(V,2)=   150
iter=     4  Rnorm=  1.917e-03  size(V,2)=   200
iter=     5  Rnorm=  1.869e-04  size(V,2)=   250
converged!
  6.684523 seconds (3.43 k allocations: 417.220 MiB, 1.59% gc time)
Number of FLOPs: 295787013900

Reading exact Eigenvalues...
Reading eigenvalues from ../MA_best/Eigenvalues_folder/eigenres_H2_RNDbasis1.jld2

Compute the difference between computed and exact eigenvalues:
1×50 adjoint(::Vector{Float64}) with eltype Float64:
 -4.44089e-15  -1.77636e-15  0.0  1.33227e-15  -2.22045e-15  6.66134e-16  1.11022e-15  1.77636e-15  8.88178e-16  -4.44089e-16  1.77636e-15  -1.55431e-15  1.33227e-15  -2.88658e-15  6.66134e-16  6.66134e-16  -2.22045e-16  -8.88178e-16  -3.88578e-15  -3.44169e-15  -4.44089e-14  -2.97984e-13  -9.12603e-14  -7.54952e-14  -9.13158e-13  -2.90878e-13  -2.04836e-13  -6.94667e-13  -5.28466e-13  -1.18738e-12  -2.64722e-12  -6.26266e-12  -3.14926e-12  -2.75913e-12  -4.00832e-11  -2.89747e-11  -4.08873e-11  -2.26396e-10  -2.49649e-10  -1.15257e-9  -1.06297e-9  -1.63762e-9  -1.65813e-9  -2.30308e-9  -1.10447e-8  -4.35832e-8  -1.84898e-8  -6.56289e-8  -7.60658e-8  -5.57577e-8
Target number of eigenvalues (nev) = 100
=== Starting Davidson with initial guess V0 number 1 ===
iter=     1  Rnorm=  2.400e-01  size(V,2)=   100
iter=     2  Rnorm=  4.584e-02  size(V,2)=   200
iter=     3  Rnorm=  2.014e-02  size(V,2)=   300
iter=     4  Rnorm=  1.253e-02  size(V,2)=   400
iter=     5  Rnorm=  9.367e-03  size(V,2)=   500
iter=     6  Rnorm=  7.294e-03  size(V,2)=   600
iter=     7  Rnorm=  6.029e-03  size(V,2)=   700
iter=     8  Rnorm=  4.995e-03  size(V,2)=   800
iter=     9  Rnorm=  4.754e-03  size(V,2)=   200
iter=    10  Rnorm=  4.596e-03  size(V,2)=   300
iter=    11  Rnorm=  4.484e-03  size(V,2)=   400
iter=    12  Rnorm=  4.335e-03  size(V,2)=   500
iter=    13  Rnorm=  4.188e-03  size(V,2)=   600
iter=    14  Rnorm=  3.958e-03  size(V,2)=   700
iter=    15  Rnorm=  3.775e-03  size(V,2)=   800
iter=    16  Rnorm=  3.712e-03  size(V,2)=   200
iter=    17  Rnorm=  3.656e-03  size(V,2)=   300
iter=    18  Rnorm=  3.619e-03  size(V,2)=   400
iter=    19  Rnorm=  3.579e-03  size(V,2)=   500
iter=    20  Rnorm=  3.523e-03  size(V,2)=   600
iter=    21  Rnorm=  3.464e-03  size(V,2)=   700
iter=    22  Rnorm=  3.391e-03  size(V,2)=   800
iter=    23  Rnorm=  3.371e-03  size(V,2)=   200
iter=    24  Rnorm=  3.348e-03  size(V,2)=   300
iter=    25  Rnorm=  3.320e-03  size(V,2)=   400
iter=    26  Rnorm=  3.285e-03  size(V,2)=   500
iter=    27  Rnorm=  3.253e-03  size(V,2)=   600
iter=    28  Rnorm=  3.211e-03  size(V,2)=   700
iter=    29  Rnorm=  3.175e-03  size(V,2)=   800
iter=    30  Rnorm=  3.165e-03  size(V,2)=   200
iter=    31  Rnorm=  3.141e-03  size(V,2)=   300
iter=    32  Rnorm=  3.114e-03  size(V,2)=   400
iter=    33  Rnorm=  3.087e-03  size(V,2)=   500
iter=    34  Rnorm=  3.053e-03  size(V,2)=   600
iter=    35  Rnorm=  3.010e-03  size(V,2)=   700
iter=    36  Rnorm=  2.960e-03  size(V,2)=   800
iter=    37  Rnorm=  2.947e-03  size(V,2)=   200
iter=    38  Rnorm=  2.923e-03  size(V,2)=   300
iter=    39  Rnorm=  2.900e-03  size(V,2)=   400
iter=    40  Rnorm=  2.876e-03  size(V,2)=   500
iter=    41  Rnorm=  2.841e-03  size(V,2)=   600
iter=    42  Rnorm=  2.807e-03  size(V,2)=   700
iter=    43  Rnorm=  2.761e-03  size(V,2)=   800
iter=    44  Rnorm=  2.750e-03  size(V,2)=   200
iter=    45  Rnorm=  2.726e-03  size(V,2)=   300
iter=    46  Rnorm=  2.706e-03  size(V,2)=   400
iter=    47  Rnorm=  2.686e-03  size(V,2)=   500
iter=    48  Rnorm=  2.660e-03  size(V,2)=   600
iter=    49  Rnorm=  2.619e-03  size(V,2)=   700
iter=    50  Rnorm=  2.565e-03  size(V,2)=   800
iter=    51  Rnorm=  2.555e-03  size(V,2)=   200
iter=    52  Rnorm=  2.534e-03  size(V,2)=   300
iter=    53  Rnorm=  2.515e-03  size(V,2)=   400
iter=    54  Rnorm=  2.492e-03  size(V,2)=   500
iter=    55  Rnorm=  2.458e-03  size(V,2)=   600
iter=    56  Rnorm=  2.422e-03  size(V,2)=   700
iter=    57  Rnorm=  2.385e-03  size(V,2)=   800
iter=    58  Rnorm=  2.377e-03  size(V,2)=   200
iter=    59  Rnorm=  2.358e-03  size(V,2)=   300
iter=    60  Rnorm=  2.341e-03  size(V,2)=   400
iter=    61  Rnorm=  2.320e-03  size(V,2)=   500
iter=    62  Rnorm=  2.297e-03  size(V,2)=   600
iter=    63  Rnorm=  2.271e-03  size(V,2)=   700
iter=    64  Rnorm=  2.236e-03  size(V,2)=   800
iter=    65  Rnorm=  2.227e-03  size(V,2)=   200
iter=    66  Rnorm=  2.215e-03  size(V,2)=   300
iter=    67  Rnorm=  2.202e-03  size(V,2)=   400
iter=    68  Rnorm=  2.184e-03  size(V,2)=   500
iter=    69  Rnorm=  2.160e-03  size(V,2)=   600
iter=    70  Rnorm=  2.125e-03  size(V,2)=   700
iter=    71  Rnorm=  2.090e-03  size(V,2)=   800
iter=    72  Rnorm=  2.082e-03  size(V,2)=   200
iter=    73  Rnorm=  2.068e-03  size(V,2)=   300
iter=    74  Rnorm=  2.052e-03  size(V,2)=   400
iter=    75  Rnorm=  2.038e-03  size(V,2)=   500
iter=    76  Rnorm=  2.021e-03  size(V,2)=   600
iter=    77  Rnorm=  1.997e-03  size(V,2)=   700
iter=    78  Rnorm=  1.969e-03  size(V,2)=   800
iter=    79  Rnorm=  1.964e-03  size(V,2)=   200
iter=    80  Rnorm=  1.951e-03  size(V,2)=   300
iter=    81  Rnorm=  1.939e-03  size(V,2)=   400
iter=    82  Rnorm=  1.924e-03  size(V,2)=   500
iter=    83  Rnorm=  1.909e-03  size(V,2)=   600
iter=    84  Rnorm=  1.888e-03  size(V,2)=   700
iter=    85  Rnorm=  1.865e-03  size(V,2)=   800
iter=    86  Rnorm=  1.860e-03  size(V,2)=   200
iter=    87  Rnorm=  1.848e-03  size(V,2)=   300
iter=    88  Rnorm=  1.838e-03  size(V,2)=   400
iter=    89  Rnorm=  1.825e-03  size(V,2)=   500
iter=    90  Rnorm=  1.809e-03  size(V,2)=   600
iter=    91  Rnorm=  1.792e-03  size(V,2)=   700
iter=    92  Rnorm=  1.775e-03  size(V,2)=   800
iter=    93  Rnorm=  1.771e-03  size(V,2)=   200
iter=    94  Rnorm=  1.763e-03  size(V,2)=   300
iter=    95  Rnorm=  1.752e-03  size(V,2)=   400
iter=    96  Rnorm=  1.737e-03  size(V,2)=   500
iter=    97  Rnorm=  1.721e-03  size(V,2)=   600
iter=    98  Rnorm=  1.702e-03  size(V,2)=   700
iter=    99  Rnorm=  1.678e-03  size(V,2)=   800
iter=   100  Rnorm=  1.673e-03  size(V,2)=   200
iter=   101  Rnorm=  1.664e-03  size(V,2)=   300
iter=   102  Rnorm=  1.654e-03  size(V,2)=   400
iter=   103  Rnorm=  1.644e-03  size(V,2)=   500
iter=   104  Rnorm=  1.631e-03  size(V,2)=   600
iter=   105  Rnorm=  1.616e-03  size(V,2)=   700
iter=   106  Rnorm=  1.595e-03  size(V,2)=   800
iter=   107  Rnorm=  1.590e-03  size(V,2)=   200
iter=   108  Rnorm=  1.581e-03  size(V,2)=   300
iter=   109  Rnorm=  1.573e-03  size(V,2)=   400
iter=   110  Rnorm=  1.564e-03  size(V,2)=   500
iter=   111  Rnorm=  1.553e-03  size(V,2)=   600
iter=   112  Rnorm=  1.543e-03  size(V,2)=   700
iter=   113  Rnorm=  1.528e-03  size(V,2)=   800
iter=   114  Rnorm=  1.524e-03  size(V,2)=   200
iter=   115  Rnorm=  1.518e-03  size(V,2)=   300
iter=   116  Rnorm=  1.511e-03  size(V,2)=   400
iter=   117  Rnorm=  1.503e-03  size(V,2)=   500
iter=   118  Rnorm=  1.494e-03  size(V,2)=   600
iter=   119  Rnorm=  1.478e-03  size(V,2)=   700
iter=   120  Rnorm=  1.468e-03  size(V,2)=   800
iter=   121  Rnorm=  1.465e-03  size(V,2)=   200
iter=   122  Rnorm=  1.458e-03  size(V,2)=   300
iter=   123  Rnorm=  1.451e-03  size(V,2)=   400
iter=   124  Rnorm=  1.443e-03  size(V,2)=   500
iter=   125  Rnorm=  1.430e-03  size(V,2)=   600
iter=   126  Rnorm=  1.419e-03  size(V,2)=   700
iter=   127  Rnorm=  1.405e-03  size(V,2)=   800
iter=   128  Rnorm=  1.402e-03  size(V,2)=   200
iter=   129  Rnorm=  1.394e-03  size(V,2)=   300
iter=   130  Rnorm=  1.387e-03  size(V,2)=   400
iter=   131  Rnorm=  1.380e-03  size(V,2)=   500
iter=   132  Rnorm=  1.372e-03  size(V,2)=   600
iter=   133  Rnorm=  1.362e-03  size(V,2)=   700
iter=   134  Rnorm=  1.347e-03  size(V,2)=   800
iter=   135  Rnorm=  1.342e-03  size(V,2)=   200
iter=   136  Rnorm=  1.337e-03  size(V,2)=   300
iter=   137  Rnorm=  1.330e-03  size(V,2)=   400
iter=   138  Rnorm=  1.323e-03  size(V,2)=   500
iter=   139  Rnorm=  1.316e-03  size(V,2)=   600
iter=   140  Rnorm=  1.306e-03  size(V,2)=   700
iter=   141  Rnorm=  1.296e-03  size(V,2)=   800
iter=   142  Rnorm=  1.293e-03  size(V,2)=   200
iter=   143  Rnorm=  1.286e-03  size(V,2)=   300
iter=   144  Rnorm=  1.281e-03  size(V,2)=   400
iter=   145  Rnorm=  1.274e-03  size(V,2)=   500
iter=   146  Rnorm=  1.267e-03  size(V,2)=   600
iter=   147  Rnorm=  1.258e-03  size(V,2)=   700
iter=   148  Rnorm=  1.247e-03  size(V,2)=   800
iter=   149  Rnorm=  1.245e-03  size(V,2)=   200
iter=   150  Rnorm=  1.240e-03  size(V,2)=   300
iter=   151  Rnorm=  1.234e-03  size(V,2)=   400
iter=   152  Rnorm=  1.229e-03  size(V,2)=   500
iter=   153  Rnorm=  1.221e-03  size(V,2)=   600
iter=   154  Rnorm=  1.214e-03  size(V,2)=   700
iter=   155  Rnorm=  1.203e-03  size(V,2)=   800
iter=   156  Rnorm=  1.201e-03  size(V,2)=   200
iter=   157  Rnorm=  1.196e-03  size(V,2)=   300
iter=   158  Rnorm=  1.190e-03  size(V,2)=   400
iter=   159  Rnorm=  1.185e-03  size(V,2)=   500
iter=   160  Rnorm=  1.179e-03  size(V,2)=   600
iter=   161  Rnorm=  1.172e-03  size(V,2)=   700
iter=   162  Rnorm=  1.163e-03  size(V,2)=   800
iter=   163  Rnorm=  1.161e-03  size(V,2)=   200
iter=   164  Rnorm=  1.156e-03  size(V,2)=   300
iter=   165  Rnorm=  1.150e-03  size(V,2)=   400
iter=   166  Rnorm=  1.147e-03  size(V,2)=   500
iter=   167  Rnorm=  1.140e-03  size(V,2)=   600
iter=   168  Rnorm=  1.134e-03  size(V,2)=   700
iter=   169  Rnorm=  1.124e-03  size(V,2)=   800
iter=   170  Rnorm=  1.121e-03  size(V,2)=   200
iter=   171  Rnorm=  1.117e-03  size(V,2)=   300
iter=   172  Rnorm=  1.113e-03  size(V,2)=   400
iter=   173  Rnorm=  1.108e-03  size(V,2)=   500
iter=   174  Rnorm=  1.102e-03  size(V,2)=   600
iter=   175  Rnorm=  1.097e-03  size(V,2)=   700
iter=   176  Rnorm=  1.087e-03  size(V,2)=   800
iter=   177  Rnorm=  1.085e-03  size(V,2)=   200
iter=   178  Rnorm=  1.082e-03  size(V,2)=   300
iter=   179  Rnorm=  1.077e-03  size(V,2)=   400
iter=   180  Rnorm=  1.072e-03  size(V,2)=   500
iter=   181  Rnorm=  1.066e-03  size(V,2)=   600
iter=   182  Rnorm=  1.060e-03  size(V,2)=   700
iter=   183  Rnorm=  1.053e-03  size(V,2)=   800
iter=   184  Rnorm=  1.052e-03  size(V,2)=   200
iter=   185  Rnorm=  1.048e-03  size(V,2)=   300
iter=   186  Rnorm=  1.044e-03  size(V,2)=   400
iter=   187  Rnorm=  1.040e-03  size(V,2)=   500
iter=   188  Rnorm=  1.035e-03  size(V,2)=   600
iter=   189  Rnorm=  1.029e-03  size(V,2)=   700
iter=   190  Rnorm=  1.023e-03  size(V,2)=   800
iter=   191  Rnorm=  1.021e-03  size(V,2)=   200
iter=   192  Rnorm=  1.017e-03  size(V,2)=   300
iter=   193  Rnorm=  1.013e-03  size(V,2)=   400
iter=   194  Rnorm=  1.010e-03  size(V,2)=   500
iter=   195  Rnorm=  1.005e-03  size(V,2)=   600
iter=   196  Rnorm=  1.001e-03  size(V,2)=   700
iter=   197  Rnorm=  9.951e-04  size(V,2)=   800
converged!
1413.554426 seconds (311.08 k allocations: 49.206 GiB, 0.81% gc time)
Number of FLOPs: 37581874054200

Reading exact Eigenvalues...
Reading eigenvalues from ../MA_best/Eigenvalues_folder/eigenres_H2_RNDbasis1.jld2

Compute the difference between computed and exact eigenvalues:
1×100 adjoint(::Vector{Float64}) with eltype Float64:
 -2.66454e-15  -2.66454e-15  2.22045e-15  8.88178e-16  -2.22045e-15  2.22045e-16  8.88178e-16  8.88178e-16  8.88178e-16  2.22045e-15  2.88658e-15  6.66134e-16  1.11022e-15  -1.55431e-15  -4.44089e-16  -8.88178e-16  -2.22045e-16  -1.33227e-15  -9.99201e-16  1.9984e-15  -3.44169e-15  -2.22045e-16  1.33227e-15  -2.10942e-15  1.77636e-15  -1.77636e-15  5.55112e-16  2.77556e-15  -4.44089e-16  7.77156e-16  -1.11022e-15  -1.44329e-15  -1.11022e-15  1.66533e-15  -1.88738e-15  -3.66374e-15  3.21965e-15  7.21645e-16  2.38698e-15  -2.77556e-16  -1.4988e-15  7.21645e-16  -1.22125e-15  -4.996e-15  4.996e-16  7.77156e-16  -1.60982e-15  1.66533e-16  -2.05391e-15  3.10862e-15  -9.4369e-16  8.88178e-16  2.22045e-15  -5.55112e-16  -3.05311e-15  3.10862e-15  2.22045e-16  -5.93969e-15  -3.88578e-15  3.88578e-16  6.10623e-15  -4.38538e-15  -8.99281e-15  5.10703e-15  -1.27676e-15  3.94129e-15  8.10463e-15  -5.38458e-15  -1.66533e-16  -3.9968e-15  -1.33227e-15  7.04992e-15  -6.60583e-15  4.96825e-15  -6.60583e-15  7.85483e-15  -3.10862e-15  -1.11022e-16  -1.09079e-14  8.63198e-15  6.80012e-15  -9.74221e-15  -5.80092e-15  7.27196e-15  -1.07414e-14  3.13638e-15  2.77556e-17  -9.71445e-16  5.9952e-15  -4.85723e-15  -1.28424e-8  -3.17397e-8  -8.75789e-6  -2.22792e-6  -2.89815e-6  -2.64715e-6  -1.11479e-6  -1.79834e-6  -2.1599e-6  -7.68027e-5
Target number of eigenvalues (nev) = 200
=== Starting Davidson with initial guess V0 number 1 ===
iter=     1  Rnorm=  4.860e-02  size(V,2)=   200
iter=     2  Rnorm=  1.528e-02  size(V,2)=   400
iter=     3  Rnorm=  1.201e-02  size(V,2)=   600
iter=     4  Rnorm=  1.108e-02  size(V,2)=   800
iter=     5  Rnorm=  1.034e-02  size(V,2)=  1000
iter=     6  Rnorm=  9.766e-03  size(V,2)=  1200
iter=     7  Rnorm=  9.360e-03  size(V,2)=  1400
iter=     8  Rnorm=  8.987e-03  size(V,2)=  1600
iter=     9  Rnorm=  8.875e-03  size(V,2)=   400
iter=    10  Rnorm=  8.796e-03  size(V,2)=   600
iter=    11  Rnorm=  8.715e-03  size(V,2)=   800
iter=    12  Rnorm=  8.643e-03  size(V,2)=  1000
iter=    13  Rnorm=  8.565e-03  size(V,2)=  1200
iter=    14  Rnorm=  8.475e-03  size(V,2)=  1400
iter=    15  Rnorm=  8.371e-03  size(V,2)=  1600
iter=    16  Rnorm=  8.329e-03  size(V,2)=   400
iter=    17  Rnorm=  8.284e-03  size(V,2)=   600
iter=    18  Rnorm=  8.232e-03  size(V,2)=   800
iter=    19  Rnorm=  8.178e-03  size(V,2)=  1000
iter=    20  Rnorm=  8.118e-03  size(V,2)=  1200
iter=    21  Rnorm=  8.051e-03  size(V,2)=  1400
iter=    22  Rnorm=  7.984e-03  size(V,2)=  1600
iter=    23  Rnorm=  7.957e-03  size(V,2)=   400
iter=    24  Rnorm=  7.920e-03  size(V,2)=   600
iter=    25  Rnorm=  7.879e-03  size(V,2)=   800
iter=    26  Rnorm=  7.832e-03  size(V,2)=  1000
iter=    27  Rnorm=  7.779e-03  size(V,2)=  1200
iter=    28  Rnorm=  7.724e-03  size(V,2)=  1400
iter=    29  Rnorm=  7.661e-03  size(V,2)=  1600
iter=    30  Rnorm=  7.637e-03  size(V,2)=   400
iter=    31  Rnorm=  7.601e-03  size(V,2)=   600
iter=    32  Rnorm=  7.560e-03  size(V,2)=   800
iter=    33  Rnorm=  7.515e-03  size(V,2)=  1000
iter=    34  Rnorm=  7.467e-03  size(V,2)=  1200
iter=    35  Rnorm=  7.414e-03  size(V,2)=  1400
iter=    36  Rnorm=  7.355e-03  size(V,2)=  1600
iter=    37  Rnorm=  7.333e-03  size(V,2)=   400
iter=    38  Rnorm=  7.301e-03  size(V,2)=   600
iter=    39  Rnorm=  7.264e-03  size(V,2)=   800
iter=    40  Rnorm=  7.224e-03  size(V,2)=  1000
iter=    41  Rnorm=  7.177e-03  size(V,2)=  1200
iter=    42  Rnorm=  7.128e-03  size(V,2)=  1400
iter=    43  Rnorm=  7.075e-03  size(V,2)=  1600
iter=    44  Rnorm=  7.057e-03  size(V,2)=   400
iter=    45  Rnorm=  7.028e-03  size(V,2)=   600
iter=    46  Rnorm=  6.995e-03  size(V,2)=   800
iter=    47  Rnorm=  6.955e-03  size(V,2)=  1000
iter=    48  Rnorm=  6.913e-03  size(V,2)=  1200
iter=    49  Rnorm=  6.864e-03  size(V,2)=  1400
iter=    50  Rnorm=  6.814e-03  size(V,2)=  1600
iter=    51  Rnorm=  6.798e-03  size(V,2)=   400
iter=    52  Rnorm=  6.770e-03  size(V,2)=   600
iter=    53  Rnorm=  6.738e-03  size(V,2)=   800
iter=    54  Rnorm=  6.704e-03  size(V,2)=  1000
iter=    55  Rnorm=  6.664e-03  size(V,2)=  1200
iter=    56  Rnorm=  6.619e-03  size(V,2)=  1400
iter=    57  Rnorm=  6.569e-03  size(V,2)=  1600
iter=    58  Rnorm=  6.552e-03  size(V,2)=   400
iter=    59  Rnorm=  6.525e-03  size(V,2)=   600
iter=    60  Rnorm=  6.496e-03  size(V,2)=   800
iter=    61  Rnorm=  6.464e-03  size(V,2)=  1000
iter=    62  Rnorm=  6.428e-03  size(V,2)=  1200
iter=    63  Rnorm=  6.388e-03  size(V,2)=  1400
iter=    64  Rnorm=  6.345e-03  size(V,2)=  1600
iter=    65  Rnorm=  6.332e-03  size(V,2)=   400
iter=    66  Rnorm=  6.308e-03  size(V,2)=   600
iter=    67  Rnorm=  6.282e-03  size(V,2)=   800
iter=    68  Rnorm=  6.253e-03  size(V,2)=  1000
iter=    69  Rnorm=  6.220e-03  size(V,2)=  1200
iter=    70  Rnorm=  6.185e-03  size(V,2)=  1400
iter=    71  Rnorm=  6.145e-03  size(V,2)=  1600
iter=    72  Rnorm=  6.133e-03  size(V,2)=   400
iter=    73  Rnorm=  6.112e-03  size(V,2)=   600
iter=    74  Rnorm=  6.087e-03  size(V,2)=   800
iter=    75  Rnorm=  6.058e-03  size(V,2)=  1000
iter=    76  Rnorm=  6.027e-03  size(V,2)=  1200
iter=    77  Rnorm=  5.994e-03  size(V,2)=  1400
iter=    78  Rnorm=  5.955e-03  size(V,2)=  1600
iter=    79  Rnorm=  5.942e-03  size(V,2)=   400
iter=    80  Rnorm=  5.921e-03  size(V,2)=   600
iter=    81  Rnorm=  5.897e-03  size(V,2)=   800
iter=    82  Rnorm=  5.871e-03  size(V,2)=  1000
iter=    83  Rnorm=  5.840e-03  size(V,2)=  1200
iter=    84  Rnorm=  5.805e-03  size(V,2)=  1400
iter=    85  Rnorm=  5.768e-03  size(V,2)=  1600
iter=    86  Rnorm=  5.756e-03  size(V,2)=   400
iter=    87  Rnorm=  5.735e-03  size(V,2)=   600
iter=    88  Rnorm=  5.712e-03  size(V,2)=   800
iter=    89  Rnorm=  5.688e-03  size(V,2)=  1000
iter=    90  Rnorm=  5.658e-03  size(V,2)=  1200
iter=    91  Rnorm=  5.624e-03  size(V,2)=  1400
iter=    92  Rnorm=  5.588e-03  size(V,2)=  1600
iter=    93  Rnorm=  5.577e-03  size(V,2)=   400
iter=    94  Rnorm=  5.558e-03  size(V,2)=   600
iter=    95  Rnorm=  5.536e-03  size(V,2)=   800
iter=    96  Rnorm=  5.511e-03  size(V,2)=  1000
iter=    97  Rnorm=  5.485e-03  size(V,2)=  1200
iter=    98  Rnorm=  5.454e-03  size(V,2)=  1400
iter=    99  Rnorm=  5.420e-03  size(V,2)=  1600
iter=   100  Rnorm=  5.410e-03  size(V,2)=   400
iter=   101  Rnorm=  5.392e-03  size(V,2)=   600
iter=   102  Rnorm=  5.371e-03  size(V,2)=   800
iter=   103  Rnorm=  5.348e-03  size(V,2)=  1000
iter=   104  Rnorm=  5.322e-03  size(V,2)=  1200
iter=   105  Rnorm=  5.292e-03  size(V,2)=  1400
iter=   106  Rnorm=  5.259e-03  size(V,2)=  1600
iter=   107  Rnorm=  5.250e-03  size(V,2)=   400
iter=   108  Rnorm=  5.233e-03  size(V,2)=   600
iter=   109  Rnorm=  5.213e-03  size(V,2)=   800
iter=   110  Rnorm=  5.191e-03  size(V,2)=  1000
iter=   111  Rnorm=  5.166e-03  size(V,2)=  1200
iter=   112  Rnorm=  5.138e-03  size(V,2)=  1400
iter=   113  Rnorm=  5.109e-03  size(V,2)=  1600
iter=   114  Rnorm=  5.101e-03  size(V,2)=   400
iter=   115  Rnorm=  5.086e-03  size(V,2)=   600
iter=   116  Rnorm=  5.068e-03  size(V,2)=   800
iter=   117  Rnorm=  5.048e-03  size(V,2)=  1000
iter=   118  Rnorm=  5.025e-03  size(V,2)=  1200
iter=   119  Rnorm=  4.999e-03  size(V,2)=  1400
iter=   120  Rnorm=  4.971e-03  size(V,2)=  1600
iter=   121  Rnorm=  4.963e-03  size(V,2)=   400
iter=   122  Rnorm=  4.946e-03  size(V,2)=   600
iter=   123  Rnorm=  4.928e-03  size(V,2)=   800
iter=   124  Rnorm=  4.908e-03  size(V,2)=  1000
iter=   125  Rnorm=  4.885e-03  size(V,2)=  1200
iter=   126  Rnorm=  4.860e-03  size(V,2)=  1400
iter=   127  Rnorm=  4.830e-03  size(V,2)=  1600
iter=   128  Rnorm=  4.823e-03  size(V,2)=   400
iter=   129  Rnorm=  4.808e-03  size(V,2)=   600
iter=   130  Rnorm=  4.791e-03  size(V,2)=   800
iter=   131  Rnorm=  4.772e-03  size(V,2)=  1000
iter=   132  Rnorm=  4.750e-03  size(V,2)=  1200
iter=   133  Rnorm=  4.726e-03  size(V,2)=  1400
iter=   134  Rnorm=  4.699e-03  size(V,2)=  1600
iter=   135  Rnorm=  4.691e-03  size(V,2)=   400
iter=   136  Rnorm=  4.677e-03  size(V,2)=   600
iter=   137  Rnorm=  4.660e-03  size(V,2)=   800
iter=   138  Rnorm=  4.640e-03  size(V,2)=  1000
iter=   139  Rnorm=  4.618e-03  size(V,2)=  1200
iter=   140  Rnorm=  4.593e-03  size(V,2)=  1400
iter=   141  Rnorm=  4.564e-03  size(V,2)=  1600
iter=   142  Rnorm=  4.555e-03  size(V,2)=   400
iter=   143  Rnorm=  4.540e-03  size(V,2)=   600
iter=   144  Rnorm=  4.524e-03  size(V,2)=   800
iter=   145  Rnorm=  4.506e-03  size(V,2)=  1000
iter=   146  Rnorm=  4.486e-03  size(V,2)=  1200
iter=   147  Rnorm=  4.463e-03  size(V,2)=  1400
iter=   148  Rnorm=  4.438e-03  size(V,2)=  1600
iter=   149  Rnorm=  4.431e-03  size(V,2)=   400
iter=   150  Rnorm=  4.418e-03  size(V,2)=   600
iter=   151  Rnorm=  4.402e-03  size(V,2)=   800
iter=   152  Rnorm=  4.385e-03  size(V,2)=  1000
iter=   153  Rnorm=  4.366e-03  size(V,2)=  1200
iter=   154  Rnorm=  4.345e-03  size(V,2)=  1400
iter=   155  Rnorm=  4.320e-03  size(V,2)=  1600
iter=   156  Rnorm=  4.313e-03  size(V,2)=   400
iter=   157  Rnorm=  4.301e-03  size(V,2)=   600
iter=   158  Rnorm=  4.287e-03  size(V,2)=   800
iter=   159  Rnorm=  4.270e-03  size(V,2)=  1000
iter=   160  Rnorm=  4.251e-03  size(V,2)=  1200
iter=   161  Rnorm=  4.231e-03  size(V,2)=  1400
iter=   162  Rnorm=  4.206e-03  size(V,2)=  1600
iter=   163  Rnorm=  4.199e-03  size(V,2)=   400
iter=   164  Rnorm=  4.187e-03  size(V,2)=   600
iter=   165  Rnorm=  4.172e-03  size(V,2)=   800
iter=   166  Rnorm=  4.156e-03  size(V,2)=  1000
iter=   167  Rnorm=  4.138e-03  size(V,2)=  1200
iter=   168  Rnorm=  4.118e-03  size(V,2)=  1400
iter=   169  Rnorm=  4.096e-03  size(V,2)=  1600
iter=   170  Rnorm=  4.090e-03  size(V,2)=   400
iter=   171  Rnorm=  4.078e-03  size(V,2)=   600
iter=   172  Rnorm=  4.064e-03  size(V,2)=   800
iter=   173  Rnorm=  4.049e-03  size(V,2)=  1000
iter=   174  Rnorm=  4.030e-03  size(V,2)=  1200
iter=   175  Rnorm=  4.010e-03  size(V,2)=  1400
iter=   176  Rnorm=  3.988e-03  size(V,2)=  1600
iter=   177  Rnorm=  3.982e-03  size(V,2)=   400
iter=   178  Rnorm=  3.970e-03  size(V,2)=   600
iter=   179  Rnorm=  3.957e-03  size(V,2)=   800
iter=   180  Rnorm=  3.942e-03  size(V,2)=  1000
iter=   181  Rnorm=  3.926e-03  size(V,2)=  1200
iter=   182  Rnorm=  3.906e-03  size(V,2)=  1400
iter=   183  Rnorm=  3.885e-03  size(V,2)=  1600
iter=   184  Rnorm=  3.879e-03  size(V,2)=   400
iter=   185  Rnorm=  3.868e-03  size(V,2)=   600
iter=   186  Rnorm=  3.855e-03  size(V,2)=   800
iter=   187  Rnorm=  3.841e-03  size(V,2)=  1000
iter=   188  Rnorm=  3.825e-03  size(V,2)=  1200
iter=   189  Rnorm=  3.807e-03  size(V,2)=  1400
iter=   190  Rnorm=  3.788e-03  size(V,2)=  1600
iter=   191  Rnorm=  3.782e-03  size(V,2)=   400
iter=   192  Rnorm=  3.772e-03  size(V,2)=   600
iter=   193  Rnorm=  3.760e-03  size(V,2)=   800
iter=   194  Rnorm=  3.746e-03  size(V,2)=  1000
iter=   195  Rnorm=  3.730e-03  size(V,2)=  1200
iter=   196  Rnorm=  3.713e-03  size(V,2)=  1400
iter=   197  Rnorm=  3.694e-03  size(V,2)=  1600
iter=   198  Rnorm=  3.688e-03  size(V,2)=   400
iter=   199  Rnorm=  3.678e-03  size(V,2)=   600
iter=   200  Rnorm=  3.667e-03  size(V,2)=   800
iter=   201  Rnorm=  3.654e-03  size(V,2)=  1000
iter=   202  Rnorm=  3.639e-03  size(V,2)=  1200
iter=   203  Rnorm=  3.622e-03  size(V,2)=  1400
iter=   204  Rnorm=  3.603e-03  size(V,2)=  1600
iter=   205  Rnorm=  3.598e-03  size(V,2)=   400
iter=   206  Rnorm=  3.588e-03  size(V,2)=   600
iter=   207  Rnorm=  3.577e-03  size(V,2)=   800
iter=   208  Rnorm=  3.564e-03  size(V,2)=  1000
iter=   209  Rnorm=  3.549e-03  size(V,2)=  1200
iter=   210  Rnorm=  3.533e-03  size(V,2)=  1400
iter=   211  Rnorm=  3.515e-03  size(V,2)=  1600
iter=   212  Rnorm=  3.510e-03  size(V,2)=   400
iter=   213  Rnorm=  3.501e-03  size(V,2)=   600
iter=   214  Rnorm=  3.490e-03  size(V,2)=   800
iter=   215  Rnorm=  3.477e-03  size(V,2)=  1000
iter=   216  Rnorm=  3.463e-03  size(V,2)=  1200
iter=   217  Rnorm=  3.447e-03  size(V,2)=  1400
iter=   218  Rnorm=  3.429e-03  size(V,2)=  1600
iter=   219  Rnorm=  3.424e-03  size(V,2)=   400
iter=   220  Rnorm=  3.414e-03  size(V,2)=   600
iter=   221  Rnorm=  3.403e-03  size(V,2)=   800
iter=   222  Rnorm=  3.391e-03  size(V,2)=  1000
iter=   223  Rnorm=  3.377e-03  size(V,2)=  1200
iter=   224  Rnorm=  3.362e-03  size(V,2)=  1400
iter=   225  Rnorm=  3.344e-03  size(V,2)=  1600
iter=   226  Rnorm=  3.340e-03  size(V,2)=   400
iter=   227  Rnorm=  3.331e-03  size(V,2)=   600
iter=   228  Rnorm=  3.320e-03  size(V,2)=   800
iter=   229  Rnorm=  3.308e-03  size(V,2)=  1000
iter=   230  Rnorm=  3.295e-03  size(V,2)=  1200
iter=   231  Rnorm=  3.280e-03  size(V,2)=  1400
iter=   232  Rnorm=  3.263e-03  size(V,2)=  1600
iter=   233  Rnorm=  3.258e-03  size(V,2)=   400
iter=   234  Rnorm=  3.250e-03  size(V,2)=   600
iter=   235  Rnorm=  3.239e-03  size(V,2)=   800
iter=   236  Rnorm=  3.228e-03  size(V,2)=  1000
iter=   237  Rnorm=  3.215e-03  size(V,2)=  1200
iter=   238  Rnorm=  3.200e-03  size(V,2)=  1400
iter=   239  Rnorm=  3.184e-03  size(V,2)=  1600
iter=   240  Rnorm=  3.180e-03  size(V,2)=   400
iter=   241  Rnorm=  3.172e-03  size(V,2)=   600
iter=   242  Rnorm=  3.162e-03  size(V,2)=   800
iter=   243  Rnorm=  3.151e-03  size(V,2)=  1000
iter=   244  Rnorm=  3.138e-03  size(V,2)=  1200
iter=   245  Rnorm=  3.125e-03  size(V,2)=  1400
iter=   246  Rnorm=  3.109e-03  size(V,2)=  1600
iter=   247  Rnorm=  3.104e-03  size(V,2)=   400
iter=   248  Rnorm=  3.096e-03  size(V,2)=   600
iter=   249  Rnorm=  3.086e-03  size(V,2)=   800
iter=   250  Rnorm=  3.076e-03  size(V,2)=  1000
iter=   251  Rnorm=  3.064e-03  size(V,2)=  1200
iter=   252  Rnorm=  3.050e-03  size(V,2)=  1400
iter=   253  Rnorm=  3.035e-03  size(V,2)=  1600
iter=   254  Rnorm=  3.032e-03  size(V,2)=   400
iter=   255  Rnorm=  3.024e-03  size(V,2)=   600
iter=   256  Rnorm=  3.014e-03  size(V,2)=   800
iter=   257  Rnorm=  3.004e-03  size(V,2)=  1000
iter=   258  Rnorm=  2.993e-03  size(V,2)=  1200
iter=   259  Rnorm=  2.980e-03  size(V,2)=  1400
iter=   260  Rnorm=  2.965e-03  size(V,2)=  1600
iter=   261  Rnorm=  2.961e-03  size(V,2)=   400
iter=   262  Rnorm=  2.954e-03  size(V,2)=   600
iter=   263  Rnorm=  2.945e-03  size(V,2)=   800
iter=   264  Rnorm=  2.934e-03  size(V,2)=  1000
iter=   265  Rnorm=  2.923e-03  size(V,2)=  1200
iter=   266  Rnorm=  2.910e-03  size(V,2)=  1400
iter=   267  Rnorm=  2.895e-03  size(V,2)=  1600
iter=   268  Rnorm=  2.891e-03  size(V,2)=   400
iter=   269  Rnorm=  2.884e-03  size(V,2)=   600
iter=   270  Rnorm=  2.875e-03  size(V,2)=   800
iter=   271  Rnorm=  2.865e-03  size(V,2)=  1000
iter=   272  Rnorm=  2.855e-03  size(V,2)=  1200
iter=   273  Rnorm=  2.842e-03  size(V,2)=  1400
iter=   274  Rnorm=  2.829e-03  size(V,2)=  1600
iter=   275  Rnorm=  2.825e-03  size(V,2)=   400
iter=   276  Rnorm=  2.818e-03  size(V,2)=   600
iter=   277  Rnorm=  2.810e-03  size(V,2)=   800
iter=   278  Rnorm=  2.800e-03  size(V,2)=  1000
iter=   279  Rnorm=  2.790e-03  size(V,2)=  1200
iter=   280  Rnorm=  2.777e-03  size(V,2)=  1400
iter=   281  Rnorm=  2.764e-03  size(V,2)=  1600
iter=   282  Rnorm=  2.761e-03  size(V,2)=   400
iter=   283  Rnorm=  2.754e-03  size(V,2)=   600
iter=   284  Rnorm=  2.746e-03  size(V,2)=   800
iter=   285  Rnorm=  2.737e-03  size(V,2)=  1000
iter=   286  Rnorm=  2.726e-03  size(V,2)=  1200
iter=   287  Rnorm=  2.715e-03  size(V,2)=  1400
iter=   288  Rnorm=  2.702e-03  size(V,2)=  1600
iter=   289  Rnorm=  2.699e-03  size(V,2)=   400
iter=   290  Rnorm=  2.692e-03  size(V,2)=   600
iter=   291  Rnorm=  2.684e-03  size(V,2)=   800
iter=   292  Rnorm=  2.676e-03  size(V,2)=  1000
iter=   293  Rnorm=  2.665e-03  size(V,2)=  1200
iter=   294  Rnorm=  2.654e-03  size(V,2)=  1400
iter=   295  Rnorm=  2.642e-03  size(V,2)=  1600
iter=   296  Rnorm=  2.638e-03  size(V,2)=   400
iter=   297  Rnorm=  2.632e-03  size(V,2)=   600
iter=   298  Rnorm=  2.624e-03  size(V,2)=   800
iter=   299  Rnorm=  2.615e-03  size(V,2)=  1000
iter=   300  Rnorm=  2.605e-03  size(V,2)=  1200
iter=   301  Rnorm=  2.595e-03  size(V,2)=  1400
iter=   302  Rnorm=  2.583e-03  size(V,2)=  1600
iter=   303  Rnorm=  2.580e-03  size(V,2)=   400
iter=   304  Rnorm=  2.574e-03  size(V,2)=   600
iter=   305  Rnorm=  2.567e-03  size(V,2)=   800
iter=   306  Rnorm=  2.559e-03  size(V,2)=  1000
iter=   307  Rnorm=  2.549e-03  size(V,2)=  1200
iter=   308  Rnorm=  2.539e-03  size(V,2)=  1400
iter=   309  Rnorm=  2.527e-03  size(V,2)=  1600
iter=   310  Rnorm=  2.524e-03  size(V,2)=   400
iter=   311  Rnorm=  2.517e-03  size(V,2)=   600
iter=   312  Rnorm=  2.510e-03  size(V,2)=   800
iter=   313  Rnorm=  2.502e-03  size(V,2)=  1000
iter=   314  Rnorm=  2.493e-03  size(V,2)=  1200
iter=   315  Rnorm=  2.483e-03  size(V,2)=  1400
iter=   316  Rnorm=  2.471e-03  size(V,2)=  1600
iter=   317  Rnorm=  2.467e-03  size(V,2)=   400
iter=   318  Rnorm=  2.461e-03  size(V,2)=   600
iter=   319  Rnorm=  2.454e-03  size(V,2)=   800
iter=   320  Rnorm=  2.446e-03  size(V,2)=  1000
iter=   321  Rnorm=  2.437e-03  size(V,2)=  1200
iter=   322  Rnorm=  2.428e-03  size(V,2)=  1400
iter=   323  Rnorm=  2.417e-03  size(V,2)=  1600
iter=   324  Rnorm=  2.413e-03  size(V,2)=   400
iter=   325  Rnorm=  2.407e-03  size(V,2)=   600
iter=   326  Rnorm=  2.401e-03  size(V,2)=   800
iter=   327  Rnorm=  2.393e-03  size(V,2)=  1000
iter=   328  Rnorm=  2.384e-03  size(V,2)=  1200
iter=   329  Rnorm=  2.374e-03  size(V,2)=  1400
iter=   330  Rnorm=  2.364e-03  size(V,2)=  1600
iter=   331  Rnorm=  2.361e-03  size(V,2)=   400
iter=   332  Rnorm=  2.355e-03  size(V,2)=   600
iter=   333  Rnorm=  2.348e-03  size(V,2)=   800
iter=   334  Rnorm=  2.340e-03  size(V,2)=  1000
iter=   335  Rnorm=  2.332e-03  size(V,2)=  1200
iter=   336  Rnorm=  2.322e-03  size(V,2)=  1400
iter=   337  Rnorm=  2.312e-03  size(V,2)=  1600
iter=   338  Rnorm=  2.309e-03  size(V,2)=   400
iter=   339  Rnorm=  2.303e-03  size(V,2)=   600
iter=   340  Rnorm=  2.297e-03  size(V,2)=   800
iter=   341  Rnorm=  2.289e-03  size(V,2)=  1000
iter=   342  Rnorm=  2.281e-03  size(V,2)=  1200
iter=   343  Rnorm=  2.271e-03  size(V,2)=  1400
iter=   344  Rnorm=  2.261e-03  size(V,2)=  1600
iter=   345  Rnorm=  2.258e-03  size(V,2)=   400
iter=   346  Rnorm=  2.253e-03  size(V,2)=   600
iter=   347  Rnorm=  2.247e-03  size(V,2)=   800
iter=   348  Rnorm=  2.239e-03  size(V,2)=  1000
iter=   349  Rnorm=  2.231e-03  size(V,2)=  1200
iter=   350  Rnorm=  2.222e-03  size(V,2)=  1400
iter=   351  Rnorm=  2.212e-03  size(V,2)=  1600
iter=   352  Rnorm=  2.209e-03  size(V,2)=   400
iter=   353  Rnorm=  2.204e-03  size(V,2)=   600
iter=   354  Rnorm=  2.198e-03  size(V,2)=   800
iter=   355  Rnorm=  2.191e-03  size(V,2)=  1000
iter=   356  Rnorm=  2.183e-03  size(V,2)=  1200
iter=   357  Rnorm=  2.174e-03  size(V,2)=  1400
iter=   358  Rnorm=  2.163e-03  size(V,2)=  1600
iter=   359  Rnorm=  2.160e-03  size(V,2)=   400
iter=   360  Rnorm=  2.155e-03  size(V,2)=   600
iter=   361  Rnorm=  2.149e-03  size(V,2)=   800
iter=   362  Rnorm=  2.142e-03  size(V,2)=  1000
iter=   363  Rnorm=  2.134e-03  size(V,2)=  1200
iter=   364  Rnorm=  2.125e-03  size(V,2)=  1400
iter=   365  Rnorm=  2.116e-03  size(V,2)=  1600
iter=   366  Rnorm=  2.113e-03  size(V,2)=   400
iter=   367  Rnorm=  2.108e-03  size(V,2)=   600
iter=   368  Rnorm=  2.102e-03  size(V,2)=   800
iter=   369  Rnorm=  2.096e-03  size(V,2)=  1000
iter=   370  Rnorm=  2.089e-03  size(V,2)=  1200
iter=   371  Rnorm=  2.080e-03  size(V,2)=  1400
iter=   372  Rnorm=  2.071e-03  size(V,2)=  1600
iter=   373  Rnorm=  2.068e-03  size(V,2)=   400
iter=   374  Rnorm=  2.063e-03  size(V,2)=   600
iter=   375  Rnorm=  2.058e-03  size(V,2)=   800
iter=   376  Rnorm=  2.051e-03  size(V,2)=  1000
iter=   377  Rnorm=  2.044e-03  size(V,2)=  1200
iter=   378  Rnorm=  2.035e-03  size(V,2)=  1400
iter=   379  Rnorm=  2.026e-03  size(V,2)=  1600
iter=   380  Rnorm=  2.023e-03  size(V,2)=   400
iter=   381  Rnorm=  2.018e-03  size(V,2)=   600
iter=   382  Rnorm=  2.013e-03  size(V,2)=   800
iter=   383  Rnorm=  2.007e-03  size(V,2)=  1000
iter=   384  Rnorm=  2.000e-03  size(V,2)=  1200
iter=   385  Rnorm=  1.992e-03  size(V,2)=  1400
iter=   386  Rnorm=  1.983e-03  size(V,2)=  1600
iter=   387  Rnorm=  1.980e-03  size(V,2)=   400
iter=   388  Rnorm=  1.975e-03  size(V,2)=   600
iter=   389  Rnorm=  1.970e-03  size(V,2)=   800
iter=   390  Rnorm=  1.964e-03  size(V,2)=  1000
iter=   391  Rnorm=  1.957e-03  size(V,2)=  1200
iter=   392  Rnorm=  1.949e-03  size(V,2)=  1400
iter=   393  Rnorm=  1.941e-03  size(V,2)=  1600
iter=   394  Rnorm=  1.938e-03  size(V,2)=   400
iter=   395  Rnorm=  1.934e-03  size(V,2)=   600
iter=   396  Rnorm=  1.928e-03  size(V,2)=   800
iter=   397  Rnorm=  1.922e-03  size(V,2)=  1000
iter=   398  Rnorm=  1.916e-03  size(V,2)=  1200
iter=   399  Rnorm=  1.908e-03  size(V,2)=  1400
iter=   400  Rnorm=  1.900e-03  size(V,2)=  1600
iter=   401  Rnorm=  1.897e-03  size(V,2)=   400
iter=   402  Rnorm=  1.893e-03  size(V,2)=   600
iter=   403  Rnorm=  1.888e-03  size(V,2)=   800
iter=   404  Rnorm=  1.882e-03  size(V,2)=  1000
iter=   405  Rnorm=  1.876e-03  size(V,2)=  1200
iter=   406  Rnorm=  1.868e-03  size(V,2)=  1400
iter=   407  Rnorm=  1.860e-03  size(V,2)=  1600
iter=   408  Rnorm=  1.858e-03  size(V,2)=   400
iter=   409  Rnorm=  1.853e-03  size(V,2)=   600
iter=   410  Rnorm=  1.849e-03  size(V,2)=   800
iter=   411  Rnorm=  1.843e-03  size(V,2)=  1000
iter=   412  Rnorm=  1.836e-03  size(V,2)=  1200
iter=   413  Rnorm=  1.829e-03  size(V,2)=  1400
iter=   414  Rnorm=  1.821e-03  size(V,2)=  1600
iter=   415  Rnorm=  1.819e-03  size(V,2)=   400
iter=   416  Rnorm=  1.814e-03  size(V,2)=   600
iter=   417  Rnorm=  1.810e-03  size(V,2)=   800
iter=   418  Rnorm=  1.804e-03  size(V,2)=  1000
iter=   419  Rnorm=  1.798e-03  size(V,2)=  1200
iter=   420  Rnorm=  1.791e-03  size(V,2)=  1400
iter=   421  Rnorm=  1.783e-03  size(V,2)=  1600
iter=   422  Rnorm=  1.781e-03  size(V,2)=   400
iter=   423  Rnorm=  1.777e-03  size(V,2)=   600
iter=   424  Rnorm=  1.772e-03  size(V,2)=   800
iter=   425  Rnorm=  1.766e-03  size(V,2)=  1000
iter=   426  Rnorm=  1.760e-03  size(V,2)=  1200
iter=   427  Rnorm=  1.753e-03  size(V,2)=  1400
iter=   428  Rnorm=  1.746e-03  size(V,2)=  1600
iter=   429  Rnorm=  1.744e-03  size(V,2)=   400
iter=   430  Rnorm=  1.739e-03  size(V,2)=   600
iter=   431  Rnorm=  1.735e-03  size(V,2)=   800
iter=   432  Rnorm=  1.729e-03  size(V,2)=  1000
iter=   433  Rnorm=  1.723e-03  size(V,2)=  1200
iter=   434  Rnorm=  1.716e-03  size(V,2)=  1400
iter=   435  Rnorm=  1.709e-03  size(V,2)=  1600
iter=   436  Rnorm=  1.707e-03  size(V,2)=   400
iter=   437  Rnorm=  1.703e-03  size(V,2)=   600
iter=   438  Rnorm=  1.698e-03  size(V,2)=   800
iter=   439  Rnorm=  1.693e-03  size(V,2)=  1000
iter=   440  Rnorm=  1.687e-03  size(V,2)=  1200
iter=   441  Rnorm=  1.681e-03  size(V,2)=  1400
iter=   442  Rnorm=  1.673e-03  size(V,2)=  1600
iter=   443  Rnorm=  1.671e-03  size(V,2)=   400
iter=   444  Rnorm=  1.667e-03  size(V,2)=   600
iter=   445  Rnorm=  1.662e-03  size(V,2)=   800
iter=   446  Rnorm=  1.657e-03  size(V,2)=  1000
iter=   447  Rnorm=  1.651e-03  size(V,2)=  1200
iter=   448  Rnorm=  1.645e-03  size(V,2)=  1400
iter=   449  Rnorm=  1.638e-03  size(V,2)=  1600
iter=   450  Rnorm=  1.636e-03  size(V,2)=   400
iter=   451  Rnorm=  1.632e-03  size(V,2)=   600
iter=   452  Rnorm=  1.628e-03  size(V,2)=   800
iter=   453  Rnorm=  1.623e-03  size(V,2)=  1000
iter=   454  Rnorm=  1.617e-03  size(V,2)=  1200
iter=   455  Rnorm=  1.611e-03  size(V,2)=  1400
iter=   456  Rnorm=  1.605e-03  size(V,2)=  1600
iter=   457  Rnorm=  1.603e-03  size(V,2)=   400
iter=   458  Rnorm=  1.599e-03  size(V,2)=   600
iter=   459  Rnorm=  1.595e-03  size(V,2)=   800
iter=   460  Rnorm=  1.590e-03  size(V,2)=  1000
iter=   461  Rnorm=  1.584e-03  size(V,2)=  1200
iter=   462  Rnorm=  1.578e-03  size(V,2)=  1400
iter=   463  Rnorm=  1.571e-03  size(V,2)=  1600
iter=   464  Rnorm=  1.569e-03  size(V,2)=   400
iter=   465  Rnorm=  1.566e-03  size(V,2)=   600
iter=   466  Rnorm=  1.562e-03  size(V,2)=   800
iter=   467  Rnorm=  1.557e-03  size(V,2)=  1000
iter=   468  Rnorm=  1.552e-03  size(V,2)=  1200
iter=   469  Rnorm=  1.546e-03  size(V,2)=  1400
iter=   470  Rnorm=  1.539e-03  size(V,2)=  1600
iter=   471  Rnorm=  1.538e-03  size(V,2)=   400
iter=   472  Rnorm=  1.534e-03  size(V,2)=   600
iter=   473  Rnorm=  1.530e-03  size(V,2)=   800
iter=   474  Rnorm=  1.526e-03  size(V,2)=  1000
iter=   475  Rnorm=  1.521e-03  size(V,2)=  1200
iter=   476  Rnorm=  1.515e-03  size(V,2)=  1400
iter=   477  Rnorm=  1.508e-03  size(V,2)=  1600
iter=   478  Rnorm=  1.506e-03  size(V,2)=   400
iter=   479  Rnorm=  1.503e-03  size(V,2)=   600
iter=   480  Rnorm=  1.499e-03  size(V,2)=   800
iter=   481  Rnorm=  1.495e-03  size(V,2)=  1000
iter=   482  Rnorm=  1.490e-03  size(V,2)=  1200
iter=   483  Rnorm=  1.484e-03  size(V,2)=  1400
iter=   484  Rnorm=  1.478e-03  size(V,2)=  1600
iter=   485  Rnorm=  1.476e-03  size(V,2)=   400
iter=   486  Rnorm=  1.473e-03  size(V,2)=   600
iter=   487  Rnorm=  1.469e-03  size(V,2)=   800
iter=   488  Rnorm=  1.465e-03  size(V,2)=  1000
iter=   489  Rnorm=  1.460e-03  size(V,2)=  1200
iter=   490  Rnorm=  1.454e-03  size(V,2)=  1400
iter=   491  Rnorm=  1.448e-03  size(V,2)=  1600
iter=   492  Rnorm=  1.447e-03  size(V,2)=   400
iter=   493  Rnorm=  1.443e-03  size(V,2)=   600
iter=   494  Rnorm=  1.440e-03  size(V,2)=   800
iter=   495  Rnorm=  1.436e-03  size(V,2)=  1000
iter=   496  Rnorm=  1.431e-03  size(V,2)=  1200
iter=   497  Rnorm=  1.425e-03  size(V,2)=  1400
iter=   498  Rnorm=  1.419e-03  size(V,2)=  1600
iter=   499  Rnorm=  1.418e-03  size(V,2)=   400
iter=   500  Rnorm=  1.415e-03  size(V,2)=   600
Max iterations (500) reached without full expected convergence. Returning what we have.
7975.690633 seconds (1.54 M allocations: 259.363 GiB, 0.67% gc time)
Number of FLOPs: 217184624648000

Reading exact Eigenvalues...
Reading eigenvalues from ../MA_best/Eigenvalues_folder/eigenres_H2_RNDbasis1.jld2

Compute the difference between computed and exact eigenvalues:
1×200 adjoint(::Vector{Float64}) with eltype Float64:
 -2.66454e-15  -1.77636e-15  0.0  2.66454e-15  -2.22045e-15  -2.22045e-16  1.11022e-15  -2.22045e-16  8.88178e-16  8.88178e-16  1.33227e-15  1.33227e-15  8.88178e-16  -1.9984e-15  -2.22045e-15  -2.22045e-16  2.22045e-16  6.66134e-16  -3.33067e-16  -3.33067e-16  -2.9976e-15  0.0  2.9976e-15  -1.33227e-15  -7.77156e-16  -9.99201e-16  2.10942e-15  3.33067e-16  -4.44089e-16  -4.44089e-16  2.33147e-15  -1.11022e-15  -4.44089e-16  -7.77156e-16  1.55431e-15  -3.44169e-15  5.55112e-16  2.77556e-16  -4.60743e-15  -1.05471e-15  6.05072e-15  2.38698e-15  4.71845e-15  -5.38458e-15  -1.27676e-15  2.33147e-15  1.66533e-15  -5.71765e-15  -1.11022e-16  -2.77556e-16  -4.32987e-15  -2.16493e-15  1.44329e-15  -3.94129e-15  -2.22045e-16  3.4972e-15  8.88178e-16  -4.88498e-15  2.88658e-15  -2.44249e-15  -1.88738e-15  -2.55351e-15  3.38618e-15  7.21645e-16  -5.32907e-15  -1.88738e-15  2.94209e-15  3.83027e-15  6.99441e-15  4.4964e-15  -5.10703e-15  9.10383e-15  9.88098e-15  -6.66134e-15  -1.02141e-14  2.7478e-15  2.63678e-15  -4.27436e-15  8.32667e-17  2.16493e-15  3.60822e-16  -1.11855e-14  -7.16094e-15  3.33067e-15  1.21292e-14  -6.38378e-16  -4.41314e-15  -1.12688e-14  6.60583e-15  3.05311e-16  -5.68628e-12  -2.5381e-11  -5.56846e-9  -7.99897e-10  -1.88923e-10  -3.69502e-10  -1.4772e-10  -5.71421e-11  -2.43586e-10  -6.34209e-7  -7.41064e-7  -5.20659e-7  -2.23489e-6  -1.92789e-6  -5.38531e-7  -1.09179e-6  -6.47849e-7  -2.78075e-6  -2.06857e-6  -1.4738e-6  -2.23747e-6  -3.14928e-6  -2.68838e-6  -2.03059e-6  -1.86095e-6  -3.34844e-6  -3.48681e-6  -3.21158e-6  -3.43403e-6  -5.01901e-6  -3.54664e-6  -4.96415e-6  -3.90805e-6  -4.37336e-6  -4.50206e-6  -4.49344e-6  -3.25384e-6  -3.53447e-6  -5.65717e-6  -5.50029e-6  -5.04467e-6  -4.19505e-6  -8.67279e-6  -7.01785e-6  -9.18656e-6  -8.81678e-6  -7.59076e-6  -5.0506e-6  -7.10176e-6  -8.7445e-6  -7.69656e-6  -8.01412e-6  -9.19892e-6  -9.4119e-6  -4.49045e-6  -1.1175e-5  -8.55395e-6  -1.31224e-5  -2.33018e-5  -9.71244e-6  -1.10457e-5  -1.21888e-5  -1.16081e-5  -7.82588e-6  -1.1541e-5  -8.15143e-6  -2.24237e-5  -1.95211e-5  -1.53929e-5  -1.83434e-5  -1.1829e-5  -1.33766e-5  -1.59446e-5  -2.24121e-5  -1.57698e-5  -1.41205e-5  -1.79441e-5  -2.49971e-5  -1.92057e-5  -2.48552e-5  -2.01719e-5  -1.24891e-5  -2.30796e-5  -2.55265e-5  -1.96257e-5  -2.98689e-5  -2.02949e-5  -3.01002e-5  -2.58873e-5  -3.58686e-5  -2.58884e-5  -3.99451e-5  -2.8566e-5  -4.08844e-5  -3.33074e-5  -2.86556e-5  -3.35072e-5  -2.99746e-5  -3.56399e-5  -5.66591e-5  -5.00675e-5  -7.29939e-5  -7.93089e-5  -7.50089e-5  -0.000128293  -6.24332e-5  -0.000104664  -6.81505e-5  -8.72899e-5  -0.000287145
