
=== Running tests for molecule: formaldehyde ===
Starting Davidson with n_aux = 600, l_buffer = 78, lc = 60, thresh = 0.001, max_iter = 100
Iter 1: V_size = 150, Converged = 0, ‖r‖ (largest λ) = 0.3215948301616369
Iter 2: V_size = 228, Converged = 9, ‖r‖ (largest λ) = 5.408519229347489e-5
Iter 3: V_size = 306, Converged = 52, ‖r‖ (largest λ) = 296.5049517423511
Iter 4: V_size = 375, Converged = 52, ‖r‖ (largest λ) = 187.64327957913306
Converged all required eigenvalues (cluster-aware). Iter = 5
 64.208804 seconds (662.90 k allocations: 30.004 GiB, 0.32% gc time)
Number of FLOPs: 3277204276501

Reading exact Eigenvalues...
Reading eigenvalues from ../MA_best/Eigenvalues_folder/eigenres_formaldehyde_RNDbasis1.jld2

Compute the difference between computed and exact eigenvalues:
1×60 adjoint(::Vector{Float64}) with eltype Float64:
 -4.77485e-12  -1.69393e-11  -1.19371e-11  -1.61464e-9  -1.21898e-9  -1.48225e-9  -1.99012e-9  -2.58618e-9  -9.30669e-11  -9.35941e-9  -1.0381e-11  -5.61684e-11  -1.31486e-10  -7.93655e-10  -3.7199e-10  -9.52213e-10  -7.80418e-10  -1.28395e-11  -9.30999e-10  -9.5579e-10  -4.21284e-10  -6.34973e-10  -2.80775e-10  -1.16495e-9  -1.38346e-10  -5.01171e-9  -1.27493e-10  -1.16144e-9  -6.12541e-11  -1.88782e-9  -2.42868e-9  -2.39648e-10  -6.49585e-10  -1.52321e-9  -2.84384e-10  -1.03165e-9  -5.86056e-10  -1.22651e-9  -4.89415e-10  -2.20542e-10  -3.39261e-10  -1.10132e-9  -4.44089e-15  -7.45788e-9  -5.67425e-9  -3.92457e-9  -5.25985e-9  -1.29573e-8  -1.40007e-8  -8.10735e-9  -1.43204e-8  -1.54005e-8  -4.01454e-8  2.30926e-14  5.59552e-14  4.9738e-14  2.4869e-14  4.35207e-14  5.32907e-15  1.89626e-13
60 Eigenvalues converges, out of 60 requested.
Starting Davidson with n_aux = 600, l_buffer = 390, lc = 301, thresh = 0.001, max_iter = 100
Iter 1: V_size = 150, Converged = 0, ‖r‖ (largest λ) = 0.3215948301616369
Iter 2: V_size = 300, Converged = 9, ‖r‖ (largest λ) = 2.9291012219754313e-5
Iter 3: V_size = 450, Converged = 86, ‖r‖ (largest λ) = 335.2159054521493
Iter 4: V_size = 600, Converged = 109, ‖r‖ (largest λ) = 195.09486173314818
Iter 5: V_size = 277, Converged = 128, ‖r‖ (largest λ) = 4.702422840080563e-6
Iter 6: V_size = 427, Converged = 128, ‖r‖ (largest λ) = 68.32280867161175
Iter 7: V_size = 577, Converged = 166, ‖r‖ (largest λ) = 0.0004255156953046376
Total MINRES iterations: 2422
Iter 8: V_size = 262, Converged = 176, ‖r‖ (largest λ) = 0.0008022026912252185
Total MINRES iterations: 3294
Iter 9: V_size = 412, Converged = 184, ‖r‖ (largest λ) = 41.983875343131096
Total MINRES iterations: 1352
Iter 10: V_size = 562, Converged = 272, ‖r‖ (largest λ) = 42.91677886090349
Converged all required eigenvalues (cluster-aware). Iter = 11
1820.999290 seconds (8.08 M allocations: 343.682 GiB, 0.13% gc time, 0.03% compilation time)
Number of FLOPs: 31218030800212

Reading exact Eigenvalues...
Reading eigenvalues from ../MA_best/Eigenvalues_folder/eigenres_formaldehyde_RNDbasis1.jld2

Compute the difference between computed and exact eigenvalues:
1×300 adjoint(::Vector{Float64}) with eltype Float64:
 -2.27374e-12  -4.43379e-12  -3.86535e-12  -4.52104e-10  -2.6165e-10  -3.26651e-10  -5.91626e-10  -5.78353e-10  -2.52953e-12  -3.40022e-9  -3.69482e-13  -1.61293e-12  -3.67351e-12  -2.21405e-11  -1.13616e-11  -2.77005e-11  -2.34515e-11  -4.36984e-13  -2.77183e-11  -3.15339e-11  -1.31735e-11  -2.21405e-11  -8.78231e-12  -3.58291e-11  -3.55982e-12  -1.86827e-10  -7.29194e-12  -4.06892e-11  -1.75859e-12  -6.08349e-11  -9.30047e-11  -1.29852e-11  -2.04814e-11  -5.49853e-11  -8.87646e-12  -4.69065e-11  -2.63132e-11  -5.55431e-11  -1.29301e-11  -1.10294e-11  -1.96998e-11  -5.19629e-11  -1.09236e-10  -3.23073e-10  -2.91714e-10  -1.29537e-10  -2.68312e-10  -3.82302e-10  -5.43931e-10  -2.603e-10  -4.6156e-10  -7.86635e-10  -1.01485e-9  -1.12164e-9  -1.76501e-9  -8.93674e-10  -1.18298e-9  -2.08449e-9  -2.22226e-9  -3.35224e-9  -2.64175e-9  -5.42185e-9  -6.43482e-9  -3.83703e-9  -6.80002e-9  -6.87085e-9  -5.10852e-9  -1.12841e-8  -2.83254e-9  -1.55862e-8  -7.50851e-9  -1.25054e-8  -4.24109e-8  -2.93867e-8  -2.37309e-8  -4.69626e-8  -3.77557e-8  -3.29507e-8  -3.9992e-8  -6.15534e-8  -4.15164e-8  -6.31559e-8  -9.43367e-8  -2.34095e-7  -3.63034e-11  -7.01388e-8  -3.56502e-7  -1.9827e-11  -3.66796e-10  -1.15779e-10  -9.34515e-11  -1.56455e-10  -4.217e-10  -1.40138e-10  -1.97521e-10  -1.94877e-10  -2.96608e-10  -5.89607e-9  -1.46569e-8  -1.62371e-9  -1.24243e-8  -5.76385e-9  -1.38276e-8  -4.03877e-12  -2.166e-7  -6.29318e-8  -6.06874e-8  -2.94889e-7  -4.81457e-8  -2.2148e-7  -8.83219e-10  -4.51352e-10  -2.81316e-10  -7.32323e-10  -3.14744e-8  -5.01939e-9  -6.72411e-9  -8.4097e-9  -2.18273e-8  -4.53502e-8  -2.79825e-8  -1.65328e-7  -1.16333e-7  -2.92806e-7  -2.64943e-7  -4.75964e-7  -8.20846e-7  -9.5266e-7  -2.10218e-7  -3.90465e-7  -3.99455e-7  -4.32089e-7  -5.81427e-7  -6.93393e-7  -7.92387e-7  -7.2984e-7  -1.32275e-6  -7.0812e-7  -1.05465e-6  -8.82077e-7  -1.33285e-6  -1.10918e-6  -1.10649e-6  -1.19429e-6  -1.11231e-6  -1.46272e-6  -1.33209e-6  -1.30791e-6  -1.26875e-6  -9.86178e-7  -1.53838e-6  -9.26637e-7  -1.065e-6  -9.4463e-7  -1.36775e-6  -1.39428e-6  -1.89764e-6  -1.56844e-6  -1.22643e-6  -1.85893e-6  -1.60782e-6  -1.69431e-6  -1.65432e-6  -1.9276e-6  -2.01159e-6  1.2546e-10  -1.85968e-6  -1.71099e-6  -2.07528e-6  -1.83201e-6  -1.82584e-6  -1.87064e-6  -1.57844e-6  -1.88661e-6  -2.07168e-6  -2.16137e-6  -2.23442e-6  -3.69238e-10  -1.6567e-6  -2.29845e-6  1.84297e-12  -1.34775e-10  -1.17903e-6  -1.79016e-6  -1.18843e-6  -1.05492e-6  3.2883e-9  2.71721e-9  1.72268e-9  1.5812e-9  1.64905e-9  1.83427e-9  2.60286e-9  3.20834e-9  1.85732e-9  1.33495e-9  7.56745e-10  2.73389e-9  2.55792e-10  -1.10741e-9  5.62439e-11  -4.61704e-10  2.40105e-10  -2.3562e-9  2.46593e-9  -3.02142e-9  -4.03556e-9  8.50692e-11  -7.03147e-10  -1.25169e-9  -2.04009e-9  -7.94401e-9  -8.74544e-9  -4.22962e-9  -3.75527e-10  -4.06663e-10  -3.74953e-9  -8.94032e-11  -5.26736e-9  2.27086e-9  -4.15694e-9  -3.56427e-9  -1.13192e-9  -4.29398e-9  -1.23912e-9  -3.56027e-9  -2.75145e-9  -2.15887e-9  -2.1597e-9  -9.59762e-10  -2.12983e-9  -1.16396e-8  4.46648e-9  -2.31751e-8  -1.46607e-8  -2.75087e-8  -2.68424e-8  -7.88051e-9  -1.68172e-8  -2.95247e-8  -7.26364e-8  -4.18386e-8  -9.29095e-8  -1.25912e-7  -1.4787e-7  -1.10576e-7  -1.07609e-7  -1.52099e-7  -1.09959e-7  -1.8342e-7  -2.74392e-7  -1.98643e-7  -3.16936e-7  -9.86324e-7  -8.5353e-7  -4.48972e-7  -5.10235e-7  -9.72094e-7  -7.54351e-7  -6.05768e-7  -6.74646e-7  -2.45223e-6  -2.34053e-6  -3.54151e-6  -9.06454e-7  -1.50924e-6  -1.62821e-6  -2.52888e-6  -1.81909e-6  -4.71987e-6  -8.80685e-6  -6.25797e-6  -3.81261e-8  -3.93896e-6  -4.37823e-6  -7.03211e-8  -1.53505e-7  -1.36617e-7  -8.17024e-8  -1.85052e-7  -1.23911e-7  -1.50605e-7  -1.7813e-7  -1.42367e-7  -4.32126e-7  -3.24612e-7  -6.21563e-7  -4.27132e-7  -5.5371e-7  -5.21782e-7  -4.79185e-7  -4.42432e-7  -3.89837e-7  -5.13856e-7  -1.35199e-6  -4.22227e-7  -9.84913e-7  -7.14843e-7  -2.67359e-6  -1.64443e-6
300 Eigenvalues converges, out of 300 requested.
Starting Davidson with n_aux = 600, l_buffer = 780, lc = 603, thresh = 0.001, max_iter = 100
Iter 1: V_size = 150, Converged = 0, ‖r‖ (largest λ) = 0.3215948301616369
Iter 2: V_size = 300, Converged = 9, ‖r‖ (largest λ) = 2.9291012219754313e-5
Iter 3: V_size = 450, Converged = 86, ‖r‖ (largest λ) = 335.2159054521493
Iter 4: V_size = 600, Converged = 109, ‖r‖ (largest λ) = 195.09486173314818
Iter 5: V_size = 277, Converged = 128, ‖r‖ (largest λ) = 4.702422840080563e-6
Iter 6: V_size = 427, Converged = 128, ‖r‖ (largest λ) = 68.32280867161175
Iter 7: V_size = 577, Converged = 166, ‖r‖ (largest λ) = 0.0004255156953046376
Total MINRES iterations: 2422
Iter 8: V_size = 262, Converged = 176, ‖r‖ (largest λ) = 0.0008022026912252185
Total MINRES iterations: 3294
Iter 9: V_size = 412, Converged = 184, ‖r‖ (largest λ) = 41.983875343131096
Total MINRES iterations: 1352
Iter 10: V_size = 562, Converged = 272, ‖r‖ (largest λ) = 42.91677886090349
Total MINRES iterations: 2575
Iter 11: V_size = 212, Converged = 319, ‖r‖ (largest λ) = 0.0008887970609012977
Total MINRES iterations: 3060
Iter 12: V_size = 362, Converged = 319, ‖r‖ (largest λ) = 64.3558443893226
Total MINRES iterations: 1150
Iter 13: V_size = 512, Converged = 423, ‖r‖ (largest λ) = 0.0001639348107569164
Total MINRES iterations: 2861
Iter 14: V_size = 662, Converged = 424, ‖r‖ (largest λ) = 137.975925498714
Total MINRES iterations: 2250
Iter 15: V_size = 299, Converged = 484, ‖r‖ (largest λ) = 0.00027490372844382014
Total MINRES iterations: 2972
Iter 16: V_size = 449, Converged = 484, ‖r‖ (largest λ) = 88.64069134956533
Total MINRES iterations: 1625
Iter 17: V_size = 599, Converged = 569, ‖r‖ (largest λ) = 0.0003759809261896934
Converged all required eigenvalues (cluster-aware). Iter = 18
9565.153355 seconds (28.42 M allocations: 1.219 TiB, 0.13% gc time)
Number of FLOPs: 89175402968635

Reading exact Eigenvalues...
Reading eigenvalues from ../MA_best/Eigenvalues_folder/eigenres_formaldehyde_RNDbasis1.jld2

Compute the difference between computed and exact eigenvalues:
1×600 adjoint(::Vector{Float64}) with eltype Float64:
 -2.27374e-12  -4.43379e-12  -3.86535e-12  -4.52104e-10  -2.6165e-10  -3.26651e-10  -5.91626e-10  -5.78353e-10  -2.52953e-12  -3.40022e-9  -3.69482e-13  -1.61293e-12  -3.67351e-12  -2.21405e-11  -1.13616e-11  -2.77005e-11  -2.34515e-11  -4.36984e-13  -2.77183e-11  -3.15339e-11  -1.31735e-11  -2.21405e-11  -8.78231e-12  -3.58291e-11  -3.55982e-12  -1.86827e-10  -7.29194e-12  -4.06892e-11  -1.75859e-12  -6.08349e-11  -9.30047e-11  -1.29852e-11  -2.04814e-11  -5.49853e-11  -8.87646e-12  -4.69065e-11  -2.63132e-11  -5.55431e-11  -1.29301e-11  -1.10294e-11  -1.96998e-11  -5.19629e-11  -1.09236e-10  -3.23073e-10  -2.91714e-10  -1.29537e-10  -2.68312e-10  -3.82302e-10  -5.43931e-10  -2.603e-10  -4.6156e-10  -7.86635e-10  -1.01485e-9  -1.12164e-9  -1.76501e-9  -8.93674e-10  -1.18298e-9  -2.08449e-9  -2.22226e-9  -3.35224e-9  -2.64175e-9  -5.42185e-9  -6.43482e-9  -3.83703e-9  -6.80002e-9  -6.87085e-9  -5.10852e-9  -1.12841e-8  -2.83254e-9  -1.55862e-8  -7.50851e-9  -1.25054e-8  -4.24109e-8  -2.93867e-8  -2.37309e-8  -4.69626e-8  -3.77557e-8  -3.29507e-8  -3.9992e-8  -6.15534e-8  -4.15164e-8  -6.31559e-8  -9.43367e-8  -2.34095e-7  -3.63034e-11  -7.01388e-8  -3.56502e-7  -1.9827e-11  -3.66796e-10  -1.15779e-10  -9.34515e-11  -1.56455e-10  -4.217e-10  -1.40138e-10  -1.97521e-10  -1.94877e-10  -2.96608e-10  -5.89607e-9  -1.46569e-8  -1.62371e-9  -1.24243e-8  -5.76385e-9  -1.38276e-8  -4.03877e-12  -2.166e-7  -6.29318e-8  -6.06874e-8  -2.94889e-7  -4.81457e-8  -2.2148e-7  -8.83219e-10  -4.51352e-10  -2.81316e-10  -7.32323e-10  -3.14744e-8  -5.01939e-9  -6.72411e-9  -8.4097e-9  -2.18273e-8  -4.53502e-8  -2.79825e-8  -1.65328e-7  -1.16333e-7  -2.92806e-7  -2.64943e-7  -4.75964e-7  -8.20846e-7  -9.5266e-7  -2.10218e-7  -3.90465e-7  -3.99455e-7  -4.32089e-7  -5.81427e-7  -6.93393e-7  -7.92387e-7  -7.2984e-7  -1.32275e-6  -7.0812e-7  -1.05465e-6  -8.82077e-7  -1.33285e-6  -1.10918e-6  -1.10649e-6  -1.19429e-6  -1.11231e-6  -1.46272e-6  -1.33209e-6  -1.30791e-6  -1.26875e-6  -9.86178e-7  -1.53838e-6  -9.26637e-7  -1.065e-6  -9.4463e-7  -1.36775e-6  -1.39428e-6  -1.89764e-6  -1.56844e-6  -1.22643e-6  -1.85893e-6  -1.60782e-6  -1.69431e-6  -1.65432e-6  -1.9276e-6  -2.01159e-6  1.2546e-10  -1.85968e-6  -1.71099e-6  -2.07528e-6  -1.83201e-6  -1.82584e-6  -1.87064e-6  -1.57844e-6  -1.88661e-6  -2.07168e-6  -2.16137e-6  -2.23442e-6  -3.69238e-10  -1.6567e-6  -2.29845e-6  1.84297e-12  -1.34775e-10  -1.17903e-6  -1.79016e-6  -1.18843e-6  -1.05492e-6  3.2883e-9  2.71721e-9  1.72268e-9  1.5812e-9  1.64905e-9  1.83427e-9  2.60286e-9  3.20834e-9  1.85732e-9  1.33495e-9  7.56745e-10  2.73389e-9  2.55792e-10  -1.10741e-9  5.62439e-11  -4.61704e-10  2.40105e-10  -2.3562e-9  2.46593e-9  -3.02142e-9  -4.03556e-9  8.50692e-11  -7.03147e-10  -1.25169e-9  -2.04009e-9  -7.94401e-9  -8.74544e-9  -4.22962e-9  -3.75527e-10  -4.06663e-10  -3.74953e-9  -8.94032e-11  -5.26736e-9  2.27086e-9  -4.15694e-9  -3.56427e-9  -1.13192e-9  -4.29398e-9  -1.23912e-9  -3.56027e-9  -2.75145e-9  -2.15887e-9  -2.1597e-9  -9.59762e-10  -2.12983e-9  -1.16396e-8  4.46648e-9  -2.31751e-8  -1.46607e-8  -2.75087e-8  -2.68424e-8  -7.88051e-9  -1.68172e-8  -2.95247e-8  -7.26364e-8  -4.18386e-8  -9.29095e-8  -1.25912e-7  -1.4787e-7  -1.10576e-7  -1.07609e-7  -1.52099e-7  -1.09959e-7  -1.8342e-7  -2.74392e-7  -1.98643e-7  -3.16936e-7  -9.86324e-7  -8.5353e-7  -4.48972e-7  -5.10235e-7  -9.72094e-7  -7.54351e-7  -6.05768e-7  -6.74646e-7  -2.45223e-6  -2.34053e-6  -3.54151e-6  -9.06454e-7  -1.50924e-6  -1.62821e-6  -2.52888e-6  -1.81909e-6  -4.71987e-6  -8.80685e-6  -6.25797e-6  -3.81261e-8  -3.93896e-6  -4.37823e-6  -7.03211e-8  -1.53505e-7  -1.36617e-7  -8.17024e-8  -1.85052e-7  -1.23911e-7  -1.50605e-7  -1.7813e-7  -1.42367e-7  -4.32126e-7  -3.24612e-7  -6.21563e-7  -4.27132e-7  -5.5371e-7  -5.21782e-7  -4.79185e-7  -4.42432e-7  -3.89837e-7  -5.13856e-7  -1.35199e-6  -4.22227e-7  -9.84913e-7  -7.14843e-7  -2.67359e-6  -1.64443e-6  -1.17937e-6  -1.69311e-6  -1.51664e-6  -2.12833e-6  -9.95149e-7  -2.25479e-6  -6.97034e-6  -2.83145e-6  -5.73199e-6  -5.13573e-6  -6.7303e-6  -1.79819e-5  -1.52134e-5  -7.30555e-6  -1.68924e-5  -8.34823e-6  -2.50429e-5  7.04777e-8  2.03271e-7  -1.75051e-5  -1.82402e-7  2.0237e-7  2.82501e-7  -3.37609e-5  9.75746e-7  8.55523e-7  8.57099e-6  4.42363e-6  6.18219e-6  3.63213e-6  1.37549e-6  1.4225e-6  1.40434e-6  2.78956e-6  1.63065e-6  1.81851e-6  2.46995e-6  8.72516e-7  1.60246e-6  1.11287e-6  3.62968e-7  1.87509e-6  9.62037e-7  9.97942e-7  1.06945e-6  1.48878e-6  3.86407e-7  8.54842e-7  1.08565e-6  9.82669e-7  3.35533e-7  6.02553e-7  5.82201e-7  4.29045e-7  -3.86435e-7  1.14939e-6  1.87542e-6  -2.25867e-7  -2.67903e-7  -2.81989e-7  -7.82757e-7  5.37947e-7  -3.00017e-7  8.6878e-7  -1.29565e-6  -5.42592e-7  -9.35507e-7  -3.21049e-7  -8.03646e-7  -1.00092e-6  -2.75428e-6  -2.93557e-6  -9.42379e-7  -2.22883e-6  -1.8243e-6  -1.56725e-6  -2.03949e-6  -2.36062e-6  -4.81963e-6  -1.7498e-6  -9.8241e-7  -2.9389e-6  -2.75557e-6  -2.0096e-6  -2.68058e-6  -2.12085e-6  -5.57386e-6  -1.55375e-6  -1.14124e-6  -4.9747e-6  -5.76872e-6  -3.1659e-6  -4.4079e-6  -5.95141e-6  -6.35581e-6  -3.56457e-6  -1.22906e-5  -3.82352e-6  -1.03416e-5  -7.7332e-6  -4.67004e-6  -7.28564e-6  -7.06162e-6  -1.62644e-5  -1.3767e-5  -1.52345e-5  -9.0541e-6  -1.25857e-5  -1.17923e-5  -1.08612e-5  -9.86367e-6  -1.00506e-5  -1.08886e-5  -1.09898e-5  -2.50797e-5  -3.21102e-5  -1.50588e-5  -3.04256e-5  -2.66987e-5  -3.47946e-5  -2.88195e-5  -2.39596e-5  8.4783e-6  2.62802e-6  1.82494e-6  1.56385e-6  1.39949e-6  1.21487e-6  1.22195e-6  5.36771e-7  1.62674e-6  -4.27652e-5  2.21473e-6  4.72017e-7  1.6257e-6  1.20042e-6  1.12341e-6  1.02311e-6  8.58583e-7  7.94579e-7  1.19562e-6  1.41006e-6  1.10739e-6  1.04813e-6  9.81597e-7  9.46381e-7  1.58113e-6  1.08809e-6  1.08939e-6  1.38978e-6  1.12673e-6  9.10843e-7  8.92039e-7  8.56364e-7  9.20109e-7  2.34108e-7  8.35493e-7  1.05654e-6  1.32088e-6  7.90291e-7  1.0968e-6  8.47656e-7  6.50012e-7  8.0253e-7  7.63403e-7  9.75016e-7  8.20209e-7  9.11689e-7  5.4914e-7  5.4459e-7  4.64904e-7  7.1856e-7  7.80633e-7  1.00557e-6  1.052e-7  4.70053e-7  -7.2938e-8  6.29261e-7  5.6911e-7  4.12565e-7  -3.41466e-9  1.42902e-6  1.12496e-6  5.37386e-8  -5.11319e-6  -1.69166e-5  -1.9495e-5  -9.36569e-6  -1.47069e-5  -1.56069e-5  -1.38128e-5  -1.18465e-5  -1.42689e-5  -2.09539e-5  -1.57633e-5  -3.516e-5  -2.78001e-5  -2.8476e-5  -2.03991e-5  -1.81451e-5  -1.87317e-5  -2.77979e-5  -1.84309e-5  -2.63072e-5  -2.69897e-5  -2.33652e-5  -2.48661e-5  -3.04928e-5  -3.83699e-5  -3.39065e-5  -1.85731e-5  -4.17418e-5  -3.25089e-5  -4.94114e-5  -3.69288e-5  -4.02718e-5  -4.72317e-5  -3.99419e-5  -3.51855e-5  -6.57043e-5  -9.23388e-5  -7.05453e-5  -3.43487e-5  -6.87893e-5  -6.27713e-5  -5.25428e-5  -4.79312e-5  -6.44974e-5  -6.47225e-5  -5.15314e-5  -6.65182e-5  -7.38043e-5  -4.46315e-5  -6.42168e-5  -7.97889e-5  -7.44004e-5  -7.67668e-5  -9.7379e-5  -5.55548e-5  -6.36451e-5  -0.000134307  -8.96964e-5  -6.94036e-5  -7.50516e-5  -0.000119099  -8.92473e-5  -0.000112409  -0.000110221  -0.00011665  -8.09502e-5  -0.000157176  -0.00013269  -8.63992e-5  -0.00010294  -0.000125282  -5.59405e-5  -6.42174e-5  -9.87264e-5  -0.000121261  -0.000126287  -0.000122506  -0.000173963  -0.000131972  -0.000126647  -0.000103657  -9.56231e-5  -9.11794e-5  -3.48198e-5  -3.10471e-5  -4.42712e-5  -4.23522e-5  -8.65408e-5  -8.45859e-6  -3.9205e-5  -6.28322e-5  -5.28531e-5  -2.56546e-6  -3.95949e-6  5.33919e-7  -5.76822e-5  2.06281e-5  4.4935e-5  1.63906e-5  1.59328e-5  3.52351e-6  -5.11441e-6  2.27524e-5  1.0738e-5  1.73643e-5  1.84331e-6  7.47691e-6  -9.77911e-6  -5.99276e-6  -1.46531e-6  -4.25761e-6  -9.11085e-6  -1.65645e-5  -1.95999e-5  -2.31507e-5  -2.19064e-5
600 Eigenvalues converges, out of 600 requested.
Starting Davidson with n_aux = 600, l_buffer = 1560, lc = 1206, thresh = 0.001, max_iter = 100
Iter 1: V_size = 150, Converged = 0, ‖r‖ (largest λ) = 0.3215948301616369
Iter 2: V_size = 300, Converged = 9, ‖r‖ (largest λ) = 2.9291012219754313e-5
Iter 3: V_size = 450, Converged = 86, ‖r‖ (largest λ) = 335.2159054521493
Iter 4: V_size = 600, Converged = 109, ‖r‖ (largest λ) = 195.09486173314818
Iter 5: V_size = 277, Converged = 128, ‖r‖ (largest λ) = 4.702422840080563e-6
Iter 6: V_size = 427, Converged = 128, ‖r‖ (largest λ) = 68.32280867161175
Iter 7: V_size = 577, Converged = 166, ‖r‖ (largest λ) = 0.0004255156953046376
Total MINRES iterations: 2422
Iter 8: V_size = 262, Converged = 176, ‖r‖ (largest λ) = 0.0008022026912252185
Total MINRES iterations: 3294
Iter 9: V_size = 412, Converged = 184, ‖r‖ (largest λ) = 41.983875343131096
Total MINRES iterations: 1352
Iter 10: V_size = 562, Converged = 272, ‖r‖ (largest λ) = 42.91677886090349
Total MINRES iterations: 2575
Iter 11: V_size = 212, Converged = 319, ‖r‖ (largest λ) = 0.0008887970609012977
Total MINRES iterations: 3060
Iter 12: V_size = 362, Converged = 319, ‖r‖ (largest λ) = 64.3558443893226
Total MINRES iterations: 1150
Iter 13: V_size = 512, Converged = 423, ‖r‖ (largest λ) = 0.0001639348107569164
Total MINRES iterations: 2861
Iter 14: V_size = 662, Converged = 424, ‖r‖ (largest λ) = 137.975925498714
Total MINRES iterations: 2250
Iter 15: V_size = 299, Converged = 484, ‖r‖ (largest λ) = 0.00027490372844382014
Total MINRES iterations: 2972
Iter 16: V_size = 449, Converged = 484, ‖r‖ (largest λ) = 88.64069134956533
Total MINRES iterations: 1625
Iter 17: V_size = 599, Converged = 569, ‖r‖ (largest λ) = 0.0003759809261896934
Total MINRES iterations: 2050
Iter 18: V_size = 215, Converged = 637, ‖r‖ (largest λ) = 0.00042435695927616065
Total MINRES iterations: 2889
Iter 19: V_size = 365, Converged = 637, ‖r‖ (largest λ) = 92.35860584709717
Iter 20: V_size = 515, Converged = 787, ‖r‖ (largest λ) = 0.0005552236247447336
Warning: V is empty, rebuilding from A columns.
Total MINRES iterations: 175
Iter 21: V_size = 0, Converged = 930, ‖r‖ (largest λ) = 0.0006202947780613218
Total MINRES iterations: 2730
Iter 22: V_size = 301, Converged = 930, ‖r‖ (largest λ) = 143.01574455732538
Iter 23: V_size = 451, Converged = 1080, ‖r‖ (largest λ) = 0.0005125386870492131
Warning: V is empty, rebuilding from A columns.
Converged all required eigenvalues (cluster-aware). Iter = 24
14491.312921 seconds (52.00 M allocations: 2.389 TiB, 0.25% gc time)
Number of FLOPs: 118379976082217

Reading exact Eigenvalues...
Reading eigenvalues from ../MA_best/Eigenvalues_folder/eigenres_formaldehyde_RNDbasis1.jld2

Compute the difference between computed and exact eigenvalues:
1×1200 adjoint(::Vector{Float64}) with eltype Float64:
 -2.27374e-12  -4.43379e-12  -3.86535e-12  -4.52104e-10  -2.6165e-10  -3.26651e-10  -5.91626e-10  -5.78353e-10  -2.52953e-12  -3.40022e-9  -3.69482e-13  -1.61293e-12  -3.67351e-12  -2.21405e-11  -1.13616e-11  -2.77005e-11  -2.34515e-11  -4.36984e-13  -2.77183e-11  -3.15339e-11  -1.31735e-11  -2.21405e-11  -8.78231e-12  -3.58291e-11  -3.55982e-12  -1.86827e-10  -7.29194e-12  -4.06892e-11  -1.75859e-12  -6.08349e-11  -9.30047e-11  -1.29852e-11  -2.04814e-11  -5.49853e-11  -8.87646e-12  -4.69065e-11  -2.63132e-11  -5.55431e-11  -1.29301e-11  -1.10294e-11  -1.96998e-11  -5.19629e-11  -1.09236e-10  -3.23073e-10  -2.91714e-10  -1.29537e-10  -2.68312e-10  -3.82302e-10  -5.43931e-10  -2.603e-10  -4.6156e-10  -7.86635e-10  -1.01485e-9  -1.12164e-9  -1.76501e-9  -8.93674e-10  -1.18298e-9  -2.08449e-9  -2.22226e-9  -3.35224e-9  -2.64175e-9  -5.42185e-9  -6.43482e-9  -3.83703e-9  -6.80002e-9  -6.87085e-9  -5.10852e-9  -1.12841e-8  -2.83254e-9  -1.55862e-8  -7.50851e-9  -1.25054e-8  -4.24109e-8  -2.93867e-8  -2.37309e-8  -4.69626e-8  -3.77557e-8  -3.29507e-8  -3.9992e-8  -6.15534e-8  -4.15164e-8  -6.31559e-8  -9.43367e-8  -2.34095e-7  -3.63034e-11  -7.01388e-8  -3.56502e-7  -1.9827e-11  -3.66796e-10  -1.15779e-10  -9.34515e-11  -1.56455e-10  -4.217e-10  -1.40138e-10  -1.97521e-10  -1.94877e-10  -2.96608e-10  -5.89607e-9  -1.46569e-8  -1.62371e-9  -1.24243e-8  -5.76385e-9  -1.38276e-8  -4.03877e-12  -2.166e-7  -6.29318e-8  -6.06874e-8  -2.94889e-7  -4.81457e-8  -2.2148e-7  -8.83219e-10  -4.51352e-10  -2.81316e-10  -7.32323e-10  -3.14744e-8  -5.01939e-9  -6.72411e-9  -8.4097e-9  -2.18273e-8  -4.53502e-8  -2.79825e-8  -1.65328e-7  -1.16333e-7  -2.92806e-7  -2.64943e-7  -4.75964e-7  -8.20846e-7  -9.5266e-7  -2.10218e-7  -3.90465e-7  -3.99455e-7  -4.32089e-7  -5.81427e-7  -6.93393e-7  -7.92387e-7  -7.2984e-7  -1.32275e-6  -7.0812e-7  -1.05465e-6  -8.82077e-7  -1.33285e-6  -1.10918e-6  -1.10649e-6  -1.19429e-6  -1.11231e-6  -1.46272e-6  -1.33209e-6  -1.30791e-6  -1.26875e-6  -9.86178e-7  -1.53838e-6  -9.26637e-7  -1.065e-6  -9.4463e-7  -1.36775e-6  -1.39428e-6  -1.89764e-6  -1.56844e-6  -1.22643e-6  -1.85893e-6  -1.60782e-6  -1.69431e-6  -1.65432e-6  -1.9276e-6  -2.01159e-6  1.2546e-10  -1.85968e-6  -1.71099e-6  -2.07528e-6  -1.83201e-6  -1.82584e-6  -1.87064e-6  -1.57844e-6  -1.88661e-6  -2.07168e-6  -2.16137e-6  -2.23442e-6  -3.69238e-10  -1.6567e-6  -2.29845e-6  1.84297e-12  -1.34775e-10  -1.17903e-6  -1.79016e-6  -1.18843e-6  -1.05492e-6  3.2883e-9  2.71721e-9  1.72268e-9  1.5812e-9  1.64905e-9  1.83427e-9  2.60286e-9  3.20834e-9  1.85732e-9  1.33495e-9  7.56745e-10  2.73389e-9  2.55792e-10  -1.10741e-9  5.62439e-11  -4.61704e-10  2.40105e-10  -2.3562e-9  2.46593e-9  -3.02142e-9  -4.03556e-9  8.50692e-11  -7.03147e-10  -1.25169e-9  -2.04009e-9  -7.94401e-9  -8.74544e-9  -4.22962e-9  -3.75527e-10  -4.06663e-10  -3.74953e-9  -8.94032e-11  -5.26736e-9  2.27086e-9  -4.15694e-9  -3.56427e-9  -1.13192e-9  -4.29398e-9  -1.23912e-9  -3.56027e-9  -2.75145e-9  -2.15887e-9  -2.1597e-9  -9.59762e-10  -2.12983e-9  -1.16396e-8  4.46648e-9  -2.31751e-8  -1.46607e-8  -2.75087e-8  -2.68424e-8  -7.88051e-9  -1.68172e-8  -2.95247e-8  -7.26364e-8  -4.18386e-8  -9.29095e-8  -1.25912e-7  -1.4787e-7  -1.10576e-7  -1.07609e-7  -1.52099e-7  -1.09959e-7  -1.8342e-7  -2.74392e-7  -1.98643e-7  -3.16936e-7  -9.86324e-7  -8.5353e-7  -4.48972e-7  -5.10235e-7  -9.72094e-7  -7.54351e-7  -6.05768e-7  -6.74646e-7  -2.45223e-6  -2.34053e-6  -3.54151e-6  -9.06454e-7  -1.50924e-6  -1.62821e-6  -2.52888e-6  -1.81909e-6  -4.71987e-6  -8.80685e-6  -6.25797e-6  -3.81261e-8  -3.93896e-6  -4.37823e-6  -7.03211e-8  -1.53505e-7  -1.36617e-7  -8.17024e-8  -1.85052e-7  -1.23911e-7  -1.50605e-7  -1.7813e-7  -1.42367e-7  -4.32126e-7  -3.24612e-7  -6.21563e-7  -4.27132e-7  -5.5371e-7  -5.21782e-7  -4.79185e-7  -4.42432e-7  -3.89837e-7  -5.13856e-7  -1.35199e-6  -4.22227e-7  -9.84913e-7  -7.14843e-7  -2.67359e-6  -1.64443e-6  -1.17937e-6  -1.69311e-6  -1.51664e-6  -2.12833e-6  -9.95149e-7  -2.25479e-6  -6.97034e-6  -2.83145e-6  -5.73199e-6  -5.13573e-6  -6.7303e-6  -1.79819e-5  -1.52134e-5  -7.30555e-6  -1.68924e-5  -8.34823e-6  -2.50429e-5  7.04777e-8  2.03271e-7  -1.75051e-5  -1.82402e-7  2.0237e-7  2.82501e-7  -3.37609e-5  9.75746e-7  8.55523e-7  8.57099e-6  4.42363e-6  6.18219e-6  3.63213e-6  1.37549e-6  1.4225e-6  1.40434e-6  2.78956e-6  1.63065e-6  1.81851e-6  2.46995e-6  8.72516e-7  1.60246e-6  1.11287e-6  3.62968e-7  1.87509e-6  9.62037e-7  9.97942e-7  1.06945e-6  1.48878e-6  3.86407e-7  8.54842e-7  1.08565e-6  9.82669e-7  3.35533e-7  6.02553e-7  5.82201e-7  4.29045e-7  -3.86435e-7  1.14939e-6  1.87542e-6  -2.25867e-7  -2.67903e-7  -2.81989e-7  -7.82757e-7  5.37947e-7  -3.00017e-7  8.6878e-7  -1.29565e-6  -5.42592e-7  -9.35507e-7  -3.21049e-7  -8.03646e-7  -1.00092e-6  -2.75428e-6  -2.93557e-6  -9.42379e-7  -2.22883e-6  -1.8243e-6  -1.56725e-6  -2.03949e-6  -2.36062e-6  -4.81963e-6  -1.7498e-6  -9.8241e-7  -2.9389e-6  -2.75557e-6  -2.0096e-6  -2.68058e-6  -2.12085e-6  -5.57386e-6  -1.55375e-6  -1.14124e-6  -4.9747e-6  -5.76872e-6  -3.1659e-6  -4.4079e-6  -5.95141e-6  -6.35581e-6  -3.56457e-6  -1.22906e-5  -3.82352e-6  -1.03416e-5  -7.7332e-6  -4.67004e-6  -7.28564e-6  -7.06162e-6  -1.62644e-5  -1.3767e-5  -1.52345e-5  -9.0541e-6  -1.25857e-5  -1.17923e-5  -1.08612e-5  -9.86367e-6  -1.00506e-5  -1.08886e-5  -1.09898e-5  -2.50797e-5  -3.21102e-5  -1.50588e-5  -3.04256e-5  -2.66987e-5  -3.47946e-5  -2.88195e-5  -2.39596e-5  8.4783e-6  2.62802e-6  1.82494e-6  1.56385e-6  1.39949e-6  1.21487e-6  1.22195e-6  5.36771e-7  1.62674e-6  -4.27652e-5  2.21473e-6  4.72017e-7  1.6257e-6  1.20042e-6  1.12341e-6  1.02311e-6  8.58583e-7  7.94579e-7  1.19562e-6  1.41006e-6  1.10739e-6  1.04813e-6  9.81597e-7  9.46381e-7  1.58113e-6  1.08809e-6  1.08939e-6  1.38978e-6  1.12673e-6  9.10843e-7  8.92039e-7  8.56364e-7  9.20109e-7  2.34108e-7  8.35493e-7  1.05654e-6  1.32088e-6  7.90291e-7  1.0968e-6  8.47656e-7  6.50012e-7  8.0253e-7  7.63403e-7  9.75016e-7  8.20209e-7  9.11689e-7  5.4914e-7  5.4459e-7  4.64904e-7  7.1856e-7  7.80633e-7  1.00557e-6  1.052e-7  4.70053e-7  -7.2938e-8  6.29261e-7  5.6911e-7  4.12565e-7  -3.41466e-9  1.42902e-6  1.12496e-6  5.37386e-8  -5.11319e-6  -1.69166e-5  -1.9495e-5  -9.36569e-6  -1.47069e-5  -1.56069e-5  -1.38128e-5  -1.18465e-5  -1.42689e-5  -2.09539e-5  -1.57633e-5  -3.516e-5  -2.78001e-5  -2.8476e-5  -2.03991e-5  -1.81451e-5  -1.87317e-5  -2.77979e-5  -1.84309e-5  -2.63072e-5  -2.69897e-5  -2.33652e-5  -2.48661e-5  -3.04928e-5  -3.83699e-5  -3.39065e-5  -1.85731e-5  -4.17418e-5  -3.25089e-5  -4.94114e-5  -3.69288e-5  -4.02718e-5  -4.72317e-5  -3.99419e-5  -3.51855e-5  -6.57043e-5  -9.23388e-5  -7.05453e-5  -3.43487e-5  -6.87893e-5  -6.27713e-5  -5.25428e-5  -4.79312e-5  -6.44974e-5  -6.47225e-5  -5.15314e-5  -6.65182e-5  -7.38043e-5  -4.46315e-5  -6.42168e-5  -7.97889e-5  -7.44004e-5  -7.67668e-5  -9.7379e-5  -5.55548e-5  -6.36451e-5  -0.000134307  -8.96964e-5  -6.94036e-5  -7.50516e-5  -0.000119099  -8.92473e-5  -0.000112409  -0.000110221  -0.00011665  -8.09502e-5  -0.000157176  -0.00013269  -8.63992e-5  -0.00010294  -0.000125282  -5.59405e-5  -6.42174e-5  -9.87264e-5  -0.000121261  -0.000126287  -0.000122506  -0.000173963  -0.000131972  -0.000126647  -0.000103657  -9.56231e-5  -9.11794e-5  -3.48198e-5  -3.10471e-5  -4.42712e-5  -4.23522e-5  -8.65408e-5  -8.45859e-6  -3.9205e-5  -6.28322e-5  -5.28531e-5  -2.56546e-6  -3.95949e-6  5.33919e-7  -5.76822e-5  2.06281e-5  4.4935e-5  1.63906e-5  1.59328e-5  3.52351e-6  -5.11441e-6  2.27524e-5  1.0738e-5  1.73643e-5  1.84331e-6  7.47691e-6  -9.77911e-6  -5.99276e-6  -1.46531e-6  -4.25761e-6  -9.11085e-6  -1.65645e-5  -1.95999e-5  -2.31507e-5  -2.19064e-5  -2.22937e-5  -2.38482e-5  -1.48303e-5  -1.82799e-5  -3.34533e-5  -3.2396e-5  -1.90267e-5  -2.37018e-5  -1.29397e-5  -5.17182e-5  -3.54938e-5  -2.36352e-5  -2.44474e-5  -4.3898e-5  -1.392e-5  -2.86517e-5  -3.67929e-5  -3.97845e-5  -5.02e-5  -7.57422e-5  -7.59219e-5  -4.94681e-5  -3.63561e-5  -4.79565e-5  -8.24841e-5  -5.84502e-5  -6.60701e-5  -5.41553e-5  -4.79969e-5  -6.39965e-5  -6.27576e-5  -2.72707e-5  -2.65821e-6  5.23273e-5  2.80881e-5  6.07855e-6  2.90324e-5  5.64279e-5  6.12361e-5  -4.21336e-7  7.91808e-5  5.40955e-5  7.20752e-5  6.31329e-5  6.10646e-5  5.06673e-5  4.17544e-5  4.92024e-5  3.51461e-5  2.54707e-5  3.05893e-5  3.55271e-5  3.46629e-5  3.66647e-5  2.94102e-5  1.53379e-5  3.15629e-5  2.99334e-5  1.51734e-5  4.61108e-5  2.63218e-5  2.4814e-5  2.17914e-5  1.63439e-5  2.20783e-5  2.17001e-5  9.594e-6  1.75491e-5  2.31092e-5  1.63751e-5  1.98217e-5  2.69409e-5  3.74419e-6  1.72769e-5  2.22277e-5  8.35888e-6  1.07958e-5  1.42747e-5  1.38753e-5  1.99493e-5  1.91905e-5  1.32433e-5  1.21752e-6  1.09279e-5  2.0643e-5  6.14453e-6  3.29001e-6  2.00747e-5  1.14861e-5  4.68144e-6  1.40612e-5  1.22452e-5  5.47339e-6  2.28261e-6  -9.22433e-7  5.72927e-6  5.08501e-6  6.97616e-6  1.02405e-5  1.11433e-5  3.97458e-6  -2.77998e-6  -3.0416e-6  -1.56332e-5  -3.68189e-6  -1.49e-6  -6.43365e-6  -5.46701e-6  -2.84102e-5  -5.25685e-7  -1.59086e-5  -1.30919e-5  -1.23484e-5  -4.6872e-5  -1.34935e-5  -2.15723e-5  -2.74454e-5  -5.00445e-5  -3.54304e-5  -4.58395e-5  -4.02475e-5  -5.27176e-5  -5.72717e-5  -5.0934e-5  -5.75373e-5  -7.52992e-5  -6.34298e-5  -6.67952e-5  -6.17198e-5  -6.21133e-5  -5.47412e-5  -6.42862e-5  -8.32264e-5  -5.70712e-5  -5.8331e-5  -5.66127e-5  -6.15539e-5  -8.20517e-5  -7.14479e-5  -6.96517e-5  -6.17849e-5  -8.59671e-5  -7.13508e-5  -6.97887e-5  -5.84762e-5  -5.75315e-5  -7.45429e-5  -8.52982e-5  -0.000119579  -0.000101424  -7.03528e-5  -7.01842e-5  -6.5809e-5  -6.74555e-5  -6.43009e-5  -4.81438e-5  -3.90665e-5  -4.54828e-5  -5.92924e-5  -6.30892e-5  -4.91672e-5  -4.83257e-5  -4.64529e-5  -6.33711e-5  -7.00455e-5  -7.19607e-5  -7.7253e-5  -8.39127e-5  -5.80896e-5  -5.58256e-5  -7.28403e-5  -7.83023e-5  -7.08511e-5  -6.51702e-5  -7.19822e-5  -6.98957e-5  -7.13645e-5  -7.48342e-5  -8.57613e-5  -9.15114e-5  -8.81123e-5  -8.72048e-5  -9.60244e-5  -7.6833e-5  -9.59973e-5  -9.2053e-5  -8.87793e-5  -0.000113057  -0.000119749  -0.000133672  -0.000131773  -0.000134969  -0.000150982  -0.000162039  -0.000162812  -0.000187475  -0.000184483  -0.000181771  -0.000181247  -0.000182812  -0.000206318  -0.000200067  -0.000199078  -0.000201893  -0.000208025  -0.000198774  -0.000206327  -0.000197348  -0.000193883  -0.000196315  -0.000203233  -0.000209404  -0.000212166  -0.000216038  -0.000210544  -0.000208591  -0.000213721  -0.000217881  -0.000217183  -0.000211997  -0.000210782  -0.000211804  -0.000201016  -0.000187054  -0.000194014  -0.000194881  -0.000187612  -0.000187762  -0.00018851  -0.000186335  -0.000189611  -0.00018505  -0.000190305  -0.000195293  -0.000195914  -0.00020037  -0.000187215  -0.000176199  -0.000168745  -0.000170153  -0.000177831  -0.000174809  -0.000173469  -0.00016485  -0.000166645  -0.000172372  -0.000169562  -0.000158183  -0.000158799  -0.000157716  -0.000158783  -0.00015809  -0.000151657  -0.000153549  -0.000145906  -0.000149249  -0.000148068  -0.000144645  -0.000147746  -0.000133191  -0.000119726  -0.000123111  -0.000122648  -0.000123195  -0.000122059  -0.000125976  -0.000120396  -0.000112694  -0.00012198  -0.000117113  -0.000120302  -0.000117562  -9.99962e-5  -0.00010233  -0.000100225  -9.24843e-5  -9.78266e-5  -9.48369e-5  -0.000100659  -9.74354e-5  -8.86731e-5  -8.23301e-5  -7.86633e-5  -8.70125e-5  -8.4708e-5  -8.1695e-5  -8.64205e-5  -8.75428e-5  -8.78269e-5  -8.98701e-5  -8.41198e-5  -8.33577e-5  -7.79146e-5  -7.80295e-5  -7.82876e-5  -7.73852e-5  -7.6739e-5  -7.46196e-5  -7.28616e-5  -7.2733e-5  -7.48914e-5  -7.22599e-5  -6.98556e-5  -7.38815e-5  -7.21389e-5  -7.00527e-5  -5.27578e-5  -6.12609e-5  -5.36969e-5  -4.79793e-5  -4.58082e-5  -5.04389e-5  -4.9689e-5  -5.19369e-5  -6.02423e-5  -6.0251e-5  -5.57147e-5  -5.59872e-5  -5.22317e-5  -5.4702e-5  -5.61472e-5  -5.3468e-5  -5.23597e-5  -4.80178e-5  -4.58654e-5  -4.22765e-5  -3.11455e-5  -3.13493e-5  -3.36216e-5  -2.90164e-5  -3.08809e-5  -3.05776e-5  -2.9242e-5  -2.72156e-5  -2.55847e-5  -2.51482e-5  -2.54609e-5  -2.84199e-5  -2.51676e-5  -2.44431e-5  -2.31728e-5  -1.9668e-5  -2.07274e-5  -2.3656e-5  -2.58271e-5  -2.59937e-5  -2.76453e-5  -3.01578e-5  -3.10886e-5  -2.64567e-5  -2.51152e-5  -2.55655e-5  -2.5947e-5  -2.76669e-5  -2.96729e-5  -3.31779e-5  -2.80318e-5  -2.45604e-5  -2.23489e-5  -2.37345e-5  -2.06935e-5  -1.72521e-5  -1.76971e-5  -1.73355e-5  -1.64377e-5  -1.61302e-5  -1.76978e-5  -1.74697e-5  -1.80335e-5  -1.76179e-5  -1.70945e-5  -1.66177e-5  -1.83375e-5  -1.33635e-5  -1.38915e-5  -1.5769e-5  -1.41935e-5  -1.7809e-5  -1.45442e-5  -1.24841e-5  -1.28381e-5  -1.11722e-5  -1.06424e-5  -1.48248e-5  -8.72769e-6  -6.90288e-6  -1.00783e-5  -1.1368e-5  -9.94559e-6  -1.09119e-5  -8.94773e-6  -8.06155e-6  -6.43522e-6  -4.99226e-6  -4.11801e-6  -7.12253e-7  -1.16909e-6  -7.20326e-7  -1.07611e-5  -6.94231e-6  -8.60533e-6  -7.13629e-6  -6.57233e-6  -7.73523e-6  -8.33313e-6  -1.02108e-5  -1.02804e-5  -8.91265e-6  -8.04605e-6  -1.02381e-5  -7.25221e-6  4.41223e-7  -1.03925e-6  1.22647e-6  -2.89744e-7  -2.93721e-6  -4.46431e-6  -1.79236e-6  -1.06913e-6  -4.57849e-6  -1.52734e-6  -7.34835e-7  -2.66505e-6  7.71551e-7  3.56008e-6  3.36876e-6  3.95193e-6  3.77338e-6  6.86479e-6  5.71995e-6  4.85349e-6  4.32238e-6  7.69753e-6  5.78556e-6  7.94961e-6  6.8021e-6  8.36163e-6  7.21169e-6  6.32664e-6  6.75182e-6  6.61934e-6  6.88299e-6  1.09026e-5  7.55768e-6  9.692e-6  9.37484e-6  1.01024e-5  9.86633e-6  1.14308e-5  1.38493e-5  1.4085e-5  1.38404e-5  1.31366e-5  1.26748e-5  1.57426e-5  1.67494e-5  1.76134e-5  1.71995e-5  2.05567e-5  2.02657e-5  2.0083e-5  2.17756e-5  2.03688e-5  2.21403e-5  2.12038e-5  2.18429e-5  2.49019e-5  2.02611e-5  2.15087e-5  2.4328e-5  2.44667e-5  2.65903e-5  3.03038e-5  3.06756e-5  3.02028e-5  2.81035e-5  2.84486e-5  3.05683e-5  3.06525e-5  3.0321e-5  2.86996e-5  2.9239e-5  2.81306e-5  3.02576e-5  2.88808e-5  2.7883e-5  2.68362e-5  2.82736e-5  2.59571e-5  2.88402e-5  2.88169e-5  2.32507e-5  2.30827e-5  2.0116e-5  2.16948e-5  2.1238e-5  1.65079e-5  1.76594e-5  1.75846e-5  1.71127e-5  1.70904e-5  1.41318e-5  1.24896e-5  1.17682e-5  1.02623e-5  8.1135e-6  1.15601e-5  1.16499e-5  9.19606e-6  8.09035e-6  4.64392e-6  4.43502e-6  5.96608e-6  3.88994e-6  4.51018e-6  6.2293e-6  3.42137e-7  -4.3255e-7  5.13934e-7  1.7604e-6  1.36497e-6  -6.59298e-7  -2.47372e-6  -5.66803e-6  -4.66769e-6  -5.83348e-6  -4.41155e-6  -5.9381e-6  -1.52229e-6  -4.18691e-6  -4.36558e-6  -4.43014e-6  -6.74202e-6  -8.89529e-6  -8.59985e-6  -7.72395e-6  -9.75207e-6  -8.9425e-6  -1.05078e-5  -1.20007e-5  -1.35376e-5  -1.21158e-5  -1.31313e-5  -1.37724e-5  -1.62956e-5  -1.66868e-5  -1.66103e-5  -1.82815e-5  -1.7946e-5  -1.85552e-5  -1.96274e-5  -1.95039e-5  -1.98066e-5  -2.13765e-5  -2.41947e-5  -2.51232e-5  -2.60915e-5  -2.58824e-5  -2.50785e-5  -2.62939e-5  -2.62512e-5  -2.59013e-5  -2.87279e-5  -2.99533e-5  -3.00287e-5  -3.23365e-5  -3.11262e-5  -3.56423e-5  -3.77409e-5  -3.7499e-5  -3.78739e-5  -4.06285e-5  -4.08017e-5  -4.01263e-5  -4.0343e-5  -4.18191e-5  -4.26963e-5  -4.28941e-5  -4.33561e-5  -4.32053e-5  -4.38157e-5  -4.49515e-5  -4.69982e-5  -4.68044e-5  -4.78918e-5  -4.89474e-5  -4.87607e-5  -4.88807e-5  -4.93418e-5  -4.82869e-5  -5.13102e-5  -5.21695e-5  -5.22087e-5  -5.46683e-5  -5.58971e-5  -5.4882e-5  -5.66516e-5  -5.78921e-5  -6.09254e-5  -6.01028e-5
1200 Eigenvalues converges, out of 1200 requested.
