
=== Running tests for molecule: formaldehyde ===
Starting Davidson with n_aux = 600, l_buffer = 78, lc = 60, thresh = 0.0005, max_iter = 100
Iter 1: V_size = 150, Converged = 0, ‖r‖ (largest λ) = 0.3215948301616369
Iter 2: V_size = 228, Converged = 5, ‖r‖ (largest λ) = 5.408519229347489e-5
Iter 3: V_size = 306, Converged = 55, ‖r‖ (largest λ) = 297.36474876461716
Iter 4: V_size = 379, Converged = 55, ‖r‖ (largest λ) = 270.62054626572115
Converged all required eigenvalues (cluster-aware). Iter = 5
 90.156122 seconds (683.50 k allocations: 30.858 GiB, 0.25% gc time)
Number of FLOPs: 3282199871567

Reading exact Eigenvalues...
Reading eigenvalues from ../MA_best/Eigenvalues_folder/eigenres_formaldehyde_RNDbasis1.jld2

Compute the difference between computed and exact eigenvalues:
1×60 adjoint(::Vector{Float64}) with eltype Float64:
 -4.77485e-12  -1.69393e-11  -1.19371e-11  1.7053e-13  -1.21898e-9  -1.48225e-9  1.13687e-13  -3.41061e-13  -9.42748e-11  -2.13163e-13  -1.06724e-11  -5.69642e-11  -1.33944e-10  -8.05699e-10  -3.78783e-10  -9.73124e-10  -7.94714e-10  -1.35572e-11  -9.60352e-10  -9.70314e-10  -4.18421e-10  -6.67409e-10  -2.79162e-10  -1.16343e-9  -1.28178e-10  -5.15737e-9  -1.36543e-10  -1.13746e-9  -6.22968e-11  -1.9852e-9  -2.49807e-9  -2.4394e-10  -3.55271e-15  -1.61736e-9  -2.90429e-10  -1.13958e-9  -5.59618e-10  -1.27363e-9  -5.33488e-10  -2.23187e-10  -3.17495e-10  -1.26791e-9  -1.96188e-9  -7.69046e-9  -6.0517e-9  -3.87006e-9  -5.60369e-9  -1.34258e-8  -1.45407e-8  -8.15878e-9  -1.49657e-8  -1.29983e-8  -3.58866e-8  -3.20803e-8  -3.36619e-8  -3.74389e-8  5.32907e-15  -2.52331e-12  -3.12816e-12  -2.94431e-12
60 Eigenvalues converges, out of 60 requested.
Starting Davidson with n_aux = 600, l_buffer = 390, lc = 301, thresh = 0.0005, max_iter = 100
Iter 1: V_size = 150, Converged = 0, ‖r‖ (largest λ) = 0.3215948301616369
Iter 2: V_size = 300, Converged = 8, ‖r‖ (largest λ) = 2.9291012219754313e-5
Iter 3: V_size = 450, Converged = 84, ‖r‖ (largest λ) = 334.94150112261195
Iter 4: V_size = 600, Converged = 104, ‖r‖ (largest λ) = 200.886033032888
Iter 5: V_size = 280, Converged = 125, ‖r‖ (largest λ) = 5.562459862791642e-6
Iter 6: V_size = 430, Converged = 126, ‖r‖ (largest λ) = 72.16830374487961
Iter 7: V_size = 580, Converged = 129, ‖r‖ (largest λ) = 24.24767276337005
Total MINRES iterations: 1653
Iter 8: V_size = 297, Converged = 136, ‖r‖ (largest λ) = 0.00045175523629400696
Total MINRES iterations: 2636
Iter 9: V_size = 447, Converged = 139, ‖r‖ (largest λ) = 53.90821655854486
Total MINRES iterations: 1356
Iter 10: V_size = 597, Converged = 217, ‖r‖ (largest λ) = 63.30903066266957
Total MINRES iterations: 2825
Iter 11: V_size = 222, Converged = 254, ‖r‖ (largest λ) = 0.0002794128719607987
Total MINRES iterations: 2625
Iter 12: V_size = 372, Converged = 260, ‖r‖ (largest λ) = 64.68005288686527
Total MINRES iterations: 2179
Iter 13: V_size = 508, Converged = 295, ‖r‖ (largest λ) = 20.005768397940283
Converged all required eigenvalues (cluster-aware). Iter = 14
2580.436261 seconds (12.04 M allocations: 506.023 GiB, 0.11% gc time, 0.02% compilation time)
Number of FLOPs: 52987070545139

Reading exact Eigenvalues...
Reading eigenvalues from ../MA_best/Eigenvalues_folder/eigenres_formaldehyde_RNDbasis1.jld2

Compute the difference between computed and exact eigenvalues:
1×300 adjoint(::Vector{Float64}) with eltype Float64:
 -2.27374e-12  -4.43379e-12  -3.86535e-12  -4.52104e-10  -2.6165e-10  -3.26651e-10  -5.91626e-10  -5.78353e-10  -2.50111e-12  9.9476e-14  -3.12639e-13  -1.7053e-12  -3.71614e-12  -2.26095e-11  -1.08855e-11  -2.81375e-11  -2.38387e-11  -4.61853e-13  -2.8141e-11  -3.20703e-11  -1.34257e-11  -2.24993e-11  -8.82139e-12  -3.67137e-11  -3.48521e-12  -1.89495e-10  -7.68452e-12  -4.13127e-11  -1.81011e-12  -6.12239e-11  -9.35536e-11  -1.4202e-11  -2.06679e-11  -5.51399e-11  -8.7983e-12  -4.7045e-11  -2.74731e-11  -5.58273e-11  -1.26672e-11  -1.11164e-11  -2.00764e-11  -5.20624e-11  -1.09371e-10  -3.22723e-10  -2.9154e-10  -1.32257e-10  -2.75047e-10  -3.81688e-10  -5.4477e-10  -2.6121e-10  -4.78444e-10  -7.88456e-10  -1.03483e-9  -1.13386e-9  -1.75208e-9  -8.80124e-10  -1.15628e-9  -2.07733e-9  -2.22116e-9  -3.35229e-9  -2.75308e-9  -5.41732e-9  -6.44161e-9  -3.82853e-9  -7.38902e-9  -6.70481e-9  -5.33511e-9  -1.22731e-8  -2.85243e-9  -1.63679e-8  -7.49803e-9  -1.27121e-8  -4.26471e-8  -2.97933e-8  -2.39393e-8  -4.68237e-8  -3.75734e-8  -3.51634e-8  -4.0001e-8  -6.16552e-8  -4.0975e-8  -6.31572e-8  -9.60646e-8  -7.11609e-12  -3.49494e-11  -7.28024e-8  -1.2631e-11  -2.60545e-11  -3.30047e-10  -9.77709e-11  -9.53384e-11  -1.78366e-10  -3.84042e-10  -1.20053e-10  -1.66722e-10  -1.99872e-10  -2.5008e-10  -2.20824e-9  -3.88556e-9  -3.84428e-10  -1.20074e-8  -4.86944e-13  -1.0197e-8  -2.35984e-8  -2.2411e-11  -4.05985e-8  -6.69798e-12  -2.45799e-11  -5.62195e-12  -2.09999e-11  -8.1431e-10  -4.40698e-10  -7.41769e-10  -1.95986e-9  -2.98915e-8  -9.74452e-9  -2.67171e-9  -9.47302e-9  -1.14978e-8  -6.82955e-8  -5.38251e-8  -1.63612e-7  -1.94202e-7  -1.8434e-7  -2.04345e-7  -7.8583e-8  -1.05994e-7  -1.4816e-7  -9.82174e-8  -2.37902e-7  -1.28742e-7  -1.93267e-7  -2.71636e-7  -3.02961e-7  -2.18032e-7  -1.63821e-7  -1.03979e-7  -3.0879e-7  -1.59395e-12  -1.26173e-7  -1.87911e-7  -3.29725e-12  2.59703e-12  4.59133e-12  -3.80029e-13  -1.6155e-7  -2.46218e-7  -4.90885e-12  -1.18183e-12  -1.6589e-12  -3.86435e-12  -1.04485e-7  8.28337e-12  -2.08289e-7  8.75511e-12  -1.50937e-7  -1.07018e-11  -2.52437e-7  -2.88779e-7  -3.67992e-7  -3.3445e-7  -2.94635e-7  1.28747e-12  -1.06164e-11  -3.06758e-7  -3.45202e-10  -4.18882e-7  -4.9141e-10  -4.18617e-7  -1.39079e-11  -3.13027e-13  -4.67728e-7  -3.50041e-7  -4.71274e-7  -4.39713e-7  -4.88533e-7  -5.66573e-10  1.21821e-10  -5.84062e-7  -2.68974e-9  -2.23521e-9  -2.88917e-9  -2.00707e-9  -7.34504e-9  -7.81654e-9  -3.82805e-9  -4.44807e-9  -8.21448e-9  -1.36787e-9  -6.9745e-9  -1.02112e-8  -8.12836e-9  -1.05444e-8  -1.17686e-8  -7.94887e-9  -1.79352e-8  -1.42795e-8  -2.60999e-8  -1.18338e-8  -1.84473e-8  -1.40529e-8  -1.07043e-8  -4.43428e-8  -4.41566e-8  -3.02625e-8  -9.92224e-8  -6.1215e-8  -5.17649e-8  -5.32991e-8  -1.13106e-7  -1.95575e-8  -7.21462e-9  -3.53356e-8  -5.13583e-8  -1.66389e-7  -7.75873e-8  -6.7778e-8  -3.34518e-8  -2.99988e-8  -1.06176e-7  -9.29892e-8  -6.35433e-8  -1.64229e-7  -8.76888e-8  -1.0504e-7  -1.69588e-7  -3.47482e-7  -2.04204e-7  -2.71943e-7  -4.49193e-7  -8.07031e-7  -1.54302e-8  -5.9188e-7  -1.13827e-6  -4.48925e-8  -2.63196e-8  -2.31997e-8  -3.14018e-8  -7.6246e-7  -1.5479e-7  -5.97473e-8  -1.61612e-7  -3.21068e-7  -1.73569e-7  -2.22489e-7  -1.12963e-7  -3.47524e-7  -5.07696e-7  -6.26975e-7  -3.6335e-7  -4.89134e-7  -1.02035e-6  -1.08328e-6  -2.16417e-8  -1.68955e-6  4.71518e-9  8.87376e-9  -1.39509e-8  4.15015e-9  4.49425e-9  3.95875e-9  3.13353e-9  -4.63579e-8  -8.40941e-8  5.04683e-9  4.13521e-9  2.63972e-9  6.09289e-9  -1.42507e-7  4.73385e-9  7.13131e-9  4.18636e-9  3.95648e-9  -2.47183e-7  6.17505e-9  5.44813e-9  4.96542e-9  1.06739e-8  5.16573e-9  3.40076e-9  1.04957e-8  8.34918e-9  1.04243e-8  1.12337e-8  1.21983e-8  6.94753e-9  9.35061e-8  -1.03006e-8  1.87307e-8  -8.10777e-9  1.86733e-8  -2.20601e-8  2.58104e-8  8.75012e-9  -1.02904e-8  3.25488e-8  8.25802e-8  2.98997e-8  7.60238e-8  2.9704e-8
300 Eigenvalues converges, out of 300 requested.
Starting Davidson with n_aux = 600, l_buffer = 780, lc = 603, thresh = 0.0005, max_iter = 100
Iter 1: V_size = 150, Converged = 0, ‖r‖ (largest λ) = 0.3215948301616369
Iter 2: V_size = 300, Converged = 8, ‖r‖ (largest λ) = 2.9291012219754313e-5
Iter 3: V_size = 450, Converged = 84, ‖r‖ (largest λ) = 334.94150112261195
Iter 4: V_size = 600, Converged = 104, ‖r‖ (largest λ) = 200.886033032888
Iter 5: V_size = 280, Converged = 125, ‖r‖ (largest λ) = 5.562459862791642e-6
Iter 6: V_size = 430, Converged = 126, ‖r‖ (largest λ) = 72.16830374487961
Iter 7: V_size = 580, Converged = 129, ‖r‖ (largest λ) = 24.24767276337005
Total MINRES iterations: 1653
Iter 8: V_size = 297, Converged = 136, ‖r‖ (largest λ) = 0.00045175523629400696
Total MINRES iterations: 2636
Iter 9: V_size = 447, Converged = 139, ‖r‖ (largest λ) = 53.90821655854486
Total MINRES iterations: 1356
Iter 10: V_size = 597, Converged = 217, ‖r‖ (largest λ) = 63.30903066266957
Total MINRES iterations: 2825
Iter 11: V_size = 222, Converged = 254, ‖r‖ (largest λ) = 0.0002794128719607987
Total MINRES iterations: 2968
Iter 12: V_size = 372, Converged = 260, ‖r‖ (largest λ) = 64.68005288686527
Total MINRES iterations: 1712
Iter 13: V_size = 522, Converged = 331, ‖r‖ (largest λ) = 19.093504532509836
Total MINRES iterations: 1925
Iter 14: V_size = 229, Converged = 404, ‖r‖ (largest λ) = 6.920793139968394e-5
Total MINRES iterations: 2997
Iter 15: V_size = 379, Converged = 404, ‖r‖ (largest λ) = 140.7945854410162
Total MINRES iterations: 2050
Iter 16: V_size = 529, Converged = 471, ‖r‖ (largest λ) = 0.0001937934358199489
Total MINRES iterations: 1675
Iter 17: V_size = 233, Converged = 554, ‖r‖ (largest λ) = 0.00014932891893497678
Total MINRES iterations: 2871
Iter 18: V_size = 383, Converged = 554, ‖r‖ (largest λ) = 77.71939151809428
Converged all required eigenvalues (cluster-aware). Iter = 19
7879.808956 seconds (27.34 M allocations: 1.175 TiB, 0.16% gc time)
Number of FLOPs: 93065057262112

Reading exact Eigenvalues...
Reading eigenvalues from ../MA_best/Eigenvalues_folder/eigenres_formaldehyde_RNDbasis1.jld2

Compute the difference between computed and exact eigenvalues:
1×600 adjoint(::Vector{Float64}) with eltype Float64:
 -2.27374e-12  -4.43379e-12  -3.86535e-12  -4.52104e-10  -2.6165e-10  -3.26651e-10  -5.91626e-10  -5.78353e-10  -2.50111e-12  9.9476e-14  -3.12639e-13  -1.7053e-12  -3.71614e-12  -2.26095e-11  -1.08855e-11  -2.81375e-11  -2.38387e-11  -4.61853e-13  -2.8141e-11  -3.20703e-11  -1.34257e-11  -2.24993e-11  -8.82139e-12  -3.67137e-11  -3.48521e-12  -1.89495e-10  -7.68452e-12  -4.13127e-11  -1.81011e-12  -6.12239e-11  -9.35536e-11  -1.4202e-11  -2.06679e-11  -5.51399e-11  -8.7983e-12  -4.7045e-11  -2.74731e-11  -5.58273e-11  -1.26672e-11  -1.11164e-11  -2.00764e-11  -5.20624e-11  -1.09371e-10  -3.22723e-10  -2.9154e-10  -1.32257e-10  -2.75047e-10  -3.81688e-10  -5.4477e-10  -2.6121e-10  -4.78444e-10  -7.88456e-10  -1.03483e-9  -1.13386e-9  -1.75208e-9  -8.80124e-10  -1.15628e-9  -2.07733e-9  -2.22116e-9  -3.35229e-9  -2.75308e-9  -5.41732e-9  -6.44161e-9  -3.82853e-9  -7.38902e-9  -6.70481e-9  -5.33511e-9  -1.22731e-8  -2.85243e-9  -1.63679e-8  -7.49803e-9  -1.27121e-8  -4.26471e-8  -2.97933e-8  -2.39393e-8  -4.68237e-8  -3.75734e-8  -3.51634e-8  -4.0001e-8  -6.16552e-8  -4.0975e-8  -6.31572e-8  -9.60646e-8  -7.11609e-12  -3.49494e-11  -7.28024e-8  -1.2631e-11  -2.60545e-11  -3.30047e-10  -9.77709e-11  -9.53384e-11  -1.78366e-10  -3.84042e-10  -1.20053e-10  -1.66722e-10  -1.99872e-10  -2.5008e-10  -2.20824e-9  -3.88556e-9  -3.84428e-10  -1.20074e-8  -4.86944e-13  -1.0197e-8  -2.35984e-8  -2.2411e-11  -4.05985e-8  -6.69798e-12  -2.45799e-11  -5.62195e-12  -2.09999e-11  -8.1431e-10  -4.40698e-10  -7.41769e-10  -1.95986e-9  -2.98915e-8  -9.74452e-9  -2.67171e-9  -9.47302e-9  -1.14978e-8  -6.82955e-8  -5.38251e-8  -1.63612e-7  -1.94202e-7  -1.8434e-7  -2.04345e-7  -7.8583e-8  -1.05994e-7  -1.4816e-7  -9.82174e-8  -2.37902e-7  -1.28742e-7  -1.93267e-7  -2.71636e-7  -3.02961e-7  -2.18032e-7  -1.63821e-7  -1.03979e-7  -3.0879e-7  -1.59395e-12  -1.26173e-7  -1.87911e-7  -3.29725e-12  2.59703e-12  4.59133e-12  -3.80029e-13  -1.6155e-7  -2.46218e-7  -4.90885e-12  -1.18183e-12  -1.6589e-12  -3.86435e-12  -1.04485e-7  8.28337e-12  -2.08289e-7  8.75511e-12  -1.50937e-7  -1.07018e-11  -2.52437e-7  -2.88779e-7  -3.67992e-7  -3.3445e-7  -2.94635e-7  1.28747e-12  -1.06164e-11  -3.06758e-7  -3.45202e-10  -4.18882e-7  -4.9141e-10  -4.18617e-7  -1.39079e-11  -3.13027e-13  -4.67728e-7  -3.50041e-7  -4.71274e-7  -4.39713e-7  -4.88533e-7  -5.66573e-10  1.21821e-10  -5.84062e-7  -2.68974e-9  -2.23521e-9  -2.88917e-9  -2.00707e-9  -7.34504e-9  -7.81654e-9  -3.82805e-9  -4.44807e-9  -8.21448e-9  -1.36787e-9  -6.9745e-9  -1.02112e-8  -8.12836e-9  -1.05444e-8  -1.17686e-8  -7.94887e-9  -1.79352e-8  -1.42795e-8  -2.60999e-8  -1.18338e-8  -1.84473e-8  -1.40529e-8  -1.07043e-8  -4.43428e-8  -4.41566e-8  -3.02625e-8  -9.92224e-8  -6.1215e-8  -5.17649e-8  -5.32991e-8  -1.13106e-7  -1.95575e-8  -7.21462e-9  -3.53356e-8  -5.13583e-8  -1.66389e-7  -7.75873e-8  -6.7778e-8  -3.34518e-8  -2.99988e-8  -1.06176e-7  -9.29892e-8  -6.35433e-8  -1.64229e-7  -8.76888e-8  -1.0504e-7  -1.69588e-7  -3.47482e-7  -2.04204e-7  -2.71943e-7  -4.49193e-7  -8.07031e-7  -1.54302e-8  -5.9188e-7  -1.13827e-6  -4.48925e-8  -2.63196e-8  -2.31997e-8  -3.14018e-8  -7.6246e-7  -1.5479e-7  -5.97473e-8  -1.61612e-7  -3.21068e-7  -1.73569e-7  -2.22489e-7  -1.12963e-7  -3.47524e-7  -5.07696e-7  -6.26975e-7  -3.6335e-7  -4.89134e-7  -1.02035e-6  -1.08328e-6  -2.16417e-8  -1.68955e-6  4.71309e-9  8.93278e-9  -1.39509e-8  4.3474e-9  4.50441e-9  3.90973e-9  3.1529e-9  -4.63579e-8  -8.40941e-8  5.08655e-9  4.14437e-9  2.71828e-9  6.22851e-9  -1.42507e-7  4.81466e-9  7.19821e-9  4.22314e-9  4.13201e-9  -2.47183e-7  6.20064e-9  5.50448e-9  5.01261e-9  1.06488e-8  5.22779e-9  3.49445e-9  1.05569e-8  8.64627e-9  1.05509e-8  1.14378e-8  1.3354e-8  7.28038e-9  1.00134e-7  1.08943e-9  2.12127e-8  -3.74996e-9  2.57502e-8  -1.67469e-8  3.2569e-8  1.46755e-8  -4.49456e-10  5.29496e-9  3.45716e-8  -3.22636e-8  -6.5347e-8  -2.04153e-8  -1.24373e-7  -3.4102e-8  -6.89925e-8  -1.00209e-7  -5.46829e-8  -1.30748e-7  -9.6027e-8  -1.62166e-7  -2.11692e-7  -9.5528e-8  -1.36428e-7  -2.58858e-7  -1.13861e-6  -1.13453e-6  -6.14571e-7  -7.44053e-7  -9.89635e-7  -1.38053e-6  -1.82226e-6  -1.67209e-6  -1.249e-6  -1.3794e-6  -7.94064e-7  -1.82593e-6  -7.39733e-7  -1.20756e-6  -1.42092e-6  -1.34683e-6  -2.60832e-6  -1.9893e-6  6.3617e-8  4.4192e-8  -2.70741e-6  1.4148e-7  9.18112e-8  -3.24322e-6  4.02072e-8  -2.91848e-6  -3.29761e-6  -6.26669e-10  -2.56736e-6  -2.68302e-8  3.77507e-8  7.59533e-8  -6.87542e-9  -3.70889e-6  -3.01498e-8  -1.7482e-8  -7.50886e-8  -3.18033e-8  -4.18145e-8  -8.06008e-9  -4.22021e-8  -4.95624e-8  -1.82151e-7  -4.23808e-8  -7.07243e-8  -2.81439e-8  -8.12038e-8  -1.03436e-7  -1.33383e-7  1.32287e-8  -2.20687e-7  -1.37706e-7  -3.9935e-7  -2.60564e-8  -6.24335e-7  -5.38704e-7  -3.88669e-7  -2.07897e-6  -8.87697e-7  -5.24589e-6  -1.55989e-6  -1.00447e-6  -2.29243e-6  -9.09516e-7  -1.00141e-6  -1.29355e-6  -1.27732e-6  -1.39126e-6  -2.02613e-6  -1.95397e-6  -1.73089e-6  -1.03687e-6  -8.74589e-7  -1.23226e-6  -4.08635e-6  -1.20906e-6  -2.10563e-6  -4.32648e-6  -2.97136e-6  -6.31925e-6  -2.72949e-6  -4.81563e-6  -2.82201e-6  -3.37428e-6  -3.40404e-6  -5.25911e-6  -8.67031e-6  -4.15617e-6  -8.75448e-6  -9.88835e-6  -9.52214e-6  -8.63219e-6  4.1018e-6  3.84517e-6  2.36935e-6  2.4347e-6  4.88653e-6  1.61758e-6  7.76419e-7  2.22121e-6  1.07764e-6  -1.62674e-8  -6.27417e-7  -4.97951e-7  6.47877e-8  1.30616e-6  3.91046e-8  1.93353e-8  2.98856e-7  -5.54211e-7  2.04877e-7  -2.65257e-7  -7.3704e-7  8.96565e-8  1.75987e-8  -7.32303e-7  -4.32423e-7  -1.1995e-6  -3.30007e-7  -6.7718e-7  -2.2034e-6  -1.63652e-6  -2.68858e-6  -1.29373e-6  -1.65706e-6  -1.48423e-6  -1.35166e-6  -3.15977e-6  -3.39389e-6  -2.55714e-6  -2.23167e-6  -3.61762e-6  -4.11541e-6  -3.44921e-6  -1.02684e-5  -3.56434e-6  -5.97915e-6  -5.77359e-6  -4.47757e-6  -3.41809e-6  -5.66407e-6  -6.23688e-6  -5.66965e-6  -8.95674e-6  -6.40264e-6  -9.06072e-6  -7.8429e-6  -9.0894e-6  -7.87784e-6  3.50254e-7  -8.82408e-6  -5.34775e-6  3.92169e-7  -1.15867e-5  -1.14326e-5  -1.10037e-5  8.44864e-7  5.52004e-7  2.28928e-7  3.89306e-7  4.23069e-7  -1.42176e-5  -2.34843e-7  -1.33807e-5  -1.27511e-5  -1.22206e-5  2.5155e-7  -1.3286e-5  2.63801e-7  6.91514e-7  -2.93727e-7  -1.2648e-7  -3.41979e-7  -3.5658e-7  -8.22437e-7  -3.61965e-7  -5.68298e-7  -5.47563e-7  -4.17261e-7  -1.40513e-6  -1.07713e-6  -1.39508e-6  -1.69279e-6  -1.26588e-6  -1.53351e-6  -1.71346e-6  -1.02226e-6  -3.74176e-6  -1.95157e-6  -1.86072e-6  -3.11097e-6  -8.80606e-7  -1.88928e-6  -2.75482e-6  -1.93981e-6  -1.18973e-6  -3.00002e-6  -3.49187e-6  -7.16037e-6  -4.83927e-6  -3.49281e-6  -3.33864e-6  -3.20425e-6  -3.68904e-6  -3.83611e-6  -2.77224e-6  -3.73501e-6  -4.62041e-6  -6.06196e-6  -3.61186e-6  -4.8282e-6  -6.59429e-6  -4.92448e-6  -5.4935e-6  -9.54599e-6  -1.20215e-5  -7.03305e-6  -7.07331e-6  -9.00489e-6  -1.50852e-5  -1.52701e-5  -9.91351e-6  -1.11066e-5  -6.49171e-6  -1.20836e-5  -1.19378e-5  -8.63575e-6  -1.80667e-5  -2.12542e-5  -1.83116e-5  -9.89537e-6  -1.70437e-5  -3.03754e-5  -1.36845e-5  -3.31554e-5  -2.24705e-5  -1.86595e-5  -4.19914e-5  -3.79355e-5  -5.50208e-5  -1.8257e-5  -1.9383e-5  -1.99679e-5  5.91794e-5  1.62566e-5  6.88273e-6  8.19943e-6  1.5539e-5  1.84445e-5  9.9915e-6  1.81573e-5  1.02356e-5  1.14128e-5  1.27981e-5  6.74616e-6  1.27615e-5  9.3955e-6  1.01577e-6  6.43608e-6  1.44385e-5  3.84455e-6  3.55051e-6  3.36555e-6  1.31172e-6  1.21798e-5  2.35265e-6  4.59974e-6  2.08904e-6  4.53669e-6  4.52535e-6  2.26569e-6  1.13876e-6  1.62158e-6  4.04877e-6  3.06217e-6  2.41073e-6  -1.47847e-7  3.26759e-6  -1.0543e-6  -9.53548e-9  -2.29188e-6  -1.55918e-6  -3.40219e-6  -6.25875e-7  -4.05523e-6  -5.35502e-7  -2.12668e-6  -3.23802e-6
600 Eigenvalues converges, out of 600 requested.
Starting Davidson with n_aux = 600, l_buffer = 1560, lc = 1206, thresh = 0.0005, max_iter = 100
Iter 1: V_size = 150, Converged = 0, ‖r‖ (largest λ) = 0.3215948301616369
Iter 2: V_size = 300, Converged = 8, ‖r‖ (largest λ) = 2.9291012219754313e-5
Iter 3: V_size = 450, Converged = 84, ‖r‖ (largest λ) = 334.94150112261195
Iter 4: V_size = 600, Converged = 104, ‖r‖ (largest λ) = 200.886033032888
Iter 5: V_size = 280, Converged = 125, ‖r‖ (largest λ) = 5.562459862791642e-6
Iter 6: V_size = 430, Converged = 126, ‖r‖ (largest λ) = 72.16830374487961
Iter 7: V_size = 580, Converged = 129, ‖r‖ (largest λ) = 24.24767276337005
Total MINRES iterations: 1653
Iter 8: V_size = 297, Converged = 136, ‖r‖ (largest λ) = 0.00045175523629400696
Total MINRES iterations: 2636
Iter 9: V_size = 447, Converged = 139, ‖r‖ (largest λ) = 53.90821655854486
Total MINRES iterations: 1356
Iter 10: V_size = 597, Converged = 217, ‖r‖ (largest λ) = 63.30903066266957
Total MINRES iterations: 2825
Iter 11: V_size = 222, Converged = 254, ‖r‖ (largest λ) = 0.0002794128719607987
Total MINRES iterations: 2968
Iter 12: V_size = 372, Converged = 260, ‖r‖ (largest λ) = 64.68005288686527
Total MINRES iterations: 1712
Iter 13: V_size = 522, Converged = 331, ‖r‖ (largest λ) = 19.093504532509836
Total MINRES iterations: 1925
Iter 14: V_size = 229, Converged = 404, ‖r‖ (largest λ) = 6.920793139968394e-5
Total MINRES iterations: 2997
Iter 15: V_size = 379, Converged = 404, ‖r‖ (largest λ) = 140.7945854410162
Total MINRES iterations: 2050
Iter 16: V_size = 529, Converged = 471, ‖r‖ (largest λ) = 0.0001937934358199489
Total MINRES iterations: 1675
Iter 17: V_size = 233, Converged = 554, ‖r‖ (largest λ) = 0.00014932891893497678
Total MINRES iterations: 2871
Iter 18: V_size = 383, Converged = 554, ‖r‖ (largest λ) = 77.71939151809428
Total MINRES iterations: 1350
Iter 19: V_size = 533, Converged = 649, ‖r‖ (largest λ) = 0.00020576643147570789
Total MINRES iterations: 1858
Iter 20: V_size = 683, Converged = 690, ‖r‖ (largest λ) = 105.50483898060966
Total MINRES iterations: 2625
Iter 21: V_size = 259, Converged = 735, ‖r‖ (largest λ) = 0.0001622639975619827
Total MINRES iterations: 3003
Iter 22: V_size = 409, Converged = 737, ‖r‖ (largest λ) = 84.02294241591852
Total MINRES iterations: 5
Iter 23: V_size = 559, Converged = 885, ‖r‖ (largest λ) = 23.31827422705485
Total MINRES iterations: 2766
Iter 24: V_size = 709, Converged = 885, ‖r‖ (largest λ) = 130.7893138966954
Total MINRES iterations: 150
Iter 25: V_size = 300, Converged = 1026, ‖r‖ (largest λ) = 0.0002668433694167411
Total MINRES iterations: 2767
Iter 26: V_size = 450, Converged = 1026, ‖r‖ (largest λ) = 120.89428727867018
Iter 27: V_size = 600, Converged = 1176, ‖r‖ (largest λ) = 0.0003284020712318587
Warning: V is empty, rebuilding from A columns.
Converged all required eigenvalues (cluster-aware). Iter = 28
18056.068689 seconds (80.40 M allocations: 3.533 TiB, 0.23% gc time)
Number of FLOPs: 147602237683481

Reading exact Eigenvalues...
Reading eigenvalues from ../MA_best/Eigenvalues_folder/eigenres_formaldehyde_RNDbasis1.jld2

Compute the difference between computed and exact eigenvalues:
1×1200 adjoint(::Vector{Float64}) with eltype Float64:
 -2.27374e-12  -4.43379e-12  -3.86535e-12  -4.52104e-10  -2.6165e-10  -3.26651e-10  -5.91626e-10  -5.78353e-10  -2.50111e-12  9.9476e-14  -3.12639e-13  -1.7053e-12  -3.71614e-12  -2.26095e-11  -1.08855e-11  -2.81375e-11  -2.38387e-11  -4.61853e-13  -2.8141e-11  -3.20703e-11  -1.34257e-11  -2.24993e-11  -8.82139e-12  -3.67137e-11  -3.48521e-12  -1.89495e-10  -7.68452e-12  -4.13127e-11  -1.81011e-12  -6.12239e-11  -9.35536e-11  -1.4202e-11  -2.06679e-11  -5.51399e-11  -8.7983e-12  -4.7045e-11  -2.74731e-11  -5.58273e-11  -1.26672e-11  -1.11164e-11  -2.00764e-11  -5.20624e-11  -1.09371e-10  -3.22723e-10  -2.9154e-10  -1.32257e-10  -2.75047e-10  -3.81688e-10  -5.4477e-10  -2.6121e-10  -4.78444e-10  -7.88456e-10  -1.03483e-9  -1.13386e-9  -1.75208e-9  -8.80124e-10  -1.15628e-9  -2.07733e-9  -2.22116e-9  -3.35229e-9  -2.75308e-9  -5.41732e-9  -6.44161e-9  -3.82853e-9  -7.38902e-9  -6.70481e-9  -5.33511e-9  -1.22731e-8  -2.85243e-9  -1.63679e-8  -7.49803e-9  -1.27121e-8  -4.26471e-8  -2.97933e-8  -2.39393e-8  -4.68237e-8  -3.75734e-8  -3.51634e-8  -4.0001e-8  -6.16552e-8  -4.0975e-8  -6.31572e-8  -9.60646e-8  -7.11609e-12  -3.49494e-11  -7.28024e-8  -1.2631e-11  -2.60545e-11  -3.30047e-10  -9.77709e-11  -9.53384e-11  -1.78366e-10  -3.84042e-10  -1.20053e-10  -1.66722e-10  -1.99872e-10  -2.5008e-10  -2.20824e-9  -3.88556e-9  -3.84428e-10  -1.20074e-8  -4.86944e-13  -1.0197e-8  -2.35984e-8  -2.2411e-11  -4.05985e-8  -6.69798e-12  -2.45799e-11  -5.62195e-12  -2.09999e-11  -8.1431e-10  -4.40698e-10  -7.41769e-10  -1.95986e-9  -2.98915e-8  -9.74452e-9  -2.67171e-9  -9.47302e-9  -1.14978e-8  -6.82955e-8  -5.38251e-8  -1.63612e-7  -1.94202e-7  -1.8434e-7  -2.04345e-7  -7.8583e-8  -1.05994e-7  -1.4816e-7  -9.82174e-8  -2.37902e-7  -1.28742e-7  -1.93267e-7  -2.71636e-7  -3.02961e-7  -2.18032e-7  -1.63821e-7  -1.03979e-7  -3.0879e-7  -1.59395e-12  -1.26173e-7  -1.87911e-7  -3.29725e-12  2.59703e-12  4.59133e-12  -3.80029e-13  -1.6155e-7  -2.46218e-7  -4.90885e-12  -1.18183e-12  -1.6589e-12  -3.86435e-12  -1.04485e-7  8.28337e-12  -2.08289e-7  8.75511e-12  -1.50937e-7  -1.07018e-11  -2.52437e-7  -2.88779e-7  -3.67992e-7  -3.3445e-7  -2.94635e-7  1.28747e-12  -1.06164e-11  -3.06758e-7  -3.45202e-10  -4.18882e-7  -4.9141e-10  -4.18617e-7  -1.39079e-11  -3.13027e-13  -4.67728e-7  -3.50041e-7  -4.71274e-7  -4.39713e-7  -4.88533e-7  -5.66573e-10  1.21821e-10  -5.84062e-7  -2.68974e-9  -2.23521e-9  -2.88917e-9  -2.00707e-9  -7.34504e-9  -7.81654e-9  -3.82805e-9  -4.44807e-9  -8.21448e-9  -1.36787e-9  -6.9745e-9  -1.02112e-8  -8.12836e-9  -1.05444e-8  -1.17686e-8  -7.94887e-9  -1.79352e-8  -1.42795e-8  -2.60999e-8  -1.18338e-8  -1.84473e-8  -1.40529e-8  -1.07043e-8  -4.43428e-8  -4.41566e-8  -3.02625e-8  -9.92224e-8  -6.1215e-8  -5.17649e-8  -5.32991e-8  -1.13106e-7  -1.95575e-8  -7.21462e-9  -3.53356e-8  -5.13583e-8  -1.66389e-7  -7.75873e-8  -6.7778e-8  -3.34518e-8  -2.99988e-8  -1.06176e-7  -9.29892e-8  -6.35433e-8  -1.64229e-7  -8.76888e-8  -1.0504e-7  -1.69588e-7  -3.47482e-7  -2.04204e-7  -2.71943e-7  -4.49193e-7  -8.07031e-7  -1.54302e-8  -5.9188e-7  -1.13827e-6  -4.48925e-8  -2.63196e-8  -2.31997e-8  -3.14018e-8  -7.6246e-7  -1.5479e-7  -5.97473e-8  -1.61612e-7  -3.21068e-7  -1.73569e-7  -2.22489e-7  -1.12963e-7  -3.47524e-7  -5.07696e-7  -6.26975e-7  -3.6335e-7  -4.89134e-7  -1.02035e-6  -1.08328e-6  -2.16417e-8  -1.68955e-6  4.71309e-9  8.93278e-9  -1.39509e-8  4.3474e-9  4.50441e-9  3.90973e-9  3.1529e-9  -4.63579e-8  -8.40941e-8  5.08655e-9  4.14437e-9  2.71828e-9  6.22851e-9  -1.42507e-7  4.81466e-9  7.19821e-9  4.22314e-9  4.13201e-9  -2.47183e-7  6.20064e-9  5.50448e-9  5.01261e-9  1.06488e-8  5.22779e-9  3.49445e-9  1.05569e-8  8.64627e-9  1.05509e-8  1.14378e-8  1.3354e-8  7.28038e-9  1.00134e-7  1.08943e-9  2.12127e-8  -3.74996e-9  2.57502e-8  -1.67469e-8  3.2569e-8  1.46755e-8  -4.49456e-10  5.29496e-9  3.45716e-8  -3.22636e-8  -6.5347e-8  -2.04153e-8  -1.24373e-7  -3.4102e-8  -6.89925e-8  -1.00209e-7  -5.46829e-8  -1.30748e-7  -9.6027e-8  -1.62166e-7  -2.11692e-7  -9.5528e-8  -1.36428e-7  -2.58858e-7  -1.13861e-6  -1.13453e-6  -6.14571e-7  -7.44053e-7  -9.89635e-7  -1.38053e-6  -1.82226e-6  -1.67209e-6  -1.249e-6  -1.3794e-6  -7.94064e-7  -1.82593e-6  -7.39733e-7  -1.20756e-6  -1.42092e-6  -1.34683e-6  -2.60832e-6  -1.9893e-6  6.3617e-8  4.4192e-8  -2.70741e-6  1.4148e-7  9.18112e-8  -3.24322e-6  4.02072e-8  -2.91848e-6  -3.29761e-6  -6.26669e-10  -2.56736e-6  -2.68302e-8  3.77507e-8  7.59533e-8  -6.87542e-9  -3.70889e-6  -3.01498e-8  -1.7482e-8  -7.50886e-8  -3.18033e-8  -4.18145e-8  -8.06008e-9  -4.22021e-8  -4.95624e-8  -1.82151e-7  -4.23808e-8  -7.07243e-8  -2.81439e-8  -8.12038e-8  -1.03436e-7  -1.33383e-7  1.32287e-8  -2.20687e-7  -1.37706e-7  -3.9935e-7  -2.60564e-8  -6.24335e-7  -5.38704e-7  -3.88669e-7  -2.07897e-6  -8.87697e-7  -5.24589e-6  -1.55989e-6  -1.00447e-6  -2.29243e-6  -9.09516e-7  -1.00141e-6  -1.29355e-6  -1.27732e-6  -1.39126e-6  -2.02613e-6  -1.95397e-6  -1.73089e-6  -1.03687e-6  -8.74589e-7  -1.23226e-6  -4.08635e-6  -1.20906e-6  -2.10563e-6  -4.32648e-6  -2.97136e-6  -6.31925e-6  -2.72949e-6  -4.81563e-6  -2.82201e-6  -3.37428e-6  -3.40404e-6  -5.25911e-6  -8.67031e-6  -4.15617e-6  -8.75448e-6  -9.88835e-6  -9.52214e-6  -8.63219e-6  4.1018e-6  3.84517e-6  2.36935e-6  2.4347e-6  4.88653e-6  1.61758e-6  7.76419e-7  2.22121e-6  1.07764e-6  -1.62674e-8  -6.27417e-7  -4.97951e-7  6.47877e-8  1.30616e-6  3.91046e-8  1.93353e-8  2.98856e-7  -5.54211e-7  2.04877e-7  -2.65257e-7  -7.3704e-7  8.96565e-8  1.75987e-8  -7.32303e-7  -4.32423e-7  -1.1995e-6  -3.30007e-7  -6.7718e-7  -2.2034e-6  -1.63652e-6  -2.68858e-6  -1.29373e-6  -1.65706e-6  -1.48423e-6  -1.35166e-6  -3.15977e-6  -3.39389e-6  -2.55714e-6  -2.23167e-6  -3.61762e-6  -4.11541e-6  -3.44921e-6  -1.02684e-5  -3.56434e-6  -5.97915e-6  -5.77359e-6  -4.47757e-6  -3.41809e-6  -5.66407e-6  -6.23688e-6  -5.66965e-6  -8.95674e-6  -6.40264e-6  -9.06072e-6  -7.8429e-6  -9.0894e-6  -7.87784e-6  3.50254e-7  -8.82408e-6  -5.34775e-6  3.92169e-7  -1.15867e-5  -1.14326e-5  -1.10037e-5  8.44864e-7  5.52004e-7  2.28928e-7  3.89306e-7  4.23069e-7  -1.42176e-5  -2.34843e-7  -1.33807e-5  -1.27511e-5  -1.22206e-5  2.5155e-7  -1.3286e-5  2.63801e-7  6.91514e-7  -2.93727e-7  -1.2648e-7  -3.41979e-7  -3.5658e-7  -8.22437e-7  -3.61965e-7  -5.68298e-7  -5.47563e-7  -4.17261e-7  -1.40513e-6  -1.07713e-6  -1.39508e-6  -1.69279e-6  -1.26588e-6  -1.53351e-6  -1.71346e-6  -1.02226e-6  -3.74176e-6  -1.95157e-6  -1.86072e-6  -3.11097e-6  -8.80606e-7  -1.88928e-6  -2.75482e-6  -1.93981e-6  -1.18973e-6  -3.00002e-6  -3.49187e-6  -7.16037e-6  -4.83927e-6  -3.49281e-6  -3.33864e-6  -3.20425e-6  -3.68904e-6  -3.83611e-6  -2.77224e-6  -3.73501e-6  -4.62041e-6  -6.06196e-6  -3.61186e-6  -4.8282e-6  -6.59429e-6  -4.92448e-6  -5.4935e-6  -9.54599e-6  -1.20215e-5  -7.03305e-6  -7.07331e-6  -9.00489e-6  -1.50852e-5  -1.52701e-5  -9.91351e-6  -1.11066e-5  -6.49171e-6  -1.20836e-5  -1.19378e-5  -8.63575e-6  -1.80667e-5  -2.12542e-5  -1.83116e-5  -9.89537e-6  -1.70437e-5  -3.03754e-5  -1.36845e-5  -3.31554e-5  -2.24705e-5  -1.86595e-5  -4.19914e-5  -3.79355e-5  -5.50208e-5  -1.8257e-5  -1.9383e-5  -1.99679e-5  5.91794e-5  1.62566e-5  6.88273e-6  8.19943e-6  1.5539e-5  1.84445e-5  9.9915e-6  1.81573e-5  1.02356e-5  1.14128e-5  1.27981e-5  6.74616e-6  1.27615e-5  9.3955e-6  1.01577e-6  6.43608e-6  1.44385e-5  3.84455e-6  3.55051e-6  3.36555e-6  1.31172e-6  1.21798e-5  2.35265e-6  4.59974e-6  2.08904e-6  4.53669e-6  4.52535e-6  2.26569e-6  1.13876e-6  1.62158e-6  4.04877e-6  3.06217e-6  2.41073e-6  -1.47847e-7  3.26759e-6  -1.0543e-6  -9.53548e-9  -2.29188e-6  -1.55918e-6  -3.40219e-6  -6.25875e-7  -4.05523e-6  -5.35502e-7  -2.12668e-6  -3.23802e-6  -5.08939e-6  -2.8584e-6  -1.51989e-6  -3.77279e-6  -2.23834e-6  -3.37318e-6  -5.58873e-6  -4.60265e-6  -3.29525e-6  -1.54295e-5  -1.0757e-5  -8.76332e-6  -1.42216e-5  -1.54282e-5  -1.22128e-5  -7.81752e-6  -2.9437e-5  -2.32356e-5  -3.31852e-5  -3.5474e-5  -3.80674e-5  -2.71352e-5  -1.93977e-5  -4.84992e-5  -5.36803e-5  -7.4915e-6  -3.24291e-5  -2.7894e-5  -2.51649e-5  -1.63971e-5  -1.26101e-5  2.7508e-6  -5.57603e-5  -8.87448e-6  -2.42186e-5  -1.13474e-5  -5.02701e-5  -1.13466e-5  -4.40614e-5  -5.67661e-5  -5.85751e-6  -5.62019e-5  -6.32411e-5  -6.49765e-5  -6.25157e-5  -4.94923e-5  -3.71205e-5  -3.54413e-5  -3.95526e-5  -5.29371e-5  -3.71621e-5  -1.73254e-5  -9.45772e-6  2.91532e-6  2.9807e-6  -3.71245e-5  1.43908e-5  9.56927e-6  4.06985e-6  -1.52571e-5  -2.97199e-5  -1.31189e-5  -2.55161e-5  -2.74656e-5  7.29082e-8  1.18989e-6  -3.9727e-5  -3.73798e-5  2.67289e-6  7.61926e-6  5.65333e-6  4.2719e-6  -5.55118e-6  5.15551e-6  6.81955e-6  5.64329e-6  5.08196e-6  -9.62525e-7  -4.26485e-6  -1.94122e-6  1.51805e-6  -3.2451e-5  -1.63181e-5  8.22466e-8  3.87211e-6  1.87022e-6  1.64055e-6  2.87042e-6  2.48188e-7  1.03155e-5  1.26604e-6  4.40234e-6  3.9525e-6  -1.23514e-6  -7.14214e-6  -1.79348e-5  -5.61281e-5  -1.09316e-5  2.016e-6  -1.32075e-7  3.25514e-7  -2.70061e-6  -4.66522e-7  5.10292e-6  -1.34428e-5  -8.43529e-6  -2.67646e-6  -6.16356e-6  -3.18119e-5  -1.4034e-5  -2.2787e-5  3.60872e-6  -4.36923e-6  -4.02625e-6  -7.15824e-6  -1.57893e-6  -2.4409e-6  -1.39049e-5  -1.59671e-5  -1.13399e-5  -1.47354e-5  -8.74563e-6  -2.62345e-5  -1.27833e-5  -7.46852e-6  -5.49686e-6  -7.05581e-6  -8.34444e-6  -7.8924e-6  -1.17723e-5  -4.47988e-6  -5.19592e-6  -3.27408e-6  -2.86883e-6  -1.22239e-5  -2.0495e-5  -1.14264e-5  -1.89517e-5  -2.59551e-5  -1.7133e-5  -1.4477e-5  -1.07803e-5  -1.1629e-5  -1.25176e-5  -6.26166e-6  -1.13318e-5  -4.79842e-6  -7.05898e-6  -8.77756e-6  -5.35292e-6  -1.94916e-5  -1.983e-5  -2.04097e-5  -2.00145e-5  -2.88169e-5  -1.21577e-5  -1.15818e-5  -1.64379e-5  -2.08156e-5  -1.90279e-5  -1.74896e-5  -1.89885e-5  -1.52463e-5  -1.66888e-5  -1.44184e-5  -1.84164e-5  -2.82468e-5  -2.00049e-5  -1.85428e-5  -2.1881e-5  -1.94279e-5  -2.79016e-5  -1.93701e-5  -2.60989e-5  -1.83629e-5  -2.1188e-5  -2.36955e-5  -3.00758e-5  -2.99361e-5  -4.09452e-5  -3.22074e-5  -2.19024e-5  -2.67779e-5  -2.24862e-5  -3.92776e-5  -3.43801e-5  -3.13032e-5  -1.97784e-5  -2.84546e-5  -2.73707e-5  -3.87423e-5  -3.44142e-5  -3.57453e-5  -3.57144e-5  -3.02051e-5  -4.11254e-5  -5.11819e-5  -4.18454e-5  -3.72593e-5  -3.36218e-5  -4.55761e-5  -3.93559e-5  -4.09219e-5  -4.91145e-5  -5.45355e-5  -5.82162e-5  -6.20269e-5  -5.55337e-5  -6.17593e-5  -7.07317e-5  -6.13648e-5  -6.27738e-5  -6.36739e-5  -6.98119e-5  -5.97603e-5  -7.18069e-5  -7.1391e-5  -7.81059e-5  -8.07954e-5  -7.52539e-5  -8.10177e-5  -8.38392e-5  -8.62864e-5  -7.5158e-5  -8.34826e-5  -8.32331e-5  -7.97852e-5  -8.1879e-5  -8.69676e-5  -8.82401e-5  -9.20341e-5  -9.21411e-5  -8.78004e-5  -9.62936e-5  -9.35766e-5  -9.63837e-5  -8.76263e-5  -8.43925e-5  -7.27707e-5  -7.95016e-5  -7.89573e-5  -7.94842e-5  -7.77592e-5  -7.25251e-5  -6.93088e-5  -7.24187e-5  -6.80919e-5  -7.36995e-5  -6.9002e-5  -6.85017e-5  -7.0004e-5  -6.29625e-5  -6.58948e-5  -7.73074e-5  -6.93481e-5  -6.8268e-5  -6.98564e-5  -6.50969e-5  -6.29287e-5  -5.32667e-5  -3.79417e-5  -4.02014e-5  -4.23651e-5  -4.49996e-5  -4.72204e-5  -0.000116247  -0.000137331  -0.000128842  -0.000140843  -0.000137705  -0.000141632  -0.000152377  -0.000139327  -0.000140644  -0.000140342  -0.00013821  -0.000141171  -0.000144726  -0.000154095  -0.000153166  -0.000155333  -0.000149499  -0.000152358  -0.000157086  -0.000160463  -0.000159943  -0.000161305  -0.000159247  -0.000162805  -0.00016313  -0.000159656  -0.000164382  -0.000163213  -0.000165114  -0.000166954  -0.000165611  -0.00016724  -0.000169001  -0.000169716  -0.000165509  -0.000165465  -0.000169801  -0.000170016  -0.000169873  -0.000167797  -0.000167558  -0.000151361  -0.000152456  -0.000148065  -0.000145267  -0.000141829  -0.000144759  -0.000145144  -0.000146864  -0.000147637  -0.000155652  -0.000151731  -0.000152041  -0.000147209  -0.000145796  -0.000150698  -0.000148077  -0.000150697  slurmstepd-andoria01: error: *** JOB 26042 ON andoria01 CANCELLED AT 2025-11-27T09:33:41 ***

[1109254] signal 15: Terminated
in expression starting at /home/fmereto/MA_final_code/Hybrid_final_molecules.jl:630
dsymv_kernel_4x4.constprop.0 at /home/fmereto/julia/bin/../lib/julia/libopenblas64_.so (unknown line)
dsymv_U_ZEN at /home/fmereto/julia/bin/../lib/julia/libopenblas64_.so (unknown line)
dsymv_64_ at /home/fmereto/julia/bin/../lib/julia/libopenblas64_.so (unknown line)
symv! at /cache/build/builder-amdci5-5/julialang/julia-release-1-dot-11/usr/share/julia/stdlib/v1.11/LinearAlgebra/src/blas.jl:815
gemv! at /cache/build/builder-amdci5-5/julialang/julia-release-1-dot-11/usr/share/julia/stdlib/v1.11/LinearAlgebra/src/matmul.jl:452
generic_matvecmul! at /cache/build/builder-amdci5-5/julialang/julia-release-1-dot-11/usr/share/julia/stdlib/v1.11/LinearAlgebra/src/matmul.jl:79 [inlined]
_mul! at /cache/build/builder-amdci5-5/julialang/julia-release-1-dot-11/usr/share/julia/stdlib/v1.11/LinearAlgebra/src/matmul.jl:73 [inlined]
mul! at /cache/build/builder-amdci5-5/julialang/julia-release-1-dot-11/usr/share/julia/stdlib/v1.11/LinearAlgebra/src/matmul.jl:70 [inlined]
mul! at /cache/build/builder-amdci5-5/julialang/julia-release-1-dot-11/usr/share/julia/stdlib/v1.11/LinearAlgebra/src/matmul.jl:253 [inlined]
* at /cache/build/builder-amdci5-5/julialang/julia-release-1-dot-11/usr/share/julia/stdlib/v1.11/LinearAlgebra/src/matmul.jl:60 [inlined]
#2 at /home/fmereto/MA_final_code/Hybrid_final_molecules.jl:27
_unsafe_mul! at /home/fmereto/.julia/packages/LinearMaps/KV78T/src/functionmap.jl:127 [inlined]
mul! at /home/fmereto/.julia/packages/LinearMaps/KV78T/src/LinearMaps.jl:166 [inlined]
iterate at /home/fmereto/.julia/packages/IterativeSolvers/bjiMt/src/minres.jl:104
iterate at ./iterators.jl:206 [inlined]
#minres!#25 at /home/fmereto/.julia/packages/IterativeSolvers/bjiMt/src/minres.jl:230
minres! at /home/fmereto/.julia/packages/IterativeSolvers/bjiMt/src/minres.jl:200 [inlined]
#minres#26 at /home/fmereto/.julia/packages/IterativeSolvers/bjiMt/src/minres.jl:244 [inlined]
minres at /home/fmereto/.julia/packages/IterativeSolvers/bjiMt/src/minres.jl:244
unknown function (ip: 0x7fdbe65a54dd)
#correction_equations_minres#1 at /home/fmereto/MA_final_code/Hybrid_final_molecules.jl:41
correction_equations_minres at /home/fmereto/MA_final_code/Hybrid_final_molecules.jl:14 [inlined]
davidson at /home/fmereto/MA_final_code/Hybrid_final_molecules.jl:537
macro expansion at ./timing.jl:581 [inlined]
main at /home/fmereto/MA_final_code/Hybrid_final_molecules.jl:597
unknown function (ip: 0x7fdbe658d7eb)
top-level scope at /home/fmereto/MA_final_code/Hybrid_final_molecules.jl:635
jl_toplevel_eval_flex at /cache/build/builder-amdci5-5/julialang/julia-release-1-dot-11/src/toplevel.c:934
jl_toplevel_eval_flex at /cache/build/builder-amdci5-5/julialang/julia-release-1-dot-11/src/toplevel.c:886
ijl_toplevel_eval_in at /cache/build/builder-amdci5-5/julialang/julia-release-1-dot-11/src/toplevel.c:994
eval at ./boot.jl:430 [inlined]
include_string at ./loading.jl:2734
_include at ./loading.jl:2794
include at ./Base.jl:557
jfptr_include_46865.1 at /home/fmereto/julia/lib/julia/sys.so (unknown line)
exec_options at ./client.jl:323
_start at ./client.jl:531
jfptr__start_73560.1 at /home/fmereto/julia/lib/julia/sys.so (unknown line)
jl_apply at /cache/build/builder-amdci5-5/julialang/julia-release-1-dot-11/src/julia.h:2157 [inlined]
true_main at /cache/build/builder-amdci5-5/julialang/julia-release-1-dot-11/src/jlapi.c:900
jl_repl_entrypoint at /cache/build/builder-amdci5-5/julialang/julia-release-1-dot-11/src/jlapi.c:1059
main at /cache/build/builder-amdci5-5/julialang/julia-release-1-dot-11/cli/loader_exe.c:58
__libc_start_main at /lib/x86_64-linux-gnu/libc.so.6 (unknown line)
unknown function (ip: 0x4010b8)
unknown function (ip: (nil))
Allocations: 334241734 (Pool: 334241096; Big: 638); GC: 35824
-0.000150258  -0.000145177  -0.000146265  -0.000134043  -0.000131431  -0.000134824  -0.000130021  -0.000128541  -0.000128816  -0.00012988  -0.000127292  -0.00012831  -0.000122577  -0.000127061  -0.000125501  -0.000126345  -0.000125672  -0.000127201  -0.000123913  -0.000121637  -0.000122574  -0.000120734  -0.000122317  -0.000121827  -0.00012213  -0.000118667  -0.000116607  -0.00011738  -0.000116951  -0.000116097  -0.000120398  -0.000119123  -0.00011975  -0.000116303  -0.000109722  -0.000109779  -0.000109201  -0.000106904  -0.000104409  -0.000105395  -0.000100976  -0.000101866  -0.000101522  -0.000103159  -0.00010562  -0.000105775  -0.00010501  -0.000103035  -0.000101223  -0.000101399  -0.000101731  -0.000101887  -0.000102522  -0.000102812  -0.000105121  -0.00010055  -9.83664e-5  -9.62741e-5  -9.14366e-5  -9.25222e-5  -9.13731e-5  -8.85507e-5  -8.33639e-5  -8.57074e-5  -8.68612e-5  -8.41761e-5  -8.37012e-5  -8.31283e-5  -8.20804e-5  -8.32604e-5  -8.02357e-5  -8.23459e-5  -7.69097e-5  -7.65235e-5  -7.76436e-5  -7.82503e-5  -7.52521e-5  -7.42764e-5  -7.28385e-5  -7.35951e-5  -7.07366e-5  -7.1951e-5  -7.57503e-5  -7.19519e-5  -7.30609e-5  -6.95665e-5  -7.05862e-5  -7.08201e-5  -6.18404e-5  -6.2955e-5  -6.11126e-5  -5.94875e-5  -6.0097e-5  -5.99815e-5  -5.65387e-5  -5.51712e-5  -5.51269e-5  -5.12016e-5  -5.25816e-5  -5.2019e-5  -4.90404e-5  -4.78953e-5  -4.72064e-5  -4.6503e-5  -4.68643e-5  -4.2324e-5  -4.36918e-5  -4.44992e-5  -4.41996e-5  -4.27583e-5  -4.26143e-5  -4.03552e-5  -4.26546e-5  -4.32904e-5  -4.02309e-5  -3.73725e-5  -3.68308e-5  -3.79997e-5  -3.83806e-5  -3.49551e-5  -3.51477e-5  -3.61435e-5  -3.53878e-5  -3.49974e-5  -3.42502e-5  -3.37706e-5  -3.24238e-5  -3.02485e-5  -2.79135e-5  -2.673e-5  -2.62992e-5  -2.30022e-5  -2.06807e-5  -1.86333e-5  -1.91473e-5  -1.49755e-5  -1.60874e-5  -1.59487e-5  -1.51672e-5  -1.4323e-5  -1.42391e-5  -1.40609e-5  -1.36861e-5  -1.07704e-5  -1.13179e-5  -1.05591e-5  -7.65484e-6  -7.41729e-6  -3.87784e-6  -1.28874e-6  -8.22274e-7  1.4436e-7  1.29988e-7  9.17543e-8  1.76254e-6  6.46482e-7  3.04184e-6  2.63291e-6  3.43374e-6  2.51773e-6  4.80854e-6  4.58259e-6  4.75134e-6  3.91184e-6  6.26904e-6  6.20109e-6  8.81022e-6  9.15326e-6  8.49764e-6  7.1479e-6  7.41464e-6  8.77887e-6  1.01823e-5  7.08357e-6  8.43307e-6  9.14268e-6  7.04282e-6  5.25424e-6  6.61591e-6  5.0587e-6  5.39161e-6  6.22775e-6  6.80335e-6  1.02503e-5  1.05472e-5  1.00831e-5  8.64303e-6  8.48449e-6  8.80097e-6  9.29021e-6  1.03336e-5  1.06666e-5  1.17475e-5  8.73358e-6  9.50719e-6  1.0866e-5  1.28772e-5  1.16989e-5  1.12439e-5  8.87139e-6  7.79876e-6  6.5593e-6  4.56363e-6  5.4088e-6  4.92839e-6  6.83155e-6  6.4634e-6  4.47488e-6  2.77088e-6  1.17798e-6  7.56434e-7  -1.32071e-6  -2.32204e-6  -1.98958e-6  -1.60902e-6  -2.61871e-6  -3.55178e-6  -3.35536e-6  -3.57011e-6  -6.87964e-6  -6.15578e-6  -7.36e-6  -7.54958e-6  -8.24523e-6  -9.58919e-6  -1.1452e-5  -1.21185e-5  -1.45381e-5  -1.42005e-5  -1.36611e-5  -1.7712e-5  -1.73461e-5  -1.94246e-5  -2.10784e-5  -2.49791e-5  -2.50143e-5  -2.87893e-5  -3.3358e-5  -3.38188e-5  -3.56477e-5  -3.97118e-5  -3.90056e-5  -4.02929e-5  -4.12823e-5  -4.34984e-5  -4.67275e-5  -4.71957e-5  -4.81272e-5  -4.94181e-5  -4.91679e-5  -4.85462e-5  -5.10776e-5  -5.4602e-5  -5.47213e-5  -5.64482e-5  -5.75329e-5  -5.75637e-5  -5.87389e-5  -6.11519e-5  -6.41527e-5  -6.43309e-5  -6.45987e-5  -6.61192e-5  -6.72907e-5  -6.84192e-5  -7.02867e-5  -7.0243e-5  -7.53564e-5  -7.8076e-5  -7.76919e-5  -8.08788e-5  -8.14173e-5  -8.60877e-5  -8.63071e-5  -8.70472e-5  -8.8781e-5  -8.92674e-5
1200 Eigenvalues converges, out of 1200 requested.

=== Running tests for molecule: uracil ===
Starting Davidson with n_aux = 1050, l_buffer = 273, lc = 211, thresh = 0.0005, max_iter = 100
Iter 1: V_size = 262, Converged = 0, ‖r‖ (largest λ) = 1.9714829477013993
Iter 2: V_size = 524, Converged = 0, ‖r‖ (largest λ) = 0.0014250235101712569
Iter 3: V_size = 786, Converged = 58, ‖r‖ (largest λ) = 3.717025021283415e-7
Iter 4: V_size = 1048, Converged = 173, ‖r‖ (largest λ) = 335.9264959151712
Converged all required eigenvalues (cluster-aware). Iter = 5
537.267989 seconds (1.78 M allocations: 101.499 GiB, 0.23% gc time)
Number of FLOPs: 8888918669420

Reading exact Eigenvalues...
Reading eigenvalues from ../MA_best/Eigenvalues_folder/eigenres_uracil_RNDbasis1.jld2

Compute the difference between computed and exact eigenvalues:
1×210 adjoint(::Vector{Float64}) with eltype Float64:
 0.0  -5.68434e-13  1.25056e-12  -6.82121e-13  -5.68434e-13  2.27374e-13  -1.13687e-13  7.38964e-13  5.68434e-14  -1.13687e-13  -2.27374e-13  5.68434e-14  -4.54747e-13  -9.09495e-13  -5.40012e-13  -7.67386e-13  -1.76215e-12  -4.43379e-12  -2.55795e-12  -9.54969e-12  -4.03588e-12  -1.10845e-12  -1.4353e-11  -1.43672e-11  -6.89937e-11  -1.40545e-11  -2.51971e-9  -3.36371e-11  -2.62659e-10  -3.20028e-11  -7.89981e-11  -3.8898e-10  -7.80886e-11  -1.0949e-9  -1.3485e-9  -1.3209e-10  -1.2311e-9  -1.00002e-10  -7.96277e-10  -3.24761e-10  -6.55497e-10  -2.11088e-10  -1.22453e-9  -7.01462e-10  -6.48349e-10  -4.47557e-10  -7.10543e-14  -4.25217e-10  -9.36957e-10  -6.22627e-10  -1.78976e-9  -3.19945e-9  -2.20055e-9  -4.16789e-9  -2.28285e-9  -7.81597e-14  -3.04701e-9  -4.87754e-9  -4.9738e-14  -7.20386e-9  -9.23706e-14  -6.53977e-9  -9.59233e-14  -9.59233e-14  -1.1724e-13  -1.84741e-13  -1.49214e-13  -2.02505e-13  -2.55795e-13  -3.48166e-13  -2.23821e-13  -3.2685e-13  -7.17648e-13  -7.21201e-13  -8.73968e-13  -7.21201e-13  -1.18305e-12  -1.73728e-12  -1.12266e-12  -8.56204e-13  -2.41585e-12  -1.79412e-12  -1.28253e-12  -1.72307e-12  -2.46914e-12  -2.57572e-12  -3.77298e-12  -2.28439e-12  -3.19744e-12  -2.34479e-12  -5.76605e-12  -4.50129e-12  -3.02691e-12  -4.6434e-12  -3.62377e-12  -5.52269e-12  -5.82645e-12  -4.60076e-12  -3.75344e-12  -6.69687e-12  -9.18909e-12  -5.82467e-12  -7.57616e-12  -4.6132e-12  -6.03073e-12  -1.45342e-11  -8.92619e-12  -1.37899e-11  -1.20242e-11  -1.57545e-11  -9.09139e-12  -1.25961e-11  -1.93996e-11  -1.88685e-11  -2.67217e-11  -1.62093e-11  -3.81206e-11  -2.02132e-11  -2.12133e-11  -2.88942e-11  -3.97318e-11  -2.75495e-11  -4.14691e-11  -3.75238e-11  -3.32268e-11  -3.64775e-11  -3.72999e-11  -4.12452e-11  -7.07558e-11  -3.776e-11  -6.62972e-11  -4.29061e-11  -6.39879e-11  -1.0318e-10  -1.07407e-10  -7.56799e-11  -9.9428e-11  -9.9039e-11  -1.05691e-10  -9.31237e-11  -8.31459e-11  -1.68084e-10  -1.79471e-10  -1.55277e-10  -2.00661e-10  -6.02164e-10  -3.28642e-10  -3.74198e-10  -3.94033e-10  -4.65393e-10  -9.93454e-10  -2.28262e-13  -1.2579e-9  -2.07262e-9  -2.43297e-9  -2.14433e-9  -3.6591e-9  -3.29979e-9  -8.59757e-13  -2.40691e-9  -2.94802e-9  -5.07154e-9  -3.03124e-9  -3.06141e-9  -2.07194e-9  -3.17178e-9  -3.51992e-9  -4.99206e-9  -8.31221e-9  -9.33181e-9  -6.01728e-9  -7.12949e-9  -5.68462e-9  -9.84147e-9  -1.17771e-8  -5.47384e-12  -3.38396e-12  -4.25526e-12  -2.95852e-12  -5.70211e-12  -9.46887e-12  -1.22977e-11  -7.05747e-12  -1.18643e-11  -7.31681e-12  -6.97487e-12  -1.07221e-11  -1.32605e-11  -1.39186e-11  -1.50209e-11  -1.32516e-11  -2.09015e-11  -1.88534e-11  -1.97522e-11  -2.64793e-11  -1.80114e-11  -2.02531e-11  -2.01394e-11  -1.93907e-11  -4.25366e-11  -1.56328e-11  -2.01563e-11  -1.33662e-11  -3.19016e-11  -5.71143e-11  -7.35909e-11  -3.88258e-11  -4.86056e-11  -9.54072e-11  -7.45741e-11
210 Eigenvalues converges, out of 210 requested.
Starting Davidson with n_aux = 1050, l_buffer = 1365, lc = 1055, thresh = 0.0005, max_iter = 100
Iter 1: V_size = 262, Converged = 0, ‖r‖ (largest λ) = 1.9714829477013993
Iter 2: V_size = 524, Converged = 0, ‖r‖ (largest λ) = 0.0014250235101712569
Iter 3: V_size = 786, Converged = 58, ‖r‖ (largest λ) = 3.717025021283415e-7
Iter 4: V_size = 1048, Converged = 195, ‖r‖ (largest λ) = 335.9264959151712
Iter 5: V_size = 387, Converged = 277, ‖r‖ (largest λ) = 1.2839022894208166e-6
Iter 6: V_size = 649, Converged = 278, ‖r‖ (largest λ) = 163.06454753865373
Iter 7: V_size = 911, Converged = 278, ‖r‖ (largest λ) = 0.014576424154148535
Total MINRES iterations: 3273
Iter 8: V_size = 524, Converged = 278, ‖r‖ (largest λ) = 0.0012455988144100584
Total MINRES iterations: 4470
Iter 9: V_size = 786, Converged = 340, ‖r‖ (largest λ) = 3.604222209237529e-5
Total MINRES iterations: 3470
Iter 10: V_size = 1048, Converged = 432, ‖r‖ (largest λ) = 95.96450150479781
Total MINRES iterations: 4275
Iter 11: V_size = 432, Converged = 523, ‖r‖ (largest λ) = 2.864559689908111e-5
Total MINRES iterations: 5658
Iter 12: V_size = 694, Converged = 524, ‖r‖ (largest λ) = 123.59528841189534
Total MINRES iterations: 5752
Iter 13: V_size = 956, Converged = 555, ‖r‖ (largest λ) = 20.179834460948225
Total MINRES iterations: 6400
Iter 14: V_size = 493, Converged = 561, ‖r‖ (largest λ) = 0.00012610592374235184
Total MINRES iterations: 4227
Iter 15: V_size = 755, Converged = 648, ‖r‖ (largest λ) = 52.08108731546979
Total MINRES iterations: 4898
Iter 16: V_size = 1017, Converged = 652, ‖r‖ (largest λ) = 98.22359086046674
Total MINRES iterations: 3325
Iter 17: V_size = 520, Converged = 780, ‖r‖ (largest λ) = 0.000132243033437421
Total MINRES iterations: 5274
Iter 18: V_size = 782, Converged = 780, ‖r‖ (largest λ) = 127.68915175097834
Total MINRES iterations: 5250
Iter 19: V_size = 1044, Converged = 831, ‖r‖ (largest λ) = 0.0001387480404866703
Total MINRES iterations: 6325
Iter 20: V_size = 473, Converged = 838, ‖r‖ (largest λ) = 0.00017431718537681907
Total MINRES iterations: 4981
Iter 21: V_size = 735, Converged = 893, ‖r‖ (largest λ) = 53.86919738815311
Total MINRES iterations: 4971
Iter 22: V_size = 997, Converged = 913, ‖r‖ (largest λ) = 81.00523600805936
Total MINRES iterations: 3175
Iter 23: V_size = 504, Converged = 1046, ‖r‖ (largest λ) = 0.00014877761802835327
Total MINRES iterations: 5132
Iter 24: V_size = 766, Converged = 1046, ‖r‖ (largest λ) = 109.57540976094714
Converged all required eigenvalues (cluster-aware). Iter = 25
32504.669719 seconds (149.94 M allocations: 7.327 TiB, 0.12% gc time)
Number of FLOPs: 403787148773184

Reading exact Eigenvalues...
Reading eigenvalues from ../MA_best/Eigenvalues_folder/eigenres_uracil_RNDbasis1.jld2

Compute the difference between computed and exact eigenvalues:
1×1050 adjoint(::Vector{Float64}) with eltype Float64:
 0.0  -5.68434e-13  1.25056e-12  -6.82121e-13  -5.68434e-13  2.27374e-13  -1.13687e-13  7.38964e-13  5.68434e-14  -1.13687e-13  -2.27374e-13  5.68434e-14  -4.54747e-13  -9.09495e-13  -5.40012e-13  -7.67386e-13  -1.76215e-12  -4.43379e-12  -2.55795e-12  -9.54969e-12  -4.03588e-12  -1.10845e-12  -1.4353e-11  -1.43672e-11  -6.89937e-11  -1.40545e-11  -2.51971e-9  -3.36371e-11  -2.62659e-10  -3.20028e-11  -7.89981e-11  -3.8898e-10  -7.80886e-11  -1.0949e-9  -1.3485e-9  -1.3209e-10  -1.2311e-9  -1.00002e-10  -7.96277e-10  -3.24761e-10  -6.55497e-10  -2.11088e-10  -1.22453e-9  -7.01462e-10  -6.48349e-10  -4.47557e-10  -1.42109e-14  -4.25217e-10  -9.36957e-10  -6.22627e-10  -1.78976e-9  -3.19945e-9  -2.20055e-9  -4.16789e-9  -2.28285e-9  -7.10543e-14  -3.04701e-9  -4.87754e-9  -6.03961e-14  -7.20386e-9  -7.10543e-14  -6.53977e-9  -9.9476e-14  -1.13687e-13  -8.88178e-14  -1.77636e-13  -1.77636e-13  -1.88294e-13  -2.16716e-13  -3.33955e-13  -2.52243e-13  -3.23297e-13  -7.24754e-13  -7.24754e-13  -8.88178e-13  -6.89226e-13  -1.18661e-12  -1.71241e-12  -1.16884e-12  -8.59757e-13  -2.4265e-12  -1.8332e-12  -1.28608e-12  -1.74438e-12  -2.46914e-12  -2.60059e-12  -3.75877e-12  -2.26663e-12  -3.15836e-12  -2.32347e-12  -5.7554e-12  -4.47287e-12  -2.98428e-12  -4.63984e-12  -3.63798e-12  -5.45874e-12  -5.83e-12  -4.66116e-12  -3.7037e-12  -6.7395e-12  -9.20686e-12  -5.77494e-12  -7.58327e-12  -4.59899e-12  -6.07336e-12  -1.45235e-11  -8.97238e-12  -1.37721e-11  -1.19567e-11  -1.58007e-11  -9.10205e-12  -1.2621e-11  -1.94103e-11  -1.88649e-11  -2.66756e-11  -1.62235e-11  -3.80673e-11  -2.01954e-11  -2.1231e-11  -2.89084e-11  -3.9778e-11  -2.75318e-11  -4.15188e-11  -3.75593e-11  -3.32303e-11  -3.64633e-11  -3.7307e-11  -4.12559e-11  -7.07523e-11  -3.7728e-11  -6.63434e-11  -4.28422e-11  -6.40554e-11  -1.03162e-10  -1.07407e-10  -7.56977e-11  -9.94813e-11  -9.90212e-11  -1.05624e-10  -9.30847e-11  -8.3153e-11  -1.68127e-10  -1.79435e-10  -1.55316e-10  -2.0065e-10  -6.02174e-10  -3.2866e-10  -3.74209e-10  -3.94037e-10  -4.65368e-10  -9.93465e-10  -2.13163e-13  -1.25791e-9  -2.07259e-9  -2.433e-9  -2.14431e-9  -3.65913e-9  -3.29983e-9  -8.02025e-13  -2.40689e-9  -2.94801e-9  -5.07154e-9  -3.03127e-9  -3.06145e-9  -2.07191e-9  -3.17178e-9  -3.51995e-9  -4.99211e-9  -8.31222e-9  -9.33181e-9  -6.0173e-9  -7.12952e-9  -5.68459e-9  -9.84143e-9  -1.17772e-8  -1.08732e-8  -6.35936e-9  -8.92799e-9  -5.82339e-9  -1.12848e-8  -1.34149e-8  -1.95523e-8  -1.16714e-8  -1.97963e-8  -1.21455e-8  -1.23905e-8  -1.59348e-8  -2.13739e-8  -2.23686e-8  -2.27302e-8  -1.92255e-8  -2.76979e-8  -2.97786e-8  -2.69505e-8  -3.11852e-8  -1.63114e-11  -1.87459e-11  -3.20506e-8  -1.79465e-11  -3.81508e-11  -1.43645e-11  -1.85336e-11  -1.23217e-11  -2.93792e-11  -5.36442e-11  -6.35438e-11  -3.44968e-11  -5.10399e-8  -8.64748e-11  -6.67209e-11  -5.17506e-11  -5.75602e-11  -1.35135e-10  -8.57119e-11  -1.03366e-10  -6.05258e-11  -1.56794e-10  -1.91552e-10  -9.63736e-11  -9.99547e-11  -2.18122e-10  -1.5329e-10  -1.73596e-10  -2.42722e-10  -1.32482e-10  -2.07183e-10  -3.27832e-10  -2.75387e-10  -2.72543e-10  -5.13976e-10  -3.49434e-10  -5.99579e-10  -3.64977e-10  -2.80968e-10  -4.71611e-10  -6.47188e-10  -4.4891e-10  -7.0523e-10  -2.89984e-10  -4.28765e-10  -8.19708e-10  -4.47732e-10  -1.0251e-9  -8.2252e-10  -7.28212e-10  -9.59279e-10  -1.24267e-9  -8.95023e-10  -1.27899e-9  -2.20571e-9  -1.65926e-9  -1.33331e-9  -1.88432e-9  -1.64038e-9  -1.6085e-9  -1.57807e-9  -1.78678e-9  -3.78218e-9  -3.47946e-9  -1.49391e-9  -2.87737e-9  -3.89466e-9  -1.94063e-8  -1.1312e-8  -6.85978e-8  -2.98976e-8  -3.50187e-8  -7.88704e-8  -5.18394e-8  -6.68461e-8  -3.89945e-8  -2.49441e-8  -5.65825e-8  -5.88831e-8  -6.30983e-8  -3.80835e-9  -5.35728e-8  -1.19602e-7  9.0679e-10  8.01056e-9  2.47695e-9  7.08611e-10  -1.02246e-10  7.3743e-10  4.33724e-11  -3.74362e-10  9.13558e-11  2.85858e-10  4.87033e-12  -6.91789e-10  -1.26929e-9  -1.17933e-10  -2.9251e-10  4.67448e-11  3.42371e-11  -1.01403e-10  -3.25858e-10  -3.53979e-11  -4.222e-10  -1.58159e-10  -4.26436e-10  -5.60407e-10  -2.08019e-9  -1.0251e-9  -4.27444e-10  -2.36279e-9  -3.42747e-9  -2.86016e-9  -1.04531e-8  -6.55361e-9  -6.233e-9  -1.29821e-8  -7.26943e-9  -2.40841e-9  -1.41958e-8  -8.81045e-9  -2.94636e-9  -4.11076e-9  -7.04014e-9  -7.46442e-8  -8.05838e-9  -4.03682e-9  -1.78524e-8  -3.44895e-8  -2.45378e-8  -3.38546e-9  -1.07051e-7  -2.71854e-8  -4.52557e-8  -2.41221e-9  -1.16009e-8  -1.72185e-8  -2.39067e-8  -1.25313e-7  -1.04531e-7  -1.1728e-7  -1.30705e-7  -4.87252e-8  2.75048e-10  1.97555e-10  -8.39006e-8  1.71475e-10  4.63486e-10  1.69069e-10  6.19827e-10  4.43152e-10  1.66627e-10  4.84452e-10  1.57998e-10  1.35995e-10  -9.52317e-8  3.21848e-10  1.1017e-9  2.81658e-10  9.85446e-10  3.57092e-10  6.37793e-10  4.10226e-10  2.38596e-10  2.63455e-10  1.32172e-10  4.66451e-10  2.72991e-10  -4.6404e-11  3.14424e-10  3.33526e-10  2.37158e-10  1.71856e-9  2.73877e-10  3.17183e-10  3.01869e-10  1.96853e-10  6.41988e-10  3.50723e-10  1.07031e-9  3.6673e-10  2.85083e-10  3.42155e-10  5.07318e-10  9.66041e-10  1.46216e-10  2.45207e-10  1.49105e-9  1.62824e-10  8.37356e-10  1.58772e-10  6.5753e-11  2.28399e-10  2.21945e-10  2.28485e-10  7.50736e-10  6.26865e-10  1.21609e-10  1.33549e-10  -2.30787e-10  -1.77502e-10  1.0418e-10  4.64931e-10  2.32736e-11  -2.51282e-10  3.83243e-10  2.13709e-9  5.09249e-10  1.63441e-10  4.55153e-10  -4.26428e-11  4.89535e-10  7.28009e-10  -8.0095e-10  -5.93951e-10  -4.57214e-10  -6.19787e-10  9.81993e-10  1.57082e-10  -7.72366e-10  -1.1813e-9  -9.90643e-10  -1.35229e-9  -1.5463e-9  1.53123e-9  7.90092e-10  1.02456e-9  -1.15103e-9  7.87347e-10  -1.90095e-9  -2.76389e-9  3.85676e-10  -1.02638e-9  -3.49408e-9  -9.15235e-10  -3.08795e-9  -5.19234e-9  -3.2863e-9  -5.82996e-9  -3.078e-9  -5.13182e-9  -1.45485e-9  -6.09965e-9  -7.26489e-9  3.42211e-10  -4.66643e-9  1.42666e-9  9.40095e-10  4.91568e-10  -7.37892e-9  3.87503e-10  -1.37507e-8  2.45457e-10  1.04232e-9  -1.09591e-8  9.66196e-10  -1.50235e-8  3.56939e-11  8.43462e-10  6.54516e-10  2.90161e-10  -2.77812e-8  -2.36691e-8  -3.13171e-8  -4.63025e-8  -3.22105e-8  -3.71056e-10  -4.41888e-8  -6.82331e-8  -3.39982e-10  -8.47424e-10  -3.92548e-8  2.67061e-10  1.34924e-9  7.72686e-10  -3.08e-8  -5.58742e-10  -8.73934e-8  6.57667e-10  -1.97962e-10  -1.1528e-9  -1.27815e-9  -3.27049e-9  -6.11991e-10  -1.17027e-9  -5.58778e-8  -2.1384e-9  -4.22086e-10  -4.4552e-9  -7.12386e-9  -2.11265e-9  -3.95562e-9  -1.65616e-9  -3.77786e-9  -4.48482e-9  -6.99505e-9  -8.17448e-9  -1.02348e-8  -1.77823e-8  -1.4143e-8  -1.98697e-8  -1.92562e-8  -1.79898e-8  -3.0852e-8  -4.51075e-8  -4.70389e-8  -2.34966e-8  -2.88829e-8  -7.3664e-8  -1.10653e-7  -6.95893e-8  -1.20499e-7  -4.61722e-8  -1.15517e-7  -8.48215e-8  -5.93679e-8  -9.22775e-8  -8.22723e-8  -1.03697e-7  -1.6849e-7  -1.41191e-7  -1.76311e-7  -2.78234e-7  -2.43124e-7  -4.55769e-7  -3.78825e-7  -3.66958e-7  -4.80329e-7  1.43808e-9  -2.66301e-8  1.23937e-9  8.2783e-10  1.56931e-9  1.73039e-9  1.37898e-9  2.14697e-9  1.36603e-9  1.20212e-9  -1.23044e-10  1.7423e-9  4.20987e-10  5.1384e-10  -1.46671e-9  -1.40749e-10  -1.25604e-10  -5.47839e-9  -3.37975e-9  -5.34167e-9  -6.47194e-9  -1.47317e-8  -9.64152e-9  -1.25529e-8  -5.48969e-8  -2.37405e-8  -8.86869e-8  -3.93019e-8  -9.05416e-8  -1.83253e-7  -1.25894e-7  2.29113e-9  -2.34502e-7  -6.2218e-9  -4.4596e-7  -3.62103e-7  -3.476e-7  1.59764e-8  1.92351e-8  7.65865e-9  3.19305e-8  -4.45465e-7  4.82637e-8  8.88878e-9  3.10315e-8  1.33028e-8  2.99362e-8  -3.618e-9  9.91187e-10  1.05606e-8  6.95803e-9  1.46627e-8  4.94072e-9  8.21797e-9  1.43152e-8  1.55748e-8  2.19365e-8  4.22763e-9  -5.27876e-9  -4.72742e-9  6.28838e-9  1.04836e-8  5.26044e-8  -1.43393e-8  1.57455e-8  -3.64364e-8  1.96521e-8  -2.04605e-8  -2.67346e-8  -1.12809e-8  -3.25594e-8  -3.07455e-8  -2.44016e-8  -7.22332e-8  -5.48951e-8  -8.13074e-8  -5.39485e-8  -3.145e-8  -4.4138e-8  -8.71233e-8  -5.4346e-8  -8.9634e-8  -7.81033e-8  -9.65283e-8  -7.22393e-8  -1.09299e-7  -9.73915e-8  -1.0029e-7  -7.61827e-8  -1.38484e-7  -1.03721e-7  -1.33068e-7  -1.43456e-7  -1.25035e-7  -1.01923e-7  -8.0206e-8  -1.68801e-7  -1.32618e-7  -1.92388e-7  -2.25932e-7  -2.60884e-7  -1.59121e-7  -2.80997e-7  -3.21176e-7  -2.2908e-7  -2.55944e-7  -1.85292e-7  -2.60877e-7  -2.84282e-7  -3.23362e-7  -3.88627e-7  -2.9529e-7  -4.01035e-7  -4.58424e-7  -3.86773e-7  -4.72989e-7  -4.49195e-7  -4.66004e-7  -4.75001e-7  -4.85601e-7  -4.35868e-7  -6.01696e-7  1.37727e-8  -5.30517e-7  1.27585e-8  -4.66849e-7  -5.24588e-7  1.23951e-8  1.23227e-8  8.55328e-9  2.35025e-8  1.06085e-8  1.37956e-8  3.05737e-8  9.95143e-9  9.21814e-9  1.23628e-8  1.22004e-8  -1.75697e-9  1.43893e-8  8.924e-9  8.45257e-9  8.95698e-9  9.30944e-9  1.30628e-8  2.8718e-8  8.72277e-9  1.97655e-8  1.38728e-8  7.23335e-9  2.10131e-8  1.17332e-8  8.6227e-9  1.66734e-8  9.65635e-9  1.15527e-8  1.09458e-8  9.38699e-9  6.09992e-9  -7.31004e-9  -6.46399e-9  1.53685e-8  1.5868e-8  1.03386e-8  1.12965e-8  9.47931e-9  1.18746e-8  2.12191e-8  1.63212e-8  8.75399e-9  1.14483e-8  2.00927e-8  8.69521e-9  8.57499e-9  1.21017e-8  -4.77491e-8  1.53252e-8  7.91435e-9  9.41002e-9  2.3117e-8  1.2449e-8  1.48502e-8  1.98648e-8  9.70166e-9  1.03917e-8  8.21674e-9  1.05031e-8  8.35545e-9  6.18576e-9  9.06436e-9  8.58894e-9  9.32005e-9  1.23154e-8  4.24349e-9  8.22481e-9  7.33711e-9  9.12153e-9  6.39926e-9  2.90084e-9  1.31615e-8  5.66223e-9  1.07421e-8  1.28426e-8  6.92934e-9  -5.21504e-9  4.60356e-9  1.0695e-9  3.4665e-10  1.60489e-8  5.45517e-9  4.65737e-9  -5.69937e-9  -6.18961e-9  -1.6679e-8  -8.17309e-9  -8.62396e-9  -2.70152e-8  -6.55067e-9  -2.40508e-8  -1.64389e-8  -4.68645e-8  -1.01103e-8  -1.46153e-8  -1.51738e-8  -2.11927e-8  -3.82917e-8  -4.08003e-8  -3.12087e-8  -1.79811e-8  -4.93898e-8  -4.88498e-8  -3.24596e-8  -6.98039e-8  -2.37461e-8  -5.35806e-8  -1.19214e-7  -6.39414e-8  -7.43908e-8  -5.74779e-8  -7.25406e-8  -2.72707e-7  -1.15794e-7  -1.98316e-7  -1.01852e-7  -7.28647e-8  -2.69894e-7  -2.15306e-7  -2.62411e-7  -2.579e-7  -3.94073e-7  -2.5677e-7  -7.95646e-7  -2.53553e-7  -3.45676e-7  -8.27853e-7  -5.98177e-7  -6.89149e-7  3.37665e-8  2.0924e-8  2.3673e-8  4.4412e-8  1.83343e-8  3.22327e-8  4.7553e-8  2.49008e-8  3.64474e-8  3.22354e-8  6.779e-8  6.14676e-8  3.90209e-8  4.95162e-8  7.82734e-8  4.93789e-8  5.14187e-8  4.93763e-8  7.95603e-8  4.01761e-8  2.55215e-8  4.38238e-8  -7.66698e-9  4.54425e-8  2.13354e-8  3.57608e-8  1.41729e-8  3.97919e-8  1.95415e-8  -7.26015e-9  -6.03048e-8  -1.09822e-7  -1.06888e-7  -5.15408e-8  -1.10971e-7  -4.3178e-8  -2.64539e-8  -2.73588e-7  -6.8375e-8  -2.09209e-7  -4.7585e-8  -7.80572e-7  -8.71895e-7  -3.69809e-7  -2.26118e-7  -8.12644e-7  -5.86737e-9  -6.07258e-7  -9.69615e-7  -1.10102e-6  -1.12001e-6  -8.36514e-7  1.56022e-8  -8.15476e-8  -3.58178e-8  -9.65474e-8  -4.65998e-7  -5.66119e-7  2.74688e-8  -4.53511e-8  -5.35013e-8  -7.2996e-8  -8.5706e-8  1.56508e-8  -1.49427e-7  -1.51638e-7  -1.94956e-7  -2.04287e-7  -1.08857e-7  -3.55771e-7  -1.10875e-7  -2.70166e-7  -2.11627e-7  -3.24634e-7  -5.06839e-7  -3.16682e-7  -1.95254e-7  -2.55084e-7  -5.04705e-7  -3.49857e-7  -2.96783e-7  -5.44781e-7  -6.88046e-7  -5.69311e-7  -4.75171e-7  -3.73137e-7  -8.12715e-7  -8.7706e-7  -9.99968e-7  -6.88177e-7  -7.23707e-7  -7.85819e-7  -7.07302e-7  -5.7911e-7  -1.37656e-6  -8.69396e-7  -1.00705e-6  -1.24024e-6  -7.35341e-7  -8.10137e-7  -1.08721e-6  -1.37562e-6  -1.00064e-6  -1.0894e-6  -1.12621e-6  -1.17283e-6  -7.05483e-7  -1.375e-6  -7.44931e-7  7.31258e-8  -1.35208e-6  9.49241e-8  -1.46931e-6  -1.62317e-6  6.48983e-8  7.77389e-8  9.24876e-8  3.32305e-8  3.23429e-8  5.34907e-8  9.20086e-9  2.32613e-8  8.93993e-8  2.29004e-8  1.07742e-8  -1.63667e-6  3.98866e-8  5.88777e-8  3.45001e-8  4.09049e-8  7.74425e-8  3.49603e-8  5.46356e-8  5.84537e-8  5.10212e-8  4.65196e-8  1.34041e-9  7.79351e-8  5.95566e-8  4.73877e-9  5.72513e-8  4.14295e-8  1.02256e-7  7.56458e-8  9.18931e-8  5.50566e-8  -1.92899e-8  8.7695e-8  -1.35983e-8  4.48236e-8  -1.16148e-8  6.27273e-8  -6.61764e-8  5.49522e-8  5.14736e-8  9.32832e-8  -1.02172e-7  6.30438e-8  4.42955e-8  4.68601e-8  5.17114e-8  5.9501e-8  7.11569e-8  4.42133e-8  5.1931e-8  7.91596e-8  6.69181e-8  4.81476e-8  5.13861e-8  4.84599e-8  6.39964e-8  6.43877e-8  7.11299e-8  -1.43065e-7  3.26008e-8  4.47833e-8  4.66833e-8  4.82729e-8  4.76783e-8  5.70722e-8  5.29276e-8  5.67813e-8  4.06229e-8  5.28238e-8  4.09056e-8  5.13659e-8  2.7653e-8  3.78629e-8  6.00808e-8  3.66333e-8  4.42312e-8  2.50526e-8  5.39674e-8  3.45798e-8  4.42404e-8  3.90078e-8  1.17507e-8  3.45748e-8  8.21236e-9  2.24425e-8  3.04201e-8  2.03061e-8  2.52489e-8  3.46076e-8  1.49411e-8  1.75066e-8  1.92743e-8  2.06259e-8  2.58874e-8  2.09287e-8  8.15756e-9  2.28771e-8  -4.80783e-8  -1.44344e-8  -2.02863e-8  1.65821e-8  3.26588e-9  -5.50601e-9  -5.71448e-8  2.05231e-8  -2.29295e-8  -3.49155e-8  -1.16943e-8  -6.57169e-8  -1.93119e-7  -8.22395e-8  -2.65618e-8  -1.11416e-7  -3.70681e-8  -3.9316e-8  -1.14515e-7  -9.48832e-8  -2.56473e-8  -1.93881e-7  -1.14022e-7  -2.09256e-7  -3.10721e-8  -2.65051e-7  -1.34086e-7  -3.10516e-7  -2.05557e-7  -2.95603e-7  -3.87094e-7  -5.20545e-7  -3.01245e-7  -2.55369e-7  -3.39814e-7  -8.36771e-7  -5.71295e-7  -5.70553e-7  -8.159e-7  -1.00048e-6  -4.06259e-7  -1.09414e-6  -1.28336e-6  -1.25817e-6  -2.59328e-6  -1.51041e-6  -1.92227e-6  -8.07631e-7  -1.26478e-6  -1.59316e-6  -2.69232e-6  1.03943e-7  -1.76809e-6  -2.60315e-6  -2.98907e-6  8.54396e-8  1.17598e-7  1.1942e-7
1050 Eigenvalues converges, out of 1050 requested.
Starting Davidson with n_aux = 1050, l_buffer = 2730, lc = 2110, thresh = 0.0005, max_iter = 100
Iter 1: V_size = 262, Converged = 0, ‖r‖ (largest λ) = 1.9714829477013993
Iter 2: V_size = 524, Converged = 0, ‖r‖ (largest λ) = 0.0014250235101712569
Iter 3: V_size = 786, Converged = 58, ‖r‖ (largest λ) = 3.717025021283415e-7
Iter 4: V_size = 1048, Converged = 195, ‖r‖ (largest λ) = 335.9264959151712
Iter 5: V_size = 387, Converged = 277, ‖r‖ (largest λ) = 1.2839022894208166e-6
Iter 6: V_size = 649, Converged = 278, ‖r‖ (largest λ) = 163.06454753865373
Iter 7: V_size = 911, Converged = 278, ‖r‖ (largest λ) = 0.014576424154148535
Total MINRES iterations: 3273
Iter 8: V_size = 524, Converged = 278, ‖r‖ (largest λ) = 0.0012455988144100584
Total MINRES iterations: 4470
Iter 9: V_size = 786, Converged = 340, ‖r‖ (largest λ) = 3.604222209237529e-5
Total MINRES iterations: 3470
Iter 10: V_size = 1048, Converged = 432, ‖r‖ (largest λ) = 95.96450150479781
Total MINRES iterations: 4275
Iter 11: V_size = 432, Converged = 523, ‖r‖ (largest λ) = 2.864559689908111e-5
Total MINRES iterations: 5658
Iter 12: V_size = 694, Converged = 524, ‖r‖ (largest λ) = 123.59528841189534
Total MINRES iterations: 5752
Iter 13: V_size = 956, Converged = 555, ‖r‖ (largest λ) = 20.179834460948225
Total MINRES iterations: 6400
Iter 14: V_size = 493, Converged = 561, ‖r‖ (largest λ) = 0.00012610592374235184
Total MINRES iterations: 4227
Iter 15: V_size = 755, Converged = 648, ‖r‖ (largest λ) = 52.08108731546979
Total MINRES iterations: 4898
Iter 16: V_size = 1017, Converged = 652, ‖r‖ (largest λ) = 98.22359086046674
Total MINRES iterations: 3325
Iter 17: V_size = 520, Converged = 780, ‖r‖ (largest λ) = 0.000132243033437421
Total MINRES iterations: 5274
Iter 18: V_size = 782, Converged = 780, ‖r‖ (largest λ) = 127.68915175097834
Total MINRES iterations: 5250
Iter 19: V_size = 1044, Converged = 831, ‖r‖ (largest λ) = 0.0001387480404866703
Total MINRES iterations: 6325
Iter 20: V_size = 473, Converged = 838, ‖r‖ (largest λ) = 0.00017431718537681907
Total MINRES iterations: 4981
Iter 21: V_size = 735, Converged = 893, ‖r‖ (largest λ) = 53.86919738815311
Total MINRES iterations: 4971
Iter 22: V_size = 997, Converged = 913, ‖r‖ (largest λ) = 81.00523600805936
