Running for system: uracil
Target number of eigenvalues (nev) = 210
=== Starting Davidson with initial guess V0 number 1 ===
iter=     1  Rnorm=  4.447e+01  size(V,2)=   210
iter=     2  Rnorm=  7.228e+00  size(V,2)=   420
iter=     3  Rnorm=  1.392e+00  size(V,2)=   630
iter=     4  Rnorm=  2.335e-01  size(V,2)=   840
iter=     5  Rnorm=  4.096e-02  size(V,2)=   420
iter=     6  Rnorm=  9.152e-03  size(V,2)=   630
iter=     7  Rnorm=  3.484e-03  size(V,2)=   840
iter=     8  Rnorm=  2.369e-03  size(V,2)=   420
iter=     9  Rnorm=  1.878e-03  size(V,2)=   630
iter=    10  Rnorm=  5.378e-04  size(V,2)=   840
converged!
314.259509 seconds (29.22 k allocations: 9.108 GiB, 0.18% gc time)
Number of FLOPs: 17409559198080

Reading exact Eigenvalues...
Reading eigenvalues from ../MA_best/Eigenvalues_folder/eigenres_uracil_RNDbasis1.jld2

Compute the difference between computed and exact eigenvalues:
1×210 adjoint(::Vector{Float64}) with eltype Float64:
 -1.77636e-14  -3.55271e-15  7.10543e-15  3.55271e-15  7.10543e-15  3.55271e-15  -7.10543e-15  1.42109e-14  3.55271e-15  -1.42109e-14  0.0  0.0  -1.77636e-15  -1.77636e-15  3.55271e-15  1.77636e-15  -1.77636e-15  -1.77636e-15  3.55271e-15  -1.77636e-15  0.0  -1.77636e-15  8.88178e-15  3.55271e-15  1.06581e-14  5.32907e-15  -1.77636e-15  0.0  3.55271e-15  5.32907e-15  5.32907e-15  0.0  -3.55271e-15  -5.32907e-15  3.55271e-15  -7.10543e-15  -7.10543e-15  1.77636e-15  3.55271e-15  0.0  3.55271e-15  2.66454e-15  -8.88178e-16  -1.77636e-15  1.42109e-14  -8.88178e-16  6.21725e-15  -4.44089e-15  8.88178e-16  1.77636e-15  -1.06581e-14  6.21725e-15  2.66454e-15  8.88178e-16  3.55271e-15  -7.99361e-15  2.66454e-15  -1.77636e-15  1.77636e-15  -8.88178e-16  -1.77636e-15  -7.10543e-15  0.0  3.55271e-15  -2.66454e-15  8.88178e-16  -8.88178e-16  -1.77636e-15  -8.88178e-16  8.88178e-15  2.66454e-15  -3.55271e-15  -7.10543e-15  4.44089e-15  1.06581e-14  2.66454e-15  -8.88178e-15  -4.44089e-15  1.06581e-14  8.88178e-15  8.88178e-15  -7.10543e-15  -8.88178e-15  2.66454e-15  -7.99361e-15  1.06581e-14  7.99361e-15  4.44089e-15  -5.32907e-15  0.0  -3.55271e-15  1.24345e-14  -1.24345e-14  -8.43769e-15  -1.28786e-14  3.10862e-15  1.02141e-14  1.06581e-14  6.66134e-15  -1.42109e-14  1.77636e-15  -1.11022e-14  -6.66134e-15  3.9968e-15  -9.32587e-15  8.88178e-16  -3.55271e-15  -2.66454e-15  -1.28786e-14  1.19904e-14  -6.66134e-15  7.99361e-15  -6.21725e-15  1.02141e-14  1.28786e-14  -2.22045e-15  -7.99361e-15  1.11022e-14  1.33227e-15  1.28786e-14  -5.32907e-15  -7.99361e-15  4.44089e-16  -1.02141e-14  2.66454e-15  -1.46549e-14  -1.11022e-14  1.33227e-14  7.99361e-15  3.55271e-15  -1.33227e-14  5.77316e-15  -2.66454e-15  1.77636e-15  -1.59872e-14  -1.46549e-14  1.46549e-14  -5.32907e-15  -1.15463e-14  7.54952e-15  1.06581e-14  1.42109e-14  7.10543e-15  3.55271e-15  -9.32587e-15  4.88498e-15  -9.76996e-15  8.43769e-15  -1.55431e-14  2.66454e-15  7.10543e-15  -1.28786e-14  -1.42109e-14  -8.88178e-15  -1.77636e-15  -4.44089e-15  3.9968e-15  1.77636e-15  -1.24345e-14  -2.08722e-14  -1.33227e-14  6.66134e-15  0.0  -2.30926e-14  -3.9968e-15  -2.39808e-14  -1.86517e-14  -4.26326e-14  -4.44089e-14  -8.65974e-14  -6.12843e-14  -1.5099e-13  -1.33227e-13  -2.24265e-13  -6.91003e-13  -4.66738e-13  -2.14939e-13  -4.81393e-13  -3.37952e-13  -1.45395e-12  -1.17328e-12  -1.12266e-12  -9.70335e-13  -1.92824e-12  -1.50546e-12  -2.60636e-12  -4.79616e-12  -5.33751e-12  -1.06368e-11  -5.67368e-12  -7.65432e-12  -1.98201e-11  -7.45448e-12  -1.4365e-11  -2.86149e-11  -2.89142e-11  -1.7883e-11  -1.30864e-11  -8.45959e-11  -4.98672e-11  -3.61675e-11  -4.88733e-11  -4.59477e-11  -2.0361e-10  -2.12902e-10  -1.21556e-9  -1.41689e-9  -1.61205e-9  -5.10893e-9  -8.52765e-9
Target number of eigenvalues (nev) = 315
=== Starting Davidson with initial guess V0 number 1 ===
iter=     1  Rnorm=  2.701e+01  size(V,2)=   315
iter=     2  Rnorm=  5.102e+00  size(V,2)=   630
iter=     3  Rnorm=  1.692e+00  size(V,2)=   945
iter=     4  Rnorm=  4.826e-01  size(V,2)=  1260
iter=     5  Rnorm=  1.720e-01  size(V,2)=   630
iter=     6  Rnorm=  8.079e-02  size(V,2)=   945
iter=     7  Rnorm=  3.911e-02  size(V,2)=  1260
iter=     8  Rnorm=  2.697e-02  size(V,2)=   630
iter=     9  Rnorm=  2.247e-02  size(V,2)=   945
iter=    10  Rnorm=  1.506e-02  size(V,2)=  1260
iter=    11  Rnorm=  9.210e-03  size(V,2)=   630
iter=    12  Rnorm=  6.093e-03  size(V,2)=   945
iter=    13  Rnorm=  3.854e-03  size(V,2)=  1260
iter=    14  Rnorm=  3.120e-03  size(V,2)=   630
iter=    15  Rnorm=  3.069e-03  size(V,2)=   945
iter=    16  Rnorm=  3.168e-03  size(V,2)=  1260
iter=    17  Rnorm=  1.749e-03  size(V,2)=   630
iter=    18  Rnorm=  1.147e-03  size(V,2)=   945
iter=    19  Rnorm=  8.325e-04  size(V,2)=  1260
converged!
926.562043 seconds (86.74 k allocations: 27.051 GiB, 0.27% gc time)
Number of FLOPs: 51966583944660

Reading exact Eigenvalues...
Reading eigenvalues from ../MA_best/Eigenvalues_folder/eigenres_uracil_RNDbasis1.jld2

Compute the difference between computed and exact eigenvalues:
1×315 adjoint(::Vector{Float64}) with eltype Float64:
 -3.55271e-15  -3.55271e-15  7.10543e-15  -1.06581e-14  1.06581e-14  3.55271e-15  -7.10543e-15  1.06581e-14  3.55271e-15  -1.06581e-14  -7.10543e-15  -3.55271e-15  -1.77636e-15  0.0  -5.32907e-15  7.10543e-15  3.55271e-15  5.32907e-15  0.0  5.32907e-15  1.42109e-14  -5.32907e-15  0.0  0.0  3.55271e-15  -3.55271e-15  -7.10543e-15  1.77636e-15  5.32907e-15  -1.77636e-15  3.55271e-15  3.55271e-15  -7.10543e-15  0.0  0.0  -5.32907e-15  -1.77636e-15  -3.55271e-15  0.0  -3.55271e-15  -1.77636e-15  3.55271e-15  -8.88178e-15  -8.88178e-16  2.66454e-15  -8.88178e-15  2.66454e-15  7.99361e-15  8.88178e-15  5.32907e-15  -9.76996e-15  -7.99361e-15  6.21725e-15  3.55271e-15  -5.32907e-15  -8.88178e-16  -8.88178e-15  -3.55271e-15  6.21725e-15  0.0  -8.88178e-15  9.76996e-15  -2.66454e-15  -4.44089e-15  -8.88178e-16  6.21725e-15  -4.44089e-15  2.66454e-15  3.55271e-15  0.0  -5.32907e-15  8.88178e-16  6.21725e-15  1.77636e-15  -3.55271e-15  -1.77636e-15  5.32907e-15  -1.77636e-15  -7.99361e-15  -3.55271e-15  1.77636e-15  -6.21725e-15  -8.88178e-16  2.66454e-15  -8.88178e-16  -2.66454e-15  3.55271e-15  -5.32907e-15  2.66454e-15  -7.10543e-15  -5.32907e-15  6.21725e-15  -4.44089e-15  3.10862e-15  7.10543e-15  -5.77316e-15  3.9968e-15  1.19904e-14  -8.88178e-16  -7.10543e-15  -8.43769e-15  -6.66134e-15  1.33227e-15  -5.77316e-15  -2.66454e-15  -2.22045e-15  -2.22045e-15  -8.88178e-16  -3.10862e-15  -6.21725e-15  -1.11022e-14  5.32907e-15  1.33227e-15  -5.32907e-15  3.9968e-15  1.06581e-14  4.44089e-16  -1.77636e-15  -4.44089e-16  -5.32907e-15  7.54952e-15  -4.88498e-15  -4.44089e-15  0.0  -2.22045e-15  -7.10543e-15  -6.66134e-15  -2.66454e-15  2.22045e-15  4.44089e-15  -7.10543e-15  4.88498e-15  5.32907e-15  8.88178e-16  -7.99361e-15  -4.44089e-15  -6.66134e-15  -3.9968e-15  -7.54952e-15  -1.28786e-14  -6.21725e-15  -3.55271e-15  3.55271e-15  -4.44089e-15  0.0  1.28786e-14  -1.42109e-14  5.77316e-15  -1.59872e-14  -4.88498e-15  -1.68754e-14  1.19904e-14  -8.88178e-15  -6.21725e-15  -2.66454e-15  -1.33227e-15  5.32907e-15  7.10543e-15  1.5099e-14  -7.54952e-15  -3.10862e-15  1.46549e-14  -8.88178e-15  -4.88498e-15  -5.32907e-15  1.19904e-14  -1.5099e-14  -1.11022e-14  -1.95399e-14  9.76996e-15  4.44089e-16  1.19904e-14  2.04281e-14  4.44089e-16  -7.54952e-15  -1.77636e-14  1.95399e-14  -7.99361e-15  -1.15463e-14  -4.44089e-16  -1.5099e-14  1.90958e-14  -1.24345e-14  4.88498e-15  -1.77636e-14  2.13163e-14  3.10862e-15  -1.68754e-14  -1.55431e-14  1.59872e-14  -6.21725e-15  1.37668e-14  -5.77316e-15  -9.76996e-15  -1.5099e-14  7.99361e-15  2.04281e-14  4.44089e-15  -1.77636e-14  -9.76996e-15  -1.77636e-15  8.88178e-15  -1.33227e-15  1.77636e-15  -4.44089e-15  8.43769e-15  1.59872e-14  -9.32587e-15  8.88178e-15  -1.15463e-14  -1.68754e-14  -1.33227e-14  -7.10543e-15  -3.55271e-15  1.59872e-14  3.10862e-15  -9.76996e-15  5.32907e-15  -4.44089e-15  1.33227e-15  -2.22045e-14  2.08722e-14  2.28706e-14  -9.54792e-15  -1.55431e-15  2.4647e-14  -8.65974e-15  2.37588e-14  -1.82077e-14  1.70974e-14  2.44249e-15  -2.53131e-14  0.0  1.93179e-14  9.32587e-15  -1.9762e-14  -2.42029e-14  -2.75335e-14  -1.88738e-14  -2.30926e-14  -1.24345e-14  -1.70974e-14  1.77636e-15  -1.19904e-14  1.64313e-14  2.57572e-14  -8.88178e-15  1.77636e-14  1.68754e-14  -4.44089e-16  2.28706e-14  3.55271e-15  2.77556e-14  1.02141e-14  -2.90878e-14  -1.26565e-14  -1.77636e-14  -2.35367e-14  2.44249e-14  -8.65974e-15  -1.19904e-14  2.4869e-14  9.76996e-15  1.59872e-14  -2.73115e-14  9.99201e-15  2.02061e-14  -1.13243e-14  -1.57652e-14  -2.19824e-14  -1.28786e-14  -2.08722e-14  6.43929e-15  1.11022e-15  2.68674e-14  -2.19824e-14  2.90878e-14  -2.9976e-14  1.93179e-14  2.62013e-14  2.4647e-14  2.19824e-14  -2.4869e-14  -1.22125e-14  -4.57412e-14  -3.88578e-14  -3.5083e-14  -8.52651e-14  -8.34888e-14  -9.23706e-14  -1.65645e-13  -4.50751e-14  -1.62759e-13  -2.08278e-13  -5.2669e-13  -8.75522e-13  -2.3519e-12  -1.36313e-12  -4.19598e-12  -8.67195e-12  -6.35603e-12  -7.6319e-12  -2.00209e-11  -1.63121e-9  -4.305e-10  -1.48374e-9  -2.33116e-9  -4.18183e-9  -6.92181e-9  -6.63193e-9  -1.22605e-8  -1.17877e-8  -4.54874e-7  -2.80364e-7  -1.0764e-6
Target number of eigenvalues (nev) = 420
=== Starting Davidson with initial guess V0 number 1 ===
iter=     1  Rnorm=  1.796e+01  size(V,2)=   420
iter=     2  Rnorm=  4.080e+00  size(V,2)=   840
iter=     3  Rnorm=  2.055e+00  size(V,2)=  1260
iter=     4  Rnorm=  1.048e+00  size(V,2)=  1680
iter=     5  Rnorm=  7.497e-01  size(V,2)=   840
iter=     6  Rnorm=  6.607e-01  size(V,2)=  1260
iter=     7  Rnorm=  5.690e-01  size(V,2)=  1680
iter=     8  Rnorm=  5.289e-01  size(V,2)=   840
iter=     9  Rnorm=  5.097e-01  size(V,2)=  1260
iter=    10  Rnorm=  4.858e-01  size(V,2)=  1680
iter=    11  Rnorm=  4.738e-01  size(V,2)=   840
iter=    12  Rnorm=  4.652e-01  size(V,2)=  1260
iter=    13  Rnorm=  4.525e-01  size(V,2)=  1680
iter=    14  Rnorm=  4.469e-01  size(V,2)=   840
iter=    15  Rnorm=  4.419e-01  size(V,2)=  1260
iter=    16  Rnorm=  4.340e-01  size(V,2)=  1680
iter=    17  Rnorm=  4.305e-01  size(V,2)=   840
iter=    18  Rnorm=  4.264e-01  size(V,2)=  1260
iter=    19  Rnorm=  4.201e-01  size(V,2)=  1680
iter=    20  Rnorm=  4.173e-01  size(V,2)=   840
iter=    21  Rnorm=  4.137e-01  size(V,2)=  1260
iter=    22  Rnorm=  4.083e-01  size(V,2)=  1680
iter=    23  Rnorm=  4.057e-01  size(V,2)=   840
iter=    24  Rnorm=  4.020e-01  size(V,2)=  1260
iter=    25  Rnorm=  3.969e-01  size(V,2)=  1680
iter=    26  Rnorm=  3.943e-01  size(V,2)=   840
iter=    27  Rnorm=  3.910e-01  size(V,2)=  1260
iter=    28  Rnorm=  3.862e-01  size(V,2)=  1680
iter=    29  Rnorm=  3.842e-01  size(V,2)=   840
iter=    30  Rnorm=  3.814e-01  size(V,2)=  1260
iter=    31  Rnorm=  3.777e-01  size(V,2)=  1680
iter=    32  Rnorm=  3.761e-01  size(V,2)=   840
iter=    33  Rnorm=  3.735e-01  size(V,2)=  1260
iter=    34  Rnorm=  3.702e-01  size(V,2)=  1680
iter=    35  Rnorm=  3.687e-01  size(V,2)=   840
iter=    36  Rnorm=  3.663e-01  size(V,2)=  1260
iter=    37  Rnorm=  3.632e-01  size(V,2)=  1680
iter=    38  Rnorm=  3.618e-01  size(V,2)=   840
iter=    39  Rnorm=  3.595e-01  size(V,2)=  1260
iter=    40  Rnorm=  3.562e-01  size(V,2)=  1680
iter=    41  Rnorm=  3.548e-01  size(V,2)=   840
iter=    42  Rnorm=  3.526e-01  size(V,2)=  1260
iter=    43  Rnorm=  3.497e-01  size(V,2)=  1680
iter=    44  Rnorm=  3.484e-01  size(V,2)=   840
iter=    45  Rnorm=  3.462e-01  size(V,2)=  1260
iter=    46  Rnorm=  3.432e-01  size(V,2)=  1680
iter=    47  Rnorm=  3.420e-01  size(V,2)=   840
iter=    48  Rnorm=  3.399e-01  size(V,2)=  1260
iter=    49  Rnorm=  3.371e-01  size(V,2)=  1680
iter=    50  Rnorm=  3.359e-01  size(V,2)=   840
iter=    51  Rnorm=  3.338e-01  size(V,2)=  1260
iter=    52  Rnorm=  3.306e-01  size(V,2)=  1680
iter=    53  Rnorm=  3.294e-01  size(V,2)=   840
iter=    54  Rnorm=  3.273e-01  size(V,2)=  1260
iter=    55  Rnorm=  3.246e-01  size(V,2)=  1680
iter=    56  Rnorm=  3.235e-01  size(V,2)=   840
iter=    57  Rnorm=  3.215e-01  size(V,2)=  1260
iter=    58  Rnorm=  3.191e-01  size(V,2)=  1680
iter=    59  Rnorm=  3.181e-01  size(V,2)=   840
iter=    60  Rnorm=  3.162e-01  size(V,2)=  1260
iter=    61  Rnorm=  3.138e-01  size(V,2)=  1680
iter=    62  Rnorm=  3.129e-01  size(V,2)=   840
iter=    63  Rnorm=  3.111e-01  size(V,2)=  1260
iter=    64  Rnorm=  3.088e-01  size(V,2)=  1680
iter=    65  Rnorm=  3.079e-01  size(V,2)=   840
iter=    66  Rnorm=  3.061e-01  size(V,2)=  1260
iter=    67  Rnorm=  3.039e-01  size(V,2)=  1680
iter=    68  Rnorm=  3.030e-01  size(V,2)=   840
iter=    69  Rnorm=  3.014e-01  size(V,2)=  1260
iter=    70  Rnorm=  2.991e-01  size(V,2)=  1680
iter=    71  Rnorm=  2.982e-01  size(V,2)=   840
iter=    72  Rnorm=  2.965e-01  size(V,2)=  1260
iter=    73  Rnorm=  2.945e-01  size(V,2)=  1680
iter=    74  Rnorm=  2.937e-01  size(V,2)=   840
iter=    75  Rnorm=  2.922e-01  size(V,2)=  1260
iter=    76  Rnorm=  2.902e-01  size(V,2)=  1680
iter=    77  Rnorm=  2.894e-01  size(V,2)=   840
iter=    78  Rnorm=  2.878e-01  size(V,2)=  1260
iter=    79  Rnorm=  2.858e-01  size(V,2)=  1680
iter=    80  Rnorm=  2.850e-01  size(V,2)=   840
iter=    81  Rnorm=  2.835e-01  size(V,2)=  1260
iter=    82  Rnorm=  2.815e-01  size(V,2)=  1680
iter=    83  Rnorm=  2.808e-01  size(V,2)=   840
iter=    84  Rnorm=  2.793e-01  size(V,2)=  1260
iter=    85  Rnorm=  2.775e-01  size(V,2)=  1680
iter=    86  Rnorm=  2.768e-01  size(V,2)=   840
iter=    87  Rnorm=  2.754e-01  size(V,2)=  1260
iter=    88  Rnorm=  2.736e-01  size(V,2)=  1680
iter=    89  Rnorm=  2.729e-01  size(V,2)=   840
iter=    90  Rnorm=  2.715e-01  size(V,2)=  1260
iter=    91  Rnorm=  2.698e-01  size(V,2)=  1680
iter=    92  Rnorm=  2.691e-01  size(V,2)=   840
iter=    93  Rnorm=  2.677e-01  size(V,2)=  1260
iter=    94  Rnorm=  2.659e-01  size(V,2)=  1680
iter=    95  Rnorm=  2.652e-01  size(V,2)=   840
iter=    96  Rnorm=  2.638e-01  size(V,2)=  1260
iter=    97  Rnorm=  2.620e-01  size(V,2)=  1680
iter=    98  Rnorm=  2.613e-01  size(V,2)=   840
iter=    99  Rnorm=  2.600e-01  size(V,2)=  1260
iter=   100  Rnorm=  2.582e-01  size(V,2)=  1680
iter=   101  Rnorm=  2.576e-01  size(V,2)=   840
iter=   102  Rnorm=  2.562e-01  size(V,2)=  1260
iter=   103  Rnorm=  2.546e-01  size(V,2)=  1680
iter=   104  Rnorm=  2.539e-01  size(V,2)=   840
iter=   105  Rnorm=  2.526e-01  size(V,2)=  1260
iter=   106  Rnorm=  2.510e-01  size(V,2)=  1680
iter=   107  Rnorm=  2.504e-01  size(V,2)=   840
iter=   108  Rnorm=  2.492e-01  size(V,2)=  1260
iter=   109  Rnorm=  2.476e-01  size(V,2)=  1680
iter=   110  Rnorm=  2.470e-01  size(V,2)=   840
iter=   111  Rnorm=  2.458e-01  size(V,2)=  1260
iter=   112  Rnorm=  2.441e-01  size(V,2)=  1680
iter=   113  Rnorm=  2.434e-01  size(V,2)=   840
iter=   114  Rnorm=  2.422e-01  size(V,2)=  1260
iter=   115  Rnorm=  2.406e-01  size(V,2)=  1680
iter=   116  Rnorm=  2.399e-01  size(V,2)=   840
iter=   117  Rnorm=  2.388e-01  size(V,2)=  1260
iter=   118  Rnorm=  2.372e-01  size(V,2)=  1680
iter=   119  Rnorm=  2.366e-01  size(V,2)=   840
iter=   120  Rnorm=  2.354e-01  size(V,2)=  1260
iter=   121  Rnorm=  2.338e-01  size(V,2)=  1680
iter=   122  Rnorm=  2.331e-01  size(V,2)=   840
iter=   123  Rnorm=  2.320e-01  size(V,2)=  1260
iter=   124  Rnorm=  2.305e-01  size(V,2)=  1680
iter=   125  Rnorm=  2.299e-01  size(V,2)=   840
iter=   126  Rnorm=  2.288e-01  size(V,2)=  1260
iter=   127  Rnorm=  2.274e-01  size(V,2)=  1680
iter=   128  Rnorm=  2.269e-01  size(V,2)=   840
iter=   129  Rnorm=  2.258e-01  size(V,2)=  1260
iter=   130  Rnorm=  2.243e-01  size(V,2)=  1680
iter=   131  Rnorm=  2.237e-01  size(V,2)=   840
iter=   132  Rnorm=  2.226e-01  size(V,2)=  1260
iter=   133  Rnorm=  2.212e-01  size(V,2)=  1680
iter=   134  Rnorm=  2.206e-01  size(V,2)=   840
iter=   135  Rnorm=  2.196e-01  size(V,2)=  1260
iter=   136  Rnorm=  2.182e-01  size(V,2)=  1680
iter=   137  Rnorm=  2.176e-01  size(V,2)=   840
iter=   138  Rnorm=  2.165e-01  size(V,2)=  1260
iter=   139  Rnorm=  2.152e-01  size(V,2)=  1680
iter=   140  Rnorm=  2.147e-01  size(V,2)=   840
iter=   141  Rnorm=  2.137e-01  size(V,2)=  1260
iter=   142  Rnorm=  2.123e-01  size(V,2)=  1680
iter=   143  Rnorm=  2.118e-01  size(V,2)=   840
iter=   144  Rnorm=  2.107e-01  size(V,2)=  1260
iter=   145  Rnorm=  2.096e-01  size(V,2)=  1680
iter=   146  Rnorm=  2.091e-01  size(V,2)=   840
iter=   147  Rnorm=  2.081e-01  size(V,2)=  1260
iter=   148  Rnorm=  2.069e-01  size(V,2)=  1680
iter=   149  Rnorm=  2.064e-01  size(V,2)=   840
iter=   150  Rnorm=  2.054e-01  size(V,2)=  1260
iter=   151  Rnorm=  2.043e-01  size(V,2)=  1680
iter=   152  Rnorm=  2.037e-01  size(V,2)=   840
iter=   153  Rnorm=  2.028e-01  size(V,2)=  1260
iter=   154  Rnorm=  2.015e-01  size(V,2)=  1680
iter=   155  Rnorm=  2.010e-01  size(V,2)=   840
iter=   156  Rnorm=  2.000e-01  size(V,2)=  1260
iter=   157  Rnorm=  1.988e-01  size(V,2)=  1680
iter=   158  Rnorm=  1.984e-01  size(V,2)=   840
iter=   159  Rnorm=  1.975e-01  size(V,2)=  1260
iter=   160  Rnorm=  1.963e-01  size(V,2)=  1680
iter=   161  Rnorm=  1.958e-01  size(V,2)=   840
iter=   162  Rnorm=  1.949e-01  size(V,2)=  1260
iter=   163  Rnorm=  1.938e-01  size(V,2)=  1680
iter=   164  Rnorm=  1.933e-01  size(V,2)=   840
iter=   165  Rnorm=  1.924e-01  size(V,2)=  1260
iter=   166  Rnorm=  1.913e-01  size(V,2)=  1680
iter=   167  Rnorm=  1.908e-01  size(V,2)=   840
iter=   168  Rnorm=  1.900e-01  size(V,2)=  1260
iter=   169  Rnorm=  1.889e-01  size(V,2)=  1680
iter=   170  Rnorm=  1.884e-01  size(V,2)=   840
iter=   171  Rnorm=  1.875e-01  size(V,2)=  1260
iter=   172  Rnorm=  1.864e-01  size(V,2)=  1680
iter=   173  Rnorm=  1.859e-01  size(V,2)=   840
iter=   174  Rnorm=  1.850e-01  size(V,2)=  1260
iter=   175  Rnorm=  1.839e-01  size(V,2)=  1680
iter=   176  Rnorm=  1.834e-01  size(V,2)=   840
iter=   177  Rnorm=  1.826e-01  size(V,2)=  1260
iter=   178  Rnorm=  1.815e-01  size(V,2)=  1680
iter=   179  Rnorm=  1.811e-01  size(V,2)=   840
iter=   180  Rnorm=  1.803e-01  size(V,2)=  1260
iter=   181  Rnorm=  1.792e-01  size(V,2)=  1680
iter=   182  Rnorm=  1.788e-01  size(V,2)=   840
iter=   183  Rnorm=  1.780e-01  size(V,2)=  1260
iter=   184  Rnorm=  1.769e-01  size(V,2)=  1680
iter=   185  Rnorm=  1.765e-01  size(V,2)=   840
iter=   186  Rnorm=  1.757e-01  size(V,2)=  1260
iter=   187  Rnorm=  1.747e-01  size(V,2)=  1680
iter=   188  Rnorm=  1.743e-01  size(V,2)=   840
iter=   189  Rnorm=  1.735e-01  size(V,2)=  1260
iter=   190  Rnorm=  1.725e-01  size(V,2)=  1680
iter=   191  Rnorm=  1.721e-01  size(V,2)=   840
iter=   192  Rnorm=  1.713e-01  size(V,2)=  1260
iter=   193  Rnorm=  1.703e-01  size(V,2)=  1680
iter=   194  Rnorm=  1.699e-01  size(V,2)=   840
iter=   195  Rnorm=  1.691e-01  size(V,2)=  1260
iter=   196  Rnorm=  1.681e-01  size(V,2)=  1680
iter=   197  Rnorm=  1.677e-01  size(V,2)=   840
iter=   198  Rnorm=  1.670e-01  size(V,2)=  1260
iter=   199  Rnorm=  1.660e-01  size(V,2)=  1680
iter=   200  Rnorm=  1.657e-01  size(V,2)=   840
Max iterations (200) reached without full expected convergence. Returning what we have.
13655.759173 seconds (1.28 M allocations: 396.633 GiB, 0.23% gc time)
Number of FLOPs: 766847564044800

Reading exact Eigenvalues...
Reading eigenvalues from ../MA_best/Eigenvalues_folder/eigenres_uracil_RNDbasis1.jld2

Compute the difference between computed and exact eigenvalues:
1×420 adjoint(::Vector{Float64}) with eltype Float64:
 -7.10543e-15  -3.55271e-15  1.06581e-14  -3.55271e-15  1.42109e-14  3.55271e-15  -7.10543e-15  1.42109e-14  3.55271e-15  -1.42109e-14  -1.06581e-14  0.0  -7.10543e-15  -5.32907e-15  -5.32907e-15  0.0  -7.10543e-15  0.0  -1.77636e-15  -5.32907e-15  5.32907e-15  -1.77636e-15  1.77636e-15  7.10543e-15  0.0  -1.77636e-15  1.77636e-15  0.0  1.06581e-14  1.77636e-15  3.55271e-15  -5.32907e-15  -3.55271e-15  0.0  0.0  -7.10543e-15  -7.10543e-15  1.77636e-15  5.32907e-15  1.77636e-15  1.77636e-15  -3.55271e-15  0.0  -7.10543e-15  4.44089e-15  6.21725e-15  -2.66454e-15  2.66454e-15  2.66454e-15  3.55271e-15  -4.44089e-15  2.66454e-15  2.66454e-15  2.66454e-15  1.77636e-15  8.88178e-16  -8.88178e-16  -1.77636e-15  -3.55271e-15  2.66454e-15  8.88178e-16  6.21725e-15  -6.21725e-15  5.32907e-15  8.88178e-16  1.77636e-15  1.77636e-15  3.55271e-15  -1.77636e-15  -3.55271e-15  -2.66454e-15  2.66454e-15  -2.66454e-15  -4.44089e-15  -4.44089e-15  5.32907e-15  1.77636e-15  -1.77636e-15  7.10543e-15  4.44089e-15  -4.44089e-15  8.88178e-16  -4.44089e-15  7.99361e-15  -2.66454e-15  -4.44089e-15  8.88178e-16  2.66454e-15  -5.32907e-15  -5.32907e-15  1.15463e-14  -2.66454e-15  0.0  1.06581e-14  4.44089e-16  1.33227e-15  -4.44089e-15  -2.22045e-15  -7.10543e-15  9.32587e-15  -1.77636e-15  -7.54952e-15  -4.88498e-15  0.0  4.88498e-15  -9.32587e-15  1.19904e-14  2.22045e-15  3.55271e-15  8.88178e-16  -7.54952e-15  -4.88498e-15  1.77636e-15  1.77636e-15  -8.88178e-16  -1.77636e-15  2.22045e-15  1.19904e-14  7.10543e-15  0.0  3.55271e-15  8.43769e-15  -5.32907e-15  1.46549e-14  2.66454e-15  -1.77636e-15  7.54952e-15  5.32907e-15  -6.21725e-15  1.42109e-14  -3.55271e-15  1.15463e-14  1.33227e-15  -3.10862e-15  6.21725e-15  0.0  -6.66134e-15  1.77636e-15  1.06581e-14  -3.55271e-15  -7.10543e-15  -3.9968e-15  1.77636e-15  1.55431e-14  -1.33227e-15  -3.10862e-15  -7.54952e-15  3.9968e-15  -6.21725e-15  2.22045e-15  7.10543e-15  -8.88178e-15  -8.43769e-15  5.77316e-15  -4.44089e-15  -5.77316e-15  -7.10543e-15  -7.10543e-15  -1.42109e-14  6.66134e-15  7.54952e-15  7.99361e-15  2.22045e-15  -2.22045e-15  1.64313e-14  -1.77636e-15  1.33227e-14  -1.64313e-14  -4.44089e-16  3.10862e-15  -2.66454e-15  -4.88498e-15  1.64313e-14  6.21725e-15  7.10543e-15  -1.5099e-14  -1.37668e-14  8.43769e-15  -1.77636e-15  -7.10543e-15  -3.55271e-15  -7.54952e-15  -1.77636e-15  -1.77636e-14  9.32587e-15  -1.33227e-14  7.99361e-15  -7.54952e-15  8.88178e-16  7.99361e-15  1.77636e-15  -1.82077e-14  -4.44089e-15  7.54952e-15  -1.5099e-14  9.76996e-15  3.9968e-15  -1.46549e-14  -1.82077e-14  -3.10862e-15  -1.95399e-14  -5.77316e-15  -1.02141e-14  -8.88178e-15  -3.55271e-15  -7.10543e-15  -2.35367e-14  1.37668e-14  5.77316e-15  -3.55271e-15  -5.77316e-15  1.68754e-14  1.90958e-14  -4.44089e-15  -5.32907e-15  -2.22045e-14  -4.44089e-15  -1.59872e-14  -1.64313e-14  -7.99361e-15  -7.10543e-15  -1.64313e-14  -1.82077e-14  -1.04361e-14  2.55351e-14  1.95399e-14  2.22045e-14  -1.95399e-14  -4.66294e-15  -2.08722e-14  -8.21565e-15  -1.9984e-15  -2.66454e-15  -4.21885e-15  -1.15463e-14  -2.42029e-14  2.4647e-14  -1.9984e-15  3.10862e-15  -7.32747e-15  -5.32907e-15  1.15463e-14  2.59792e-14  -1.90958e-14  -8.65974e-15  -2.08722e-14  1.86517e-14  2.42029e-14  2.13163e-14  2.4647e-14  -6.66134e-16  1.17684e-14  -2.53131e-14  2.53131e-14  5.77316e-15  -2.73115e-14  2.37588e-14  1.02141e-14  5.55112e-15  -8.88178e-15  -2.59792e-14  -1.11022e-14  -1.17684e-14  1.57652e-14  -9.32587e-15  -2.64233e-14  -4.44089e-15  -1.42109e-14  2.22045e-16  -1.33227e-14  -4.66294e-15  2.68674e-14  2.68674e-14  1.66533e-14  -1.57652e-14  1.73195e-14  2.86438e-14  -1.04361e-14  -5.32907e-15  1.26565e-14  -5.32907e-15  9.54792e-15  4.21885e-15  3.10862e-15  1.77636e-15  1.93179e-14  -1.9984e-14  -1.17684e-14  -1.44329e-14  6.88338e-15  -9.10383e-15  -3.9968e-15  5.55112e-15  2.77556e-14  1.70974e-14  -1.02141e-14  -3.21965e-14  -1.59872e-14  -2.08722e-14  -2.9976e-14  1.75415e-14  -2.42029e-14  1.77636e-14  -4.44089e-16  3.21965e-14  1.70974e-14  1.15463e-14  2.93099e-14  1.79856e-14  -3.04201e-14  1.59872e-14  3.15303e-14  6.21725e-15  -3.13083e-14  -7.32747e-15  -2.42029e-14  1.35447e-14  -2.30926e-14  -2.44249e-15  -9.32587e-15  2.4869e-14  5.77316e-15  -1.79856e-14  1.77636e-15  -6.21725e-15  -1.28786e-14  3.19744e-14  1.90958e-14  -3.06422e-14  -7.77156e-15  5.10703e-15  -2.68674e-14  -2.24265e-14  -2.15383e-14  2.22045e-16  3.28626e-14  2.26485e-14  1.46549e-14  2.04281e-14  -2.57572e-14  -2.39808e-14  -1.55431e-14  -6.88338e-15  3.01981e-14  2.5091e-14  1.75415e-14  3.24185e-14  -4.44089e-16  -1.02141e-14  8.88178e-16  -2.66587e-12  -3.04201e-14  -6.94664e-7  -1.05991e-7  -2.86712e-9  -5.20783e-11  -7.18311e-10  -4.29463e-7  -4.62695e-9  -5.64333e-10  -6.07692e-5  -5.92249e-6  -4.29709e-5  -7.05232e-6  -2.44992e-5  -1.31671e-5  -6.07609e-5  -5.17076e-5  -7.34537e-6  -3.84042e-5  -6.03594e-5  -3.0053e-5  -2.67603e-5  -3.28229e-5  -9.53578e-5  -8.65991e-5  -7.74719e-5  -5.98873e-5  -5.93771e-5  -9.58734e-5  -6.55173e-5  -5.2298e-5  -0.000123405  -0.00014828  -7.26953e-5  -8.88776e-5  -2.43243e-5  -1.32644e-5  -0.000265586  -0.00013704  -9.56201e-5  -0.000119709  -0.000144994  -0.000267291  -0.000278541  -0.000234025  -0.000214547  -0.000191026  -0.000342154  -0.000284272  -0.000196047  -0.000236122  -0.000248655  -0.000211718  -0.000219114  -0.000249019  -0.00019019  -0.000182682  -0.000176507  -0.000245904  -0.00021853  -0.000265477  -0.000321914  -0.000338766  -0.000335318  -0.00030627  -0.000326374  -0.000330772  -0.000230654  -0.000325197
