Processing molecule: formaldehyde
Running with beta = 25
Running with l = 60
Starting Davidson with n_aux = 400, l_buffer = 78, lc = 60, thresh = 0.0015, max_iter = 100
Iter 1: V_size = 32, Converged = 0, ‖r‖ (largest λ) = 13.457112320655282
Iter 2: V_size = 64, Converged = 0, ‖r‖ (largest λ) = 0.10674281193633207
Iter 3: V_size = 125, Converged = 3, ‖r‖ (largest λ) = 0.0006328766513388184
Iter 4: V_size = 195, Converged = 8, ‖r‖ (largest λ) = 122.04425976941307
Iter 5: V_size = 258, Converged = 15, ‖r‖ (largest λ) = 0.0002017487115208919
Iter 6: V_size = 301, Converged = 35, ‖r‖ (largest λ) = 0.0008170498853051861
Iter 7: V_size = 334, Converged = 45, ‖r‖ (largest λ) = 0.0005845827930102365
Iter 8: V_size = 366, Converged = 46, ‖r‖ (largest λ) = 23.745717634677007
Iter 9: V_size = 392, Converged = 52, ‖r‖ (largest λ) = 27.177667703377153
Hybrid Davidson-JD corrections at iteration 10
Total MINRES iterations: 31
Iter 10: V_size = 50, Converged = 53, ‖r‖ (largest λ) = 69.58628374249105
Converged all required eigenvalues (cluster-aware). Iter = 11
 91.184811 seconds (1.87 M allocations: 111.612 GiB, 0.48% gc time, 0.30% compilation time)
Number of FLOPs: 101344269026

Reading exact Eigenvalues...
Reading eigenvalues from ../MA_best/Eigenvalues_folder/eigenres_formaldehyde_RNDbasis1.jld2

Compute the difference between computed and exact eigenvalues:
  1: 27.1185424333 (computed) - 27.1185424333 (exact) = -1.0136e-11
  2: 24.7321119516 (computed) - 24.7321119516 (exact) = -2.9811e-11
  3: 24.3879937935 (computed) - 24.3879937935 (exact) = -3.8153e-11
  4: 13.3772885724 (computed) - 13.3772885724 (exact) = -7.2880e-11
  5: 12.9587048246 (computed) - 12.9587048246 (exact) = -1.7758e-11
  6: 11.8262997382 (computed) - 11.8262997383 (exact) = -9.6815e-11
  7: 11.6021118864 (computed) - 11.6021118864 (exact) = -2.7642e-11
  8: 11.4743278221 (computed) - 11.4743278224 (exact) = -3.2374e-10
  9: 9.4405831066 (computed) - 9.4405831066 (exact) = -1.7941e-13
 10: 9.2248358706 (computed) - 9.2248358706 (exact) = -6.3949e-14
 11: 7.9459051650 (computed) - 7.9459051650 (exact) = -3.8920e-12
 12: 6.8089396902 (computed) - 6.8089396904 (exact) = -1.8927e-10
 13: 6.7700837571 (computed) - 6.7700837574 (exact) = -2.9490e-10
 14: 6.7368524951 (computed) - 6.7368524954 (exact) = -3.0543e-10
 15: 6.0276363641 (computed) - 6.0276363658 (exact) = -1.7459e-09
 16: 5.5818656585 (computed) - 5.5818656585 (exact) = -5.2758e-13
 17: 5.2378616447 (computed) - 5.2378616448 (exact) = -4.7606e-12
 18: 5.0658460100 (computed) - 5.0658460100 (exact) = -7.2450e-11
 19: 4.9757475577 (computed) - 4.9757475577 (exact) = -7.2804e-12
 20: 4.4708491237 (computed) - 4.4708491240 (exact) = -3.1977e-10
 21: 4.4143554089 (computed) - 4.4143554089 (exact) = -1.0425e-11
 22: 4.2560780307 (computed) - 4.2560780310 (exact) = -2.4832e-10
 23: 4.1546260221 (computed) - 4.1546260235 (exact) = -1.3607e-09
 24: 4.0438456923 (computed) - 4.0438456933 (exact) = -1.0175e-09
 25: 4.0352191651 (computed) - 4.0352191657 (exact) = -5.9679e-10
 26: 4.0143803972 (computed) - 4.0143803978 (exact) = -6.1121e-10
 27: 3.9326704366 (computed) - 3.9326704383 (exact) = -1.7368e-09
 28: 3.7840541887 (computed) - 3.7840541969 (exact) = -8.1395e-09
 29: 3.7043565371 (computed) - 3.7043565506 (exact) = -1.3488e-08
 30: 3.6989880833 (computed) - 3.6989880952 (exact) = -1.1931e-08
 31: 3.6779018723 (computed) - 3.6779018748 (exact) = -2.4773e-09
 32: 3.5839269980 (computed) - 3.5839270077 (exact) = -9.7333e-09
 33: 3.5719802887 (computed) - 3.5719803070 (exact) = -1.8317e-08
 34: 3.4595048948 (computed) - 3.4595049177 (exact) = -2.2855e-08
 35: 3.4357742118 (computed) - 3.4357742118 (exact) = -7.1596e-12
 36: 3.4211639772 (computed) - 3.4211639908 (exact) = -1.3573e-08
 37: 3.1381141576 (computed) - 3.1381141576 (exact) = -2.4408e-11
 38: 3.1221131856 (computed) - 3.1221131856 (exact) = -1.1021e-11
 39: 3.1036461893 (computed) - 3.1036461894 (exact) = -1.9267e-11
 40: 3.0813621791 (computed) - 3.0813621791 (exact) = -3.1058e-11
 41: 3.0766314325 (computed) - 3.0766314325 (exact) = -3.5254e-11
 42: 2.7798092299 (computed) - 2.7798092300 (exact) = -9.7660e-11
 43: 2.6139893341 (computed) - 2.6139893345 (exact) = -4.0330e-10
 44: 2.5745578092 (computed) - 2.5745578099 (exact) = -6.4595e-10
 45: 2.5662765189 (computed) - 2.5662765192 (exact) = -2.2457e-10
 46: 2.5570363072 (computed) - 2.5570363072 (exact) =  1.0805e-12
 47: 2.4944683000 (computed) - 2.4944683000 (exact) =  1.8470e-12
 48: 2.4060697482 (computed) - 2.4060697482 (exact) =  2.7871e-12
 49: 2.3914455100 (computed) - 2.3914455100 (exact) =  4.6141e-13
 50: 2.2865085161 (computed) - 2.2865085161 (exact) =  7.5269e-12
 51: 2.2449785817 (computed) - 2.2449785817 (exact) =  7.3577e-12
 52: 2.1880506223 (computed) - 2.1880506223 (exact) =  2.2795e-12
 53: 2.1866507036 (computed) - 2.1866507036 (exact) =  1.0279e-11
 54: 2.1599084770 (computed) - 2.1599084770 (exact) =  6.9076e-11
 55: 2.1496930397 (computed) - 2.1496930397 (exact) =  4.0523e-11
 56: 2.1260327321 (computed) - 2.1260327321 (exact) =  9.1740e-12
 57: 2.1186601814 (computed) - 2.1186601814 (exact) =  4.7066e-11
 58: 2.0230226048 (computed) - 2.0230226048 (exact) =  3.8441e-11
 59: 2.0004139094 (computed) - 2.0004139093 (exact) =  7.4741e-11
 60: 1.9737287721 (computed) - 1.9737287721 (exact) =  3.0235e-11
60 Eigenvalues converges, out of 60 requested.
Running with l = 300
Starting Davidson with n_aux = 750, l_buffer = 390, lc = 301, thresh = 0.002, max_iter = 100
Iter 1: V_size = 60, Converged = 0, ‖r‖ (largest λ) = 8.534457358664458
Iter 2: V_size = 120, Converged = 0, ‖r‖ (largest λ) = 0.02429641433861197
Iter 3: V_size = 234, Converged = 6, ‖r‖ (largest λ) = 2.855609934717381e-5
Iter 4: V_size = 456, Converged = 18, ‖r‖ (largest λ) = 243.28151929676778
Iter 5: V_size = 696, Converged = 42, ‖r‖ (largest λ) = 0.0001812567475253627
Iter 6: V_size = 572, Converged = 104, ‖r‖ (largest λ) = 0.0004003930430507245
Iter 7: V_size = 494, Converged = 143, ‖r‖ (largest λ) = 0.00027910510135825537
Iter 8: V_size = 729, Converged = 155, ‖r‖ (largest λ) = 0.0014707690420767733
Iter 9: V_size = 466, Converged = 157, ‖r‖ (largest λ) = 1.769916834949343
Hybrid Davidson-JD corrections at iteration 10
Total MINRES iterations: 887
Iter 10: V_size = 699, Converged = 157, ‖r‖ (largest λ) = 51.93028457146796
Hybrid Davidson-JD corrections at iteration 11
Total MINRES iterations: 325
Iter 11: V_size = 210, Converged = 285, ‖r‖ (largest λ) = 0.0010686087621285599
Hybrid Davidson-JD corrections at iteration 12
Total MINRES iterations: 100
Iter 12: V_size = 305, Converged = 295, ‖r‖ (largest λ) = 0.0013548993141177478
Hybrid Davidson-JD corrections at iteration 13
Total MINRES iterations: 23
Iter 13: V_size = 400, Converged = 295, ‖r‖ (largest λ) = 177.61816055368013
Hybrid Davidson-JD corrections at iteration 14
Total MINRES iterations: 8
Iter 14: V_size = 495, Converged = 295, ‖r‖ (largest λ) = 69.99088848319684
Hybrid Davidson-JD corrections at iteration 15
Iter 15: V_size = 588, Converged = 297, ‖r‖ (largest λ) = 0.0018227372847389653
Hybrid Davidson-JD corrections at iteration 16
Total MINRES iterations: 57
Iter 16: V_size = 681, Converged = 297, ‖r‖ (largest λ) = 146.50359966691556
Hybrid Davidson-JD corrections at iteration 17
Total MINRES iterations: 31
Iter 17: V_size = 182, Converged = 299, ‖r‖ (largest λ) = 258.85155815907126
Hybrid Davidson-JD corrections at iteration 18
Iter 18: V_size = 272, Converged = 300, ‖r‖ (largest λ) = 0.0006498222530288179
Hybrid Davidson-JD corrections at iteration 19
Total MINRES iterations: 8
Iter 19: V_size = 362, Converged = 300, ‖r‖ (largest λ) = 39.78832328666039
Hybrid Davidson-JD corrections at iteration 20
Total MINRES iterations: 3
Iter 20: V_size = 452, Converged = 300, ‖r‖ (largest λ) = 191.2248267895611
Hybrid Davidson-JD corrections at iteration 21
Iter 21: V_size = 542, Converged = 300, ‖r‖ (largest λ) = 0.004688023570124969
Hybrid Davidson-JD corrections at iteration 22
Total MINRES iterations: 25
Iter 22: V_size = 632, Converged = 300, ‖r‖ (largest λ) = 0.004682767958251363
Converged all required eigenvalues (cluster-aware). Iter = 23
723.331849 seconds (35.60 M allocations: 2.414 TiB, 0.98% gc time)
Number of FLOPs: 4638192322148

Reading exact Eigenvalues...
Reading eigenvalues from ../MA_best/Eigenvalues_folder/eigenres_formaldehyde_RNDbasis1.jld2

Compute the difference between computed and exact eigenvalues:
  1: 27.1185424333 (computed) - 27.1185424333 (exact) = -1.7764e-14
  2: 24.7321119516 (computed) - 24.7321119516 (exact) = -1.3145e-13
  3: 24.3879937935 (computed) - 24.3879937935 (exact) = -1.4921e-13
  4: 13.3772885716 (computed) - 13.3772885724 (exact) = -8.2087e-10
  5: 12.9587048239 (computed) - 12.9587048246 (exact) = -6.6177e-10
  6: 11.8262997383 (computed) - 11.8262997383 (exact) = -1.9540e-14
  7: 11.6021118855 (computed) - 11.6021118864 (exact) = -9.3482e-10
  8: 11.4743278224 (computed) - 11.4743278224 (exact) = -7.8160e-14
  9: 9.4405831066 (computed) - 9.4405831066 (exact) = -1.4211e-12
 10: 9.2248358706 (computed) - 9.2248358706 (exact) = -4.8139e-13
 11: 7.9459051649 (computed) - 7.9459051650 (exact) = -3.2020e-11
 12: 6.8089396903 (computed) - 6.8089396904 (exact) = -9.3372e-11
 13: 6.7700837573 (computed) - 6.7700837574 (exact) = -7.3030e-11
 14: 6.7368524951 (computed) - 6.7368524954 (exact) = -2.9589e-10
 15: 6.0276363652 (computed) - 6.0276363658 (exact) = -6.1996e-10
 16: 5.5818656559 (computed) - 5.5818656585 (exact) = -2.6711e-09
 17: 5.2378616309 (computed) - 5.2378616448 (exact) = -1.3883e-08
 18: 5.0658460100 (computed) - 5.0658460100 (exact) = -1.1191e-12
 19: 4.9757475433 (computed) - 4.9757475577 (exact) = -1.4399e-08
 20: 4.4708491240 (computed) - 4.4708491240 (exact) = -4.1096e-12
 21: 4.4143554089 (computed) - 4.4143554089 (exact) = -4.4711e-12
 22: 4.2560780309 (computed) - 4.2560780310 (exact) = -4.0444e-11
 23: 4.1546260234 (computed) - 4.1546260235 (exact) = -4.7209e-11
 24: 4.0438456932 (computed) - 4.0438456933 (exact) = -2.0564e-11
 25: 4.0352191657 (computed) - 4.0352191657 (exact) = -5.1454e-11
 26: 4.0143803978 (computed) - 4.0143803978 (exact) = -2.4081e-11
 27: 3.9326704383 (computed) - 3.9326704383 (exact) = -1.4734e-11
 28: 3.7840541967 (computed) - 3.7840541969 (exact) = -1.7822e-10
 29: 3.7043565502 (computed) - 3.7043565506 (exact) = -3.5073e-10
 30: 3.6989880949 (computed) - 3.6989880952 (exact) = -3.1317e-10
 31: 3.6779018746 (computed) - 3.6779018748 (exact) = -2.2412e-10
 32: 3.5839270073 (computed) - 3.5839270077 (exact) = -4.0821e-10
 33: 3.5719803065 (computed) - 3.5719803070 (exact) = -4.3796e-10
 34: 3.4595049170 (computed) - 3.4595049177 (exact) = -6.3400e-10
 35: 3.4357742111 (computed) - 3.4357742118 (exact) = -7.1781e-10
 36: 3.4211639894 (computed) - 3.4211639908 (exact) = -1.4261e-09
 37: 3.1381141534 (computed) - 3.1381141576 (exact) = -4.2186e-09
 38: 3.1221131790 (computed) - 3.1221131856 (exact) = -6.6286e-09
 39: 3.1036461856 (computed) - 3.1036461894 (exact) = -3.7813e-09
 40: 3.0813621546 (computed) - 3.0813621791 (exact) = -2.4517e-08
 41: 3.0766314155 (computed) - 3.0766314325 (exact) = -1.7045e-08
 42: 2.7798091954 (computed) - 2.7798092300 (exact) = -3.4599e-08
 43: 2.6139893347 (computed) - 2.6139893345 (exact) =  2.1863e-10
 44: 2.5745578099 (computed) - 2.5745578099 (exact) =  3.0891e-11
 45: 2.5662765192 (computed) - 2.5662765192 (exact) =  3.5247e-11
 46: 2.5570363073 (computed) - 2.5570363072 (exact) =  8.8065e-11
 47: 2.4944683002 (computed) - 2.4944683000 (exact) =  1.9193e-10
 48: 2.4060697483 (computed) - 2.4060697482 (exact) =  7.7824e-11
 49: 2.3914455100 (computed) - 2.3914455100 (exact) =  7.3535e-11
 50: 2.2865085161 (computed) - 2.2865085161 (exact) = -9.6292e-12
 51: 2.2449785818 (computed) - 2.2449785817 (exact) =  1.3420e-10
 52: 2.1880506227 (computed) - 2.1880506223 (exact) =  4.0880e-10
 53: 2.1866507040 (computed) - 2.1866507036 (exact) =  3.2471e-10
 54: 2.1599084771 (computed) - 2.1599084770 (exact) =  9.6447e-11
 55: 2.1496930397 (computed) - 2.1496930397 (exact) = -4.4324e-11
 56: 2.1260327320 (computed) - 2.1260327321 (exact) = -7.4076e-11
 57: 2.1186601813 (computed) - 2.1186601814 (exact) = -1.2424e-10
 58: 2.0230226046 (computed) - 2.0230226048 (exact) = -1.3850e-10
 59: 2.0004139086 (computed) - 2.0004139093 (exact) = -7.7096e-10
 60: 1.9737287719 (computed) - 1.9737287721 (exact) = -1.6222e-10
 61: 1.9188052437 (computed) - 1.9188052440 (exact) = -2.8256e-10
 62: 1.8712935873 (computed) - 1.8712935921 (exact) = -4.7896e-09
 63: 1.8611786573 (computed) - 1.8611786601 (exact) = -2.8648e-09
 64: 1.8582548417 (computed) - 1.8582548452 (exact) = -3.5278e-09
 65: 1.8437167367 (computed) - 1.8437167384 (exact) = -1.7038e-09
 66: 1.8006298861 (computed) - 1.8006298914 (exact) = -5.2549e-09
 67: 1.7935119205 (computed) - 1.7935119246 (exact) = -4.1316e-09
 68: 1.7905259508 (computed) - 1.7905259547 (exact) = -3.9264e-09
 69: 1.7846830165 (computed) - 1.7846830241 (exact) = -7.5606e-09
 70: 1.7303261007 (computed) - 1.7303261116 (exact) = -1.0878e-08
 71: 1.7189076680 (computed) - 1.7189076787 (exact) = -1.0751e-08
 72: 1.6730201767 (computed) - 1.6730201858 (exact) = -9.1188e-09
 73: 1.6096910854 (computed) - 1.6096911093 (exact) = -2.3951e-08
 74: 1.6085549739 (computed) - 1.6085549899 (exact) = -1.6063e-08
 75: 1.6075156144 (computed) - 1.6075156217 (exact) = -7.3263e-09
 76: 1.6059629529 (computed) - 1.6059629832 (exact) = -3.0288e-08
 77: 1.5620633062 (computed) - 1.5620633229 (exact) = -1.6698e-08
 78: 1.5543775814 (computed) - 1.5543775910 (exact) = -9.5720e-09
 79: 1.5199951717 (computed) - 1.5199951964 (exact) = -2.4733e-08
 80: 1.5193887978 (computed) - 1.5193888510 (exact) = -5.3238e-08
 81: 1.5161871701 (computed) - 1.5161872474 (exact) = -7.7324e-08
 82: 1.4940994410 (computed) - 1.4940995376 (exact) = -9.6603e-08
 83: 1.4627193066 (computed) - 1.4627194867 (exact) = -1.8016e-07
 84: 1.4349988942 (computed) - 1.4349989689 (exact) = -7.4679e-08
 85: 1.4302989038 (computed) - 1.4302990186 (exact) = -1.1485e-07
 86: 1.4192603368 (computed) - 1.4192604029 (exact) = -6.6094e-08
 87: 1.4087591541 (computed) - 1.4087593277 (exact) = -1.7360e-07
 88: 1.4017245405 (computed) - 1.4017246701 (exact) = -1.2955e-07
 89: 1.3745863580 (computed) - 1.3745866196 (exact) = -2.6160e-07
 90: 1.3723713450 (computed) - 1.3723714531 (exact) = -1.0805e-07
 91: 1.3641793899 (computed) - 1.3641796160 (exact) = -2.2606e-07
 92: 1.3590294470 (computed) - 1.3590295688 (exact) = -1.2181e-07
 93: 1.3497735889 (computed) - 1.3497737601 (exact) = -1.7117e-07
 94: 1.3206358570 (computed) - 1.3206359818 (exact) = -1.2489e-07
 95: 1.3080209358 (computed) - 1.3080213109 (exact) = -3.7504e-07
 96: 1.3069419405 (computed) - 1.3069423895 (exact) = -4.4905e-07
 97: 1.3034490074 (computed) - 1.3034492715 (exact) = -2.6405e-07
 98: 1.2569265594 (computed) - 1.2569270368 (exact) = -4.7744e-07
 99: 1.2382824506 (computed) - 1.2382831239 (exact) = -6.7332e-07
100: 1.2255581493 (computed) - 1.2255590694 (exact) = -9.2009e-07
101: 1.1978924714 (computed) - 1.1978924710 (exact) =  4.3158e-10
102: 1.1949415073 (computed) - 1.1949420019 (exact) = -4.9459e-07
103: 1.1795707230 (computed) - 1.1795707220 (exact) =  1.0708e-09
104: 1.1715144808 (computed) - 1.1715155865 (exact) = -1.1057e-06
105: 1.1500295041 (computed) - 1.1500295041 (exact) =  2.0987e-11
106: 1.1434700704 (computed) - 1.1434713305 (exact) = -1.2601e-06
107: 1.1431584963 (computed) - 1.1431584934 (exact) =  2.9545e-09
108: 1.1419026412 (computed) - 1.1419031660 (exact) = -5.2482e-07
109: 1.1363322385 (computed) - 1.1363322331 (exact) =  5.3923e-09
110: 1.1102721629 (computed) - 1.1102721630 (exact) = -1.1861e-10
111: 1.0964155328 (computed) - 1.0964155327 (exact) =  1.6224e-10
112: 1.0867136177 (computed) - 1.0867136167 (exact) =  1.0064e-09
113: 1.0698104973 (computed) - 1.0698104970 (exact) =  3.1174e-10
114: 1.0649637217 (computed) - 1.0649637213 (exact) =  3.6820e-10
115: 1.0526418268 (computed) - 1.0526418321 (exact) = -5.2891e-09
116: 1.0431804312 (computed) - 1.0431804501 (exact) = -1.8821e-08
117: 1.0418730848 (computed) - 1.0418730903 (exact) = -5.5062e-09
118: 1.0399910245 (computed) - 1.0399910252 (exact) = -6.2582e-10
119: 1.0224022063 (computed) - 1.0224022555 (exact) = -4.9240e-08
120: 1.0049404325 (computed) - 1.0049404785 (exact) = -4.6001e-08
121: 1.0008829315 (computed) - 1.0008830090 (exact) = -7.7486e-08
122: 0.9974919867 (computed) - 0.9974921859 (exact) = -1.9914e-07
123: 0.9905491467 (computed) - 0.9905492607 (exact) = -1.1395e-07
124: 0.9776748589 (computed) - 0.9776749661 (exact) = -1.0723e-07
125: 0.9742465995 (computed) - 0.9742467110 (exact) = -1.1152e-07
126: 0.9725128748 (computed) - 0.9725129447 (exact) = -6.9849e-08
127: 0.9535854762 (computed) - 0.9535856468 (exact) = -1.7059e-07
128: 0.9430949517 (computed) - 0.9430951807 (exact) = -2.2904e-07
129: 0.9283538321 (computed) - 0.9283543234 (exact) = -4.9127e-07
130: 0.9272615957 (computed) - 0.9272618823 (exact) = -2.8659e-07
131: 0.9271325592 (computed) - 0.9271332609 (exact) = -7.0170e-07
132: 0.8991268386 (computed) - 0.8991279918 (exact) = -1.1532e-06
133: 0.8948259820 (computed) - 0.8948268638 (exact) = -8.8180e-07
134: 0.8829814210 (computed) - 0.8829823898 (exact) = -9.6887e-07
135: 0.8786446004 (computed) - 0.8786455064 (exact) = -9.0603e-07
136: 0.8771973854 (computed) - 0.8771995144 (exact) = -2.1290e-06
137: 0.8663356710 (computed) - 0.8663369238 (exact) = -1.2528e-06
138: 0.8593211550 (computed) - 0.8593228385 (exact) = -1.6835e-06
139: 0.8585059464 (computed) - 0.8585088105 (exact) = -2.8642e-06
140: 0.8545940465 (computed) - 0.8545969713 (exact) = -2.9248e-06
141: 0.8470814460 (computed) - 0.8470838635 (exact) = -2.4175e-06
142: 0.8390711673 (computed) - 0.8390732258 (exact) = -2.0585e-06
143: 0.8351087232 (computed) - 0.8351099810 (exact) = -1.2578e-06
144: 0.8292509984 (computed) - 0.8292544983 (exact) = -3.4999e-06
145: 0.8271119641 (computed) - 0.8271143462 (exact) = -2.3821e-06
146: 0.8244852804 (computed) - 0.8244864602 (exact) = -1.1799e-06
147: 0.8196652024 (computed) - 0.8196675031 (exact) = -2.3007e-06
148: 0.8032566655 (computed) - 0.8032598447 (exact) = -3.1792e-06
149: 0.8018071398 (computed) - 0.8018093276 (exact) = -2.1878e-06
150: 0.7982840429 (computed) - 0.7982871800 (exact) = -3.1372e-06
151: 0.7932926876 (computed) - 0.7932960904 (exact) = -3.4028e-06
152: 0.7890505197 (computed) - 0.7890535644 (exact) = -3.0447e-06
153: 0.7839254952 (computed) - 0.7839291737 (exact) = -3.6785e-06
154: 0.7803203059 (computed) - 0.7803241311 (exact) = -3.8252e-06
155: 0.7666669793 (computed) - 0.7666706876 (exact) = -3.7083e-06
156: 0.7526472137 (computed) - 0.7526508762 (exact) = -3.6625e-06
157: 0.7211077367 (computed) - 0.7211089737 (exact) = -1.2370e-06
158: 0.7177850469 (computed) - 0.7177860435 (exact) = -9.9659e-07
159: 0.7169784343 (computed) - 0.7169794591 (exact) = -1.0248e-06
160: 0.7078339770 (computed) - 0.7078388434 (exact) = -4.8664e-06
161: 0.7040910092 (computed) - 0.7040919528 (exact) = -9.4358e-07
162: 0.6988674876 (computed) - 0.6988709477 (exact) = -3.4601e-06
163: 0.6956749622 (computed) - 0.6956766575 (exact) = -1.6953e-06
164: 0.6954396271 (computed) - 0.6954412290 (exact) = -1.6020e-06
165: 0.6949082807 (computed) - 0.6949098348 (exact) = -1.5541e-06
166: 0.6874107184 (computed) - 0.6874125509 (exact) = -1.8324e-06
167: 0.6850241300 (computed) - 0.6850265184 (exact) = -2.3884e-06
168: 0.6795562882 (computed) - 0.6795579207 (exact) = -1.6325e-06
169: 0.6706389537 (computed) - 0.6706426018 (exact) = -3.6482e-06
170: 0.6693196018 (computed) - 0.6693213577 (exact) = -1.7559e-06
171: 0.6673057154 (computed) - 0.6673082487 (exact) = -2.5333e-06
172: 0.6572091650 (computed) - 0.6572111486 (exact) = -1.9836e-06
173: 0.6565003669 (computed) - 0.6565026268 (exact) = -2.2599e-06
174: 0.6450244111 (computed) - 0.6450265944 (exact) = -2.1833e-06
175: 0.6325822302 (computed) - 0.6325882633 (exact) = -6.0330e-06
176: 0.6304031337 (computed) - 0.6304064455 (exact) = -3.3118e-06
177: 0.6251500931 (computed) - 0.6251545320 (exact) = -4.4389e-06
178: 0.6225219264 (computed) - 0.6225283751 (exact) = -6.4487e-06
179: 0.6180444916 (computed) - 0.6180483176 (exact) = -3.8260e-06
180: 0.6160702279 (computed) - 0.6160757105 (exact) = -5.4826e-06
181: 0.6050444533 (computed) - 0.6050498452 (exact) = -5.3919e-06
182: 0.6015097435 (computed) - 0.6015166844 (exact) = -6.9409e-06
183: 0.5927923397 (computed) - 0.5927971478 (exact) = -4.8080e-06
184: 0.5923668531 (computed) - 0.5923750400 (exact) = -8.1869e-06
185: 0.5889496125 (computed) - 0.5889496065 (exact) =  5.9916e-09
186: 0.5826825785 (computed) - 0.5826902167 (exact) = -7.6382e-06
187: 0.5799539096 (computed) - 0.5799613191 (exact) = -7.4096e-06
188: 0.5785299583 (computed) - 0.5785392352 (exact) = -9.2769e-06
189: 0.5771748235 (computed) - 0.5771748129 (exact) =  1.0551e-08
190: 0.5721334760 (computed) - 0.5721334538 (exact) =  2.2211e-08
191: 0.5704970601 (computed) - 0.5705051582 (exact) = -8.0981e-06
192: 0.5651900778 (computed) - 0.5651950221 (exact) = -4.9443e-06
193: 0.5612004146 (computed) - 0.5612095689 (exact) = -9.1542e-06
194: 0.5583539884 (computed) - 0.5583539817 (exact) =  6.6864e-09
195: 0.5573402807 (computed) - 0.5573402613 (exact) =  1.9428e-08
196: 0.5523169488 (computed) - 0.5523276605 (exact) = -1.0712e-05
197: 0.5510762487 (computed) - 0.5510762460 (exact) =  2.6706e-09
198: 0.5452564899 (computed) - 0.5452564848 (exact) =  5.1211e-09
199: 0.5439939694 (computed) - 0.5440059019 (exact) = -1.1933e-05
200: 0.5429627462 (computed) - 0.5429704923 (exact) = -7.7461e-06
201: 0.5409147432 (computed) - 0.5409147362 (exact) =  7.0545e-09
202: 0.5352526862 (computed) - 0.5352526864 (exact) = -2.2757e-10
203: 0.5317454900 (computed) - 0.5317523219 (exact) = -6.8320e-06
204: 0.5219215081 (computed) - 0.5219352175 (exact) = -1.3709e-05
205: 0.5215739004 (computed) - 0.5215830861 (exact) = -9.1857e-06
206: 0.5118509974 (computed) - 0.5118509981 (exact) = -6.5235e-10
207: 0.5075696883 (computed) - 0.5075696852 (exact) =  3.0851e-09
208: 0.5069385608 (computed) - 0.5069535477 (exact) = -1.4987e-05
209: 0.5052423883 (computed) - 0.5052424191 (exact) = -3.0754e-08
210: 0.5043701838 (computed) - 0.5043825724 (exact) = -1.2389e-05
211: 0.5036180414 (computed) - 0.5036180465 (exact) = -5.1115e-09
212: 0.5033198692 (computed) - 0.5033199238 (exact) = -5.4597e-08
213: 0.4959053504 (computed) - 0.4959053573 (exact) = -6.9428e-09
214: 0.4936951750 (computed) - 0.4936951790 (exact) = -3.9689e-09
215: 0.4916914941 (computed) - 0.4917022236 (exact) = -1.0729e-05
216: 0.4889346657 (computed) - 0.4889486794 (exact) = -1.4014e-05
217: 0.4878175751 (computed) - 0.4878175845 (exact) = -9.4337e-09
218: 0.4869666381 (computed) - 0.4869666565 (exact) = -1.8378e-08
219: 0.4845348987 (computed) - 0.4845508036 (exact) = -1.5905e-05
220: 0.4806929585 (computed) - 0.4807054343 (exact) = -1.2476e-05
221: 0.4798167527 (computed) - 0.4798167593 (exact) = -6.6141e-09
222: 0.4771116785 (computed) - 0.4771116658 (exact) =  1.2698e-08
223: 0.4741161083 (computed) - 0.4741161122 (exact) = -3.9140e-09
224: 0.4728042446 (computed) - 0.4728042688 (exact) = -2.4221e-08
225: 0.4624620062 (computed) - 0.4624619921 (exact) =  1.4017e-08
226: 0.4620084869 (computed) - 0.4620085002 (exact) = -1.3365e-08
227: 0.4597843418 (computed) - 0.4597845851 (exact) = -2.4323e-07
228: 0.4585147089 (computed) - 0.4585320105 (exact) = -1.7302e-05
229: 0.4542962695 (computed) - 0.4542963221 (exact) = -5.2590e-08
230: 0.4539677071 (computed) - 0.4539677471 (exact) = -3.9984e-08
231: 0.4498019291 (computed) - 0.4498019658 (exact) = -3.6745e-08
232: 0.4468922305 (computed) - 0.4468922707 (exact) = -4.0161e-08
233: 0.4432896321 (computed) - 0.4432896726 (exact) = -4.0555e-08
234: 0.4365081227 (computed) - 0.4365082572 (exact) = -1.3457e-07
235: 0.4315388275 (computed) - 0.4315389114 (exact) = -8.3901e-08
236: 0.4308639270 (computed) - 0.4308640798 (exact) = -1.5280e-07
237: 0.4279681698 (computed) - 0.4279684361 (exact) = -2.6628e-07
238: 0.4254142416 (computed) - 0.4254144704 (exact) = -2.2882e-07
239: 0.4221845784 (computed) - 0.4221846836 (exact) = -1.0518e-07
240: 0.4165386924 (computed) - 0.4165388413 (exact) = -1.4890e-07
241: 0.4123027400 (computed) - 0.4123027679 (exact) = -2.7951e-08
242: 0.4117968658 (computed) - 0.4117973883 (exact) = -5.2252e-07
243: 0.4102679947 (computed) - 0.4102683416 (exact) = -3.4684e-07
244: 0.4066895410 (computed) - 0.4066899206 (exact) = -3.7964e-07
245: 0.4039903121 (computed) - 0.4039906826 (exact) = -3.7049e-07
246: 0.4019916122 (computed) - 0.4019918414 (exact) = -2.2918e-07
247: 0.3993220848 (computed) - 0.3993224419 (exact) = -3.5713e-07
248: 0.3985506503 (computed) - 0.3985509665 (exact) = -3.1623e-07
249: 0.3954336845 (computed) - 0.3954341873 (exact) = -5.0281e-07
250: 0.3925851821 (computed) - 0.3925856988 (exact) = -5.1671e-07
251: 0.3904565868 (computed) - 0.3904571240 (exact) = -5.3716e-07
252: 0.3892636595 (computed) - 0.3892642720 (exact) = -6.1249e-07
253: 0.3810672655 (computed) - 0.3810683275 (exact) = -1.0620e-06
254: 0.3806372914 (computed) - 0.3806380633 (exact) = -7.7190e-07
255: 0.3803498882 (computed) - 0.3803505601 (exact) = -6.7195e-07
256: 0.3773215153 (computed) - 0.3773226033 (exact) = -1.0880e-06
257: 0.3752890907 (computed) - 0.3752903117 (exact) = -1.2209e-06
258: 0.3726873447 (computed) - 0.3726892404 (exact) = -1.8957e-06
259: 0.3681101564 (computed) - 0.3681114765 (exact) = -1.3201e-06
260: 0.3663510384 (computed) - 0.3663520235 (exact) = -9.8515e-07
261: 0.3650249172 (computed) - 0.3650271572 (exact) = -2.2401e-06
262: 0.3638210740 (computed) - 0.3638234166 (exact) = -2.3427e-06
263: 0.3617687883 (computed) - 0.3617701061 (exact) = -1.3178e-06
264: 0.3599502544 (computed) - 0.3599520835 (exact) = -1.8291e-06
265: 0.3562290137 (computed) - 0.3562322022 (exact) = -3.1885e-06
266: 0.3551664952 (computed) - 0.3551691001 (exact) = -2.6049e-06
267: 0.3535531961 (computed) - 0.3535557862 (exact) = -2.5901e-06
268: 0.3502287360 (computed) - 0.3502309475 (exact) = -2.2115e-06
269: 0.3498951840 (computed) - 0.3498987535 (exact) = -3.5695e-06
270: 0.3488284916 (computed) - 0.3488326282 (exact) = -4.1366e-06
271: 0.3466892338 (computed) - 0.3466933000 (exact) = -4.0661e-06
272: 0.3436205126 (computed) - 0.3436249634 (exact) = -4.4508e-06
273: 0.3428839793 (computed) - 0.3428894745 (exact) = -5.4952e-06
274: 0.3423251559 (computed) - 0.3423297777 (exact) = -4.6218e-06
275: 0.3377989719 (computed) - 0.3378051745 (exact) = -6.2026e-06
276: 0.3359846828 (computed) - 0.3359898562 (exact) = -5.1734e-06
277: 0.3353976722 (computed) - 0.3354051491 (exact) = -7.4769e-06
278: 0.3344284994 (computed) - 0.3344358872 (exact) = -7.3878e-06
279: 0.3341735647 (computed) - 0.3341791057 (exact) = -5.5411e-06
280: 0.3272315291 (computed) - 0.3272403012 (exact) = -8.7721e-06
281: 0.3262869648 (computed) - 0.3262925781 (exact) = -5.6133e-06
282: 0.3247486885 (computed) - 0.3247614727 (exact) = -1.2784e-05
283: 0.3200129755 (computed) - 0.3200231647 (exact) = -1.0189e-05
284: 0.3194746714 (computed) - 0.3194912251 (exact) = -1.6554e-05
285: 0.3194250627 (computed) - 0.3194406769 (exact) = -1.5614e-05
286: 0.3159392819 (computed) - 0.3159592325 (exact) = -1.9951e-05
287: 0.3150040904 (computed) - 0.3150179788 (exact) = -1.3888e-05
288: 0.3133278731 (computed) - 0.3133459937 (exact) = -1.8121e-05
289: 0.3124472698 (computed) - 0.3124603293 (exact) = -1.3059e-05
290: 0.3122914404 (computed) - 0.3123112137 (exact) = -1.9773e-05
291: 0.3119000709 (computed) - 0.3119334869 (exact) = -3.3416e-05
292: 0.3092249853 (computed) - 0.3092440974 (exact) = -1.9112e-05
293: 0.3079823330 (computed) - 0.3080199327 (exact) = -3.7600e-05
294: 0.3064154476 (computed) - 0.3064511658 (exact) = -3.5718e-05
295: 0.3051211166 (computed) - 0.3051515458 (exact) = -3.0429e-05
296: 0.3029573611 (computed) - 0.3030035337 (exact) = -4.6173e-05
297: 0.3015045051 (computed) - 0.3015566007 (exact) = -5.2096e-05
298: 0.2995428488 (computed) - 0.2996490310 (exact) = -1.0618e-04
299: 0.2988993875 (computed) - 0.2988749339 (exact) =  2.4454e-05
300: 0.2966352048 (computed) - 0.2966434952 (exact) = -8.2905e-06
300 Eigenvalues converges, out of 300 requested.
Running with l = 600
Starting Davidson with n_aux = 1500, l_buffer = 780, lc = 603, thresh = 0.0025, max_iter = 100
Iter 1: V_size = 120, Converged = 0, ‖r‖ (largest λ) = 2.51357570259249
Iter 2: V_size = 238, Converged = 2, ‖r‖ (largest λ) = 0.0023821841613158733
Iter 3: V_size = 455, Converged = 23, ‖r‖ (largest λ) = 1.0461335771145025e-6
Iter 4: V_size = 799, Converged = 134, ‖r‖ (largest λ) = 9.489776563167027e-5
Iter 5: V_size = 1384, Converged = 195, ‖r‖ (largest λ) = 2.3515737134304155e-6
Iter 6: V_size = 1116, Converged = 222, ‖r‖ (largest λ) = 0.2612284280075675
Iter 7: V_size = 1094, Converged = 233, ‖r‖ (largest λ) = 31.03663075871796
Iter 8: V_size = 998, Converged = 281, ‖r‖ (largest λ) = 0.0005104073790409574
Iter 9: V_size = 1366, Converged = 412, ‖r‖ (largest λ) = 0.0023147633643172123
Hybrid Davidson-JD corrections at iteration 10
Total MINRES iterations: 2065
Iter 10: V_size = 736, Converged = 412, ‖r‖ (largest λ) = 0.0024949488239071602
Hybrid Davidson-JD corrections at iteration 11
Total MINRES iterations: 1605
Iter 11: V_size = 1084, Converged = 432, ‖r‖ (largest λ) = 343.55958241574683
Hybrid Davidson-JD corrections at iteration 12
Total MINRES iterations: 768
Iter 12: V_size = 1404, Converged = 460, ‖r‖ (largest λ) = 27.536305265782048
Hybrid Davidson-JD corrections at iteration 13
Total MINRES iterations: 781
Iter 13: V_size = 638, Converged = 461, ‖r‖ (largest λ) = 42.383232465360734
Hybrid Davidson-JD corrections at iteration 14
Total MINRES iterations: 445
Iter 14: V_size = 945, Converged = 473, ‖r‖ (largest λ) = 118.27478259537364
Hybrid Davidson-JD corrections at iteration 15
Total MINRES iterations: 615
Iter 15: V_size = 1234, Converged = 491, ‖r‖ (largest λ) = 36.96798072377067
Hybrid Davidson-JD corrections at iteration 16
Total MINRES iterations: 945
Iter 16: V_size = 578, Converged = 491, ‖r‖ (largest λ) = 150.48329506930378
Hybrid Davidson-JD corrections at iteration 17
Total MINRES iterations: 737
Iter 17: V_size = 867, Converged = 491, ‖r‖ (largest λ) = 18.44363041536686
Hybrid Davidson-JD corrections at iteration 18
Total MINRES iterations: 567
Iter 18: V_size = 1153, Converged = 494, ‖r‖ (largest λ) = 20.401971571449202
Hybrid Davidson-JD corrections at iteration 19
Total MINRES iterations: 794
Iter 19: V_size = 1439, Converged = 494, ‖r‖ (largest λ) = 19.95351199891942
Hybrid Davidson-JD corrections at iteration 20
Total MINRES iterations: 1077
Iter 20: V_size = 572, Converged = 494, ‖r‖ (largest λ) = 39.54934793149058
Hybrid Davidson-JD corrections at iteration 21
Total MINRES iterations: 1035
Iter 21: V_size = 858, Converged = 494, ‖r‖ (largest λ) = 20.072612617113514
Hybrid Davidson-JD corrections at iteration 22
Total MINRES iterations: 961
Iter 22: V_size = 1144, Converged = 494, ‖r‖ (largest λ) = 17.46025850693708
Hybrid Davidson-JD corrections at iteration 23
Total MINRES iterations: 994
Iter 23: V_size = 1430, Converged = 494, ‖r‖ (largest λ) = 32.26090381628725
Hybrid Davidson-JD corrections at iteration 24
Total MINRES iterations: 1100
Iter 24: V_size = 572, Converged = 494, ‖r‖ (largest λ) = 50.06152194462238
Hybrid Davidson-JD corrections at iteration 25
Total MINRES iterations: 995
Iter 25: V_size = 858, Converged = 494, ‖r‖ (largest λ) = 18.822438084321227
Hybrid Davidson-JD corrections at iteration 26
Total MINRES iterations: 858
Iter 26: V_size = 1144, Converged = 494, ‖r‖ (largest λ) = 18.184847365721136
Hybrid Davidson-JD corrections at iteration 27
Total MINRES iterations: 1071
Iter 27: V_size = 1430, Converged = 494, ‖r‖ (largest λ) = 46.56083849488172
Hybrid Davidson-JD corrections at iteration 28
Total MINRES iterations: 1137
Iter 28: V_size = 572, Converged = 494, ‖r‖ (largest λ) = 61.12787124042881
Hybrid Davidson-JD corrections at iteration 29
Total MINRES iterations: 886
Iter 29: V_size = 856, Converged = 496, ‖r‖ (largest λ) = 19.257997502149262
Hybrid Davidson-JD corrections at iteration 30
Total MINRES iterations: 968
Iter 30: V_size = 1140, Converged = 496, ‖r‖ (largest λ) = 17.55430733849917
Hybrid Davidson-JD corrections at iteration 31
Total MINRES iterations: 1087
Iter 31: V_size = 1424, Converged = 496, ‖r‖ (largest λ) = 42.866179113032956
Hybrid Davidson-JD corrections at iteration 32
Total MINRES iterations: 988
Iter 32: V_size = 568, Converged = 496, ‖r‖ (largest λ) = 51.16965603117255
Hybrid Davidson-JD corrections at iteration 33
Total MINRES iterations: 894
Iter 33: V_size = 846, Converged = 502, ‖r‖ (largest λ) = 21.55281580551621
Hybrid Davidson-JD corrections at iteration 34
Total MINRES iterations: 932
Iter 34: V_size = 1124, Converged = 502, ‖r‖ (largest λ) = 18.169388690348423
Hybrid Davidson-JD corrections at iteration 35
Total MINRES iterations: 1018
Iter 35: V_size = 1402, Converged = 502, ‖r‖ (largest λ) = 40.87071263687925
Hybrid Davidson-JD corrections at iteration 36
Total MINRES iterations: 974
Iter 36: V_size = 556, Converged = 502, ‖r‖ (largest λ) = 273.6689224907043
Hybrid Davidson-JD corrections at iteration 37
Total MINRES iterations: 837
Iter 37: V_size = 834, Converged = 502, ‖r‖ (largest λ) = 18.153636427313323
Hybrid Davidson-JD corrections at iteration 38
Total MINRES iterations: 795
Iter 38: V_size = 1112, Converged = 502, ‖r‖ (largest λ) = 20.778611348320773
Hybrid Davidson-JD corrections at iteration 39
Total MINRES iterations: 907
Iter 39: V_size = 1390, Converged = 502, ‖r‖ (largest λ) = 38.54788561927615
Hybrid Davidson-JD corrections at iteration 40
Total MINRES iterations: 987
Iter 40: V_size = 556, Converged = 502, ‖r‖ (largest λ) = 38.145541776936014
Hybrid Davidson-JD corrections at iteration 41
Total MINRES iterations: 910
Iter 41: V_size = 834, Converged = 502, ‖r‖ (largest λ) = 22.3031770916886
Hybrid Davidson-JD corrections at iteration 42
Total MINRES iterations: 903
Iter 42: V_size = 1112, Converged = 502, ‖r‖ (largest λ) = 18.141238864667347
Hybrid Davidson-JD corrections at iteration 43
Total MINRES iterations: 965
Iter 43: V_size = 1390, Converged = 502, ‖r‖ (largest λ) = 41.64198074191654
Hybrid Davidson-JD corrections at iteration 44
Total MINRES iterations: 1021
Iter 44: V_size = 556, Converged = 502, ‖r‖ (largest λ) = 42.852647126837915
Hybrid Davidson-JD corrections at iteration 45
Total MINRES iterations: 929
Iter 45: V_size = 834, Converged = 502, ‖r‖ (largest λ) = 21.415472802905455
Hybrid Davidson-JD corrections at iteration 46
Total MINRES iterations: 887
Iter 46: V_size = 1112, Converged = 502, ‖r‖ (largest λ) = 17.348271780375583
Hybrid Davidson-JD corrections at iteration 47
Total MINRES iterations: 984
Iter 47: V_size = 1390, Converged = 502, ‖r‖ (largest λ) = 37.507824926092084
Hybrid Davidson-JD corrections at iteration 48
Total MINRES iterations: 1014
Iter 48: V_size = 556, Converged = 502, ‖r‖ (largest λ) = 54.75591659671774
Hybrid Davidson-JD corrections at iteration 49
Total MINRES iterations: 844
Iter 49: V_size = 834, Converged = 502, ‖r‖ (largest λ) = 18.601983738277795
Hybrid Davidson-JD corrections at iteration 50
Total MINRES iterations: 755
Iter 50: V_size = 1112, Converged = 502, ‖r‖ (largest λ) = 19.763768873086033
Hybrid Davidson-JD corrections at iteration 51
Total MINRES iterations: 991
Iter 51: V_size = 1390, Converged = 502, ‖r‖ (largest λ) = 18.093568038184134
Hybrid Davidson-JD corrections at iteration 52
Total MINRES iterations: 1092
Iter 52: V_size = 556, Converged = 502, ‖r‖ (largest λ) = 41.27433304850533
Hybrid Davidson-JD corrections at iteration 53
Total MINRES iterations: 889
Iter 53: V_size = 834, Converged = 502, ‖r‖ (largest λ) = 18.476225513481968
Hybrid Davidson-JD corrections at iteration 54
Total MINRES iterations: 813
Iter 54: V_size = 1112, Converged = 502, ‖r‖ (largest λ) = 17.99342821826207
Hybrid Davidson-JD corrections at iteration 55
Total MINRES iterations: 1003
Iter 55: V_size = 1390, Converged = 502, ‖r‖ (largest λ) = 35.815290658847765
Hybrid Davidson-JD corrections at iteration 56
Total MINRES iterations: 1022
Iter 56: V_size = 556, Converged = 502, ‖r‖ (largest λ) = 36.34576866685373
Hybrid Davidson-JD corrections at iteration 57
Total MINRES iterations: 857
Iter 57: V_size = 834, Converged = 502, ‖r‖ (largest λ) = 17.691513636457312
Hybrid Davidson-JD corrections at iteration 58
Total MINRES iterations: 894
Iter 58: V_size = 1112, Converged = 502, ‖r‖ (largest λ) = 22.009394086769777
Hybrid Davidson-JD corrections at iteration 59
Total MINRES iterations: 910
Iter 59: V_size = 1390, Converged = 502, ‖r‖ (largest λ) = 23.93190484274256
Hybrid Davidson-JD corrections at iteration 60
Total MINRES iterations: 997
Iter 60: V_size = 556, Converged = 502, ‖r‖ (largest λ) = 38.513650843003404
Hybrid Davidson-JD corrections at iteration 61
Total MINRES iterations: 910
Iter 61: V_size = 834, Converged = 502, ‖r‖ (largest λ) = 17.215977613347377
Hybrid Davidson-JD corrections at iteration 62
Total MINRES iterations: 855
Iter 62: V_size = 1112, Converged = 502, ‖r‖ (largest λ) = 27.805691235856827
Hybrid Davidson-JD corrections at iteration 63
Total MINRES iterations: 989
Iter 63: V_size = 1390, Converged = 502, ‖r‖ (largest λ) = 36.487278134546045
Hybrid Davidson-JD corrections at iteration 64
Total MINRES iterations: 975
Iter 64: V_size = 556, Converged = 502, ‖r‖ (largest λ) = 45.73844255112543
Hybrid Davidson-JD corrections at iteration 65
Total MINRES iterations: 813
Iter 65: V_size = 834, Converged = 502, ‖r‖ (largest λ) = 15.337080130927546
Hybrid Davidson-JD corrections at iteration 66
Total MINRES iterations: 819
Iter 66: V_size = 1112, Converged = 502, ‖r‖ (largest λ) = 17.053624226270472
Hybrid Davidson-JD corrections at iteration 67
Total MINRES iterations: 1030
Iter 67: V_size = 1390, Converged = 502, ‖r‖ (largest λ) = 49.628780011545906
Hybrid Davidson-JD corrections at iteration 68
Total MINRES iterations: 905
Iter 68: V_size = 556, Converged = 502, ‖r‖ (largest λ) = 44.82554977532984
Hybrid Davidson-JD corrections at iteration 69
Total MINRES iterations: 809
Iter 69: V_size = 834, Converged = 502, ‖r‖ (largest λ) = 16.607657879076605
Hybrid Davidson-JD corrections at iteration 70
Total MINRES iterations: 778
Iter 70: V_size = 1112, Converged = 502, ‖r‖ (largest λ) = 18.878625110144473
Hybrid Davidson-JD corrections at iteration 71
Total MINRES iterations: 1029
Iter 71: V_size = 1390, Converged = 502, ‖r‖ (largest λ) = 38.87938824215305
Hybrid Davidson-JD corrections at iteration 72
Total MINRES iterations: 984
Iter 72: V_size = 556, Converged = 502, ‖r‖ (largest λ) = 51.040985819347185
Hybrid Davidson-JD corrections at iteration 73
Total MINRES iterations: 862
Iter 73: V_size = 834, Converged = 502, ‖r‖ (largest λ) = 22.904529707880055
Hybrid Davidson-JD corrections at iteration 74
Total MINRES iterations: 785
Iter 74: V_size = 1112, Converged = 502, ‖r‖ (largest λ) = 21.884250164242438
Hybrid Davidson-JD corrections at iteration 75
Total MINRES iterations: 952
Iter 75: V_size = 1390, Converged = 502, ‖r‖ (largest λ) = 39.33786583190511
Hybrid Davidson-JD corrections at iteration 76
Total MINRES iterations: 1004
Iter 76: V_size = 556, Converged = 502, ‖r‖ (largest λ) = 43.65952532717163
Hybrid Davidson-JD corrections at iteration 77
Total MINRES iterations: 810
Iter 77: V_size = 834, Converged = 502, ‖r‖ (largest λ) = 20.22251410188707
Hybrid Davidson-JD corrections at iteration 78
Total MINRES iterations: 852
Iter 78: V_size = 1112, Converged = 502, ‖r‖ (largest λ) = 18.516290800554142
Hybrid Davidson-JD corrections at iteration 79
Total MINRES iterations: 982
Iter 79: V_size = 1390, Converged = 502, ‖r‖ (largest λ) = 29.97237835483712
Hybrid Davidson-JD corrections at iteration 80
Total MINRES iterations: 988
Iter 80: V_size = 556, Converged = 502, ‖r‖ (largest λ) = 33.560934305474504
Hybrid Davidson-JD corrections at iteration 81
Total MINRES iterations: 914
Iter 81: V_size = 834, Converged = 502, ‖r‖ (largest λ) = 18.30417862489917
Hybrid Davidson-JD corrections at iteration 82
Total MINRES iterations: 898
Iter 82: V_size = 1112, Converged = 502, ‖r‖ (largest λ) = 17.32629395923592
Hybrid Davidson-JD corrections at iteration 83
Total MINRES iterations: 974
Iter 83: V_size = 1390, Converged = 502, ‖r‖ (largest λ) = 37.09529553722924
Hybrid Davidson-JD corrections at iteration 84
Total MINRES iterations: 1018
Iter 84: V_size = 556, Converged = 502, ‖r‖ (largest λ) = 40.68568486828246
Hybrid Davidson-JD corrections at iteration 85
Total MINRES iterations: 858
Iter 85: V_size = 834, Converged = 502, ‖r‖ (largest λ) = 19.915847414452298
Hybrid Davidson-JD corrections at iteration 86
Total MINRES iterations: 849
Iter 86: V_size = 1112, Converged = 502, ‖r‖ (largest λ) = 17.597503143662788
Hybrid Davidson-JD corrections at iteration 87
Total MINRES iterations: 1012
Iter 87: V_size = 1390, Converged = 502, ‖r‖ (largest λ) = 42.12624831360858
Hybrid Davidson-JD corrections at iteration 88
Total MINRES iterations: 994
Iter 88: V_size = 556, Converged = 502, ‖r‖ (largest λ) = 37.86425373284079
Hybrid Davidson-JD corrections at iteration 89
Total MINRES iterations: 879
Iter 89: V_size = 834, Converged = 502, ‖r‖ (largest λ) = 16.79262415008479
Hybrid Davidson-JD corrections at iteration 90
Total MINRES iterations: 880
Iter 90: V_size = 1112, Converged = 502, ‖r‖ (largest λ) = 18.98313074405542
Hybrid Davidson-JD corrections at iteration 91
Total MINRES iterations: 977
Iter 91: V_size = 1390, Converged = 502, ‖r‖ (largest λ) = 37.613661304122566
Hybrid Davidson-JD corrections at iteration 92
Total MINRES iterations: 991
Iter 92: V_size = 556, Converged = 502, ‖r‖ (largest λ) = 53.780921020595216
Hybrid Davidson-JD corrections at iteration 93
Total MINRES iterations: 810
Iter 93: V_size = 834, Converged = 502, ‖r‖ (largest λ) = 21.086441967316905
Hybrid Davidson-JD corrections at iteration 94
Total MINRES iterations: 870
Iter 94: V_size = 1112, Converged = 502, ‖r‖ (largest λ) = 18.60051770040882
Hybrid Davidson-JD corrections at iteration 95
Total MINRES iterations: 966
Iter 95: V_size = 1390, Converged = 502, ‖r‖ (largest λ) = 37.116656197780756
Hybrid Davidson-JD corrections at iteration 96
Total MINRES iterations: 1034
Iter 96: V_size = 556, Converged = 502, ‖r‖ (largest λ) = 41.113659461023
Hybrid Davidson-JD corrections at iteration 97
Total MINRES iterations: 885
Iter 97: V_size = 834, Converged = 502, ‖r‖ (largest λ) = 17.756687227853092
Hybrid Davidson-JD corrections at iteration 98
Total MINRES iterations: 840
Iter 98: V_size = 1112, Converged = 502, ‖r‖ (largest λ) = 19.59625370506291
Hybrid Davidson-JD corrections at iteration 99
Total MINRES iterations: 1007
Iter 99: V_size = 1390, Converged = 502, ‖r‖ (largest λ) = 46.88231658520098
Hybrid Davidson-JD corrections at iteration 100
Total MINRES iterations: 1024
Iter 100: V_size = 556, Converged = 502, ‖r‖ (largest λ) = 51.542497564975875
Max iterations (100) reached without full expected convergence. Returning what we have.
16222.503308 seconds (757.09 M allocations: 50.758 TiB, 0.65% gc time)
Number of FLOPs: 266007237561373

Reading exact Eigenvalues...
Reading eigenvalues from ../MA_best/Eigenvalues_folder/eigenres_formaldehyde_RNDbasis1.jld2

Compute the difference between computed and exact eigenvalues:
  1: 27.1185424332 (computed) - 27.1185424333 (exact) = -1.4256e-10
  2: 24.7321119516 (computed) - 24.7321119516 (exact) = -1.0658e-14
  3: 24.3879937934 (computed) - 24.3879937935 (exact) = -1.3022e-10
  4: 13.3772885724 (computed) - 13.3772885724 (exact) = -1.5632e-13
  5: 12.9587048246 (computed) - 12.9587048246 (exact) = -1.4744e-13
  6: 11.8262997383 (computed) - 11.8262997383 (exact) = -6.8567e-13
  7: 11.6021118864 (computed) - 11.6021118864 (exact) = -8.7397e-13
  8: 11.4743278224 (computed) - 11.4743278224 (exact) = -5.6843e-13
  9: 9.4405831066 (computed) - 9.4405831066 (exact) = -5.7003e-12
 10: 9.2248358706 (computed) - 9.2248358706 (exact) = -3.7996e-12
 11: 7.9459051649 (computed) - 7.9459051650 (exact) = -5.9175e-11
 12: 6.8089396900 (computed) - 6.8089396904 (exact) = -3.9624e-10
 13: 6.7700837571 (computed) - 6.7700837574 (exact) = -3.2554e-10
 14: 6.7368524952 (computed) - 6.7368524954 (exact) = -2.1620e-10
 15: 6.0276363651 (computed) - 6.0276363658 (exact) = -7.3439e-10
 16: 5.5818656580 (computed) - 5.5818656585 (exact) = -5.2966e-10
 17: 5.2378616370 (computed) - 5.2378616448 (exact) = -7.7266e-09
 18: 5.0658459955 (computed) - 5.0658460100 (exact) = -1.4558e-08
 19: 4.9757475513 (computed) - 4.9757475577 (exact) = -6.3757e-09
 20: 4.4708490956 (computed) - 4.4708491240 (exact) = -2.8361e-08
 21: 4.4143553773 (computed) - 4.4143554089 (exact) = -3.1612e-08
 22: 4.2560780027 (computed) - 4.2560780310 (exact) = -2.8235e-08
 23: 4.1546260235 (computed) - 4.1546260235 (exact) = -1.2310e-12
 24: 4.0438456933 (computed) - 4.0438456933 (exact) = -5.0573e-12
 25: 4.0352191657 (computed) - 4.0352191657 (exact) = -2.6530e-12
 26: 4.0143803648 (computed) - 4.0143803978 (exact) = -3.2946e-08
 27: 3.9326704383 (computed) - 3.9326704383 (exact) = -5.7239e-12
 28: 3.7840541969 (computed) - 3.7840541969 (exact) = -2.1915e-11
 29: 3.7043565505 (computed) - 3.7043565506 (exact) = -3.3159e-11
 30: 3.6989880952 (computed) - 3.6989880952 (exact) = -3.2906e-11
 31: 3.6779018748 (computed) - 3.6779018748 (exact) = -9.7078e-12
 32: 3.5839270077 (computed) - 3.5839270077 (exact) = -1.4411e-11
 33: 3.5719803069 (computed) - 3.5719803070 (exact) = -4.8429e-11
 34: 3.4595049176 (computed) - 3.4595049177 (exact) = -2.8926e-11
 35: 3.4357742118 (computed) - 3.4357742118 (exact) = -6.0089e-11
 36: 3.4211639907 (computed) - 3.4211639908 (exact) = -1.0395e-10
 37: 3.1381141573 (computed) - 3.1381141576 (exact) = -3.2077e-10
 38: 3.1221131855 (computed) - 3.1221131856 (exact) = -1.2922e-10
 39: 3.1036461892 (computed) - 3.1036461894 (exact) = -1.5167e-10
 40: 3.0813621786 (computed) - 3.0813621791 (exact) = -4.8164e-10
 41: 3.0766314321 (computed) - 3.0766314325 (exact) = -3.9294e-10
 42: 2.7798092265 (computed) - 2.7798092300 (exact) = -3.5190e-09
 43: 2.6139893314 (computed) - 2.6139893345 (exact) = -3.1381e-09
 44: 2.5745577969 (computed) - 2.5745578099 (exact) = -1.2926e-08
 45: 2.5662765071 (computed) - 2.5662765192 (exact) = -1.2058e-08
 46: 2.5570362988 (computed) - 2.5570363072 (exact) = -8.4079e-09
 47: 2.4944682817 (computed) - 2.4944683000 (exact) = -1.8373e-08
 48: 2.4060696991 (computed) - 2.4060697482 (exact) = -4.9157e-08
 49: 2.3914454970 (computed) - 2.3914455100 (exact) = -1.2926e-08
 50: 2.2865084583 (computed) - 2.2865085161 (exact) = -5.7806e-08
 51: 2.2449785541 (computed) - 2.2449785817 (exact) = -2.7562e-08
 52: 2.1880505043 (computed) - 2.1880506223 (exact) = -1.1792e-07
 53: 2.1866504598 (computed) - 2.1866507036 (exact) = -2.4387e-07
 54: 2.1599083690 (computed) - 2.1599084770 (exact) = -1.0799e-07
 55: 2.1496928946 (computed) - 2.1496930397 (exact) = -1.4509e-07
 56: 2.1260326459 (computed) - 2.1260327321 (exact) = -8.6168e-08
 57: 2.1186599960 (computed) - 2.1186601814 (exact) = -1.8540e-07
 58: 2.0230226048 (computed) - 2.0230226048 (exact) = -7.4651e-12
 59: 2.0004136750 (computed) - 2.0004139093 (exact) = -2.3435e-07
 60: 1.9737287721 (computed) - 1.9737287721 (exact) = -1.4836e-11
 61: 1.9188052440 (computed) - 1.9188052440 (exact) = -2.0762e-11
 62: 1.8712935920 (computed) - 1.8712935921 (exact) = -6.8257e-11
 63: 1.8611786600 (computed) - 1.8611786601 (exact) = -8.9796e-11
 64: 1.8582548452 (computed) - 1.8582548452 (exact) = -3.8702e-11
 65: 1.8437167384 (computed) - 1.8437167384 (exact) = -6.2028e-11
 66: 1.8006298913 (computed) - 1.8006298914 (exact) = -7.3924e-11
 67: 1.7935119244 (computed) - 1.7935119246 (exact) = -2.0060e-10
 68: 1.7905259545 (computed) - 1.7905259547 (exact) = -1.9233e-10
 69: 1.7846830240 (computed) - 1.7846830241 (exact) = -1.0751e-10
 70: 1.7303261114 (computed) - 1.7303261116 (exact) = -1.7369e-10
 71: 1.7189076782 (computed) - 1.7189076787 (exact) = -5.3244e-10
 72: 1.6730201855 (computed) - 1.6730201858 (exact) = -3.1849e-10
 73: 1.6096911081 (computed) - 1.6096911093 (exact) = -1.2880e-09
 74: 1.6085549892 (computed) - 1.6085549899 (exact) = -7.3632e-10
 75: 1.6075156211 (computed) - 1.6075156217 (exact) = -6.3990e-10
 76: 1.6059629810 (computed) - 1.6059629832 (exact) = -2.1725e-09
 77: 1.5620633210 (computed) - 1.5620633229 (exact) = -1.9000e-09
 78: 1.5543775903 (computed) - 1.5543775910 (exact) = -6.9546e-10
 79: 1.5199951954 (computed) - 1.5199951964 (exact) = -1.0067e-09
 80: 1.5193888483 (computed) - 1.5193888510 (exact) = -2.6748e-09
 81: 1.5161872462 (computed) - 1.5161872474 (exact) = -1.2172e-09
 82: 1.4940995360 (computed) - 1.4940995376 (exact) = -1.6179e-09
 83: 1.4627194811 (computed) - 1.4627194867 (exact) = -5.6059e-09
 84: 1.4349989649 (computed) - 1.4349989689 (exact) = -3.9503e-09
 85: 1.4302990161 (computed) - 1.4302990186 (exact) = -2.5019e-09
 86: 1.4192603978 (computed) - 1.4192604029 (exact) = -5.0613e-09
 87: 1.4087593209 (computed) - 1.4087593277 (exact) = -6.8566e-09
 88: 1.4017246609 (computed) - 1.4017246701 (exact) = -9.1728e-09
 89: 1.3745866144 (computed) - 1.3745866196 (exact) = -5.1909e-09
 90: 1.3723714422 (computed) - 1.3723714531 (exact) = -1.0833e-08
 91: 1.3641796106 (computed) - 1.3641796160 (exact) = -5.4162e-09
 92: 1.3590295567 (computed) - 1.3590295688 (exact) = -1.2065e-08
 93: 1.3497737534 (computed) - 1.3497737601 (exact) = -6.6830e-09
 94: 1.3206359663 (computed) - 1.3206359818 (exact) = -1.5507e-08
 95: 1.3080212970 (computed) - 1.3080213109 (exact) = -1.3902e-08
 96: 1.3069423540 (computed) - 1.3069423895 (exact) = -3.5577e-08
 97: 1.3034492594 (computed) - 1.3034492715 (exact) = -1.2057e-08
 98: 1.2569270084 (computed) - 1.2569270368 (exact) = -2.8423e-08
 99: 1.2382830547 (computed) - 1.2382831239 (exact) = -6.9218e-08
100: 1.2255590324 (computed) - 1.2255590694 (exact) = -3.6986e-08
101: 1.1978924710 (computed) - 1.1978924710 (exact) = -1.6478e-11
102: 1.1949420019 (computed) - 1.1949420019 (exact) = -5.0777e-12
103: 1.1795706554 (computed) - 1.1795707220 (exact) = -6.6574e-08
104: 1.1715154549 (computed) - 1.1715155865 (exact) = -1.3161e-07
105: 1.1500292565 (computed) - 1.1500295041 (exact) = -2.4757e-07
106: 1.1434711896 (computed) - 1.1434713305 (exact) = -1.4087e-07
107: 1.1431583745 (computed) - 1.1431584934 (exact) = -1.1887e-07
108: 1.1419027026 (computed) - 1.1419031660 (exact) = -4.6342e-07
109: 1.1363320329 (computed) - 1.1363322331 (exact) = -2.0027e-07
110: 1.1102718436 (computed) - 1.1102721630 (exact) = -3.1945e-07
111: 1.0964150359 (computed) - 1.0964155327 (exact) = -4.9677e-07
112: 1.0867136170 (computed) - 1.0867136167 (exact) =  3.7285e-10
113: 1.0698096043 (computed) - 1.0698104970 (exact) = -8.9270e-07
114: 1.0649629209 (computed) - 1.0649637213 (exact) = -8.0045e-07
115: 1.0526409388 (computed) - 1.0526418321 (exact) = -8.9334e-07
116: 1.0431796103 (computed) - 1.0431804501 (exact) = -8.3974e-07
117: 1.0418722715 (computed) - 1.0418730903 (exact) = -8.1878e-07
118: 1.0399903371 (computed) - 1.0399910252 (exact) = -6.8811e-07
119: 1.0224022548 (computed) - 1.0224022555 (exact) = -7.5005e-10
120: 1.0049391472 (computed) - 1.0049404785 (exact) = -1.3313e-06
121: 1.0008830071 (computed) - 1.0008830090 (exact) = -1.9521e-09
122: 0.9974921904 (computed) - 0.9974921859 (exact) =  4.4914e-09
123: 0.9905478465 (computed) - 0.9905492607 (exact) = -1.4142e-06
124: 0.9776749561 (computed) - 0.9776749661 (exact) = -9.9444e-09
125: 0.9742466989 (computed) - 0.9742467110 (exact) = -1.2128e-08
126: 0.9725129269 (computed) - 0.9725129447 (exact) = -1.7778e-08
127: 0.9535856297 (computed) - 0.9535856468 (exact) = -1.7082e-08
128: 0.9430951607 (computed) - 0.9430951807 (exact) = -2.0045e-08
129: 0.9283542441 (computed) - 0.9283543234 (exact) = -7.9257e-08
130: 0.9272618590 (computed) - 0.9272618823 (exact) = -2.3239e-08
131: 0.9271332197 (computed) - 0.9271332609 (exact) = -4.1265e-08
132: 0.8991279806 (computed) - 0.8991279918 (exact) = -1.1169e-08
133: 0.8948268571 (computed) - 0.8948268638 (exact) = -6.7132e-09
134: 0.8829823442 (computed) - 0.8829823898 (exact) = -4.5601e-08
135: 0.8786454867 (computed) - 0.8786455064 (exact) = -1.9693e-08
136: 0.8771993680 (computed) - 0.8771995144 (exact) = -1.4643e-07
137: 0.8663368528 (computed) - 0.8663369238 (exact) = -7.1045e-08
138: 0.8593227884 (computed) - 0.8593228385 (exact) = -5.0097e-08
139: 0.8585086857 (computed) - 0.8585088105 (exact) = -1.2480e-07
140: 0.8545968321 (computed) - 0.8545969713 (exact) = -1.3920e-07
141: 0.8470837557 (computed) - 0.8470838635 (exact) = -1.0774e-07
142: 0.8390730555 (computed) - 0.8390732258 (exact) = -1.7031e-07
143: 0.8351096285 (computed) - 0.8351099810 (exact) = -3.5250e-07
144: 0.8292540315 (computed) - 0.8292544983 (exact) = -4.6685e-07
145: 0.8271142938 (computed) - 0.8271143462 (exact) = -5.2472e-08
146: 0.8244863308 (computed) - 0.8244864602 (exact) = -1.2945e-07
147: 0.8196673947 (computed) - 0.8196675031 (exact) = -1.0841e-07
148: 0.8032594378 (computed) - 0.8032598447 (exact) = -4.0691e-07
149: 0.8018090052 (computed) - 0.8018093276 (exact) = -3.2247e-07
150: 0.7982871005 (computed) - 0.7982871800 (exact) = -7.9550e-08
151: 0.7932958811 (computed) - 0.7932960904 (exact) = -2.0928e-07
152: 0.7890534357 (computed) - 0.7890535644 (exact) = -1.2870e-07
153: 0.7839289393 (computed) - 0.7839291737 (exact) = -2.3440e-07
154: 0.7803236220 (computed) - 0.7803241311 (exact) = -5.0909e-07
155: 0.7666705062 (computed) - 0.7666706876 (exact) = -1.8142e-07
156: 0.7526496865 (computed) - 0.7526508762 (exact) = -1.1896e-06
157: 0.7211084625 (computed) - 0.7211089737 (exact) = -5.1121e-07
158: 0.7177852766 (computed) - 0.7177860435 (exact) = -7.6691e-07
159: 0.7169770078 (computed) - 0.7169794591 (exact) = -2.4513e-06
160: 0.7078383254 (computed) - 0.7078388434 (exact) = -5.1800e-07
161: 0.7040913197 (computed) - 0.7040919528 (exact) = -6.3317e-07
162: 0.6988696131 (computed) - 0.6988709477 (exact) = -1.3346e-06
163: 0.6956752975 (computed) - 0.6956766575 (exact) = -1.3599e-06
164: 0.6954383149 (computed) - 0.6954412290 (exact) = -2.9141e-06
165: 0.6949090821 (computed) - 0.6949098348 (exact) = -7.5270e-07
166: 0.6874102046 (computed) - 0.6874125509 (exact) = -2.3463e-06
167: 0.6850247924 (computed) - 0.6850265184 (exact) = -1.7260e-06
168: 0.6795569246 (computed) - 0.6795579207 (exact) = -9.9612e-07
169: 0.6706410364 (computed) - 0.6706426018 (exact) = -1.5654e-06
170: 0.6693201871 (computed) - 0.6693213577 (exact) = -1.1706e-06
171: 0.6673074529 (computed) - 0.6673082487 (exact) = -7.9577e-07
172: 0.6572089502 (computed) - 0.6572111486 (exact) = -2.1985e-06
173: 0.6565005501 (computed) - 0.6565026268 (exact) = -2.0767e-06
174: 0.6450245886 (computed) - 0.6450265944 (exact) = -2.0058e-06
175: 0.6325851159 (computed) - 0.6325882633 (exact) = -3.1474e-06
176: 0.6304017494 (computed) - 0.6304064455 (exact) = -4.6961e-06
177: 0.6251498561 (computed) - 0.6251545320 (exact) = -4.6759e-06
178: 0.6225237115 (computed) - 0.6225283751 (exact) = -4.6635e-06
179: 0.6180458758 (computed) - 0.6180483176 (exact) = -2.4419e-06
180: 0.6160710057 (computed) - 0.6160757105 (exact) = -4.7048e-06
181: 0.6050450020 (computed) - 0.6050498452 (exact) = -4.8432e-06
182: 0.6015108245 (computed) - 0.6015166844 (exact) = -5.8600e-06
183: 0.5927930416 (computed) - 0.5927971478 (exact) = -4.1061e-06
184: 0.5923672112 (computed) - 0.5923750400 (exact) = -7.8288e-06
185: 0.5889443626 (computed) - 0.5889496065 (exact) = -5.2440e-06
186: 0.5826794029 (computed) - 0.5826902167 (exact) = -1.0814e-05
187: 0.5799533239 (computed) - 0.5799613191 (exact) = -7.9952e-06
188: 0.5785330906 (computed) - 0.5785392352 (exact) = -6.1446e-06
189: 0.5771661279 (computed) - 0.5771748129 (exact) = -8.6850e-06
190: 0.5721246044 (computed) - 0.5721334538 (exact) = -8.8494e-06
191: 0.5704913756 (computed) - 0.5705051582 (exact) = -1.3783e-05
192: 0.5651858454 (computed) - 0.5651950221 (exact) = -9.1767e-06
193: 0.5611988172 (computed) - 0.5612095689 (exact) = -1.0752e-05
194: 0.5583407775 (computed) - 0.5583539817 (exact) = -1.3204e-05
195: 0.5573266669 (computed) - 0.5573402613 (exact) = -1.3594e-05
196: 0.5523121325 (computed) - 0.5523276605 (exact) = -1.5528e-05
197: 0.5510747790 (computed) - 0.5510762460 (exact) = -1.4670e-06
198: 0.5452387834 (computed) - 0.5452564848 (exact) = -1.7701e-05
199: 0.5439919702 (computed) - 0.5440059019 (exact) = -1.3932e-05
200: 0.5429538808 (computed) - 0.5429704923 (exact) = -1.6612e-05
201: 0.5408984973 (computed) - 0.5409147362 (exact) = -1.6239e-05
202: 0.5352518183 (computed) - 0.5352526864 (exact) = -8.6805e-07
203: 0.5219183270 (computed) - 0.5317523219 (exact) = -9.8340e-03
204: 0.5215639941 (computed) - 0.5219352175 (exact) = -3.7122e-04
205: 0.5118301174 (computed) - 0.5215830861 (exact) = -9.7530e-03
206: 0.5075533695 (computed) - 0.5118509981 (exact) = -4.2976e-03
207: 0.5069518403 (computed) - 0.5075696852 (exact) = -6.1784e-04
208: 0.5043807039 (computed) - 0.5069535477 (exact) = -2.5728e-03
209: 0.5036166806 (computed) - 0.5052424191 (exact) = -1.6257e-03
210: 0.5032974783 (computed) - 0.5043825724 (exact) = -1.0851e-03
211: 0.4936938430 (computed) - 0.5036180465 (exact) = -9.9242e-03
212: 0.4917009335 (computed) - 0.5033199238 (exact) = -1.1619e-02
213: 0.4889276124 (computed) - 0.4959053573 (exact) = -6.9777e-03
214: 0.4845492700 (computed) - 0.4936951790 (exact) = -9.1459e-03
215: 0.4771097118 (computed) - 0.4917022236 (exact) = -1.4593e-02
216: 0.4741141555 (computed) - 0.4889486794 (exact) = -1.4835e-02
217: 0.4624602183 (computed) - 0.4878175845 (exact) = -2.5357e-02
218: 0.4620059229 (computed) - 0.4869666565 (exact) = -2.4961e-02
219: 0.4585299624 (computed) - 0.4845508036 (exact) = -2.6021e-02
220: 0.4542934840 (computed) - 0.4807054343 (exact) = -2.6412e-02
221: 0.4539660863 (computed) - 0.4798167593 (exact) = -2.5851e-02
222: 0.4498000707 (computed) - 0.4771116658 (exact) = -2.7312e-02
223: 0.4432872748 (computed) - 0.4741161122 (exact) = -3.0829e-02
224: 0.4365050897 (computed) - 0.4728042688 (exact) = -3.6299e-02
225: 0.4279638540 (computed) - 0.4624619921 (exact) = -3.4498e-02
226: 0.4165359293 (computed) - 0.4620085002 (exact) = -4.5473e-02
227: 0.4066851180 (computed) - 0.4597845851 (exact) = -5.3099e-02
228: 0.3993183863 (computed) - 0.4585320105 (exact) = -5.9214e-02
229: 0.3925811124 (computed) - 0.4542963221 (exact) = -6.1715e-02
230: 0.3810634835 (computed) - 0.4539677471 (exact) = -7.2904e-02
231: 0.3806334461 (computed) - 0.4498019658 (exact) = -6.9169e-02
232: 0.3803454165 (computed) - 0.4468922707 (exact) = -6.6547e-02
233: 0.3773168990 (computed) - 0.4432896726 (exact) = -6.5973e-02
234: 0.3650206683 (computed) - 0.4365082572 (exact) = -7.1488e-02
235: 0.3638160289 (computed) - 0.4315389114 (exact) = -6.7723e-02
236: 0.3599460551 (computed) - 0.4308640798 (exact) = -7.0918e-02
237: 0.3562245544 (computed) - 0.4279684361 (exact) = -7.1744e-02
238: 0.3551655572 (computed) - 0.4254144704 (exact) = -7.0249e-02
239: 0.3502242753 (computed) - 0.4221846836 (exact) = -7.1960e-02
240: 0.3488247843 (computed) - 0.4165388413 (exact) = -6.7714e-02
241: 0.3466871331 (computed) - 0.4123027679 (exact) = -6.5616e-02
242: 0.3436205004 (computed) - 0.4117973883 (exact) = -6.8177e-02
243: 0.3341712590 (computed) - 0.4102683416 (exact) = -7.6097e-02
244: 0.3133363010 (computed) - 0.4066899206 (exact) = -9.3354e-02
245: 0.3064343969 (computed) - 0.4039906826 (exact) = -9.7556e-02
246: 0.3015446418 (computed) - 0.4019918414 (exact) = -1.0045e-01
247: 0.2988662364 (computed) - 0.3993224419 (exact) = -1.0046e-01
248: 0.2966322917 (computed) - 0.3985509665 (exact) = -1.0192e-01
249: 0.2916696068 (computed) - 0.3954341873 (exact) = -1.0376e-01
250: 0.2863296467 (computed) - 0.3925856988 (exact) = -1.0626e-01
251: 0.2851405921 (computed) - 0.3904571240 (exact) = -1.0532e-01
252: 0.2837908759 (computed) - 0.3892642720 (exact) = -1.0547e-01
253: 0.2836003426 (computed) - 0.3810683275 (exact) = -9.7468e-02
254: 0.2768269659 (computed) - 0.3806380633 (exact) = -1.0381e-01
255: 0.2730234351 (computed) - 0.3803505601 (exact) = -1.0733e-01
256: 0.2680945934 (computed) - 0.3773226033 (exact) = -1.0923e-01
257: 0.2672575796 (computed) - 0.3752903117 (exact) = -1.0803e-01
258: 0.2663470408 (computed) - 0.3726892404 (exact) = -1.0634e-01
259: 0.2628389166 (computed) - 0.3681114765 (exact) = -1.0527e-01
260: 0.2618369568 (computed) - 0.3663520235 (exact) = -1.0452e-01
261: 0.2594969716 (computed) - 0.3650271572 (exact) = -1.0553e-01
262: 0.2569051194 (computed) - 0.3638234166 (exact) = -1.0692e-01
263: 0.2541722709 (computed) - 0.3617701061 (exact) = -1.0760e-01
264: 0.2489305861 (computed) - 0.3599520835 (exact) = -1.1102e-01
265: 0.2450438347 (computed) - 0.3562322022 (exact) = -1.1119e-01
266: 0.2449721320 (computed) - 0.3551691001 (exact) = -1.1020e-01
267: 0.2442331688 (computed) - 0.3535557862 (exact) = -1.0932e-01
268: 0.2429714113 (computed) - 0.3502309475 (exact) = -1.0726e-01
269: 0.2394657811 (computed) - 0.3498987535 (exact) = -1.1043e-01
270: 0.2393878435 (computed) - 0.3488326282 (exact) = -1.0944e-01
271: 0.2361327381 (computed) - 0.3466933000 (exact) = -1.1056e-01
272: 0.2351730026 (computed) - 0.3436249634 (exact) = -1.0845e-01
273: 0.2307603117 (computed) - 0.3428894745 (exact) = -1.1213e-01
274: 0.2304414588 (computed) - 0.3423297777 (exact) = -1.1189e-01
275: 0.2234111343 (computed) - 0.3378051745 (exact) = -1.1439e-01
276: 0.2221606265 (computed) - 0.3359898562 (exact) = -1.1383e-01
277: 0.2142538692 (computed) - 0.3354051491 (exact) = -1.2115e-01
278: 0.2103128880 (computed) - 0.3344358872 (exact) = -1.2412e-01
279: 0.2076453024 (computed) - 0.3341791057 (exact) = -1.2653e-01
280: 0.2050570878 (computed) - 0.3272403012 (exact) = -1.2218e-01
281: 0.2029627001 (computed) - 0.3262925781 (exact) = -1.2333e-01
282: 0.2027993755 (computed) - 0.3247614727 (exact) = -1.2196e-01
283: 0.2008516586 (computed) - 0.3200231647 (exact) = -1.1917e-01
284: 0.2000319930 (computed) - 0.3194912251 (exact) = -1.1946e-01
285: 0.1690652419 (computed) - 0.3194406769 (exact) = -1.5038e-01
286: 0.1672896816 (computed) - 0.3159592325 (exact) = -1.4867e-01
287: 0.1655033355 (computed) - 0.3150179788 (exact) = -1.4951e-01
288: 0.1644347315 (computed) - 0.3133459937 (exact) = -1.4891e-01
289: 0.1631537396 (computed) - 0.3124603293 (exact) = -1.4931e-01
290: 0.1624897568 (computed) - 0.3123112137 (exact) = -1.4982e-01
291: 0.1612927108 (computed) - 0.3119334869 (exact) = -1.5064e-01
292: 0.1611888340 (computed) - 0.3092440974 (exact) = -1.4806e-01
293: 0.1609278273 (computed) - 0.3080199327 (exact) = -1.4709e-01
294: 0.1601885370 (computed) - 0.3064511658 (exact) = -1.4626e-01
295: 0.1597659286 (computed) - 0.3051515458 (exact) = -1.4539e-01
296: 0.1593001230 (computed) - 0.3030035337 (exact) = -1.4370e-01
297: 0.1589686547 (computed) - 0.3015566007 (exact) = -1.4259e-01
298: 0.1585239740 (computed) - 0.2996490310 (exact) = -1.4113e-01
299: 0.1571724750 (computed) - 0.2988749339 (exact) = -1.4170e-01
300: 0.1567774105 (computed) - 0.2966434952 (exact) = -1.3987e-01
301: 0.1557718511 (computed) - 0.2944107476 (exact) = -1.3864e-01
302: 0.1547151351 (computed) - 0.2943768634 (exact) = -1.3966e-01
303: 0.1544606581 (computed) - 0.2916797162 (exact) = -1.3722e-01
304: 0.1539663657 (computed) - 0.2901321431 (exact) = -1.3617e-01
305: 0.1527471450 (computed) - 0.2895588268 (exact) = -1.3681e-01
306: 0.1513574729 (computed) - 0.2863426242 (exact) = -1.3499e-01
307: 0.1511733764 (computed) - 0.2861178697 (exact) = -1.3494e-01
308: 0.1505921679 (computed) - 0.2851537032 (exact) = -1.3456e-01
309: 0.1501197105 (computed) - 0.2838007179 (exact) = -1.3368e-01
310: 0.1493351897 (computed) - 0.2836146142 (exact) = -1.3428e-01
311: 0.1489293106 (computed) - 0.2792322728 (exact) = -1.3030e-01
312: 0.1473796383 (computed) - 0.2768423480 (exact) = -1.2946e-01
313: 0.1467196755 (computed) - 0.2760755646 (exact) = -1.2936e-01
314: 0.1456098070 (computed) - 0.2730425370 (exact) = -1.2743e-01
315: 0.1452610872 (computed) - 0.2681124818 (exact) = -1.2285e-01
316: 0.1449966721 (computed) - 0.2672692144 (exact) = -1.2227e-01
317: 0.1427304092 (computed) - 0.2663672087 (exact) = -1.2364e-01
318: 0.1416993342 (computed) - 0.2633705266 (exact) = -1.2167e-01
319: 0.1410055030 (computed) - 0.2628559819 (exact) = -1.2185e-01
320: 0.1409502104 (computed) - 0.2619048044 (exact) = -1.2095e-01
321: 0.1404957638 (computed) - 0.2618612696 (exact) = -1.2137e-01
322: 0.1402286713 (computed) - 0.2595180429 (exact) = -1.1929e-01
323: 0.1400163910 (computed) - 0.2580365227 (exact) = -1.1802e-01
slurmstepd-andoria01: error: *** JOB 25995 ON andoria01 CANCELLED AT 2025-11-19T13:52:00 ***

[964797] signal 15: Terminated
in expression starting at /home/fmereto/MA_final_code/hybrid_davidson.jl:491
- at ./float.jl:492 [inlined]
_broadcast_getindex_evalf at ./broadcast.jl:678 [inlined]
_broadcast_getindex at ./broadcast.jl:651 [inlined]
getindex at ./broadcast.jl:610 [inlined]
macro expansion at ./broadcast.jl:973 [inlined]
macro expansion at ./simdloop.jl:77 [inlined]
copyto! at ./broadcast.jl:972 [inlined]
copyto! at ./broadcast.jl:925 [inlined]
materialize! at ./broadcast.jl:883 [inlined]
materialize! at ./broadcast.jl:880 [inlined]
davidson at /home/fmereto/MA_final_code/hybrid_davidson.jl:235
davidson at /home/fmereto/MA_final_code/hybrid_davidson.jl:194 [inlined]
macro expansion at ./timing.jl:581 [inlined]
main at /home/fmereto/MA_final_code/hybrid_davidson.jl:458
unknown function (ip: 0x7efe62ff4532)
top-level scope at /home/fmereto/MA_final_code/hybrid_davidson.jl:498
jl_toplevel_eval_flex at /cache/build/builder-amdci5-5/julialang/julia-release-1-dot-11/src/toplevel.c:934
jl_toplevel_eval_flex at /cache/build/builder-amdci5-5/julialang/julia-release-1-dot-11/src/toplevel.c:886
ijl_toplevel_eval_in at /cache/build/builder-amdci5-5/julialang/julia-release-1-dot-11/src/toplevel.c:994
eval at ./boot.jl:430 [inlined]
include_string at ./loading.jl:2734
_include at ./loading.jl:2794
include at ./Base.jl:557
jfptr_include_46865.1 at /home/fmereto/julia/lib/julia/sys.so (unknown line)
exec_options at ./client.jl:323
_start at ./client.jl:531
jfptr__start_73560.1 at /home/fmereto/julia/lib/julia/sys.so (unknown line)
jl_apply at /cache/build/builder-amdci5-5/julialang/julia-release-1-dot-11/src/julia.h:2157 [inlined]
true_main at /cache/build/builder-amdci5-5/julialang/julia-release-1-dot-11/src/jlapi.c:900
jl_repl_entrypoint at /cache/build/builder-amdci5-5/julialang/julia-release-1-dot-11/src/jlapi.c:1059
main at /cache/build/builder-amdci5-5/julialang/julia-release-1-dot-11/cli/loader_exe.c:58
__libc_start_main at /lib/x86_64-linux-gnu/libc.so.6 (unknown line)
unknown function (ip: 0x4010b8)
unknown function (ip: (nil))
Allocations: 720321890 (Pool: 720321271; Big: 619); GC: 104661
324: 0.1392975186 (computed) - 0.2569229827 (exact) = -1.1763e-01
325: 0.1383026569 (computed) - 0.2553036724 (exact) = -1.1700e-01
326: 0.1382318240 (computed) - 0.2545325422 (exact) = -1.1630e-01
327: 0.1373248970 (computed) - 0.2541933525 (exact) = -1.1687e-01
328: 0.1368765170 (computed) - 0.2537349886 (exact) = -1.1686e-01
329: 0.1357013794 (computed) - 0.2519252574 (exact) = -1.1622e-01
330: 0.1355486790 (computed) - 0.2489516514 (exact) = -1.1340e-01
331: 0.1353996635 (computed) - 0.2450574125 (exact) = -1.0966e-01
332: 0.1349222603 (computed) - 0.2449975509 (exact) = -1.1008e-01
333: 0.1347735344 (computed) - 0.2442512033 (exact) = -1.0948e-01
334: 0.1343071804 (computed) - 0.2434183949 (exact) = -1.0911e-01
335: 0.1328090189 (computed) - 0.2429987847 (exact) = -1.1019e-01
336: 0.1325411706 (computed) - 0.2421861755 (exact) = -1.0965e-01
337: 0.1319484300 (computed) - 0.2397506269 (exact) = -1.0780e-01
338: 0.1314302977 (computed) - 0.2394990092 (exact) = -1.0807e-01
339: 0.1303585640 (computed) - 0.2394129776 (exact) = -1.0905e-01
340: 0.1302929245 (computed) - 0.2361518522 (exact) = -1.0586e-01
341: 0.1300713668 (computed) - 0.2351991736 (exact) = -1.0513e-01
342: 0.1289652897 (computed) - 0.2321925690 (exact) = -1.0323e-01
343: 0.1288564521 (computed) - 0.2308881319 (exact) = -1.0203e-01
344: 0.1277894120 (computed) - 0.2307895851 (exact) = -1.0300e-01
345: 0.1274643372 (computed) - 0.2304653515 (exact) = -1.0300e-01
346: 0.1273340646 (computed) - 0.2289094375 (exact) = -1.0158e-01
347: 0.1268908478 (computed) - 0.2254219599 (exact) = -9.8531e-02
348: 0.1266444150 (computed) - 0.2253325215 (exact) = -9.8688e-02
349: 0.1263801359 (computed) - 0.2240974431 (exact) = -9.7717e-02
350: 0.1257181939 (computed) - 0.2234377198 (exact) = -9.7720e-02
351: 0.1252856763 (computed) - 0.2221878978 (exact) = -9.6902e-02
352: 0.1251751584 (computed) - 0.2196685073 (exact) = -9.4493e-02
353: 0.1241038865 (computed) - 0.2189999756 (exact) = -9.4896e-02
354: 0.1232847628 (computed) - 0.2177401098 (exact) = -9.4455e-02
355: 0.1232201154 (computed) - 0.2164332547 (exact) = -9.3213e-02
356: 0.1221759240 (computed) - 0.2163064678 (exact) = -9.4131e-02
357: 0.1217993328 (computed) - 0.2158871683 (exact) = -9.4088e-02
358: 0.1210729061 (computed) - 0.2144608165 (exact) = -9.3388e-02
359: 0.1207178434 (computed) - 0.2142801741 (exact) = -9.3562e-02
360: 0.1202722481 (computed) - 0.2124688643 (exact) = -9.2197e-02
361: 0.1199917357 (computed) - 0.2103409663 (exact) = -9.0349e-02
362: 0.1199317093 (computed) - 0.2086571076 (exact) = -8.8725e-02
363: 0.1195401293 (computed) - 0.2076822614 (exact) = -8.8142e-02
364: 0.1185433675 (computed) - 0.2063808726 (exact) = -8.7838e-02
365: 0.1175644139 (computed) - 0.2050827399 (exact) = -8.7518e-02
366: 0.1170245137 (computed) - 0.2048412365 (exact) = -8.7817e-02
367: 0.1168050146 (computed) - 0.2029957408 (exact) = -8.6191e-02
368: 0.1164780148 (computed) - 0.2028280067 (exact) = -8.6350e-02
369: 0.1154901423 (computed) - 0.2016201882 (exact) = -8.6130e-02
370: 0.1143469911 (computed) - 0.2008787580 (exact) = -8.6532e-02
371: 0.1142075715 (computed) - 0.2000726704 (exact) = -8.5865e-02
372: 0.1140599795 (computed) - 0.1998244365 (exact) = -8.5764e-02
373: 0.1137890250 (computed) - 0.1996249626 (exact) = -8.5836e-02
374: 0.1133113954 (computed) - 0.1985021989 (exact) = -8.5191e-02
375: 0.1131072985 (computed) - 0.1974302423 (exact) = -8.4323e-02
376: 0.1124651706 (computed) - 0.1967873969 (exact) = -8.4322e-02
377: 0.1123848038 (computed) - 0.1963253510 (exact) = -8.3941e-02
378: 0.1118686261 (computed) - 0.1944188002 (exact) = -8.2550e-02
379: 0.1116165147 (computed) - 0.1943039723 (exact) = -8.2687e-02
380: 0.1113393641 (computed) - 0.1940723623 (exact) = -8.2733e-02
381: 0.1112155196 (computed) - 0.1928771864 (exact) = -8.1662e-02
382: 0.1108864193 (computed) - 0.1928199749 (exact) = -8.1934e-02
383: 0.1097608994 (computed) - 0.1920535690 (exact) = -8.2293e-02
384: 0.1091692523 (computed) - 0.1916941579 (exact) = -8.2525e-02
385: 0.1090005980 (computed) - 0.1916048021 (exact) = -8.2604e-02
386: 0.1078843557 (computed) - 0.1907849875 (exact) = -8.2901e-02
387: 0.1077217232 (computed) - 0.1882001809 (exact) = -8.0478e-02
388: 0.1071086823 (computed) - 0.1878338758 (exact) = -8.0725e-02
389: 0.1067638013 (computed) - 0.1875686321 (exact) = -8.0805e-02
390: 0.1061414033 (computed) - 0.1863489901 (exact) = -8.0208e-02
391: 0.1059533596 (computed) - 0.1849786161 (exact) = -7.9025e-02
392: 0.1056294183 (computed) - 0.1847382320 (exact) = -7.9109e-02
393: 0.1051960466 (computed) - 0.1843325068 (exact) = -7.9136e-02
394: 0.1046750121 (computed) - 0.1817820883 (exact) = -7.7107e-02
395: 0.1043764466 (computed) - 0.1816681616 (exact) = -7.7292e-02
396: 0.1041454123 (computed) - 0.1800559528 (exact) = -7.5911e-02
397: 0.1039528842 (computed) - 0.1794715598 (exact) = -7.5519e-02
398: 0.1035970847 (computed) - 0.1785393937 (exact) = -7.4942e-02
399: 0.0997256413 (computed) - 0.1772622511 (exact) = -7.7537e-02
400: 0.0996894655 (computed) - 0.1768619538 (exact) = -7.7172e-02
401: 0.0956655546 (computed) - 0.1764216773 (exact) = -8.0756e-02
402: 0.0956343316 (computed) - 0.1761566085 (exact) = -8.0522e-02
403: 0.0870111138 (computed) - 0.1757195643 (exact) = -8.8708e-02
404: 0.0869853627 (computed) - 0.1751187143 (exact) = -8.8133e-02
405: 0.0818645469 (computed) - 0.1723460804 (exact) = -9.0482e-02
406: 0.0818249275 (computed) - 0.1712330571 (exact) = -8.9408e-02
407: 0.0811964176 (computed) - 0.1711320891 (exact) = -8.9936e-02
408: 0.0811587742 (computed) - 0.1706888712 (exact) = -8.9530e-02
409: 0.0799690280 (computed) - 0.1706474217 (exact) = -9.0678e-02
410: 0.0799302892 (computed) - 0.1696519794 (exact) = -8.9722e-02
411: 0.0749192436 (computed) - 0.1679086056 (exact) = -9.2989e-02
412: 0.0748835999 (computed) - 0.1672500637 (exact) = -9.2366e-02
413: 0.0738272695 (computed) - 0.1667308799 (exact) = -9.2904e-02
414: 0.0738052479 (computed) - 0.1661480038 (exact) = -9.2343e-02
415: 0.0712660481 (computed) - 0.1650728705 (exact) = -9.3807e-02
416: 0.0712527953 (computed) - 0.1638059766 (exact) = -9.2553e-02
417: 0.0708912494 (computed) - 0.1630669836 (exact) = -9.2176e-02
418: 0.0708668886 (computed) - 0.1618801381 (exact) = -9.1013e-02
419: 0.0668028564 (computed) - 0.1617595975 (exact) = -9.4957e-02
420: 0.0667914861 (computed) - 0.1615921586 (exact) = -9.4801e-02
421: 0.0660000050 (computed) - 0.1607864064 (exact) = -9.4786e-02
422: 0.0659672742 (computed) - 0.1604265936 (exact) = -9.4459e-02
423: 0.0629099448 (computed) - 0.1599322999 (exact) = -9.7022e-02
424: 0.0628878697 (computed) - 0.1595758323 (exact) = -9.6688e-02
425: 0.0138381934 (computed) - 0.1591270525 (exact) = -1.4529e-01
426: 0.0133363895 (computed) - 0.1577343117 (exact) = -1.4440e-01
427: 0.0132178468 (computed) - 0.1574138292 (exact) = -1.4420e-01
428: 0.0131006399 (computed) - 0.1563701913 (exact) = -1.4327e-01
429: 0.0130078986 (computed) - 0.1552960854 (exact) = -1.4229e-01
430: 0.0128757802 (computed) - 0.1550589047 (exact) = -1.4218e-01
431: 0.0127708429 (computed) - 0.1545589937 (exact) = -1.4179e-01
432: 0.0126339029 (computed) - 0.1532893540 (exact) = -1.4066e-01
433: 0.0125192885 (computed) - 0.1518628414 (exact) = -1.3934e-01
434: 0.0124189615 (computed) - 0.1518044451 (exact) = -1.3939e-01
435: 0.0123731644 (computed) - 0.1512025247 (exact) = -1.3883e-01
436: 0.0121456613 (computed) - 0.1507299478 (exact) = -1.3858e-01
437: 0.0120335241 (computed) - 0.1499244789 (exact) = -1.3789e-01
438: 0.0119321327 (computed) - 0.1494884871 (exact) = -1.3756e-01
439: 0.0118942712 (computed) - 0.1479448067 (exact) = -1.3605e-01
440: 0.0118199072 (computed) - 0.1472454707 (exact) = -1.3543e-01
441: 0.0117045815 (computed) - 0.1460973518 (exact) = -1.3439e-01
442: 0.0115766382 (computed) - 0.1458280968 (exact) = -1.3425e-01
443: 0.0114354628 (computed) - 0.1454991681 (exact) = -1.3406e-01
444: 0.0113568745 (computed) - 0.1432436145 (exact) = -1.3189e-01
445: 0.0112460016 (computed) - 0.1421910272 (exact) = -1.3095e-01
446: 0.0109666940 (computed) - 0.1415316084 (exact) = -1.3056e-01
447: 0.0109091047 (computed) - 0.1414477958 (exact) = -1.3054e-01
448: 0.0108432163 (computed) - 0.1410645726 (exact) = -1.3022e-01
449: 0.0107661648 (computed) - 0.1407631075 (exact) = -1.3000e-01
450: 0.0105855925 (computed) - 0.1404963513 (exact) = -1.2991e-01
451: 0.0104928643 (computed) - 0.1397822433 (exact) = -1.2929e-01
452: 0.0104674594 (computed) - 0.1388232857 (exact) = -1.2836e-01
453: 0.0103999564 (computed) - 0.1386914293 (exact) = -1.2829e-01
454: 0.0103091902 (computed) - 0.1378422255 (exact) = -1.2753e-01
455: 0.0102314813 (computed) - 0.1373697501 (exact) = -1.2714e-01
456: 0.0101187244 (computed) - 0.1361607611 (exact) = -1.2604e-01
457: 0.0099909242 (computed) - 0.1360451356 (exact) = -1.2605e-01
458: 0.0099098177 (computed) - 0.1359222433 (exact) = -1.2601e-01
459: 0.0098981395 (computed) - 0.1354238544 (exact) = -1.2553e-01
460: 0.0097695516 (computed) - 0.1352818556 (exact) = -1.2551e-01
461: 0.0096716140 (computed) - 0.1348237146 (exact) = -1.2515e-01
462: 0.0096227036 (computed) - 0.1333118957 (exact) = -1.2369e-01
463: 0.0095703091 (computed) - 0.1329849460 (exact) = -1.2341e-01
464: 0.0095098380 (computed) - 0.1324197632 (exact) = -1.2291e-01
465: 0.0093687791 (computed) - 0.1318976371 (exact) = -1.2253e-01
466: 0.0092337259 (computed) - 0.1308231534 (exact) = -1.2159e-01
467: 0.0091960520 (computed) - 0.1307631287 (exact) = -1.2157e-01
468: 0.0090355380 (computed) - 0.1305161226 (exact) = -1.2148e-01
469: 0.0089856124 (computed) - 0.1294897873 (exact) = -1.2050e-01
470: 0.0089284202 (computed) - 0.1293369670 (exact) = -1.2041e-01
471: 0.0088967281 (computed) - 0.1282648140 (exact) = -1.1937e-01
472: 0.0087250382 (computed) - 0.1279317950 (exact) = -1.1921e-01
473: 0.0085891627 (computed) - 0.1278236419 (exact) = -1.1923e-01
474: 0.0085217929 (computed) - 0.1274758788 (exact) = -1.1895e-01
475: 0.0084602312 (computed) - 0.1273161834 (exact) = -1.1886e-01
476: 0.0084566960 (computed) - 0.1271155586 (exact) = -1.1866e-01
477: 0.0084193366 (computed) - 0.1261797346 (exact) = -1.1776e-01
478: 0.0083747070 (computed) - 0.1261455884 (exact) = -1.1777e-01
479: 0.0082659596 (computed) - 0.1256596692 (exact) = -1.1739e-01
480: 0.0082460336 (computed) - 0.1245937753 (exact) = -1.1635e-01
481: 0.0081274237 (computed) - 0.1237348209 (exact) = -1.1561e-01
482: 0.0080432097 (computed) - 0.1237094248 (exact) = -1.1567e-01
483: 0.0079843356 (computed) - 0.1226949388 (exact) = -1.1471e-01
484: 0.0078989977 (computed) - 0.1222256196 (exact) = -1.1433e-01
485: 0.0078322594 (computed) - 0.1215697460 (exact) = -1.1374e-01
486: 0.0077607069 (computed) - 0.1211566619 (exact) = -1.1340e-01
487: 0.0076708211 (computed) - 0.1207292227 (exact) = -1.1306e-01
488: 0.0075768623 (computed) - 0.1204482690 (exact) = -1.1287e-01
489: 0.0074552744 (computed) - 0.1203713607 (exact) = -1.1292e-01
490: 0.0073899009 (computed) - 0.1200002588 (exact) = -1.1261e-01
491: 0.0073016127 (computed) - 0.1190085967 (exact) = -1.1171e-01
492: 0.0070894740 (computed) - 0.1180179903 (exact) = -1.1093e-01
493: 0.0070481183 (computed) - 0.1174337829 (exact) = -1.1039e-01
494: 0.0069477973 (computed) - 0.1172715452 (exact) = -1.1032e-01
495: 0.0068434903 (computed) - 0.1168985054 (exact) = -1.1006e-01
496: 0.0067029834 (computed) - 0.1159098164 (exact) = -1.0921e-01
497: 0.0066657908 (computed) - 0.1148034030 (exact) = -1.0814e-01
498: 0.0065991537 (computed) - 0.1146628114 (exact) = -1.0806e-01
499: 0.0064264387 (computed) - 0.1145318033 (exact) = -1.0811e-01
500: 0.0063213694 (computed) - 0.1142402323 (exact) = -1.0792e-01
501: 0.0061829983 (computed) - 0.1137252166 (exact) = -1.0754e-01
502: 0.0061545735 (computed) - 0.1135916044 (exact) = -1.0744e-01
502 Eigenvalues converges, out of 600 requested.
Running with l = 1200
Starting Davidson with n_aux = 3000, l_buffer = 1560, lc = 1206, thresh = 0.003, max_iter = 100
Iter 1: V_size = 240, Converged = 0, ‖r‖ (largest λ) = 0.5295083438837906
Iter 2: V_size = 472, Converged = 8, ‖r‖ (largest λ) = 9.088445440044206e-5
Iter 3: V_size = 775, Converged = 177, ‖r‖ (largest λ) = 256.2408914861891
Iter 4: V_size = 1241, Converged = 486, ‖r‖ (largest λ) = 0.00013877991027202196
Iter 5: V_size = 2133, Converged = 668, ‖r‖ (largest λ) = 0.00030517538104710715
Iter 6: V_size = 2987, Converged = 706, ‖r‖ (largest λ) = 1.635672008943384
Iter 7: V_size = 1612, Converged = 754, ‖r‖ (largest λ) = 15.361509766817674
Iter 8: V_size = 2393, Converged = 779, ‖r‖ (largest λ) = 33.03648035433298
Iter 9: V_size = 1528, Converged = 796, ‖r‖ (largest λ) = 10.256712681282202
Hybrid Davidson-JD corrections at iteration 10
Total MINRES iterations: 752
Iter 10: V_size = 1902, Converged = 1186, ‖r‖ (largest λ) = 0.0005839610247168394
Hybrid Davidson-JD corrections at iteration 11
Total MINRES iterations: 12
Iter 11: V_size = 2272, Converged = 1190, ‖r‖ (largest λ) = 0.007692463764661718
Hybrid Davidson-JD corrections at iteration 12
Total MINRES iterations: 187
Iter 12: V_size = 2642, Converged = 1190, ‖r‖ (largest λ) = 108.83062736680733
