
=== Running tests for molecule: formaldehyde ===
Running with Naux = 700
read ../MA_best/Simulate_CWNO/CWNO_final_tilde.dat
Starting Davidson with n_aux = 700, l_buffer = 650, lc = 502, thresh = 0.0001, max_iter = 100
Iter 1: V_size = 175, Converged = 0, ‖r‖ (largest λ) = 0.21119816021533275
Iter 2: V_size = 350, Converged = 0, ‖r‖ (largest λ) = 0.0004059491797695963
Iter 3: V_size = 525, Converged = 14, ‖r‖ (largest λ) = 6.681310149907546e-7
Iter 4: V_size = 700, Converged = 125, ‖r‖ (largest λ) = 3.8621882196040063
Iter 5: V_size = 239, Converged = 178, ‖r‖ (largest λ) = 5.193760915307914e-6
Iter 6: V_size = 414, Converged = 178, ‖r‖ (largest λ) = 3.167470555063759
Iter 7: V_size = 589, Converged = 178, ‖r‖ (largest λ) = 0.024445570774059698
Iter 8: V_size = 350, Converged = 178, ‖r‖ (largest λ) = 0.004347131480837425
Iter 9: V_size = 525, Converged = 178, ‖r‖ (largest λ) = 0.0006475139451220288
Iter 10: V_size = 700, Converged = 184, ‖r‖ (largest λ) = 7.20646221145034e-5
Iter 11: V_size = 344, Converged = 248, ‖r‖ (largest λ) = 2.1292368813737646e-5
Iter 12: V_size = 519, Converged = 266, ‖r‖ (largest λ) = 3.1799014295179893
Iter 13: V_size = 694, Converged = 326, ‖r‖ (largest λ) = 1.6315315962151387
Iter 14: V_size = 290, Converged = 336, ‖r‖ (largest λ) = 2.664207430568048e-6
Iter 15: V_size = 465, Converged = 342, ‖r‖ (largest λ) = 0.7799439224381138
Iter 16: V_size = 640, Converged = 345, ‖r‖ (largest λ) = 1.3199121361431252
Iter 17: V_size = 347, Converged = 348, ‖r‖ (largest λ) = 6.572369761764381e-5
Iter 18: V_size = 522, Converged = 350, ‖r‖ (largest λ) = 0.8655659145291076
Iter 19: V_size = 697, Converged = 353, ‖r‖ (largest λ) = 0.6669604105981839
Iter 20: V_size = 347, Converged = 378, ‖r‖ (largest λ) = 8.199207453507845e-5
Iter 21: V_size = 522, Converged = 392, ‖r‖ (largest λ) = 1.7817632397008911
Iter 22: V_size = 697, Converged = 416, ‖r‖ (largest λ) = 1.626536005987541
Iter 23: V_size = 326, Converged = 435, ‖r‖ (largest λ) = 5.022334569620365e-5
Iter 24: V_size = 501, Converged = 448, ‖r‖ (largest λ) = 1.1294364677709732
Iter 25: V_size = 676, Converged = 468, ‖r‖ (largest λ) = 1.429001131755501
Iter 26: V_size = 330, Converged = 496, ‖r‖ (largest λ) = 6.113531270676259e-5
Iter 27: V_size = 505, Converged = 496, ‖r‖ (largest λ) = 1.2233605989376475
Converged all required eigenvalues (cluster-aware). Iter = 28
1488.039490 seconds (58.37 M allocations: 2.610 TiB, 0.73% gc time, 0.01% compilation time)
Number of FLOPs: 34873062997496

Reading exact Eigenvalues...
Reading eigenvalues from ../MA_best/Simulate_CWNO/CWNO_final_tilde_results.jld2

Compute the difference between computed and exact eigenvalues:
1×500 adjoint(::Vector{Float64}) with eltype Float64:
 -3.01981e-14  -5.82823e-12  -9.20153e-12  -8.95817e-12  -5.51337e-11  -2.63338e-9  -2.36065e-9  -1.52817e-9  -1.46817e-9  -1.70887e-9  -2.07287e-9  -2.06374e-9  -1.34393e-9  -1.57339e-9  -1.58051e-12  -1.81188e-12  -1.6378e-12  -3.36353e-12  -2.73248e-12  -5.1541e-12  -4.97091e-12  -4.50529e-12  -2.98694e-12  -4.83569e-12  -3.81561e-12  -2.75757e-12  -5.93658e-12  -7.45048e-12  -5.92659e-12  -6.44351e-12  -1.49054e-11  -1.8344e-11  -5.33809e-11  -5.19653e-11  -1.30107e-11  -2.53091e-11  -4.37543e-11  -4.84066e-11  -2.40712e-11  -4.63038e-11  -4.72664e-11  -3.14155e-11  -2.90619e-11  -4.14382e-11  -7.1376e-11  -8.3664e-11  -1.80294e-10  -1.71742e-10  -1.02827e-10  -3.62013e-11  -3.6193e-11  -4.36682e-11  -2.14325e-10  -2.47524e-10  -2.32945e-10  -2.00611e-10  -2.27253e-10  -2.42678e-10  -2.86933e-10  -2.21469e-10  -2.96976e-10  -2.51435e-10  -2.26501e-10  -9.37345e-10  -6.82473e-10  -6.91274e-10  -9.21233e-10  -8.53129e-10  -2.71202e-10  -5.47477e-10  -3.20845e-10  -7.17853e-10  -5.86037e-10  -8.34882e-10  -4.99043e-10  -5.42552e-10  -1.86613e-9  -2.02595e-9  -1.91993e-9  -1.59652e-9  -1.9679e-9  -5.59804e-10  -1.47392e-9  -1.3547e-9  -1.42608e-9  -1.40944e-9  -2.84253e-9  -2.3167e-9  -3.25356e-9  -2.31525e-9  -1.63636e-9  -1.29301e-9  -1.07562e-10  -3.07485e-9  -2.98967e-9  -2.44479e-9  -1.45798e-9  -7.40311e-9  -6.87357e-9  -1.5508e-9  -2.48934e-9  -2.6057e-9  -2.00371e-9  -5.51362e-9  -4.46816e-9  -4.06819e-11  -1.74863e-11  -3.08622e-9  -8.57995e-9  -5.15653e-11  -4.52683e-11  -3.42297e-9  -6.90172e-9  -6.78356e-9  -7.39613e-11  -1.02065e-8  -1.0511e-8  -7.59896e-9  -1.11606e-10  -6.93606e-9  -7.95898e-9  -1.49387e-10  -1.59504e-10  -1.01861e-8  -2.0012e-10  -1.48469e-10  -2.04583e-10  -1.22271e-8  -1.40296e-8  -1.22085e-8  -1.4718e-8  -1.31465e-8  -3.42716e-10  -2.10067e-10  -2.34279e-10  -1.88627e-10  -2.00586e-10  -2.66801e-10  -2.79657e-10  -4.12326e-10  -4.88969e-10  -4.00114e-10  -3.76297e-10  -4.74121e-9  -1.56288e-8  -1.43904e-8  -1.29806e-8  -2.95026e-10  -3.6258e-10  -3.97243e-10  -4.46081e-10  -6.64231e-10  -5.58549e-10  -6.46124e-10  -9.47653e-10  -1.1321e-9  -8.09243e-10  -5.27227e-10  -4.11779e-10  -2.86873e-10  -1.03619e-9  -9.45476e-10  -1.42813e-9  -7.81777e-10  -9.22915e-10  -4.78899e-10  -1.85583e-9  -1.50148e-9  -1.31932e-9  -2.53986e-9  -1.92906e-9  -1.79348e-9  -1.72454e-9  -1.79949e-9  -7.51489e-10  -4.21163e-9  -5.27605e-9  -4.02167e-9  -1.35677e-8  -1.70009e-8  -1.27799e-9  -1.52795e-9  -2.60577e-8  -1.73561e-9  -1.46119e-9  -1.56361e-9  -2.74443e-9  -3.28235e-9  -2.12784e-8  -2.43897e-8  -2.0439e-9  -3.03552e-9  -2.27227e-9  -3.63863e-9  -4.75176e-9  -1.61476e-9  -2.6333e-9  -1.03897e-8  -6.34824e-9  -2.88931e-8  -4.27379e-9  -3.2939e-9  -2.28449e-9  -7.57701e-9  -7.64473e-9  -2.63728e-9  -1.0785e-8  -1.86398e-8  -1.12469e-8  -2.29048e-8  -1.89755e-8  -5.3028e-9  -7.70196e-9  -9.17131e-9  -3.81082e-9  -1.50908e-8  -4.55083e-9  -1.73921e-8  -1.27192e-8  -1.16473e-8  -8.28665e-9  -2.45332e-8  -2.98224e-8  -6.53711e-9  -7.58971e-9  -1.68029e-8  -1.51248e-8  -7.85726e-11  -1.12202e-8  -1.42334e-8  -2.99229e-8  -7.51663e-9  -2.43965e-9  -1.36931e-8  -1.41793e-8  -7.99033e-9  -2.64935e-8  -2.94653e-8  -3.50719e-8  -3.56996e-9  -2.8826e-10  -3.41437e-8  -4.20754e-10  -1.64915e-10  -1.84512e-10  -4.17708e-8  -2.58383e-8  -5.19332e-9  -4.15577e-10  -3.58279e-8  -2.62185e-8  -3.74035e-10  -4.68758e-10  -2.06095e-11  -6.39172e-9  -6.36921e-9  -5.63899e-9  -8.21122e-9  -5.27739e-10  -8.53656e-10  -6.17387e-9  -9.27427e-9  -1.62699e-9  -9.95972e-10  -8.98114e-10  -4.34762e-10  -9.66185e-10  -1.01146e-8  -7.79451e-10  -2.99769e-8  -1.88155e-8  -1.67739e-9  -5.30907e-8  -1.27444e-10  -9.12959e-11  -3.78202e-9  -1.10983e-8  -3.35102e-8  -5.4099e-10  -4.31905e-8  -1.19259e-9  -1.16572e-8  -7.27039e-10  -1.73662e-9  -1.36626e-9  -2.34413e-8  -1.93532e-8  -2.84326e-8  -1.66858e-8  -2.13228e-8  -2.1731e-9  -6.84009e-9  -1.95157e-9  -3.30343e-8  -4.11588e-9  -1.78741e-9  -2.88756e-9  -1.67428e-9  -2.60577e-9  -6.42784e-9  -6.74269e-9  -4.88025e-9  -4.51811e-9  -2.6633e-9  -1.40406e-8  -1.29947e-8  -1.14016e-8  -1.53747e-8  -1.31771e-8  -1.16128e-8  -9.87484e-9  -3.718e-8  -4.0418e-8  -3.23506e-8  -1.24908e-8  -1.90181e-8  -2.18477e-8  -2.35185e-8  -2.27053e-8  -7.86451e-9  -8.31532e-9  -3.35987e-8  -2.12919e-8  -5.6329e-8  -1.75821e-8  -1.00748e-8  -6.63985e-8  -3.35742e-8  -5.77212e-8  -2.30249e-8  -1.17209e-8  -1.77278e-8  -1.80467e-8  -3.24513e-8  -6.08818e-8  -2.29752e-8  -7.07628e-8  -7.87152e-8  -3.25354e-8  -5.98672e-8  -7.50733e-8  -8.51296e-8  -2.84202e-8  -7.80544e-8  -3.17871e-8  -5.41547e-8  -5.46618e-8  -7.55895e-8  -2.12979e-9  -2.65119e-8  -1.64672e-9  -5.19164e-8  -1.21177e-8  5.02384e-8  5.68036e-8  2.66944e-8  2.12191e-8  9.21461e-9  2.80473e-8  1.59145e-8  2.18391e-9  7.46262e-9  -7.40177e-9  2.86626e-9  -2.36596e-8  -1.19424e-8  -2.61905e-9  -6.93319e-9  -3.15479e-8  2.2914e-8  -1.1858e-8  8.90768e-9  -7.30084e-9  -2.40661e-8  -1.84898e-8  1.65081e-8  -4.19721e-8  6.79726e-9  -1.61976e-8  -3.45359e-8  -2.29069e-8  -3.62841e-8  6.50147e-9  8.61577e-9  3.12145e-9  3.34074e-9  7.32602e-9  4.5841e-9  6.4465e-9  2.71428e-9  3.24098e-9  4.83076e-9  -6.12439e-9  -1.39485e-8  -9.43333e-9  -2.19934e-8  -2.63247e-8  -2.01785e-8  1.78746e-9  -1.71011e-8  2.73107e-9  -3.17138e-8  -2.38747e-8  -2.30052e-8  1.65921e-9  -1.56845e-8  -1.06439e-8  -6.63729e-9  -2.30501e-8  -3.76561e-8  -3.69331e-8  -1.45087e-8  -4.88514e-8  -2.59911e-9  -8.86549e-9  -1.54396e-8  -2.21887e-8  -7.5996e-9  -4.15992e-8  -4.15424e-8  -3.46378e-8  -1.63871e-8  -1.02513e-8  -1.36346e-8  -1.94116e-8  -1.52897e-8  -1.95324e-8  -2.65904e-8  -3.99955e-8  -2.47931e-8  -4.96109e-8  -1.70909e-8  -5.35224e-8  -5.28659e-8  -1.49811e-8  -1.94981e-8  -2.20757e-8  -4.36425e-8  -9.67555e-9  2.16477e-8  -1.44134e-9  1.05041e-8  -1.76649e-8  -2.13488e-8  -2.42675e-8  -1.78234e-8  -5.47604e-8  -9.84031e-9  -4.34702e-8  -2.8419e-8  -5.42825e-8  -1.27155e-8  -1.41816e-8  -9.25803e-9  -7.72462e-8  -1.49491e-8  -4.49227e-8  -4.34032e-8  -1.82146e-8  -1.0178e-8  -8.15785e-8  -6.07481e-8  -4.2974e-8  -6.49479e-8  -1.37774e-8  4.40687e-9  -1.27832e-8  -1.05883e-8  -5.68294e-8  -1.12767e-8  -1.67691e-8  -1.6718e-8  -4.8276e-8  -1.48233e-8  -2.33751e-8  -1.85749e-8  -1.41834e-8  -5.65656e-8  -2.72617e-8  -3.95698e-8  -2.98111e-8  -3.41604e-8  -4.4662e-8  -2.14194e-8  -3.08437e-8  -6.75459e-8  -3.94966e-8  -4.4722e-8  -2.19623e-8  -6.47489e-8  -7.15362e-8  -5.30283e-8  -1.02893e-7  -5.39919e-8  9.45633e-10  -4.22341e-9  -8.81707e-8  -1.66721e-9  -1.05159e-8  -6.76651e-8
500 Eigenvalues converges, out of 500 requested.
Running with Naux = 800
read ../MA_best/Simulate_CWNO/CWNO_final_tilde.dat
Starting Davidson with n_aux = 800, l_buffer = 650, lc = 502, thresh = 0.0001, max_iter = 100
Iter 1: V_size = 200, Converged = 0, ‖r‖ (largest λ) = 0.17290274051870105
Iter 2: V_size = 400, Converged = 0, ‖r‖ (largest λ) = 0.0002952682276775669
Iter 3: V_size = 600, Converged = 16, ‖r‖ (largest λ) = 4.25800625008437e-7
Iter 4: V_size = 800, Converged = 160, ‖r‖ (largest λ) = 4.346817986521291
Iter 5: V_size = 256, Converged = 204, ‖r‖ (largest λ) = 2.856965678273826e-6
Iter 6: V_size = 456, Converged = 204, ‖r‖ (largest λ) = 2.8453851552545806
Iter 7: V_size = 656, Converged = 204, ‖r‖ (largest λ) = 0.028535759598764726
Iter 8: V_size = 400, Converged = 204, ‖r‖ (largest λ) = 0.004229757137205984
Iter 9: V_size = 600, Converged = 204, ‖r‖ (largest λ) = 0.0005857977581710587
Iter 10: V_size = 800, Converged = 223, ‖r‖ (largest λ) = 6.069750083316138e-5
Iter 11: V_size = 381, Converged = 346, ‖r‖ (largest λ) = 1.765689896013418e-5
Iter 12: V_size = 581, Converged = 346, ‖r‖ (largest λ) = 3.6670342868480903
Iter 13: V_size = 781, Converged = 384, ‖r‖ (largest λ) = 3.961975896600722e-6
Iter 14: V_size = 362, Converged = 397, ‖r‖ (largest λ) = 3.864888680015865e-5
Iter 15: V_size = 562, Converged = 399, ‖r‖ (largest λ) = 1.3204757825453481
Iter 16: V_size = 762, Converged = 403, ‖r‖ (largest λ) = 0.8076275409938065
Iter 17: V_size = 396, Converged = 404, ‖r‖ (largest λ) = 5.304498194639441e-5
Iter 18: V_size = 596, Converged = 406, ‖r‖ (largest λ) = 0.5489201703103209
Iter 19: V_size = 796, Converged = 460, ‖r‖ (largest λ) = 0.6595048314269273
Converged all required eigenvalues (cluster-aware). Iter = 20
1284.964022 seconds (41.50 M allocations: 1.874 TiB, 0.83% gc time)
Number of FLOPs: 27776466056338

Reading exact Eigenvalues...
Reading eigenvalues from ../MA_best/Simulate_CWNO/CWNO_final_tilde_results.jld2

Compute the difference between computed and exact eigenvalues:
1×500 adjoint(::Vector{Float64}) with eltype Float64:
 -8.88178e-15  -1.62359e-12  -2.30926e-12  -2.44604e-12  -1.76432e-11  -4.57657e-10  -3.9666e-10  -4.21789e-10  -2.96806e-10  -3.50477e-10  -6.71279e-10  -6.52574e-10  -4.25809e-10  -4.71828e-10  -4.03689e-9  -4.29741e-9  -4.53415e-13  -6.75016e-13  -6.83897e-13  -7.70051e-13  -1.03362e-12  -1.20837e-12  -1.66622e-12  -1.16751e-12  -1.11688e-12  -1.31073e-12  -2.41585e-12  -2.94742e-12  -1.56697e-12  -1.31251e-12  -4.17399e-12  -4.09095e-12  -8.88178e-12  -8.22298e-12  -2.93565e-12  -1.3765e-11  -1.4384e-11  -1.37041e-11  -7.79887e-12  -7.9643e-12  -9.19465e-12  -7.89258e-12  -7.39786e-12  -8.87446e-12  -2.1273e-11  -4.40166e-11  -3.97513e-11  -4.36289e-11  -2.10909e-11  -1.28986e-11  -1.20586e-11  -3.13425e-11  -8.61644e-11  -1.06346e-10  -6.3753e-11  -7.09885e-11  -6.49607e-11  -8.82336e-11  -9.16405e-11  -7.1112e-11  -7.99627e-11  -7.47258e-11  -8.30913e-11  -4.04558e-10  -1.39889e-10  -1.45266e-10  -2.56676e-10  -2.25816e-10  -8.53755e-11  -1.07424e-10  -1.91213e-10  -1.61853e-10  -1.62512e-10  -2.40957e-10  -1.85736e-10  -1.68232e-10  -3.87015e-10  -4.7002e-10  -4.01319e-10  -4.70134e-10  -8.28035e-10  -2.2959e-10  -3.73759e-10  -3.9178e-10  -9.86255e-10  -3.96942e-10  -5.402e-10  -4.68882e-10  -8.53585e-10  -8.64796e-10  -3.82546e-10  -4.65115e-10  -4.1974e-11  -1.13517e-9  -8.28717e-10  -7.06506e-10  -4.17448e-10  -1.63205e-9  -1.57125e-9  -3.57867e-10  -1.09314e-9  -9.3242e-10  -8.41129e-10  -1.72781e-9  -1.24307e-9  -1.96399e-9  -1.06452e-9  -1.05981e-9  -1.89815e-9  -1.27582e-11  -2.67223e-9  -8.17562e-10  -2.06063e-9  -2.64502e-9  -3.48408e-11  -4.49243e-9  -4.2435e-9  -4.33251e-9  -4.52704e-9  -1.28952e-9  -1.66764e-9  -6.58624e-9  -6.71395e-9  -2.40019e-9  -7.21508e-9  -7.31671e-9  -9.05393e-9  -2.78602e-9  -3.96465e-9  -3.34153e-9  -3.49871e-9  -4.01289e-9  -1.28527e-8  -3.63723e-9  -3.47107e-9  -9.13448e-9  -1.01688e-8  -1.18631e-8  -1.06045e-8  -1.42998e-8  -1.44668e-8  -7.61734e-9  -8.32058e-9  -1.41028e-9  -5.80163e-9  -4.79179e-9  -4.92807e-9  -1.33851e-8  -1.06138e-8  -8.85835e-9  -8.38022e-9  -2.2545e-10  -1.51909e-8  -1.85286e-8  -1.92441e-8  -2.44214e-10  -2.46667e-10  -2.00106e-8  -2.27973e-10  -8.53973e-9  -3.35983e-10  -3.05176e-10  -3.46015e-10  -1.77945e-8  -1.59223e-8  -1.90829e-8  -3.717e-10  -4.22888e-10  -1.88466e-8  -1.08353e-9  -4.16508e-10  -4.30149e-10  -3.6887e-10  -4.91662e-10  -2.1571e-8  -3.62814e-10  -5.36745e-10  -4.73865e-10  -4.33902e-10  -4.87605e-10  -4.61705e-10  -4.44496e-10  -3.03454e-10  -3.74943e-10  -9.17217e-10  -8.01508e-10  -5.87164e-10  -2.21501e-8  -6.30765e-10  -6.44379e-10  -6.95065e-10  -9.13313e-10  -4.41657e-10  -1.29728e-9  -7.74064e-10  -8.32501e-10  -8.44685e-10  -1.22231e-9  -1.13545e-9  -2.94391e-9  -9.58127e-10  -9.45334e-10  -9.152e-10  -2.47381e-9  -1.08748e-8  -1.27648e-8  -9.57451e-10  -1.55285e-8  -8.59141e-9  -9.6004e-9  -9.03782e-9  -1.47875e-8  -1.59898e-9  -1.16237e-8  -8.1834e-9  -2.04219e-8  -1.97682e-8  -1.90508e-8  -1.97998e-9  -9.36502e-10  -2.28633e-8  -1.7004e-9  -1.34836e-9  -2.76249e-8  -2.12538e-9  -1.13666e-9  -3.21737e-8  -1.67577e-9  -2.85299e-8  -1.99425e-9  -1.95126e-9  -4.04365e-9  -2.41806e-9  -1.46196e-9  -1.2438e-8  -2.29158e-8  -1.07579e-8  -4.79765e-9  -6.77199e-9  -1.98314e-8  -2.22828e-9  -1.93998e-9  -6.40329e-9  -3.87673e-9  -2.89408e-9  -1.12381e-8  -5.2097e-9  -2.75176e-9  -2.93567e-9  -4.05738e-9  -2.99098e-9  -2.47948e-9  -1.26381e-8  -1.01272e-8  -1.4402e-8  -1.07298e-8  -4.86443e-9  -7.35333e-9  -4.32772e-9  -1.35213e-8  -5.12062e-9  -8.17017e-9  -1.06629e-8  -2.53193e-8  -1.22995e-8  -8.57888e-9  -9.32197e-9  -1.75192e-8  -1.96756e-8  -5.01023e-9  -9.13942e-9  -1.26499e-8  -1.7953e-8  -2.12381e-8  -2.50859e-8  -3.63679e-8  -3.42568e-8  -1.03376e-8  -5.77934e-11  -4.04627e-9  -1.00707e-8  -1.08943e-8  -2.55114e-8  -9.93108e-9  -3.3086e-8  -3.98136e-9  -7.68055e-11  -1.43893e-8  -6.9544e-9  -1.81204e-10  -1.66262e-8  -1.89916e-8  -1.23855e-10  -6.5265e-9  -3.13052e-8  -4.8349e-8  -2.97645e-8  -1.81167e-8  -4.40035e-8  -1.31396e-8  -2.34333e-8  -2.6222e-10  -4.03633e-8  -2.73362e-10  -1.55364e-8  -1.62875e-8  -6.09605e-8  -1.92904e-8  -1.30281e-8  -3.33224e-10  -2.44855e-8  -5.54429e-8  -2.09883e-8  -3.41753e-8  -1.00524e-8  -5.80646e-8  -2.37345e-8  -6.32563e-8  -5.27538e-8  -3.90054e-10  -9.59019e-10  -6.55866e-8  -5.69621e-8  -2.90024e-8  -7.99258e-10  -5.14417e-10  -5.99296e-8  -1.03316e-8  -4.69699e-8  -1.77723e-9  -2.40442e-8  -5.48889e-8  -1.43839e-9  -1.62863e-8  -3.65973e-8  -6.62779e-8  -7.1619e-8  -3.14446e-9  -5.37764e-8  -3.90545e-8  -2.90447e-8  -2.75502e-8  -4.24301e-8  -6.16277e-8  -1.78596e-9  -9.02108e-8  -3.02933e-8  -3.1079e-8  -4.94609e-9  -2.51733e-9  -7.81128e-8  -4.79458e-9  -2.28821e-9  -1.69702e-9  -6.85222e-8  -2.77915e-9  -7.52871e-9  -9.2188e-8  -7.59102e-8  -2.55945e-8  -7.06598e-8  -1.9347e-8  -1.00759e-8  -3.90212e-8  -5.78457e-8  -3.56769e-8  -5.44346e-9  -8.71176e-9  -1.02453e-7  -9.6265e-9  -2.18715e-8  -3.09118e-8  -1.94241e-8  -1.1728e-8  -1.31608e-8  -9.63943e-8  -9.67154e-9  -1.20687e-8  -7.75618e-9  -2.40924e-8  -3.27953e-8  -2.62892e-8  -8.81158e-9  -1.47228e-8  -1.01426e-8  -1.52156e-8  -4.93148e-8  -2.91436e-8  -2.82025e-8  -1.51567e-7  -1.1516e-8  -1.97615e-8  -2.85164e-8  -4.16459e-8  -1.84101e-8  -4.46159e-8  -2.1537e-8  -4.33132e-8  -3.23894e-8  -2.75171e-8  -4.62018e-8  -2.0652e-8  -1.03573e-8  -7.28963e-8  1.30575e-7  6.66598e-8  3.72212e-8  4.39751e-8  1.5392e-8  5.84212e-8  5.05843e-8  3.01401e-8  2.48915e-8  1.60853e-8  2.904e-8  3.98719e-9  6.65491e-8  3.113e-8  1.98122e-8  5.53474e-10  2.84438e-8  2.25608e-8  2.725e-9  4.41593e-8  4.57373e-9  1.46677e-8  2.13657e-8  3.62932e-9  2.75041e-8  4.67691e-9  -8.21884e-9  -1.06204e-8  -1.68281e-8  1.17007e-8  -1.22843e-9  5.99308e-10  6.76512e-9  6.92756e-10  -8.19176e-9  -4.90104e-9  -1.67951e-8  -1.35105e-9  -1.48903e-8  -5.95665e-9  -1.99386e-8  2.06464e-8  -1.60212e-8  3.09192e-8  -2.44335e-8  -1.87429e-8  -1.01783e-8  -2.09968e-8  -7.8862e-9  -2.14633e-8  -4.25903e-8  -1.45697e-8  -2.89983e-8  -3.38857e-8  4.49928e-9  -4.43384e-8  -3.73827e-8  -5.20946e-8  6.44196e-9  -3.98514e-9  -3.2914e-9  7.61696e-9  4.50885e-9  9.5651e-9  -1.51463e-9  -2.67076e-8  4.23316e-9  -4.484e-8  3.41728e-9  -4.60339e-9  -1.65981e-8  -3.41394e-9  -8.62916e-9  -1.8229e-9  -1.12708e-8  -2.72351e-8  -7.15051e-9  -5.15089e-9  -2.1261e-8  -1.41347e-8  -2.0246e-8  -4.82669e-9  -2.05132e-8  -1.30704e-8  -1.30205e-8  -9.48889e-9  -1.80789e-8  -2.40542e-8  -1.16065e-8  -5.73399e-8  -3.42578e-9  -2.08764e-8  -1.59457e-8  -3.05864e-8  -6.13965e-8  -3.34308e-8
500 Eigenvalues converges, out of 500 requested.
Running with Naux = 900
read ../MA_best/Simulate_CWNO/CWNO_final_tilde.dat
Starting Davidson with n_aux = 900, l_buffer = 650, lc = 502, thresh = 0.0001, max_iter = 100
Iter 1: V_size = 225, Converged = 0, ‖r‖ (largest λ) = 0.14677351557520077
Iter 2: V_size = 450, Converged = 0, ‖r‖ (largest λ) = 0.0002535416741385129
Iter 3: V_size = 675, Converged = 27, ‖r‖ (largest λ) = 3.191832797515837e-7
Iter 4: V_size = 900, Converged = 210, ‖r‖ (largest λ) = 4.1259580969015675
Iter 5: V_size = 267, Converged = 231, ‖r‖ (largest λ) = 1.3232483457811045e-5
Iter 6: V_size = 492, Converged = 231, ‖r‖ (largest λ) = 1.8216477526118202
Iter 7: V_size = 717, Converged = 231, ‖r‖ (largest λ) = 0.023189997709746564
Iter 8: V_size = 450, Converged = 231, ‖r‖ (largest λ) = 0.01320010572475134
Iter 9: V_size = 675, Converged = 231, ‖r‖ (largest λ) = 0.0035699891793335623
Iter 10: V_size = 900, Converged = 231, ‖r‖ (largest λ) = 0.0002457738805435665
Iter 11: V_size = 450, Converged = 334, ‖r‖ (largest λ) = 3.1429797440952234e-5
Iter 12: V_size = 675, Converged = 364, ‖r‖ (largest λ) = 3.4451532719450544
Iter 13: V_size = 900, Converged = 420, ‖r‖ (largest λ) = 1.3178062804452317
Iter 14: V_size = 394, Converged = 456, ‖r‖ (largest λ) = 2.456819413905626e-6
Iter 15: V_size = 619, Converged = 456, ‖r‖ (largest λ) = 2.08593955802595
Iter 16: V_size = 813, Converged = 456, ‖r‖ (largest λ) = 0.0016854568921500976
Iter 17: V_size = 388, Converged = 456, ‖r‖ (largest λ) = 0.0008113289169582238
Iter 18: V_size = 582, Converged = 456, ‖r‖ (largest λ) = 0.0003426037404443761
Iter 19: V_size = 776, Converged = 460, ‖r‖ (largest λ) = 8.985621173480406e-5
Iter 20: V_size = 384, Converged = 501, ‖r‖ (largest λ) = 3.130735388816945e-5
Iter 21: V_size = 574, Converged = 501, ‖r‖ (largest λ) = 1.6428847632673456
Converged all required eigenvalues (cluster-aware). Iter = 22
2347.482415 seconds (59.13 M allocations: 2.643 TiB, 0.68% gc time)
Number of FLOPs: 33526100168904

Reading exact Eigenvalues...
Reading eigenvalues from ../MA_best/Simulate_CWNO/CWNO_final_tilde_results.jld2

Compute the difference between computed and exact eigenvalues:
1×500 adjoint(::Vector{Float64}) with eltype Float64:
 -1.77636e-15  -6.73239e-13  -7.0699e-13  -9.11271e-13  -8.19567e-12  -1.76941e-10  -1.72108e-10  -1.24447e-10  -1.44578e-10  -1.24813e-10  -2.12999e-10  -2.39951e-10  -1.85599e-10  -2.06961e-10  -1.69635e-9  -1.83775e-9  -1.90588e-9  -3.25762e-9  -2.85036e-9  -4.07055e-9  -3.96039e-9  -3.68865e-9  -2.91404e-9  -3.94076e-9  -4.02841e-9  -3.03541e-9  -6.02185e-13  -6.98552e-13  -4.12337e-13  -4.1802e-9  -1.17328e-12  -1.58629e-12  -2.37854e-12  -2.46048e-12  -9.94094e-13  -1.55254e-12  -4.37961e-12  -3.87912e-12  -2.05191e-12  -2.86171e-12  -2.76423e-12  -2.54885e-12  -2.40807e-12  -2.52176e-12  -2.07678e-12  -5.75562e-12  -9.46798e-12  -1.15696e-11  -4.64673e-12  -4.02123e-12  -3.96194e-12  -4.30589e-12  -1.9944e-11  -2.328e-11  -1.82188e-11  -1.79634e-11  -2.19844e-11  -2.77318e-11  -2.80251e-11  -1.93769e-11  -2.03269e-11  -1.49079e-11  -1.95195e-11  -5.13625e-11  -4.40599e-11  -3.95697e-11  -6.89147e-11  -6.89913e-11  -2.69769e-11  -4.59424e-11  -2.54002e-11  -5.69166e-11  -5.51728e-11  -6.36059e-11  -5.33572e-11  -4.78111e-11  -1.35714e-10  -1.51108e-10  -1.13591e-10  -1.06193e-10  -6.41159e-11  -4.1809e-11  -8.71095e-11  -1.08052e-10  -1.48413e-10  -1.25628e-10  -1.50785e-10  -1.51756e-10  -2.21933e-10  -2.33896e-10  -1.18574e-10  -1.1201e-10  -1.44265e-11  -1.70179e-10  -2.14761e-10  -1.87375e-10  -1.04015e-10  -5.69e-10  -5.52471e-10  -1.26477e-10  -1.85411e-10  -2.01282e-10  -2.46503e-10  -5.49333e-10  -5.38371e-10  -6.05018e-10  -2.22632e-10  -2.27317e-10  -4.34711e-10  -5.37039e-10  -5.3787e-10  -3.32727e-10  -7.31955e-10  -5.5611e-10  -9.71453e-10  -1.54605e-9  -1.61121e-9  -4.6184e-10  -1.68186e-9  -5.04813e-10  -4.02823e-10  -1.58683e-9  -1.67932e-9  -7.04166e-10  -1.61279e-9  -1.41081e-9  -1.53632e-9  -1.2102e-9  -1.05984e-9  -1.19476e-9  -7.89179e-10  -7.38862e-10  -1.22147e-9  -1.08155e-9  -1.27792e-9  -3.04601e-9  -2.63156e-9  -2.6594e-9  -2.61176e-9  -3.97577e-9  -4.16344e-9  -2.31517e-9  -2.53223e-9  -3.18004e-10  -1.12947e-9  -9.06992e-10  -1.46737e-9  -4.27631e-9  -1.98024e-9  -3.27664e-9  -3.27188e-9  -4.84208e-9  -5.46341e-9  -6.1703e-9  -4.6306e-9  -6.19988e-9  -5.84043e-9  -6.05688e-9  -4.79293e-9  -3.65196e-9  -5.8967e-9  -7.01713e-9  -8.33666e-9  -5.2002e-9  -4.97433e-9  -4.32035e-9  -1.06777e-8  -1.08086e-8  -5.44535e-9  -1.60892e-8  -9.22532e-9  -9.83943e-9  -9.93508e-9  -1.04449e-8  -6.73193e-9  -1.28804e-8  -1.32333e-8  -1.3724e-8  -9.66593e-9  -1.01005e-8  -1.3201e-8  -1.36031e-8  -7.57918e-9  -8.4218e-9  -1.85384e-8  -1.89041e-8  -1.02368e-8  -4.91467e-9  -1.59636e-8  -1.3954e-8  -2.07724e-8  -1.83671e-8  -8.2366e-9  -1.15792e-8  -2.06054e-8  -1.70718e-8  -1.28852e-8  -1.7743e-8  -2.04771e-8  -4.66111e-10  -1.19394e-8  -1.2831e-8  -1.11458e-8  -1.6423e-8  -1.71723e-8  -1.45797e-8  -2.21552e-8  -5.99737e-10  -5.88521e-10  -7.38893e-10  -6.38841e-10  -4.17196e-10  -1.85607e-8  -2.12448e-8  -6.16872e-10  -6.67907e-10  -1.68374e-8  -1.05447e-9  -2.10963e-8  -4.30405e-10  -6.48832e-10  -4.76098e-10  -5.66432e-10  -6.17775e-10  -1.01133e-9  -8.97883e-10  -9.44997e-10  -2.72819e-9  -2.29221e-9  -1.99151e-9  -1.98207e-9  -3.09858e-9  -3.71511e-9  -2.39815e-9  -1.03619e-9  -7.66978e-10  -7.15127e-10  -2.2596e-9  -5.84535e-9  -3.59583e-9  -1.72329e-9  -4.20557e-9  -1.11689e-8  -3.85945e-9  -5.06091e-9  -6.2129e-9  -3.96669e-9  -4.34748e-9  -4.36486e-9  -4.09161e-9  -2.15167e-9  -5.80045e-9  -6.43475e-9  -9.19493e-9  -6.92821e-9  -6.67156e-9  -7.76963e-9  -1.01122e-8  -1.11056e-8  -1.34849e-8  -4.60887e-9  -2.93312e-9  -1.53417e-8  -1.26529e-8  -2.32925e-8  -7.90607e-9  -9.70635e-9  -1.30684e-8  -1.05837e-8  -3.25685e-9  -1.54068e-8  -2.56893e-8  -6.98228e-9  -2.23525e-8  -1.26557e-8  -3.41345e-8  -1.92775e-8  -9.20636e-9  -1.56395e-8  -2.70685e-8  -2.361e-8  -1.58301e-8  -1.88019e-8  -1.16262e-8  -1.37258e-8  -2.16823e-8  -2.73916e-8  -1.88958e-8  -1.88394e-8  -1.62772e-8  -4.10299e-8  -2.59245e-8  -1.46301e-8  -2.3697e-11  -3.54335e-8  -1.96652e-9  -3.6502e-8  -2.6498e-8  -2.53567e-8  -3.64926e-8  -2.9426e-8  -2.1143e-9  -2.80335e-8  -1.62473e-8  -1.49496e-9  -1.70741e-9  -2.7405e-8  -4.54865e-8  -3.27973e-8  -4.41027e-8  -1.5734e-9  -3.59095e-8  -5.04258e-11  -4.35777e-11  -4.21738e-9  -7.20128e-9  -2.74816e-8  -2.85451e-9  -2.07596e-9  -2.27218e-10  -2.20241e-10  -3.19896e-8  -2.44607e-10  -2.06018e-10  -8.50134e-11  -1.10999e-10  -3.96157e-9  -2.35807e-9  -1.10327e-10  -3.26012e-8  -3.13481e-8  -3.53297e-8  -9.73893e-9  -4.92732e-8  -1.66009e-10  -1.15279e-10  -5.26984e-8  -3.38995e-8  -1.5053e-10  -3.7573e-10  -1.08387e-8  -3.6055e-9  -5.1785e-8  -3.72449e-8  -3.53688e-9  -4.45559e-8  -5.76769e-8  -6.6583e-9  -7.50441e-9  -8.31112e-9  -5.82834e-9  -7.26188e-9  -8.21836e-9  -4.72764e-9  -3.68707e-9  -8.09613e-12  -1.01935e-11  -6.34373e-11  -6.41783e-9  -5.742e-8  -2.29984e-10  -4.77956e-10  -5.98132e-8  -3.28936e-8  -4.03722e-8  -5.99196e-8  -5.15268e-9  -6.92132e-9  -5.24302e-8  -5.49724e-8  -2.27123e-8  -2.03791e-9  -4.66935e-10  -4.92336e-10  -2.09287e-9  -2.02786e-9  -9.24032e-10  -6.37004e-10  -6.41715e-8  -4.6475e-8  -4.2285e-8  -7.02984e-8  -1.78841e-10  -1.74656e-10  -2.34968e-10  -9.03814e-11  -5.25352e-8  -5.77462e-8  -2.03219e-8  -1.65307e-9  -7.90171e-10  -4.7161e-11  -1.43426e-10  -4.79463e-11  -1.04295e-10  -1.14538e-10  -1.66934e-9  -2.21442e-8  -2.11267e-9  -2.26234e-9  -1.97259e-9  -1.7181e-9  -1.36871e-8  -2.26355e-8  -1.50007e-8  -3.87202e-9  -2.97033e-9  -2.30389e-9  -2.65643e-9  -7.94251e-8  -6.00152e-9  -2.01618e-10  -5.53112e-10  -3.36688e-9  -1.76476e-9  -2.89231e-9  -2.35611e-9  -5.4706e-9  -5.72231e-9  -1.22363e-9  -4.40023e-9  -2.16898e-9  -6.12612e-9  -3.09197e-9  -3.29416e-9  -9.13116e-10  -2.13887e-9  -7.23161e-9  -7.4711e-9  -1.11745e-8  -2.6492e-9  -1.4381e-8  -8.96385e-9  -1.35503e-9  -1.13046e-8  -1.11236e-8  -7.56456e-10  -1.77659e-9  -4.37113e-9  -2.89891e-9  -1.15037e-9  -8.47649e-9  -2.65454e-8  -5.55982e-9  -3.31375e-9  -5.52527e-8  -2.53329e-8  -7.99048e-9  -4.13363e-8  -1.15661e-8  -5.91426e-8  -3.91047e-8  -2.74268e-8  -8.76238e-8  -6.59743e-8  -6.34832e-8  -2.76472e-8  -2.52985e-8  4.64393e-9  -2.14233e-9  -3.2778e-9  1.72908e-9  -7.77043e-9  6.6948e-10  8.4186e-10  -3.88183e-8  -5.12733e-9  1.11764e-9  -5.32757e-9  -4.46788e-8  -1.19231e-8  -5.18533e-9  1.37227e-8  -3.02641e-9  -1.71263e-9  -3.46403e-10  6.16032e-9  4.18579e-9  1.51333e-9  2.22203e-9  -1.7143e-8  -4.48797e-10  -2.28193e-9  -2.61439e-8  -3.53731e-9  -1.12655e-8  -8.44802e-9  -2.52843e-9  -1.50128e-8  -1.21947e-8  -9.90747e-9  -1.88607e-8  -1.84643e-8  2.89385e-9  -8.0368e-9  -3.46929e-8  -4.1262e-8  3.87761e-9  -2.96508e-8  -1.87431e-8
500 Eigenvalues converges, out of 500 requested.
Running with Naux = 1000
read ../MA_best/Simulate_CWNO/CWNO_final_tilde.dat
Starting Davidson with n_aux = 1000, l_buffer = 650, lc = 502, thresh = 0.0001, max_iter = 100
Iter 1: V_size = 250, Converged = 0, ‖r‖ (largest λ) = 0.12036468756846049
Iter 2: V_size = 500, Converged = 0, ‖r‖ (largest λ) = 0.00019567379869197472
Iter 3: V_size = 750, Converged = 40, ‖r‖ (largest λ) = 2.40741195774747e-7
Iter 4: V_size = 1000, Converged = 237, ‖r‖ (largest λ) = 3.2904644192551964
Iter 5: V_size = 303, Converged = 259, ‖r‖ (largest λ) = 1.1726819696148866e-5
Iter 6: V_size = 553, Converged = 259, ‖r‖ (largest λ) = 1.632706346012319
Iter 7: V_size = 803, Converged = 259, ‖r‖ (largest λ) = 0.019494616417458675
Iter 8: V_size = 500, Converged = 259, ‖r‖ (largest λ) = 0.01479886408868891
Iter 9: V_size = 750, Converged = 259, ‖r‖ (largest λ) = 0.0031074094469486467
Iter 10: V_size = 1000, Converged = 260, ‖r‖ (largest λ) = 0.00021689540415226313
Iter 11: V_size = 499, Converged = 396, ‖r‖ (largest λ) = 2.5802082562979563e-5
Iter 12: V_size = 749, Converged = 398, ‖r‖ (largest λ) = 3.8001880327351363
Iter 13: V_size = 999, Converged = 496, ‖r‖ (largest λ) = 3.820511800111326e-6
Converged all required eigenvalues (cluster-aware). Iter = 14
1618.607496 seconds (31.20 M allocations: 1.424 TiB, 0.64% gc time)
Number of FLOPs: 23648058281582

Reading exact Eigenvalues...
Reading eigenvalues from ../MA_best/Simulate_CWNO/CWNO_final_tilde_results.jld2

Compute the difference between computed and exact eigenvalues:
1×500 adjoint(::Vector{Float64}) with eltype Float64:
 -1.77636e-15  -3.85469e-13  -3.32179e-13  -3.85469e-13  -6.11333e-12  -5.2562e-11  -5.56044e-11  -3.06439e-11  -5.27685e-11  -5.62341e-11  -1.00662e-10  -1.09594e-10  -1.04134e-10  -1.57451e-10  -6.34134e-10  -6.91248e-10  -4.74961e-10  -1.27567e-9  -1.18157e-9  -1.51334e-9  -1.41995e-9  -1.41383e-9  -1.26448e-9  -1.09472e-9  -1.23336e-9  -1.40043e-9  -2.83223e-9  -2.99864e-9  -2.70735e-9  -2.11339e-9  -4.53526e-9  -4.37154e-9  -8.6775e-13  -8.25784e-13  -2.18158e-9  -6.52329e-9  -9.13047e-13  -7.34524e-13  -5.67737e-9  -8.93952e-13  -8.57758e-13  -6.53179e-9  -6.29146e-9  -1.21259e-12  -9.86544e-13  -1.91824e-12  -3.00693e-12  -3.62266e-12  -1.7788e-12  -6.31037e-9  -5.7747e-9  -8.20233e-13  -3.45191e-12  -3.60112e-12  -4.25882e-12  -4.09672e-12  -7.89124e-12  -7.67675e-12  -7.64766e-12  -5.13078e-12  -5.8713e-12  -5.48828e-12  -4.71179e-12  -1.3209e-11  -1.13705e-11  -1.23097e-11  -2.22298e-11  -1.8302e-11  -1.08218e-11  -1.1501e-11  -4.16533e-12  -1.96183e-11  -1.57671e-11  -2.53982e-11  -1.51787e-11  -1.53237e-11  -3.83729e-11  -4.41348e-11  -3.27632e-11  -3.17616e-11  -2.45217e-11  -2.21001e-11  -2.07463e-11  -2.12661e-11  -3.27948e-11  -3.81793e-11  -4.15057e-11  -4.654e-11  -6.081e-11  -5.48329e-11  -2.73898e-11  -3.2096e-11  -8.90143e-9  -9.54189e-11  -4.92381e-11  -5.21833e-11  -3.51421e-11  -1.44275e-10  -1.49408e-10  -4.57162e-11  -3.87823e-11  -4.71508e-11  -8.97974e-11  -1.25165e-10  -1.39904e-10  -1.31862e-10  -5.97213e-11  -6.02006e-11  -1.36744e-10  -1.35392e-10  -1.29479e-10  -1.45283e-10  -1.95636e-10  -2.05277e-10  -1.48507e-10  -3.21727e-10  -2.71015e-10  -1.15407e-10  -4.92563e-10  -1.33348e-10  -1.13047e-10  -5.83389e-10  -4.79501e-10  -2.79295e-10  -4.43178e-10  -4.21867e-10  -4.48316e-10  -4.24592e-10  -3.16498e-10  -3.28523e-10  -2.30376e-10  -2.67614e-10  -6.27851e-10  -3.50487e-10  -2.95037e-10  -9.44048e-10  -7.44588e-10  -7.85573e-10  -7.3886e-10  -8.57618e-10  -7.55986e-10  -7.89304e-10  -7.86564e-10  -1.27984e-10  -2.83979e-10  -3.29261e-10  -3.78668e-10  -1.41641e-9  -5.8699e-10  -8.49127e-10  -9.14737e-10  -1.26835e-9  -1.72333e-9  -1.81331e-9  -1.84498e-9  -1.77879e-9  -1.66774e-9  -1.6411e-9  -1.59835e-9  -1.22071e-9  -2.35861e-9  -1.96525e-9  -1.66224e-9  -1.53122e-9  -1.92539e-9  -1.15946e-9  -2.74987e-9  -3.11205e-9  -1.65488e-9  -2.30873e-9  -2.65963e-9  -2.94049e-9  -3.02968e-9  -3.46215e-9  -7.73363e-10  -3.34595e-9  -3.9241e-9  -4.3353e-9  -4.04719e-9  -3.7654e-9  -3.6056e-9  -3.41088e-9  -4.33017e-9  -2.07612e-9  -3.41812e-9  -3.95212e-9  -2.92926e-9  -2.21946e-9  -5.46887e-9  -4.88424e-9  -4.17538e-9  -3.42364e-9  -1.30645e-9  -5.45924e-9  -6.56494e-9  -6.30689e-9  -5.42903e-9  -4.85758e-9  -4.46651e-9  -8.81887e-9  -4.78083e-9  -4.9607e-9  -4.17247e-9  -3.78958e-9  -4.04301e-9  -6.58397e-9  -1.10771e-8  -1.64282e-8  -1.52142e-8  -2.06565e-8  -1.92625e-8  -1.07002e-8  -7.49609e-9  -6.97417e-9  -1.42891e-8  -1.66298e-8  -7.48048e-9  -2.5436e-8  -7.42115e-9  -7.48897e-9  -1.18974e-8  -8.56125e-9  -1.04135e-8  -1.2117e-8  -4.03465e-10  -1.28324e-8  -1.29218e-8  -9.49623e-9  -1.2866e-8  -7.34476e-9  -8.40627e-9  -1.54624e-8  -9.61103e-11  -7.07607e-9  -9.98777e-11  -6.95223e-10  -5.59532e-10  -1.61426e-10  -9.57012e-9  -3.29655e-10  -1.47657e-8  -1.78477e-8  -1.77005e-9  -4.4201e-10  -5.02839e-10  -4.84024e-10  -2.82975e-10  -1.88613e-8  -4.03484e-10  -4.12114e-10  -1.03471e-9  -5.91295e-10  -5.74875e-10  -6.43855e-10  -8.87532e-10  -1.08028e-9  -1.10564e-9  -9.26253e-10  -8.75401e-10  -2.28967e-9  -5.7889e-10  -7.54603e-10  -1.55527e-9  -1.95827e-9  -2.22909e-9  -1.55331e-9  -9.95217e-10  -1.42067e-9  -1.42842e-9  -1.93467e-9  -1.30152e-9  -2.7843e-9  -3.09315e-8  -3.72089e-9  -3.24424e-9  -5.9811e-9  -2.79512e-9  -4.74939e-9  -4.63703e-9  -4.85313e-9  -2.5425e-9  -2.30318e-9  -2.59751e-9  -4.25136e-9  -2.00848e-9  -2.26832e-9  -6.16674e-9  -4.27596e-9  -2.74567e-9  -5.26877e-9  -1.03315e-8  -1.04952e-8  -3.49041e-9  -1.2166e-8  -1.77059e-8  -1.19121e-8  -7.63715e-9  -4.33776e-9  -6.69582e-9  -5.85011e-9  -9.61961e-9  -1.84665e-8  -1.1577e-8  -8.03768e-9  -1.3911e-8  -4.70233e-9  -9.47289e-9  -1.29118e-8  -1.2964e-8  -1.01274e-8  -6.07615e-9  -9.3282e-9  -1.06512e-8  -1.2209e-8  -2.97399e-8  -3.64463e-8  -4.99264e-9  -1.15373e-8  -1.09191e-8  -3.45932e-8  -3.03669e-8  -1.42184e-8  -3.75035e-8  -1.74802e-8  -5.50164e-9  -7.94911e-9  -2.06202e-8  -3.27047e-8  -3.03741e-8  -3.28838e-8  -2.79137e-8  -4.02493e-8  -6.87944e-9  -3.78933e-8  -2.12999e-8  -2.43259e-8  -4.0269e-8  -3.89067e-8  -2.47435e-8  -3.85993e-8  -1.95003e-9  -2.5846e-8  -2.44628e-8  -1.59125e-8  -3.25666e-8  -4.23364e-8  -2.69034e-8  -1.95538e-9  -3.07804e-8  -4.82342e-8  -5.03946e-8  -5.45345e-11  -1.08313e-10  -1.61742e-8  -5.28392e-11  -6.66323e-11  -1.93557e-8  -1.60279e-10  -5.11144e-8  -4.13875e-8  -3.17786e-8  -2.9415e-8  -2.47588e-8  -4.1547e-8  -3.25089e-8  -4.41371e-8  -4.1278e-8  -5.88343e-11  -3.46453e-8  -9.06422e-11  -5.86602e-8  -6.68448e-11  -1.2745e-10  -1.27747e-10  -5.64397e-8  -1.17101e-12  -3.81422e-8  -3.03414e-8  -5.19267e-8  -5.79221e-8  -5.41078e-8  -1.85828e-8  -2.5405e-10  -5.22146e-8  -4.02211e-8  -6.16777e-8  -1.52669e-10  -1.3893e-10  -6.70183e-8  -1.88261e-10  -4.32676e-10  -6.01811e-8  -1.67664e-10  -3.07349e-10  -4.91861e-10  -2.28379e-10  -5.82224e-8  -6.38607e-8  -4.37868e-10  -1.89744e-10  -2.42837e-10  -2.10323e-10  -5.60899e-8  -1.23723e-11  -2.30229e-11  -1.86793e-10  -1.44341e-11  -7.03329e-8  -2.93598e-10  -5.09313e-10  -6.14695e-8  -3.40302e-10  -4.05539e-10  -3.67723e-10  -2.24162e-8  -5.47767e-10  -6.83106e-10  -3.77518e-10  -3.91753e-10  -2.64075e-8  -4.84881e-10  -1.17788e-9  -9.11632e-10  -7.0675e-10  -5.48432e-8  -6.6512e-8  -6.55857e-10  -7.91689e-10  -5.30062e-10  -4.55226e-10  -8.20952e-10  -9.68098e-10  -6.12098e-10  -6.70862e-8  -8.58357e-10  -7.58321e-8  -7.09741e-8  -4.82493e-8  -1.53973e-9  -1.48519e-9  -4.53302e-8  -3.14466e-9  -2.87391e-9  -1.10145e-9  -2.81969e-9  -1.41769e-9  -1.55264e-9  -9.39995e-10  -5.92212e-8  -3.8702e-8  -4.58105e-8  -2.5131e-9  -1.31122e-9  -8.14336e-8  -8.1395e-8  -1.75123e-9  -1.33902e-9  -9.46625e-8  -3.0977e-9  -2.08644e-9  -2.3935e-9  -1.15355e-9  -9.64264e-8  -1.36234e-9  -2.33825e-9  -3.13643e-9  -1.52984e-9  -3.62798e-9  -2.66054e-9  -1.74275e-9  -4.49225e-9  -1.70705e-9  -9.04947e-8  -3.3494e-9  -5.4575e-9  -6.29747e-9  -7.10812e-9  -4.15261e-9  -6.01598e-9  -9.92541e-9  -5.00732e-9  -4.74138e-9  -1.4614e-8  -9.86944e-9  -4.2612e-9  -3.74218e-8  -1.65606e-8  -8.10117e-9  -1.24063e-8  -3.19848e-8  -4.23825e-8  -6.62879e-9  -1.28601e-8  -5.62457e-9  -1.45673e-8  -2.29938e-8  -2.91176e-8  -6.26778e-8  -1.03812e-7  -6.52963e-8
500 Eigenvalues converges, out of 500 requested.
Running with Naux = 1100
read ../MA_best/Simulate_CWNO/CWNO_final_tilde.dat
Starting Davidson with n_aux = 1100, l_buffer = 650, lc = 502, thresh = 0.0001, max_iter = 100
Iter 1: V_size = 275, Converged = 0, ‖r‖ (largest λ) = 0.10214399080015618
Iter 2: V_size = 550, Converged = 0, ‖r‖ (largest λ) = 0.00015610707748127866
Iter 3: V_size = 825, Converged = 53, ‖r‖ (largest λ) = 1.6690526865170108e-7
Iter 4: V_size = 1100, Converged = 262, ‖r‖ (largest λ) = 4.332865970084697
Iter 5: V_size = 341, Converged = 286, ‖r‖ (largest λ) = 1.17102653746186e-6
Iter 6: V_size = 616, Converged = 286, ‖r‖ (largest λ) = 1.6863718608379668
Iter 7: V_size = 891, Converged = 286, ‖r‖ (largest λ) = 0.024138936790254424
Iter 8: V_size = 550, Converged = 286, ‖r‖ (largest λ) = 0.013991269438388597
Iter 9: V_size = 825, Converged = 286, ‖r‖ (largest λ) = 0.002104753006902609
Iter 10: V_size = 1100, Converged = 287, ‖r‖ (largest λ) = 0.00015382839378310216
Iter 11: V_size = 549, Converged = 463, ‖r‖ (largest λ) = 1.8570725696641468e-5
Iter 12: V_size = 824, Converged = 463, ‖r‖ (largest λ) = 3.699846834154372
Converged all required eigenvalues (cluster-aware). Iter = 13
1640.180617 seconds (34.57 M allocations: 1.570 TiB, 0.67% gc time)
Number of FLOPs: 24524767219141

Reading exact Eigenvalues...
Reading eigenvalues from ../MA_best/Simulate_CWNO/CWNO_final_tilde_results.jld2

Compute the difference between computed and exact eigenvalues:
1×500 adjoint(::Vector{Float64}) with eltype Float64:
 -1.77636e-15  -1.29674e-13  -8.70415e-14  -1.15463e-13  -2.10765e-12  -2.3586e-11  -2.47748e-11  -1.49329e-11  -1.8054e-11  -1.66747e-11  -2.74452e-11  -2.96518e-11  -3.76366e-11  -4.99503e-11  -2.99088e-10  -2.99339e-10  -2.43767e-10  -4.03996e-10  -4.02665e-10  -4.60979e-10  -5.16611e-10  -5.16529e-10  -4.43273e-10  -4.87837e-10  -5.65026e-10  -4.23327e-10  -7.60881e-10  -6.4735e-10  -1.33054e-9  -8.66409e-10  -2.19355e-9  -1.80055e-9  -2.90488e-9  -3.55353e-9  -1.15355e-9  -2.27881e-9  -4.38199e-9  -4.0145e-9  -1.2941e-9  -2.99627e-9  -3.5314e-9  -2.14434e-9  -2.06791e-9  -4.05465e-9  -5.05776e-9  -5.78248e-9  -8.54865e-9  -1.10645e-12  -4.89364e-9  -2.71212e-9  -2.82896e-9  -4.15453e-9  -1.5965e-12  -1.46239e-12  -1.36913e-12  -1.22347e-12  -1.88005e-12  -2.53997e-12  -2.82263e-12  -2.62501e-12  -2.38831e-12  -1.0149e-8  -1.9531e-12  -5.10303e-12  -5.51026e-12  -4.58478e-12  -5.86242e-12  -5.57798e-12  -2.57994e-12  -4.33387e-12  -1.99674e-12  -7.46969e-12  -6.57319e-12  -1.06918e-11  -4.87488e-12  -5.7121e-12  -1.57102e-11  -1.79148e-11  -1.21549e-11  -1.21729e-11  -1.17854e-11  -6.53655e-12  -9.36551e-12  -9.75675e-12  -1.58005e-11  -1.40391e-11  -1.81878e-11  -1.73234e-11  -2.15611e-11  -1.96141e-11  -1.04136e-11  -9.04854e-12  -3.69455e-9  -3.49711e-11  -2.30284e-11  -1.96552e-11  -1.29206e-11  -6.10716e-11  -7.71362e-11  -2.04139e-11  -1.82321e-11  -1.74689e-11  -2.57923e-11  -6.1158e-11  -5.82386e-11  -4.54392e-11  -2.72161e-11  -2.39984e-11  -5.18391e-11  -5.2945e-11  -5.27667e-11  -4.40608e-11  -6.03008e-11  -6.05155e-11  -7.05861e-11  -7.82959e-11  -8.06134e-11  -5.00415e-11  -1.27916e-10  -5.95352e-11  -5.27739e-11  -1.98631e-10  -1.40206e-10  -1.32436e-10  -1.82026e-10  -1.97874e-10  -1.72079e-10  -1.17639e-10  -1.06605e-10  -1.21757e-10  -9.61695e-11  -9.45983e-11  -2.68204e-10  -1.5906e-10  -1.36799e-10  -2.01147e-10  -2.49759e-10  -2.16005e-10  -3.11815e-10  -3.37423e-10  -3.52901e-10  -2.86389e-10  -3.31777e-10  -3.696e-11  -1.51896e-10  -1.84722e-10  -1.66615e-10  -2.5806e-12  -2.12658e-10  -3.86994e-10  -4.00392e-10  -5.85478e-10  -5.37217e-10  -5.53061e-10  -5.948e-10  -6.26007e-10  -8.24767e-10  -7.32187e-10  -8.7179e-10  -4.09101e-10  -8.71852e-10  -8.43141e-10  -7.94005e-10  -5.36942e-10  -5.26192e-10  -4.63942e-10  -1.36615e-9  -1.33195e-9  -6.84117e-10  -1.22612e-9  -5.6154e-12  -4.76275e-12  -1.18646e-9  -1.26031e-9  -4.4374e-10  -1.35263e-9  -1.64131e-9  -2.03247e-9  -1.48835e-9  -1.25774e-9  -8.81595e-10  -9.33756e-10  -1.14892e-9  -1.01422e-9  -1.08563e-9  -1.22493e-9  -1.19011e-9  -1.01344e-9  -1.41334e-11  -1.89181e-11  -1.18321e-11  -1.95875e-9  -5.56686e-10  -1.93156e-9  -2.98279e-9  -2.61391e-9  -1.80163e-9  -1.90704e-9  -1.8634e-9  -3.07887e-9  -1.71574e-9  -1.9712e-9  -1.65897e-9  -1.69387e-11  -2.04617e-9  -1.88914e-9  -3.10248e-9  -6.38303e-9  -5.92563e-9  -5.96483e-9  -5.37949e-9  -4.00741e-9  -2.40043e-9  -1.93035e-9  -5.40233e-9  -5.18047e-9  -2.41491e-9  -9.02135e-9  -2.23883e-9  -2.3021e-9  -4.67995e-9  -4.64605e-9  -4.9315e-9  -5.16915e-9  -9.15802e-9  -5.33721e-9  -6.49748e-9  -4.6031e-9  -4.50499e-9  -2.88754e-9  -2.9972e-9  -6.58583e-9  -2.81517e-9  -2.85246e-9  -2.35234e-9  -1.74615e-8  -1.61098e-8  -4.33314e-9  -4.5594e-9  -1.03694e-8  -9.23429e-9  -1.01159e-8  -5.36348e-10  -1.49973e-8  -1.58818e-8  -1.73251e-8  -8.91556e-9  -9.07119e-9  -1.53212e-8  -1.47776e-8  -1.45519e-8  -9.74322e-9  -1.30818e-8  -1.02735e-8  -1.21167e-8  -1.45616e-8  -1.52619e-8  -1.23149e-8  -1.10119e-8  -6.44864e-9  -2.96656e-10  -2.10365e-8  -1.10301e-8  -1.39481e-10  -1.41708e-10  -1.37071e-10  -1.37657e-8  -2.28554e-10  -2.08796e-8  -3.49351e-10  -2.10728e-8  -2.05021e-8  -7.52705e-10  -1.59112e-8  -1.75016e-8  -5.68061e-9  -8.0004e-10  -7.7192e-10  -4.57002e-10  -5.45038e-10  -4.79806e-10  -5.99077e-10  -6.27739e-10  -8.06946e-10  -1.39686e-9  -1.69719e-9  -1.3091e-9  -2.04806e-8  -5.67977e-10  -1.53997e-9  -1.33109e-9  -1.16224e-9  -1.6583e-9  -1.3802e-9  -1.85312e-9  -4.05359e-9  -1.8074e-9  -3.03508e-9  -2.33415e-9  -1.94333e-9  -2.76136e-9  -3.84566e-9  -1.91426e-9  -2.16114e-9  -2.63468e-9  -4.68012e-9  -2.14362e-9  -4.17207e-9  -4.00278e-9  -2.4292e-9  -3.61441e-9  -2.63308e-9  -3.84213e-9  -1.79207e-9  -6.44784e-9  -1.28572e-8  -2.6695e-9  -7.79566e-9  -4.14708e-9  -1.12435e-8  -7.47699e-9  -4.1078e-9  -9.17688e-9  -3.79621e-9  -3.89918e-9  -1.39923e-9  -4.60996e-9  -6.45917e-9  -5.2499e-9  -6.58252e-9  -3.61661e-9  -7.38266e-9  -4.13942e-9  -6.44304e-9  -7.75308e-9  -5.52398e-9  -5.73852e-9  -6.52826e-9  -8.40545e-9  -9.54296e-9  -1.04416e-8  -8.86531e-9  -5.16093e-9  -2.03294e-8  -1.34588e-8  -8.11181e-9  -7.43961e-9  -9.68047e-9  -2.24264e-8  -1.98531e-8  -8.53162e-9  -1.38064e-8  -1.79128e-8  -1.05875e-8  -1.41452e-8  -9.95128e-9  -2.15442e-8  -3.40203e-8  -1.5428e-8  -1.13896e-8  -9.45666e-9  -1.46752e-8  -1.71303e-8  -1.59646e-8  -1.09687e-8  -8.29005e-9  -9.19311e-9  -2.19961e-8  -8.16998e-9  -1.36065e-8  -1.52842e-8  -3.94333e-8  -1.72404e-8  -4.57356e-8  -2.8831e-8  -2.06114e-8  -1.96925e-8  -1.94548e-8  -2.37087e-8  -7.20318e-9  -1.01325e-8  -2.07343e-8  -2.83331e-8  -3.86819e-8  -5.15066e-11  -4.39277e-8  -2.76121e-8  -5.88205e-8  -2.32396e-8  -2.3402e-8  -6.34064e-11  -3.09624e-8  -4.51302e-8  -6.26225e-11  -4.79404e-8  -6.01487e-11  -4.55962e-8  -3.64914e-8  -4.52049e-11  -5.76965e-11  -3.95495e-8  -6.03716e-11  -2.43341e-8  -2.08548e-8  -2.46509e-8  -3.93091e-8  -5.51403e-8  -3.50009e-8  -6.94164e-11  -5.47671e-8  -4.50886e-8  -1.0732e-10  -5.66702e-8  -1.59654e-10  -6.40917e-8  -2.97003e-8  -4.63642e-8  -4.28877e-8  -2.93539e-8  -1.9124e-8  -2.12861e-8  -3.05761e-8  -1.60089e-10  -3.53517e-8  -1.4191e-8  -1.3484e-8  -5.88227e-8  -1.79609e-8  -3.54613e-8  -4.15059e-8  -2.19015e-10  -1.70563e-10  -3.27889e-8  -2.55865e-8  -7.10433e-8  -5.04513e-8  -6.40281e-8  -3.23325e-8  -1.66136e-8  -2.72789e-8  -6.90447e-8  -5.78757e-8  -5.85938e-8  -7.40643e-8  -3.22357e-10  -3.29611e-8  -2.66738e-8  -2.61385e-8  -3.86834e-8  -3.613e-10  -3.38887e-8  -6.65942e-8  -7.65435e-8  -5.81801e-8  -5.98596e-8  -5.34574e-8  -5.48282e-10  -5.10672e-10  -4.53327e-8  -5.49664e-8  -4.73251e-8  -5.32679e-8  -6.76021e-10  -4.6057e-8  -5.56593e-10  -8.23292e-8  -6.75585e-10  -6.39242e-10  -3.18165e-8  -1.18646e-9  -5.17085e-8  -4.67787e-8  -4.45004e-8  -7.29476e-8  -8.47195e-8  -1.15289e-9  -7.82398e-8  -6.19032e-8  -9.94706e-10  -1.83003e-9  -5.76823e-8  -5.44544e-8  -1.2874e-9  -1.77998e-9  -8.28013e-8  -1.90561e-9  -2.4825e-9  -1.99249e-9  -1.93396e-9  -9.04767e-8  -1.41016e-9  -6.75877e-8  -1.22874e-9  -8.58731e-8  -8.93053e-8  -9.35459e-8  -8.40336e-10  -2.05714e-9  -2.35186e-9  -2.01263e-9
500 Eigenvalues converges, out of 500 requested.
Running with Naux = 1200
read ../MA_best/Simulate_CWNO/CWNO_final_tilde.dat
Starting Davidson with n_aux = 1200, l_buffer = 650, lc = 502, thresh = 0.0001, max_iter = 100
Iter 1: V_size = 300, Converged = 0, ‖r‖ (largest λ) = 0.08635542817949489
Iter 2: V_size = 600, Converged = 0, ‖r‖ (largest λ) = 0.00011818738203488373
Iter 3: V_size = 900, Converged = 70, ‖r‖ (largest λ) = 1.1188839337443364e-7
Iter 4: V_size = 1200, Converged = 294, ‖r‖ (largest λ) = 4.4135414415486585
Iter 5: V_size = 376, Converged = 315, ‖r‖ (largest λ) = 6.595169238249042e-7
Iter 6: V_size = 676, Converged = 315, ‖r‖ (largest λ) = 1.671287852999457
Iter 7: V_size = 976, Converged = 315, ‖r‖ (largest λ) = 0.022374312910397234
Iter 8: V_size = 600, Converged = 315, ‖r‖ (largest λ) = 0.012498269235802818
Iter 9: V_size = 900, Converged = 315, ‖r‖ (largest λ) = 0.0018320076222074302
Iter 10: V_size = 1200, Converged = 315, ‖r‖ (largest λ) = 0.00012271767457028797
Iter 11: V_size = 600, Converged = 486, ‖r‖ (largest λ) = 1.3809312965154822e-5
Iter 12: V_size = 900, Converged = 486, ‖r‖ (largest λ) = 3.420218019932652
Converged all required eigenvalues (cluster-aware). Iter = 13
1492.655507 seconds (40.81 M allocations: 1.842 TiB, 0.80% gc time)
Number of FLOPs: 26718199726054

Reading exact Eigenvalues...
Reading eigenvalues from ../MA_best/Simulate_CWNO/CWNO_final_tilde_results.jld2

Compute the difference between computed and exact eigenvalues:
1×500 adjoint(::Vector{Float64}) with eltype Float64:
 5.32907e-15  -4.9738e-14  -4.79616e-14  -5.68434e-14  -1.02229e-12  -8.99059e-12  -9.8539e-12  -7.38876e-12  -9.65583e-12  -9.27747e-12  -1.74434e-11  -1.59668e-11  -1.5806e-11  -2.41456e-11  -1.21427e-10  -1.1221e-10  -1.09269e-10  -2.82192e-10  -2.14811e-10  -2.27045e-10  -2.20987e-10  -2.62959e-10  -1.83901e-10  -2.21113e-10  -2.23491e-10  -1.52941e-10  -4.96658e-10  -4.97947e-10  -4.84484e-10  -3.68695e-10  -7.97566e-10  -6.68461e-10  -2.10644e-9  -1.3655e-9  -4.77259e-10  -9.56427e-10  -1.8634e-9  -1.71379e-9  -7.25912e-10  -1.13103e-9  -1.28608e-9  -1.12831e-9  -1.00982e-9  -1.63712e-9  -1.2528e-9  -3.12531e-9  -4.80038e-9  -4.79806e-9  -2.23946e-9  -1.34395e-9  -1.1687e-9  -2.05465e-9  -6.25874e-9  -6.50913e-9  -4.84711e-9  -4.79717e-9  -6.15391e-9  -8.50476e-9  -7.96293e-9  -8.71466e-9  -5.08052e-9  -5.14997e-9  -5.04942e-9  -2.5131e-12  -9.26903e-9  -8.20664e-9  -3.193e-12  -2.82196e-12  -7.66522e-9  -8.09636e-9  -5.86602e-9  -3.51708e-12  -2.79621e-12  -2.82474e-12  -1.93368e-12  -2.21756e-12  -5.92071e-12  -7.27485e-12  -5.6406e-12  -6.04272e-12  -4.37239e-12  -7.01606e-9  -4.84801e-12  -3.69138e-12  -7.37099e-12  -4.47453e-12  -6.11966e-12  -8.03679e-12  -6.98719e-12  -8.42415e-12  -4.81093e-12  -4.79861e-12  -2.18675e-9  -1.29721e-11  -7.44327e-12  -7.98517e-12  -8.38951e-12  -2.42066e-11  -2.69983e-11  -6.15374e-12  -8.15814e-12  -6.49902e-12  -7.84994e-12  -2.00164e-11  -2.1615e-11  -2.01343e-11  -1.23007e-11  -9.0048e-12  -1.93002e-11  -2.40712e-11  -2.80584e-11  -1.7919e-11  -2.46979e-11  -2.53192e-11  -2.89143e-11  -4.28583e-11  -4.65047e-11  -2.11504e-11  -5.81326e-11  -2.88506e-11  -2.62571e-11  -6.14023e-11  -5.05357e-11  -3.46639e-11  -7.01732e-11  -9.44294e-11  -9.41106e-11  -4.4762e-11  -5.17545e-11  -4.77542e-11  -4.40969e-11  -4.08085e-11  -9.1121e-11  -6.60827e-11  -4.97915e-11  -8.87941e-11  -1.41514e-10  -1.153e-10  -9.32706e-11  -1.56865e-10  -1.56892e-10  -1.73739e-10  -1.53009e-10  -2.36766e-11  -5.72135e-11  -6.79776e-11  -8.27529e-11  -1.72146e-10  -1.34984e-10  -1.59269e-10  -1.32877e-10  -1.7632e-10  -2.53472e-10  -2.34927e-10  -2.26209e-10  -2.65974e-10  -3.23443e-10  -2.02711e-10  -2.09293e-10  -1.44585e-10  -5.33627e-10  -3.30004e-10  -2.75465e-10  -8.85403e-13  -2.24118e-10  -2.08083e-10  -5.25636e-10  -4.15489e-10  -2.38655e-10  -4.85112e-10  -4.67209e-10  -5.45933e-10  -5.49372e-10  -6.78046e-10  -2.07788e-10  -5.69162e-10  -5.5193e-10  -7.39866e-10  -5.78366e-10  -6.48411e-10  -4.00161e-10  -4.72867e-10  -3.75997e-10  -3.34304e-10  -6.18458e-10  -6.1731e-10  -7.98045e-10  -2.38604e-10  -6.62073e-10  -9.1662e-10  -7.20917e-10  -6.42602e-10  -3.25329e-10  -5.79324e-10  -7.99531e-10  -8.60974e-10  -7.89042e-10  -7.3229e-10  -7.50548e-10  -1.64683e-9  -7.42174e-10  -9.6408e-10  -5.55702e-10  -6.29166e-10  -9.02094e-10  -7.53378e-10  -8.08814e-10  -1.68086e-11  -2.9721e-9  -2.19657e-9  -1.7816e-9  -1.52857e-9  -9.82208e-10  -8.8723e-10  -1.86596e-9  -1.95911e-9  -1.10872e-9  -2.97246e-9  -1.00753e-9  -9.43217e-10  -1.96371e-9  -1.5529e-9  -1.69379e-9  -2.36461e-9  -3.37518e-9  -2.11863e-9  -2.4371e-9  -2.20714e-9  -2.51168e-9  -1.50333e-9  -1.47446e-9  -4.26316e-9  -1.00046e-9  -8.44253e-10  -1.08936e-9  -9.57807e-9  -1.05282e-8  -1.15913e-9  -1.64465e-9  -4.30124e-9  -3.52477e-9  -3.81211e-11  -3.05256e-12  -3.92306e-11  -4.93611e-11  -7.0168e-9  -4.29111e-9  -4.35281e-9  -6.25384e-9  -5.01702e-9  -8.62931e-9  -4.39495e-9  -5.78792e-9  -2.72459e-9  -3.73861e-9  -7.55808e-9  -8.84646e-9  -3.58023e-9  -3.30198e-9  -4.10436e-9  -8.35865e-11  -9.89563e-9  -5.62579e-9  -7.36393e-9  -3.51737e-9  -3.35862e-9  -6.20345e-9  -7.12168e-9  -7.89595e-9  -2.2376e-8  -1.07969e-8  -1.01167e-8  -2.07929e-8  -6.84122e-9  -8.20133e-9  -3.22794e-9  -1.06374e-8  -1.3059e-8  -6.91111e-9  -8.17848e-9  -8.76043e-9  -1.35838e-8  -1.85864e-8  -8.4884e-9  -2.08393e-8  -2.11718e-8  -1.74939e-8  -1.43134e-8  -1.33946e-8  -1.21387e-8  -1.18282e-8  -1.13591e-8  -8.24763e-9  -1.46817e-8  -9.07381e-9  -1.3304e-8  -1.75123e-8  -2.30576e-8  -2.29866e-8  -1.99592e-8  -2.26679e-8  -1.75784e-10  -3.57529e-10  -6.55961e-10  -4.19353e-10  -4.70357e-10  -7.4288e-10  -9.05406e-10  -7.15312e-10  -6.46491e-10  -6.20046e-10  -1.03536e-9  -1.03181e-9  -1.00697e-9  -9.21117e-10  -7.7345e-10  -6.23471e-10  -1.09677e-9  -6.37406e-10  -2.33826e-9  -1.3204e-9  -6.24187e-10  -1.2966e-9  -9.59436e-10  -6.87023e-10  -1.44942e-9  -1.65669e-9  -1.3628e-9  -1.65493e-9  -1.41941e-9  -2.0325e-9  -1.67642e-9  -7.44458e-10  -2.27452e-9  -2.12801e-9  -1.87978e-9  -3.93647e-9  -2.74536e-9  -3.13556e-9  -3.47895e-9  -4.704e-9  -1.70915e-9  -1.77242e-9  -1.80664e-9  -1.97677e-9  -3.23115e-9  -2.8806e-9  -2.76018e-9  -4.792e-9  -7.56444e-9  -4.70061e-9  -4.76627e-9  -6.06088e-9  -2.13131e-9  -3.19868e-9  -9.01154e-9  -3.66658e-9  -1.69821e-8  -4.85363e-9  -4.56939e-9  -4.19412e-9  -6.38339e-9  -4.55574e-9  -5.21712e-9  -4.86153e-9  -4.60122e-9  -6.17331e-9  -4.47276e-9  -3.71861e-9  -3.89674e-9  -4.52971e-9  -9.57255e-9  -9.86402e-9  -1.4494e-8  -1.09223e-8  -1.02022e-8  -1.2201e-8  -7.24218e-9  -1.01075e-8  -6.68416e-9  -6.61075e-9  -6.65415e-9  -1.28014e-8  -2.11983e-8  -8.91e-9  -6.45921e-9  -1.30145e-8  -1.11997e-8  -1.3252e-8  -9.43611e-9  -7.93959e-9  -1.27901e-8  -1.62128e-8  -1.53274e-8  -3.77448e-8  -1.06594e-8  -1.58561e-8  -1.95414e-8  -1.15861e-8  -1.61707e-8  -2.26325e-8  -1.98574e-8  -5.36051e-9  -8.1217e-9  -1.38389e-8  -1.50249e-8  -1.80484e-8  -3.16326e-8  -1.73219e-8  -1.69264e-8  -8.99043e-9  -2.67215e-8  -1.62496e-8  -9.80129e-9  -5.94379e-8  -1.93688e-8  -2.87042e-8  -1.33401e-8  -1.16263e-8  -2.51054e-8  -3.40771e-8  -2.07029e-8  -4.58624e-8  -4.21402e-8  -2.17628e-8  -2.89905e-8  -4.54862e-8  -3.6725e-8  -2.72653e-8  -4.54589e-8  -2.90162e-8  -1.62258e-8  -3.14268e-8  -2.16812e-8  -1.80069e-8  -2.22242e-8  -2.28756e-8  -3.16956e-8  -4.28451e-8  -4.14879e-8  -3.1746e-8  -6.04104e-8  -6.248e-8  -3.38989e-8  -4.99438e-8  -4.52629e-8  -3.19553e-8  -3.62304e-8  -5.82524e-8  -3.07101e-8  -3.93956e-8  -3.22183e-8  -3.85133e-8  -3.39107e-8  -6.62388e-8  -6.06997e-8  -1.26456e-10  -6.36214e-8  -4.26076e-8  -1.54018e-10  -2.75319e-10  -5.14836e-8  -4.88876e-8  -5.18768e-8  -5.30234e-8  -6.19796e-8  -1.43034e-10  -1.58274e-10  -4.26155e-8  -6.57639e-8  -6.72837e-8  -2.28157e-10  -2.03385e-10  -6.33714e-8  -4.14827e-8  -4.54319e-10  -5.01658e-8  -6.4398e-8  -2.9511e-8  -3.91115e-10  -5.14087e-8  -7.75188e-8  -7.16967e-8  -5.48217e-8  -1.26924e-8  -8.15693e-8  -3.72961e-10  -5.40399e-8  -5.4735e-8  -5.42676e-10  -4.79479e-10  -1.92311e-8  -3.56474e-8  -3.45746e-8  -2.41979e-8  -6.44501e-8  -7.16477e-8  -9.64469e-10  -6.27178e-10  -5.25189e-10
500 Eigenvalues converges, out of 500 requested.
