
=== Running tests for molecule: formaldehyde ===
Starting Davidson with n_aux = 600, l_buffer = 78, lc = 60, thresh = 0.001, max_iter = 100
Iter 1: V_size = 150, Converged = 0, ‖r‖ (largest λ) = 0.3215948301616369
Iter 2: V_size = 228, Converged = 9, ‖r‖ (largest λ) = 5.408519229347489e-5
Iter 3: V_size = 306, Converged = 52, ‖r‖ (largest λ) = 296.5049517423511
Iter 4: V_size = 375, Converged = 52, ‖r‖ (largest λ) = 187.64327957913306
Converged all required eigenvalues (cluster-aware). Iter = 5
111.124530 seconds (662.90 k allocations: 30.004 GiB, 0.21% gc time)
Number of FLOPs: 3277204276501

Reading exact Eigenvalues...
Reading eigenvalues from ../MA_best/Eigenvalues_folder/eigenres_formaldehyde_RNDbasis1.jld2

Compute the difference between computed and exact eigenvalues:
1×60 adjoint(::Vector{Float64}) with eltype Float64:
 -4.77485e-12  -1.69393e-11  -1.19371e-11  -1.61464e-9  -1.21898e-9  -1.48225e-9  -1.99012e-9  -2.58618e-9  -9.30669e-11  -9.35941e-9  -1.0381e-11  -5.61684e-11  -1.31486e-10  -7.93655e-10  -3.7199e-10  -9.52213e-10  -7.80418e-10  -1.28395e-11  -9.30999e-10  -9.5579e-10  -4.21284e-10  -6.34973e-10  -2.80775e-10  -1.16495e-9  -1.38346e-10  -5.01171e-9  -1.27493e-10  -1.16144e-9  -6.12541e-11  -1.88782e-9  -2.42868e-9  -2.39648e-10  -6.49585e-10  -1.52321e-9  -2.84384e-10  -1.03165e-9  -5.86056e-10  -1.22651e-9  -4.89415e-10  -2.20542e-10  -3.39261e-10  -1.10132e-9  -4.44089e-15  -7.45788e-9  -5.67425e-9  -3.92457e-9  -5.25985e-9  -1.29573e-8  -1.40007e-8  -8.10735e-9  -1.43204e-8  -1.54005e-8  -4.01454e-8  2.30926e-14  5.59552e-14  4.9738e-14  2.4869e-14  4.35207e-14  5.32907e-15  1.89626e-13
60 Eigenvalues converges, out of 60 requested.
Starting Davidson with n_aux = 600, l_buffer = 390, lc = 301, thresh = 0.001, max_iter = 100
Iter 1: V_size = 150, Converged = 0, ‖r‖ (largest λ) = 0.3215948301616369
Iter 2: V_size = 300, Converged = 9, ‖r‖ (largest λ) = 2.9291012219754313e-5
Iter 3: V_size = 450, Converged = 86, ‖r‖ (largest λ) = 335.2159054521493
Iter 4: V_size = 600, Converged = 109, ‖r‖ (largest λ) = 195.09486173314818
Iter 5: V_size = 277, Converged = 128, ‖r‖ (largest λ) = 4.702422840080563e-6
Iter 6: V_size = 427, Converged = 128, ‖r‖ (largest λ) = 68.32280867161175
Iter 7: V_size = 577, Converged = 166, ‖r‖ (largest λ) = 0.0004255156953046376
Total MINRES iterations: 2422
Iter 8: V_size = 262, Converged = 176, ‖r‖ (largest λ) = 0.0008022026912252185
Total MINRES iterations: 3294
Iter 9: V_size = 412, Converged = 184, ‖r‖ (largest λ) = 41.983875343131096
Total MINRES iterations: 1352
Iter 10: V_size = 562, Converged = 272, ‖r‖ (largest λ) = 42.91677886090349
Converged all required eigenvalues (cluster-aware). Iter = 11
1635.768412 seconds (8.08 M allocations: 343.682 GiB, 0.13% gc time, 0.04% compilation time)
Number of FLOPs: 31218030800212

Reading exact Eigenvalues...
Reading eigenvalues from ../MA_best/Eigenvalues_folder/eigenres_formaldehyde_RNDbasis1.jld2

Compute the difference between computed and exact eigenvalues:
1×300 adjoint(::Vector{Float64}) with eltype Float64:
 -2.27374e-12  -4.43379e-12  -3.86535e-12  -4.52104e-10  -2.6165e-10  -3.26651e-10  -5.91626e-10  -5.78353e-10  -2.52953e-12  -3.40022e-9  -3.69482e-13  -1.61293e-12  -3.67351e-12  -2.21405e-11  -1.13616e-11  -2.77005e-11  -2.34515e-11  -4.36984e-13  -2.77183e-11  -3.15339e-11  -1.31735e-11  -2.21405e-11  -8.78231e-12  -3.58291e-11  -3.55982e-12  -1.86827e-10  -7.29194e-12  -4.06892e-11  -1.75859e-12  -6.08349e-11  -9.30047e-11  -1.29852e-11  -2.04814e-11  -5.49853e-11  -8.87646e-12  -4.69065e-11  -2.63132e-11  -5.55431e-11  -1.29301e-11  -1.10294e-11  -1.96998e-11  -5.19629e-11  -1.09236e-10  -3.23073e-10  -2.91714e-10  -1.29537e-10  -2.68312e-10  -3.82302e-10  -5.43931e-10  -2.603e-10  -4.6156e-10  -7.86635e-10  -1.01485e-9  -1.12164e-9  -1.76501e-9  -8.93674e-10  -1.18298e-9  -2.08449e-9  -2.22226e-9  -3.35224e-9  -2.64175e-9  -5.42185e-9  -6.43482e-9  -3.83703e-9  -6.80002e-9  -6.87085e-9  -5.10852e-9  -1.12841e-8  -2.83254e-9  -1.55862e-8  -7.50851e-9  -1.25054e-8  -4.24109e-8  -2.93867e-8  -2.37309e-8  -4.69626e-8  -3.77557e-8  -3.29507e-8  -3.9992e-8  -6.15534e-8  -4.15164e-8  -6.31559e-8  -9.43367e-8  -2.34095e-7  -3.63034e-11  -7.01388e-8  -3.56502e-7  -1.9827e-11  -3.66796e-10  -1.15779e-10  -9.34515e-11  -1.56455e-10  -4.217e-10  -1.40138e-10  -1.97521e-10  -1.94877e-10  -2.96608e-10  -5.89607e-9  -1.46569e-8  -1.62371e-9  -1.24243e-8  -5.76385e-9  -1.38276e-8  -4.03877e-12  -2.166e-7  -6.29318e-8  -6.06874e-8  -2.94889e-7  -4.81457e-8  -2.2148e-7  -8.83219e-10  -4.51352e-10  -2.81316e-10  -7.32323e-10  -3.14744e-8  -5.01939e-9  -6.72411e-9  -8.4097e-9  -2.18273e-8  -4.53502e-8  -2.79825e-8  -1.65328e-7  -1.16333e-7  -2.92806e-7  -2.64943e-7  -4.75964e-7  -8.20846e-7  -9.5266e-7  -2.10218e-7  -3.90465e-7  -3.99455e-7  -4.32089e-7  -5.81427e-7  -6.93393e-7  -7.92387e-7  -7.2984e-7  -1.32275e-6  -7.0812e-7  -1.05465e-6  -8.82077e-7  -1.33285e-6  -1.10918e-6  -1.10649e-6  -1.19429e-6  -1.11231e-6  -1.46272e-6  -1.33209e-6  -1.30791e-6  -1.26875e-6  -9.86178e-7  -1.53838e-6  -9.26637e-7  -1.065e-6  -9.4463e-7  -1.36775e-6  -1.39428e-6  -1.89764e-6  -1.56844e-6  -1.22643e-6  -1.85893e-6  -1.60782e-6  -1.69431e-6  -1.65432e-6  -1.9276e-6  -2.01159e-6  1.2546e-10  -1.85968e-6  -1.71099e-6  -2.07528e-6  -1.83201e-6  -1.82584e-6  -1.87064e-6  -1.57844e-6  -1.88661e-6  -2.07168e-6  -2.16137e-6  -2.23442e-6  -3.69238e-10  -1.6567e-6  -2.29845e-6  1.84297e-12  -1.34775e-10  -1.17903e-6  -1.79016e-6  -1.18843e-6  -1.05492e-6  3.2883e-9  2.71721e-9  1.72268e-9  1.5812e-9  1.64905e-9  1.83427e-9  2.60286e-9  3.20834e-9  1.85732e-9  1.33495e-9  7.56745e-10  2.73389e-9  2.55792e-10  -1.10741e-9  5.62439e-11  -4.61704e-10  2.40105e-10  -2.3562e-9  2.46593e-9  -3.02142e-9  -4.03556e-9  8.50692e-11  -7.03147e-10  -1.25169e-9  -2.04009e-9  -7.94401e-9  -8.74544e-9  -4.22962e-9  -3.75527e-10  -4.06663e-10  -3.74953e-9  -8.94032e-11  -5.26736e-9  2.27086e-9  -4.15694e-9  -3.56427e-9  -1.13192e-9  -4.29398e-9  -1.23912e-9  -3.56027e-9  -2.75145e-9  -2.15887e-9  -2.1597e-9  -9.59762e-10  -2.12983e-9  -1.16396e-8  4.46648e-9  -2.31751e-8  -1.46607e-8  -2.75087e-8  -2.68424e-8  -7.88051e-9  -1.68172e-8  -2.95247e-8  -7.26364e-8  -4.18386e-8  -9.29095e-8  -1.25912e-7  -1.4787e-7  -1.10576e-7  -1.07609e-7  -1.52099e-7  -1.09959e-7  -1.8342e-7  -2.74392e-7  -1.98643e-7  -3.16936e-7  -9.86324e-7  -8.5353e-7  -4.48972e-7  -5.10235e-7  -9.72094e-7  -7.54351e-7  -6.05768e-7  -6.74646e-7  -2.45223e-6  -2.34053e-6  -3.54151e-6  -9.06454e-7  -1.50924e-6  -1.62821e-6  -2.52888e-6  -1.81909e-6  -4.71987e-6  -8.80685e-6  -6.25797e-6  -3.81261e-8  -3.93896e-6  -4.37823e-6  -7.03211e-8  -1.53505e-7  -1.36617e-7  -8.17024e-8  -1.85052e-7  -1.23911e-7  -1.50605e-7  -1.7813e-7  -1.42367e-7  -4.32126e-7  -3.24612e-7  -6.21563e-7  -4.27132e-7  -5.5371e-7  -5.21782e-7  -4.79185e-7  -4.42432e-7  -3.89837e-7  -5.13856e-7  -1.35199e-6  -4.22227e-7  -9.84913e-7  -7.14843e-7  -2.67359e-6  -1.64443e-6
300 Eigenvalues converges, out of 300 requested.
Starting Davidson with n_aux = 600, l_buffer = 780, lc = 603, thresh = 0.001, max_iter = 100
Iter 1: V_size = 150, Converged = 0, ‖r‖ (largest λ) = 0.3215948301616369
Iter 2: V_size = 300, Converged = 9, ‖r‖ (largest λ) = 2.9291012219754313e-5
Iter 3: V_size = 450, Converged = 86, ‖r‖ (largest λ) = 335.2159054521493
Iter 4: V_size = 600, Converged = 109, ‖r‖ (largest λ) = 195.09486173314818
Iter 5: V_size = 277, Converged = 128, ‖r‖ (largest λ) = 4.702422840080563e-6
Iter 6: V_size = 427, Converged = 128, ‖r‖ (largest λ) = 68.32280867161175
Iter 7: V_size = 577, Converged = 166, ‖r‖ (largest λ) = 0.0004255156953046376
Total MINRES iterations: 2422
Iter 8: V_size = 262, Converged = 176, ‖r‖ (largest λ) = 0.0008022026912252185
Total MINRES iterations: 3294
Iter 9: V_size = 412, Converged = 184, ‖r‖ (largest λ) = 41.983875343131096
Total MINRES iterations: 1352
Iter 10: V_size = 562, Converged = 272, ‖r‖ (largest λ) = 42.91677886090349
Total MINRES iterations: 2575
Iter 11: V_size = 212, Converged = 319, ‖r‖ (largest λ) = 0.0008887970609012977
Total MINRES iterations: 3060
Iter 12: V_size = 362, Converged = 319, ‖r‖ (largest λ) = 64.3558443893226
Total MINRES iterations: 1150
Iter 13: V_size = 512, Converged = 423, ‖r‖ (largest λ) = 0.0001639348107569164
Total MINRES iterations: 2861
Iter 14: V_size = 662, Converged = 424, ‖r‖ (largest λ) = 137.975925498714
Total MINRES iterations: 2250
Iter 15: V_size = 299, Converged = 484, ‖r‖ (largest λ) = 0.00027490372844382014
Total MINRES iterations: 2972
Iter 16: V_size = 449, Converged = 484, ‖r‖ (largest λ) = 88.64069134956533
Total MINRES iterations: 1625
Iter 17: V_size = 599, Converged = 569, ‖r‖ (largest λ) = 0.0003759809261896934
Converged all required eigenvalues (cluster-aware). Iter = 18
7334.620828 seconds (28.42 M allocations: 1.219 TiB, 0.13% gc time)
Number of FLOPs: 89175402968635

Reading exact Eigenvalues...
Reading eigenvalues from ../MA_best/Eigenvalues_folder/eigenres_formaldehyde_RNDbasis1.jld2

Compute the difference between computed and exact eigenvalues:
1×600 adjoint(::Vector{Float64}) with eltype Float64:
 -2.27374e-12  -4.43379e-12  -3.86535e-12  -4.52104e-10  -2.6165e-10  -3.26651e-10  -5.91626e-10  -5.78353e-10  -2.52953e-12  -3.40022e-9  -3.69482e-13  -1.61293e-12  -3.67351e-12  -2.21405e-11  -1.13616e-11  -2.77005e-11  -2.34515e-11  -4.36984e-13  -2.77183e-11  -3.15339e-11  -1.31735e-11  -2.21405e-11  -8.78231e-12  -3.58291e-11  -3.55982e-12  -1.86827e-10  -7.29194e-12  -4.06892e-11  -1.75859e-12  -6.08349e-11  -9.30047e-11  -1.29852e-11  -2.04814e-11  -5.49853e-11  -8.87646e-12  -4.69065e-11  -2.63132e-11  -5.55431e-11  -1.29301e-11  -1.10294e-11  -1.96998e-11  -5.19629e-11  -1.09236e-10  -3.23073e-10  -2.91714e-10  -1.29537e-10  -2.68312e-10  -3.82302e-10  -5.43931e-10  -2.603e-10  -4.6156e-10  -7.86635e-10  -1.01485e-9  -1.12164e-9  -1.76501e-9  -8.93674e-10  -1.18298e-9  -2.08449e-9  -2.22226e-9  -3.35224e-9  -2.64175e-9  -5.42185e-9  -6.43482e-9  -3.83703e-9  -6.80002e-9  -6.87085e-9  -5.10852e-9  -1.12841e-8  -2.83254e-9  -1.55862e-8  -7.50851e-9  -1.25054e-8  -4.24109e-8  -2.93867e-8  -2.37309e-8  -4.69626e-8  -3.77557e-8  -3.29507e-8  -3.9992e-8  -6.15534e-8  -4.15164e-8  -6.31559e-8  -9.43367e-8  -2.34095e-7  -3.63034e-11  -7.01388e-8  -3.56502e-7  -1.9827e-11  -3.66796e-10  -1.15779e-10  -9.34515e-11  -1.56455e-10  -4.217e-10  -1.40138e-10  -1.97521e-10  -1.94877e-10  -2.96608e-10  -5.89607e-9  -1.46569e-8  -1.62371e-9  -1.24243e-8  -5.76385e-9  -1.38276e-8  -4.03877e-12  -2.166e-7  -6.29318e-8  -6.06874e-8  -2.94889e-7  -4.81457e-8  -2.2148e-7  -8.83219e-10  -4.51352e-10  -2.81316e-10  -7.32323e-10  -3.14744e-8  -5.01939e-9  -6.72411e-9  -8.4097e-9  -2.18273e-8  -4.53502e-8  -2.79825e-8  -1.65328e-7  -1.16333e-7  -2.92806e-7  -2.64943e-7  -4.75964e-7  -8.20846e-7  -9.5266e-7  -2.10218e-7  -3.90465e-7  -3.99455e-7  -4.32089e-7  -5.81427e-7  -6.93393e-7  -7.92387e-7  -7.2984e-7  -1.32275e-6  -7.0812e-7  -1.05465e-6  -8.82077e-7  -1.33285e-6  -1.10918e-6  -1.10649e-6  -1.19429e-6  -1.11231e-6  -1.46272e-6  -1.33209e-6  -1.30791e-6  -1.26875e-6  -9.86178e-7  -1.53838e-6  -9.26637e-7  -1.065e-6  -9.4463e-7  -1.36775e-6  -1.39428e-6  -1.89764e-6  -1.56844e-6  -1.22643e-6  -1.85893e-6  -1.60782e-6  -1.69431e-6  -1.65432e-6  -1.9276e-6  -2.01159e-6  1.2546e-10  -1.85968e-6  -1.71099e-6  -2.07528e-6  -1.83201e-6  -1.82584e-6  -1.87064e-6  -1.57844e-6  -1.88661e-6  -2.07168e-6  -2.16137e-6  -2.23442e-6  -3.69238e-10  -1.6567e-6  -2.29845e-6  1.84297e-12  -1.34775e-10  -1.17903e-6  -1.79016e-6  -1.18843e-6  -1.05492e-6  3.2883e-9  2.71721e-9  1.72268e-9  1.5812e-9  1.64905e-9  1.83427e-9  2.60286e-9  3.20834e-9  1.85732e-9  1.33495e-9  7.56745e-10  2.73389e-9  2.55792e-10  -1.10741e-9  5.62439e-11  -4.61704e-10  2.40105e-10  -2.3562e-9  2.46593e-9  -3.02142e-9  -4.03556e-9  8.50692e-11  -7.03147e-10  -1.25169e-9  -2.04009e-9  -7.94401e-9  -8.74544e-9  -4.22962e-9  -3.75527e-10  -4.06663e-10  -3.74953e-9  -8.94032e-11  -5.26736e-9  2.27086e-9  -4.15694e-9  -3.56427e-9  -1.13192e-9  -4.29398e-9  -1.23912e-9  -3.56027e-9  -2.75145e-9  -2.15887e-9  -2.1597e-9  -9.59762e-10  -2.12983e-9  -1.16396e-8  4.46648e-9  -2.31751e-8  -1.46607e-8  -2.75087e-8  -2.68424e-8  -7.88051e-9  -1.68172e-8  -2.95247e-8  -7.26364e-8  -4.18386e-8  -9.29095e-8  -1.25912e-7  -1.4787e-7  -1.10576e-7  -1.07609e-7  -1.52099e-7  -1.09959e-7  -1.8342e-7  -2.74392e-7  -1.98643e-7  -3.16936e-7  -9.86324e-7  -8.5353e-7  -4.48972e-7  -5.10235e-7  -9.72094e-7  -7.54351e-7  -6.05768e-7  -6.74646e-7  -2.45223e-6  -2.34053e-6  -3.54151e-6  -9.06454e-7  -1.50924e-6  -1.62821e-6  -2.52888e-6  -1.81909e-6  -4.71987e-6  -8.80685e-6  -6.25797e-6  -3.81261e-8  -3.93896e-6  -4.37823e-6  -7.03211e-8  -1.53505e-7  -1.36617e-7  -8.17024e-8  -1.85052e-7  -1.23911e-7  -1.50605e-7  -1.7813e-7  -1.42367e-7  -4.32126e-7  -3.24612e-7  -6.21563e-7  -4.27132e-7  -5.5371e-7  -5.21782e-7  -4.79185e-7  -4.42432e-7  -3.89837e-7  -5.13856e-7  -1.35199e-6  -4.22227e-7  -9.84913e-7  -7.14843e-7  -2.67359e-6  -1.64443e-6  -1.17937e-6  -1.69311e-6  -1.51664e-6  -2.12833e-6  -9.95149e-7  -2.25479e-6  -6.97034e-6  -2.83145e-6  -5.73199e-6  -5.13573e-6  -6.7303e-6  -1.79819e-5  -1.52134e-5  -7.30555e-6  -1.68924e-5  -8.34823e-6  -2.50429e-5  7.04777e-8  2.03271e-7  -1.75051e-5  -1.82402e-7  2.0237e-7  2.82501e-7  -3.37609e-5  9.75746e-7  8.55523e-7  8.57099e-6  4.42363e-6  6.18219e-6  3.63213e-6  1.37549e-6  1.4225e-6  1.40434e-6  2.78956e-6  1.63065e-6  1.81851e-6  2.46995e-6  8.72516e-7  1.60246e-6  1.11287e-6  3.62968e-7  1.87509e-6  9.62037e-7  9.97942e-7  1.06945e-6  1.48878e-6  3.86407e-7  8.54842e-7  1.08565e-6  9.82669e-7  3.35533e-7  6.02553e-7  5.82201e-7  4.29045e-7  -3.86435e-7  1.14939e-6  1.87542e-6  -2.25867e-7  -2.67903e-7  -2.81989e-7  -7.82757e-7  5.37947e-7  -3.00017e-7  8.6878e-7  -1.29565e-6  -5.42592e-7  -9.35507e-7  -3.21049e-7  -8.03646e-7  -1.00092e-6  -2.75428e-6  -2.93557e-6  -9.42379e-7  -2.22883e-6  -1.8243e-6  -1.56725e-6  -2.03949e-6  -2.36062e-6  -4.81963e-6  -1.7498e-6  -9.8241e-7  -2.9389e-6  -2.75557e-6  -2.0096e-6  -2.68058e-6  -2.12085e-6  -5.57386e-6  -1.55375e-6  -1.14124e-6  -4.9747e-6  -5.76872e-6  -3.1659e-6  -4.4079e-6  -5.95141e-6  -6.35581e-6  -3.56457e-6  -1.22906e-5  -3.82352e-6  -1.03416e-5  -7.7332e-6  -4.67004e-6  -7.28564e-6  -7.06162e-6  -1.62644e-5  -1.3767e-5  -1.52345e-5  -9.0541e-6  -1.25857e-5  -1.17923e-5  -1.08612e-5  -9.86367e-6  -1.00506e-5  -1.08886e-5  -1.09898e-5  -2.50797e-5  -3.21102e-5  -1.50588e-5  -3.04256e-5  -2.66987e-5  -3.47946e-5  -2.88195e-5  -2.39596e-5  8.4783e-6  2.62802e-6  1.82494e-6  1.56385e-6  1.39949e-6  1.21487e-6  1.22195e-6  5.36771e-7  1.62674e-6  -4.27652e-5  2.21473e-6  4.72017e-7  1.6257e-6  1.20042e-6  1.12341e-6  1.02311e-6  8.58583e-7  7.94579e-7  1.19562e-6  1.41006e-6  1.10739e-6  1.04813e-6  9.81597e-7  9.46381e-7  1.58113e-6  1.08809e-6  1.08939e-6  1.38978e-6  1.12673e-6  9.10843e-7  8.92039e-7  8.56364e-7  9.20109e-7  2.34108e-7  8.35493e-7  1.05654e-6  1.32088e-6  7.90291e-7  1.0968e-6  8.47656e-7  6.50012e-7  8.0253e-7  7.63403e-7  9.75016e-7  8.20209e-7  9.11689e-7  5.4914e-7  5.4459e-7  4.64904e-7  7.1856e-7  7.80633e-7  1.00557e-6  1.052e-7  4.70053e-7  -7.2938e-8  6.29261e-7  5.6911e-7  4.12565e-7  -3.41466e-9  1.42902e-6  1.12496e-6  5.37386e-8  -5.11319e-6  -1.69166e-5  -1.9495e-5  -9.36569e-6  -1.47069e-5  -1.56069e-5  -1.38128e-5  -1.18465e-5  -1.42689e-5  -2.09539e-5  -1.57633e-5  -3.516e-5  -2.78001e-5  -2.8476e-5  -2.03991e-5  -1.81451e-5  -1.87317e-5  -2.77979e-5  -1.84309e-5  -2.63072e-5  -2.69897e-5  -2.33652e-5  -2.48661e-5  -3.04928e-5  -3.83699e-5  -3.39065e-5  -1.85731e-5  -4.17418e-5  -3.25089e-5  -4.94114e-5  -3.69288e-5  -4.02718e-5  -4.72317e-5  -3.99419e-5  -3.51855e-5  -6.57043e-5  -9.23388e-5  -7.05453e-5  -3.43487e-5  -6.87893e-5  -6.27713e-5  -5.25428e-5  -4.79312e-5  -6.44974e-5  -6.47225e-5  -5.15314e-5  -6.65182e-5  -7.38043e-5  -4.46315e-5  -6.42168e-5  -7.97889e-5  -7.44004e-5  -7.67668e-5  -9.7379e-5  -5.55548e-5  -6.36451e-5  -0.000134307  -8.96964e-5  -6.94036e-5  -7.50516e-5  -0.000119099  -8.92473e-5  -0.000112409  -0.000110221  -0.00011665  -8.09502e-5  -0.000157176  -0.00013269  -8.63992e-5  -0.00010294  -0.000125282  -5.59405e-5  -6.42174e-5  -9.87264e-5  -0.000121261  -0.000126287  -0.000122506  -0.000173963  -0.000131972  -0.000126647  -0.000103657  -9.56231e-5  -9.11794e-5  -3.48198e-5  -3.10471e-5  -4.42712e-5  -4.23522e-5  -8.65408e-5  -8.45859e-6  -3.9205e-5  -6.28322e-5  -5.28531e-5  -2.56546e-6  -3.95949e-6  5.33919e-7  -5.76822e-5  2.06281e-5  4.4935e-5  1.63906e-5  1.59328e-5  3.52351e-6  -5.11441e-6  2.27524e-5  1.0738e-5  1.73643e-5  1.84331e-6  7.47691e-6  -9.77911e-6  -5.99276e-6  -1.46531e-6  -4.25761e-6  -9.11085e-6  -1.65645e-5  -1.95999e-5  -2.31507e-5  -2.19064e-5
600 Eigenvalues converges, out of 600 requested.
Starting Davidson with n_aux = 600, l_buffer = 1560, lc = 1206, thresh = 0.001, max_iter = 100
Iter 1: V_size = 150, Converged = 0, ‖r‖ (largest λ) = 0.3215948301616369
Iter 2: V_size = 300, Converged = 9, ‖r‖ (largest λ) = 2.9291012219754313e-5
Iter 3: V_size = 450, Converged = 86, ‖r‖ (largest λ) = 335.2159054521493
Iter 4: V_size = 600, Converged = 109, ‖r‖ (largest λ) = 195.09486173314818
Iter 5: V_size = 277, Converged = 128, ‖r‖ (largest λ) = 4.702422840080563e-6
Iter 6: V_size = 427, Converged = 128, ‖r‖ (largest λ) = 68.32280867161175
Iter 7: V_size = 577, Converged = 166, ‖r‖ (largest λ) = 0.0004255156953046376
Total MINRES iterations: 2422
Iter 8: V_size = 262, Converged = 176, ‖r‖ (largest λ) = 0.0008022026912252185
Total MINRES iterations: 3294
Iter 9: V_size = 412, Converged = 184, ‖r‖ (largest λ) = 41.983875343131096
Total MINRES iterations: 1352
Iter 10: V_size = 562, Converged = 272, ‖r‖ (largest λ) = 42.91677886090349
Total MINRES iterations: 2575
Iter 11: V_size = 212, Converged = 319, ‖r‖ (largest λ) = 0.0008887970609012977
Total MINRES iterations: 3060
Iter 12: V_size = 362, Converged = 319, ‖r‖ (largest λ) = 64.3558443893226
Total MINRES iterations: 1150
Iter 13: V_size = 512, Converged = 423, ‖r‖ (largest λ) = 0.0001639348107569164
Total MINRES iterations: 2861
Iter 14: V_size = 662, Converged = 424, ‖r‖ (largest λ) = 137.975925498714
Total MINRES iterations: 2250
Iter 15: V_size = 299, Converged = 484, ‖r‖ (largest λ) = 0.00027490372844382014
Total MINRES iterations: 2972
Iter 16: V_size = 449, Converged = 484, ‖r‖ (largest λ) = 88.64069134956533
Total MINRES iterations: 1625
Iter 17: V_size = 599, Converged = 569, ‖r‖ (largest λ) = 0.0003759809261896934
Total MINRES iterations: 2050
Iter 18: V_size = 215, Converged = 637, ‖r‖ (largest λ) = 0.00042435695927616065
Total MINRES iterations: 2889
Iter 19: V_size = 365, Converged = 637, ‖r‖ (largest λ) = 92.35860584709717
Iter 20: V_size = 515, Converged = 787, ‖r‖ (largest λ) = 0.0005552236247447336
Warning: V is empty, rebuilding from A columns.
Total MINRES iterations: 175
Iter 21: V_size = 0, Converged = 930, ‖r‖ (largest λ) = 0.0006202947780613218
Total MINRES iterations: 2730
Iter 22: V_size = 301, Converged = 930, ‖r‖ (largest λ) = 143.01574455732538
Iter 23: V_size = 451, Converged = 1080, ‖r‖ (largest λ) = 0.0005125386870492131
Warning: V is empty, rebuilding from A columns.
Converged all required eigenvalues (cluster-aware). Iter = 24
15564.266619 seconds (52.00 M allocations: 2.389 TiB, 0.27% gc time)
Number of FLOPs: 118379976082217

Reading exact Eigenvalues...
Reading eigenvalues from ../MA_best/Eigenvalues_folder/eigenres_formaldehyde_RNDbasis1.jld2

Compute the difference between computed and exact eigenvalues:
1×1200 adjoint(::Vector{Float64}) with eltype Float64:
 -2.27374e-12  -4.43379e-12  -3.86535e-12  -4.52104e-10  -2.6165e-10  -3.26651e-10  -5.91626e-10  -5.78353e-10  -2.52953e-12  -3.40022e-9  -3.69482e-13  -1.61293e-12  -3.67351e-12  -2.21405e-11  -1.13616e-11  -2.77005e-11  -2.34515e-11  -4.36984e-13  -2.77183e-11  -3.15339e-11  -1.31735e-11  -2.21405e-11  -8.78231e-12  -3.58291e-11  -3.55982e-12  -1.86827e-10  -7.29194e-12  -4.06892e-11  -1.75859e-12  -6.08349e-11  -9.30047e-11  -1.29852e-11  -2.04814e-11  -5.49853e-11  -8.87646e-12  -4.69065e-11  -2.63132e-11  -5.55431e-11  -1.29301e-11  -1.10294e-11  -1.96998e-11  -5.19629e-11  -1.09236e-10  -3.23073e-10  -2.91714e-10  -1.29537e-10  -2.68312e-10  -3.82302e-10  -5.43931e-10  -2.603e-10  -4.6156e-10  -7.86635e-10  -1.01485e-9  -1.12164e-9  -1.76501e-9  -8.93674e-10  -1.18298e-9  -2.08449e-9  -2.22226e-9  -3.35224e-9  -2.64175e-9  -5.42185e-9  -6.43482e-9  -3.83703e-9  -6.80002e-9  -6.87085e-9  -5.10852e-9  -1.12841e-8  -2.83254e-9  -1.55862e-8  -7.50851e-9  -1.25054e-8  -4.24109e-8  -2.93867e-8  -2.37309e-8  -4.69626e-8  -3.77557e-8  -3.29507e-8  -3.9992e-8  -6.15534e-8  -4.15164e-8  -6.31559e-8  -9.43367e-8  -2.34095e-7  -3.63034e-11  -7.01388e-8  -3.56502e-7  -1.9827e-11  -3.66796e-10  -1.15779e-10  -9.34515e-11  -1.56455e-10  -4.217e-10  -1.40138e-10  -1.97521e-10  -1.94877e-10  -2.96608e-10  -5.89607e-9  -1.46569e-8  -1.62371e-9  -1.24243e-8  -5.76385e-9  -1.38276e-8  -4.03877e-12  -2.166e-7  -6.29318e-8  -6.06874e-8  -2.94889e-7  -4.81457e-8  -2.2148e-7  -8.83219e-10  -4.51352e-10  -2.81316e-10  -7.32323e-10  -3.14744e-8  -5.01939e-9  -6.72411e-9  -8.4097e-9  -2.18273e-8  -4.53502e-8  -2.79825e-8  -1.65328e-7  -1.16333e-7  -2.92806e-7  -2.64943e-7  -4.75964e-7  -8.20846e-7  -9.5266e-7  -2.10218e-7  -3.90465e-7  -3.99455e-7  -4.32089e-7  -5.81427e-7  -6.93393e-7  -7.92387e-7  -7.2984e-7  -1.32275e-6  -7.0812e-7  -1.05465e-6  -8.82077e-7  -1.33285e-6  -1.10918e-6  -1.10649e-6  -1.19429e-6  -1.11231e-6  -1.46272e-6  -1.33209e-6  -1.30791e-6  -1.26875e-6  -9.86178e-7  -1.53838e-6  -9.26637e-7  -1.065e-6  -9.4463e-7  -1.36775e-6  -1.39428e-6  -1.89764e-6  -1.56844e-6  -1.22643e-6  -1.85893e-6  -1.60782e-6  -1.69431e-6  -1.65432e-6  -1.9276e-6  -2.01159e-6  1.2546e-10  -1.85968e-6  -1.71099e-6  -2.07528e-6  -1.83201e-6  -1.82584e-6  -1.87064e-6  -1.57844e-6  -1.88661e-6  -2.07168e-6  -2.16137e-6  -2.23442e-6  -3.69238e-10  -1.6567e-6  -2.29845e-6  1.84297e-12  -1.34775e-10  -1.17903e-6  -1.79016e-6  -1.18843e-6  -1.05492e-6  3.2883e-9  2.71721e-9  1.72268e-9  1.5812e-9  1.64905e-9  1.83427e-9  2.60286e-9  3.20834e-9  1.85732e-9  1.33495e-9  7.56745e-10  2.73389e-9  2.55792e-10  -1.10741e-9  5.62439e-11  -4.61704e-10  2.40105e-10  -2.3562e-9  2.46593e-9  -3.02142e-9  -4.03556e-9  8.50692e-11  -7.03147e-10  -1.25169e-9  -2.04009e-9  -7.94401e-9  -8.74544e-9  -4.22962e-9  -3.75527e-10  -4.06663e-10  -3.74953e-9  -8.94032e-11  -5.26736e-9  2.27086e-9  -4.15694e-9  -3.56427e-9  -1.13192e-9  -4.29398e-9  -1.23912e-9  -3.56027e-9  -2.75145e-9  -2.15887e-9  -2.1597e-9  -9.59762e-10  -2.12983e-9  -1.16396e-8  4.46648e-9  -2.31751e-8  -1.46607e-8  -2.75087e-8  -2.68424e-8  -7.88051e-9  -1.68172e-8  -2.95247e-8  -7.26364e-8  -4.18386e-8  -9.29095e-8  -1.25912e-7  -1.4787e-7  -1.10576e-7  -1.07609e-7  -1.52099e-7  -1.09959e-7  -1.8342e-7  -2.74392e-7  -1.98643e-7  -3.16936e-7  -9.86324e-7  -8.5353e-7  -4.48972e-7  -5.10235e-7  -9.72094e-7  -7.54351e-7  -6.05768e-7  -6.74646e-7  -2.45223e-6  -2.34053e-6  -3.54151e-6  -9.06454e-7  -1.50924e-6  -1.62821e-6  -2.52888e-6  -1.81909e-6  -4.71987e-6  -8.80685e-6  -6.25797e-6  -3.81261e-8  -3.93896e-6  -4.37823e-6  -7.03211e-8  -1.53505e-7  -1.36617e-7  -8.17024e-8  -1.85052e-7  -1.23911e-7  -1.50605e-7  -1.7813e-7  -1.42367e-7  -4.32126e-7  -3.24612e-7  -6.21563e-7  -4.27132e-7  -5.5371e-7  -5.21782e-7  -4.79185e-7  -4.42432e-7  -3.89837e-7  -5.13856e-7  -1.35199e-6  -4.22227e-7  -9.84913e-7  -7.14843e-7  -2.67359e-6  -1.64443e-6  -1.17937e-6  -1.69311e-6  -1.51664e-6  -2.12833e-6  -9.95149e-7  -2.25479e-6  -6.97034e-6  -2.83145e-6  -5.73199e-6  -5.13573e-6  -6.7303e-6  -1.79819e-5  -1.52134e-5  -7.30555e-6  -1.68924e-5  -8.34823e-6  -2.50429e-5  7.04777e-8  2.03271e-7  -1.75051e-5  -1.82402e-7  2.0237e-7  2.82501e-7  -3.37609e-5  9.75746e-7  8.55523e-7  8.57099e-6  4.42363e-6  6.18219e-6  3.63213e-6  1.37549e-6  1.4225e-6  1.40434e-6  2.78956e-6  1.63065e-6  1.81851e-6  2.46995e-6  8.72516e-7  1.60246e-6  1.11287e-6  3.62968e-7  1.87509e-6  9.62037e-7  9.97942e-7  1.06945e-6  1.48878e-6  3.86407e-7  8.54842e-7  1.08565e-6  9.82669e-7  3.35533e-7  6.02553e-7  5.82201e-7  4.29045e-7  -3.86435e-7  1.14939e-6  1.87542e-6  -2.25867e-7  -2.67903e-7  -2.81989e-7  -7.82757e-7  5.37947e-7  -3.00017e-7  8.6878e-7  -1.29565e-6  -5.42592e-7  -9.35507e-7  -3.21049e-7  -8.03646e-7  -1.00092e-6  -2.75428e-6  -2.93557e-6  -9.42379e-7  -2.22883e-6  -1.8243e-6  -1.56725e-6  -2.03949e-6  -2.36062e-6  -4.81963e-6  -1.7498e-6  -9.8241e-7  -2.9389e-6  -2.75557e-6  -2.0096e-6  -2.68058e-6  -2.12085e-6  -5.57386e-6  -1.55375e-6  -1.14124e-6  -4.9747e-6  -5.76872e-6  -3.1659e-6  -4.4079e-6  -5.95141e-6  -6.35581e-6  -3.56457e-6  -1.22906e-5  -3.82352e-6  -1.03416e-5  -7.7332e-6  -4.67004e-6  -7.28564e-6  -7.06162e-6  -1.62644e-5  -1.3767e-5  -1.52345e-5  -9.0541e-6  -1.25857e-5  -1.17923e-5  -1.08612e-5  -9.86367e-6  -1.00506e-5  -1.08886e-5  -1.09898e-5  -2.50797e-5  -3.21102e-5  -1.50588e-5  -3.04256e-5  -2.66987e-5  -3.47946e-5  -2.88195e-5  -2.39596e-5  8.4783e-6  2.62802e-6  1.82494e-6  1.56385e-6  1.39949e-6  1.21487e-6  1.22195e-6  5.36771e-7  1.62674e-6  -4.27652e-5  2.21473e-6  4.72017e-7  1.6257e-6  1.20042e-6  1.12341e-6  1.02311e-6  8.58583e-7  7.94579e-7  1.19562e-6  1.41006e-6  1.10739e-6  1.04813e-6  9.81597e-7  9.46381e-7  1.58113e-6  1.08809e-6  1.08939e-6  1.38978e-6  1.12673e-6  9.10843e-7  8.92039e-7  8.56364e-7  9.20109e-7  2.34108e-7  8.35493e-7  1.05654e-6  1.32088e-6  7.90291e-7  1.0968e-6  8.47656e-7  6.50012e-7  8.0253e-7  7.63403e-7  9.75016e-7  8.20209e-7  9.11689e-7  5.4914e-7  5.4459e-7  4.64904e-7  7.1856e-7  7.80633e-7  1.00557e-6  1.052e-7  4.70053e-7  -7.2938e-8  6.29261e-7  5.6911e-7  4.12565e-7  -3.41466e-9  1.42902e-6  1.12496e-6  5.37386e-8  -5.11319e-6  -1.69166e-5  -1.9495e-5  -9.36569e-6  -1.47069e-5  -1.56069e-5  -1.38128e-5  -1.18465e-5  -1.42689e-5  -2.09539e-5  -1.57633e-5  -3.516e-5  -2.78001e-5  -2.8476e-5  -2.03991e-5  -1.81451e-5  -1.87317e-5  -2.77979e-5  -1.84309e-5  -2.63072e-5  -2.69897e-5  -2.33652e-5  -2.48661e-5  -3.04928e-5  -3.83699e-5  -3.39065e-5  -1.85731e-5  -4.17418e-5  -3.25089e-5  -4.94114e-5  -3.69288e-5  -4.02718e-5  -4.72317e-5  -3.99419e-5  -3.51855e-5  -6.57043e-5  -9.23388e-5  -7.05453e-5  -3.43487e-5  -6.87893e-5  -6.27713e-5  -5.25428e-5  -4.79312e-5  -6.44974e-5  -6.47225e-5  -5.15314e-5  -6.65182e-5  -7.38043e-5  -4.46315e-5  -6.42168e-5  -7.97889e-5  -7.44004e-5  -7.67668e-5  -9.7379e-5  -5.55548e-5  -6.36451e-5  -0.000134307  -8.96964e-5  -6.94036e-5  -7.50516e-5  -0.000119099  -8.92473e-5  -0.000112409  -0.000110221  -0.00011665  -8.09502e-5  -0.000157176  -0.00013269  -8.63992e-5  -0.00010294  -0.000125282  -5.59405e-5  -6.42174e-5  -9.87264e-5  -0.000121261  -0.000126287  -0.000122506  -0.000173963  -0.000131972  -0.000126647  -0.000103657  -9.56231e-5  -9.11794e-5  -3.48198e-5  -3.10471e-5  -4.42712e-5  -4.23522e-5  -8.65408e-5  -8.45859e-6  -3.9205e-5  -6.28322e-5  -5.28531e-5  -2.56546e-6  -3.95949e-6  5.33919e-7  -5.76822e-5  2.06281e-5  4.4935e-5  1.63906e-5  1.59328e-5  3.52351e-6  -5.11441e-6  2.27524e-5  1.0738e-5  1.73643e-5  1.84331e-6  7.47691e-6  -9.77911e-6  -5.99276e-6  -1.46531e-6  -4.25761e-6  -9.11085e-6  -1.65645e-5  -1.95999e-5  -2.31507e-5  -2.19064e-5  -2.22937e-5  -2.38482e-5  -1.48303e-5  -1.82799e-5  -3.34533e-5  -3.2396e-5  -1.90267e-5  -2.37018e-5  -1.29397e-5  -5.17182e-5  -3.54938e-5  -2.36352e-5  -2.44474e-5  -4.3898e-5  -1.392e-5  -2.86517e-5  -3.67929e-5  -3.97845e-5  -5.02e-5  -7.57422e-5  -7.59219e-5  -4.94681e-5  -3.63561e-5  -4.79565e-5  -8.24841e-5  -5.84502e-5  -6.60701e-5  -5.41553e-5  -4.79969e-5  -6.39965e-5  -6.27576e-5  -2.72707e-5  -2.65821e-6  5.23273e-5  2.80881e-5  6.07855e-6  2.90324e-5  5.64279e-5  6.12361e-5  -4.21336e-7  7.91808e-5  5.40955e-5  7.20752e-5  6.31329e-5  6.10646e-5  5.06673e-5  4.17544e-5  4.92024e-5  3.51461e-5  2.54707e-5  3.05893e-5  3.55271e-5  3.46629e-5  3.66647e-5  2.94102e-5  1.53379e-5  3.15629e-5  2.99334e-5  1.51734e-5  4.61108e-5  2.63218e-5  2.4814e-5  2.17914e-5  1.63439e-5  2.20783e-5  2.17001e-5  9.594e-6  1.75491e-5  2.31092e-5  1.63751e-5  1.98217e-5  2.69409e-5  3.74419e-6  1.72769e-5  2.22277e-5  8.35888e-6  1.07958e-5  1.42747e-5  1.38753e-5  1.99493e-5  1.91905e-5  1.32433e-5  1.21752e-6  1.09279e-5  2.0643e-5  6.14453e-6  3.29001e-6  2.00747e-5  1.14861e-5  4.68144e-6  1.40612e-5  1.22452e-5  5.47339e-6  2.28261e-6  -9.22433e-7  5.72927e-6  5.08501e-6  6.97616e-6  1.02405e-5  1.11433e-5  3.97458e-6  -2.77998e-6  -3.0416e-6  -1.56332e-5  -3.68189e-6  -1.49e-6  -6.43365e-6  -5.46701e-6  -2.84102e-5  -5.25685e-7  -1.59086e-5  -1.30919e-5  -1.23484e-5  -4.6872e-5  -1.34935e-5  -2.15723e-5  -2.74454e-5  -5.00445e-5  -3.54304e-5  -4.58395e-5  -4.02475e-5  -5.27176e-5  -5.72717e-5  -5.0934e-5  -5.75373e-5  -7.52992e-5  -6.34298e-5  -6.67952e-5  -6.17198e-5  -6.21133e-5  -5.47412e-5  -6.42862e-5  -8.32264e-5  -5.70712e-5  -5.8331e-5  -5.66127e-5  -6.15539e-5  -8.20517e-5  -7.14479e-5  -6.96517e-5  -6.17849e-5  -8.59671e-5  -7.13508e-5  -6.97887e-5  -5.84762e-5  -5.75315e-5  -7.45429e-5  -8.52982e-5  -0.000119579  -0.000101424  -7.03528e-5  -7.01842e-5  -6.5809e-5  -6.74555e-5  -6.43009e-5  -4.81438e-5  -3.90665e-5  -4.54828e-5  -5.92924e-5  -6.30892e-5  -4.91672e-5  -4.83257e-5  -4.64529e-5  -6.33711e-5  -7.00455e-5  -7.19607e-5  -7.7253e-5  -8.39127e-5  -5.80896e-5  -5.58256e-5  -7.28403e-5  -7.83023e-5  -7.08511e-5  -6.51702e-5  -7.19822e-5  -6.98957e-5  -7.13645e-5  -7.48342e-5  -8.57613e-5  -9.15114e-5  -8.81123e-5  -8.72048e-5  -9.60244e-5  -7.6833e-5  -9.59973e-5  -9.2053e-5  -8.87793e-5  -0.000113057  -0.000119749  -0.000133672  -0.000131773  -0.000134969  -0.000150982  -0.000162039  -0.000162812  -0.000187475  -0.000184483  -0.000181771  -0.000181247  -0.000182812  -0.000206318  -0.000200067  -0.000199078  -0.000201893  -0.000208025  -0.000198774  -0.000206327  -0.000197348  -0.000193883  -0.000196315  -0.000203233  -0.000209404  -0.000212166  -0.000216038  -0.000210544  -0.000208591  -0.000213721  -0.000217881  -0.000217183  -0.000211997  -0.000210782  -0.000211804  -0.000201016  -0.000187054  -0.000194014  -0.000194881  -0.000187612  -0.000187762  -0.00018851  -0.000186335  -0.000189611  -0.00018505  -0.000190305  -0.000195293  -0.000195914  -0.00020037  -0.000187215  -0.000176199  -0.000168745  -0.000170153  -0.000177831  -0.000174809  -0.000173469  -0.00016485  -0.000166645  -0.000172372  -0.000169562  -0.000158183  -0.000158799  -0.000157716  -0.000158783  -0.00015809  -0.000151657  -0.000153549  -0.000145906  -0.000149249  -0.000148068  -0.000144645  -0.000147746  -0.000133191  -0.000119726  -0.000123111  -0.000122648  -0.000123195  -0.000122059  -0.000125976  -0.000120396  -0.000112694  -0.00012198  -0.000117113  -0.000120302  -0.000117562  -9.99962e-5  -0.00010233  -0.000100225  -9.24843e-5  -9.78266e-5  -9.48369e-5  -0.000100659  -9.74354e-5  -8.86731e-5  -8.23301e-5  -7.86633e-5  -8.70125e-5  -8.4708e-5  -8.1695e-5  -8.64205e-5  -8.75428e-5  -8.78269e-5  -8.98701e-5  -8.41198e-5  -8.33577e-5  -7.79146e-5  -7.80295e-5  -7.82876e-5  -7.73852e-5  -7.6739e-5  -7.46196e-5  -7.28616e-5  -7.2733e-5  -7.48914e-5  -7.22599e-5  -6.98556e-5  -7.38815e-5  -7.21389e-5  -7.00527e-5  -5.27578e-5  -6.12609e-5  -5.36969e-5  -4.79793e-5  -4.58082e-5  -5.04389e-5  -4.9689e-5  -5.19369e-5  -6.02423e-5  -6.0251e-5  -5.57147e-5  -5.59872e-5  -5.22317e-5  -5.4702e-5  -5.61472e-5  -5.3468e-5  -5.23597e-5  -4.80178e-5  -4.58654e-5  -4.22765e-5  -3.11455e-5  -3.13493e-5  -3.36216e-5  -2.90164e-5  -3.08809e-5  -3.05776e-5  -2.9242e-5  -2.72156e-5  -2.55847e-5  -2.51482e-5  -2.54609e-5  -2.84199e-5  -2.51676e-5  -2.44431e-5  -2.31728e-5  -1.9668e-5  -2.07274e-5  -2.3656e-5  -2.58271e-5  -2.59937e-5  -2.76453e-5  -3.01578e-5  -3.10886e-5  -2.64567e-5  -2.51152e-5  -2.55655e-5  -2.5947e-5  -2.76669e-5  -2.96729e-5  -3.31779e-5  -2.80318e-5  -2.45604e-5  -2.23489e-5  -2.37345e-5  -2.06935e-5  -1.72521e-5  -1.76971e-5  -1.73355e-5  -1.64377e-5  -1.61302e-5  -1.76978e-5  -1.74697e-5  -1.80335e-5  -1.76179e-5  -1.70945e-5  -1.66177e-5  -1.83375e-5  -1.33635e-5  -1.38915e-5  -1.5769e-5  -1.41935e-5  -1.7809e-5  -1.45442e-5  -1.24841e-5  -1.28381e-5  -1.11722e-5  -1.06424e-5  -1.48248e-5  -8.72769e-6  -6.90288e-6  -1.00783e-5  -1.1368e-5  -9.94559e-6  -1.09119e-5  -8.94773e-6  -8.06155e-6  -6.43522e-6slurmstepd-andoria01: error: *** JOB 26043 ON andoria01 CANCELLED AT 2025-11-27T09:33:42 ***

[1109266] signal 15: Terminated
in expression starting at /home/fmereto/MA_final_code/Hybrid_final_molecules.jl:630
dsymv_kernel_4x4.constprop.0 at /home/fmereto/julia/bin/../lib/julia/libopenblas64_.so (unknown line)
dsymv_U_ZEN at /home/fmereto/julia/bin/../lib/julia/libopenblas64_.so (unknown line)
dsymv_64_ at /home/fmereto/julia/bin/../lib/julia/libopenblas64_.so (unknown line)
symv! at /cache/build/builder-amdci5-5/julialang/julia-release-1-dot-11/usr/share/julia/stdlib/v1.11/LinearAlgebra/src/blas.jl:815
gemv! at /cache/build/builder-amdci5-5/julialang/julia-release-1-dot-11/usr/share/julia/stdlib/v1.11/LinearAlgebra/src/matmul.jl:452
generic_matvecmul! at /cache/build/builder-amdci5-5/julialang/julia-release-1-dot-11/usr/share/julia/stdlib/v1.11/LinearAlgebra/src/matmul.jl:79 [inlined]
_mul! at /cache/build/builder-amdci5-5/julialang/julia-release-1-dot-11/usr/share/julia/stdlib/v1.11/LinearAlgebra/src/matmul.jl:73 [inlined]
mul! at /cache/build/builder-amdci5-5/julialang/julia-release-1-dot-11/usr/share/julia/stdlib/v1.11/LinearAlgebra/src/matmul.jl:70 [inlined]
mul! at /cache/build/builder-amdci5-5/julialang/julia-release-1-dot-11/usr/share/julia/stdlib/v1.11/LinearAlgebra/src/matmul.jl:253 [inlined]
* at /cache/build/builder-amdci5-5/julialang/julia-release-1-dot-11/usr/share/julia/stdlib/v1.11/LinearAlgebra/src/matmul.jl:60 [inlined]
#2 at /home/fmereto/MA_final_code/Hybrid_final_molecules.jl:27
_unsafe_mul! at /home/fmereto/.julia/packages/LinearMaps/KV78T/src/functionmap.jl:127 [inlined]
mul! at /home/fmereto/.julia/packages/LinearMaps/KV78T/src/LinearMaps.jl:166 [inlined]
iterate at /home/fmereto/.julia/packages/IterativeSolvers/bjiMt/src/minres.jl:104
iterate at ./iterators.jl:206 [inlined]
#minres!#25 at /home/fmereto/.julia/packages/IterativeSolvers/bjiMt/src/minres.jl:230
minres! at /home/fmereto/.julia/packages/IterativeSolvers/bjiMt/src/minres.jl:200 [inlined]
#minres#26 at /home/fmereto/.julia/packages/IterativeSolvers/bjiMt/src/minres.jl:244 [inlined]
minres at /home/fmereto/.julia/packages/IterativeSolvers/bjiMt/src/minres.jl:244
unknown function (ip: 0x7fa2f996f4bd)
#correction_equations_minres#1 at /home/fmereto/MA_final_code/Hybrid_final_molecules.jl:41
correction_equations_minres at /home/fmereto/MA_final_code/Hybrid_final_molecules.jl:14 [inlined]
davidson at /home/fmereto/MA_final_code/Hybrid_final_molecules.jl:537
macro expansion at ./timing.jl:581 [inlined]
main at /home/fmereto/MA_final_code/Hybrid_final_molecules.jl:597
unknown function (ip: 0x7fa2f99577cb)
top-level scope at /home/fmereto/MA_final_code/Hybrid_final_molecules.jl:635
jl_toplevel_eval_flex at /cache/build/builder-amdci5-5/julialang/julia-release-1-dot-11/src/toplevel.c:934
jl_toplevel_eval_flex at /cache/build/builder-amdci5-5/julialang/julia-release-1-dot-11/src/toplevel.c:886
ijl_toplevel_eval_in at /cache/build/builder-amdci5-5/julialang/julia-release-1-dot-11/src/toplevel.c:994
eval at ./boot.jl:430 [inlined]
include_string at ./loading.jl:2734
_include at ./loading.jl:2794
include at ./Base.jl:557
jfptr_include_46865.1 at /home/fmereto/julia/lib/julia/sys.so (unknown line)
exec_options at ./client.jl:323
_start at ./client.jl:531
jfptr__start_73560.1 at /home/fmereto/julia/lib/julia/sys.so (unknown line)
jl_apply at /cache/build/builder-amdci5-5/julialang/julia-release-1-dot-11/src/julia.h:2157 [inlined]
true_main at /cache/build/builder-amdci5-5/julialang/julia-release-1-dot-11/src/jlapi.c:900
jl_repl_entrypoint at /cache/build/builder-amdci5-5/julialang/julia-release-1-dot-11/src/jlapi.c:1059
main at /cache/build/builder-amdci5-5/julialang/julia-release-1-dot-11/cli/loader_exe.c:58
__libc_start_main at /lib/x86_64-linux-gnu/libc.so.6 (unknown line)
unknown function (ip: 0x4010b8)
unknown function (ip: (nil))
Allocations: 285405551 (Pool: 285404913; Big: 638); GC: 31062
  -4.99226e-6  -4.11801e-6  -7.12253e-7  -1.16909e-6  -7.20326e-7  -1.07611e-5  -6.94231e-6  -8.60533e-6  -7.13629e-6  -6.57233e-6  -7.73523e-6  -8.33313e-6  -1.02108e-5  -1.02804e-5  -8.91265e-6  -8.04605e-6  -1.02381e-5  -7.25221e-6  4.41223e-7  -1.03925e-6  1.22647e-6  -2.89744e-7  -2.93721e-6  -4.46431e-6  -1.79236e-6  -1.06913e-6  -4.57849e-6  -1.52734e-6  -7.34835e-7  -2.66505e-6  7.71551e-7  3.56008e-6  3.36876e-6  3.95193e-6  3.77338e-6  6.86479e-6  5.71995e-6  4.85349e-6  4.32238e-6  7.69753e-6  5.78556e-6  7.94961e-6  6.8021e-6  8.36163e-6  7.21169e-6  6.32664e-6  6.75182e-6  6.61934e-6  6.88299e-6  1.09026e-5  7.55768e-6  9.692e-6  9.37484e-6  1.01024e-5  9.86633e-6  1.14308e-5  1.38493e-5  1.4085e-5  1.38404e-5  1.31366e-5  1.26748e-5  1.57426e-5  1.67494e-5  1.76134e-5  1.71995e-5  2.05567e-5  2.02657e-5  2.0083e-5  2.17756e-5  2.03688e-5  2.21403e-5  2.12038e-5  2.18429e-5  2.49019e-5  2.02611e-5  2.15087e-5  2.4328e-5  2.44667e-5  2.65903e-5  3.03038e-5  3.06756e-5  3.02028e-5  2.81035e-5  2.84486e-5  3.05683e-5  3.06525e-5  3.0321e-5  2.86996e-5  2.9239e-5  2.81306e-5  3.02576e-5  2.88808e-5  2.7883e-5  2.68362e-5  2.82736e-5  2.59571e-5  2.88402e-5  2.88169e-5  2.32507e-5  2.30827e-5  2.0116e-5  2.16948e-5  2.1238e-5  1.65079e-5  1.76594e-5  1.75846e-5  1.71127e-5  1.70904e-5  1.41318e-5  1.24896e-5  1.17682e-5  1.02623e-5  8.1135e-6  1.15601e-5  1.16499e-5  9.19606e-6  8.09035e-6  4.64392e-6  4.43502e-6  5.96608e-6  3.88994e-6  4.51018e-6  6.2293e-6  3.42137e-7  -4.3255e-7  5.13934e-7  1.7604e-6  1.36497e-6  -6.59298e-7  -2.47372e-6  -5.66803e-6  -4.66769e-6  -5.83348e-6  -4.41155e-6  -5.9381e-6  -1.52229e-6  -4.18691e-6  -4.36558e-6  -4.43014e-6  -6.74202e-6  -8.89529e-6  -8.59985e-6  -7.72395e-6  -9.75207e-6  -8.9425e-6  -1.05078e-5  -1.20007e-5  -1.35376e-5  -1.21158e-5  -1.31313e-5  -1.37724e-5  -1.62956e-5  -1.66868e-5  -1.66103e-5  -1.82815e-5  -1.7946e-5  -1.85552e-5  -1.96274e-5  -1.95039e-5  -1.98066e-5  -2.13765e-5  -2.41947e-5  -2.51232e-5  -2.60915e-5  -2.58824e-5  -2.50785e-5  -2.62939e-5  -2.62512e-5  -2.59013e-5  -2.87279e-5  -2.99533e-5  -3.00287e-5  -3.23365e-5  -3.11262e-5  -3.56423e-5  -3.77409e-5  -3.7499e-5  -3.78739e-5  -4.06285e-5  -4.08017e-5  -4.01263e-5  -4.0343e-5  -4.18191e-5  -4.26963e-5  -4.28941e-5  -4.33561e-5  -4.32053e-5  -4.38157e-5  -4.49515e-5  -4.69982e-5  -4.68044e-5  -4.78918e-5  -4.89474e-5  -4.87607e-5  -4.88807e-5  -4.93418e-5  -4.82869e-5  -5.13102e-5  -5.21695e-5  -5.22087e-5  -5.46683e-5  -5.58971e-5  -5.4882e-5  -5.66516e-5  -5.78921e-5  -6.09254e-5  -6.01028e-5
1200 Eigenvalues converges, out of 1200 requested.

=== Running tests for molecule: uracil ===
Starting Davidson with n_aux = 1050, l_buffer = 273, lc = 211, thresh = 0.001, max_iter = 100
Iter 1: V_size = 262, Converged = 0, ‖r‖ (largest λ) = 1.9714829477013993
Iter 2: V_size = 524, Converged = 0, ‖r‖ (largest λ) = 0.0014250235101712569
Iter 3: V_size = 786, Converged = 75, ‖r‖ (largest λ) = 3.717025021283415e-7
Iter 4: V_size = 1048, Converged = 166, ‖r‖ (largest λ) = 335.95087283479256
Converged all required eigenvalues (cluster-aware). Iter = 5
711.867116 seconds (1.98 M allocations: 111.570 GiB, 0.27% gc time)
Number of FLOPs: 8846322758844

Reading exact Eigenvalues...
Reading eigenvalues from ../MA_best/Eigenvalues_folder/eigenres_uracil_RNDbasis1.jld2

Compute the difference between computed and exact eigenvalues:
1×210 adjoint(::Vector{Float64}) with eltype Float64:
 0.0  -5.68434e-13  1.25056e-12  -6.82121e-13  -5.68434e-13  2.27374e-13  -1.13687e-13  7.38964e-13  5.68434e-14  -1.13687e-13  -2.27374e-13  5.68434e-14  -4.54747e-13  -9.09495e-13  -5.40012e-13  -7.67386e-13  -1.76215e-12  -4.43379e-12  -2.55795e-12  -9.54969e-12  -4.03588e-12  -1.10845e-12  -1.4353e-11  -1.43672e-11  -6.89937e-11  -1.40545e-11  -2.51971e-9  -3.36371e-11  -2.62659e-10  -3.20028e-11  -7.89981e-11  -3.8898e-10  -7.80886e-11  -1.0949e-9  -1.3485e-9  -1.3209e-10  -1.2311e-9  -1.00002e-10  -7.96277e-10  -3.24761e-10  -6.55497e-10  -2.11088e-10  -1.22453e-9  -7.01462e-10  -6.48349e-10  -4.47557e-10  -1.49145e-8  -4.25217e-10  -9.36957e-10  -6.22627e-10  -1.78976e-9  -3.19945e-9  -2.20055e-9  -4.16789e-9  -2.28285e-9  -7.72415e-9  -3.04701e-9  -4.87754e-9  -9.71414e-9  -7.20386e-9  -9.42606e-9  -6.53977e-9  -1.01717e-8  -1.25819e-8  -1.21527e-8  -1.67109e-8  -1.33539e-8  -1.78501e-8  -2.1584e-8  -2.88998e-8  -2.22053e-8  -2.38743e-8  -6.89226e-13  -3.82047e-8  -8.66862e-13  -3.1054e-8  -1.20437e-12  -1.76925e-12  -1.08002e-12  -4.49188e-8  -2.3519e-12  -2.03926e-12  -1.36424e-12  -1.71596e-12  -2.55085e-12  -2.68585e-12  -3.78719e-12  -2.16005e-12  -3.13705e-12  -2.31637e-12  -5.80869e-12  -4.1247e-12  -3.04468e-12  -4.37872e-12  -4.11404e-12  -5.35572e-12  -6.02718e-12  -4.55636e-12  -3.63087e-12  -6.28653e-12  -9.76463e-12  -5.57776e-12  -7.26352e-12  -4.74643e-12  -5.64171e-12  -1.39284e-11  -8.40927e-12  -1.37241e-11  -1.22995e-11  -1.57936e-11  -9.57989e-12  -1.27436e-11  -1.90425e-11  -1.87566e-11  -2.69154e-11  -1.57208e-11  -3.90212e-11  -1.99805e-11  -2.24158e-11  -2.82778e-11  -3.76907e-11  -2.84999e-11  -4.49898e-11  -4.01101e-11  -3.36016e-11  -3.60991e-11  5.32907e-15  -4.34817e-11  -6.78e-11  -3.89928e-11  -6.43237e-11  -3.93872e-11  -6.32454e-11  -1.0461e-10  -1.00602e-10  -7.37277e-11  -1.00911e-10  -1.00519e-10  -1.02322e-10  -8.64429e-11  -8.72653e-11  -1.72838e-10  -1.81464e-10  -1.65087e-10  -1.98588e-10  -5.80254e-10  -3.53287e-10  -3.87866e-10  -4.07629e-10  -4.86045e-10  -1.03843e-9  -9.19572e-10  -1.27675e-9  -1.96019e-9  -2.19033e-9  -2.15735e-9  -3.51725e-9  -3.3198e-9  -8.37552e-13  -2.43119e-9  -2.88843e-9  -4.81783e-9  -3.12262e-9  -2.97405e-9  -2.16713e-9  -3.21363e-9  -3.57765e-9  -4.8961e-9  -3.66196e-12  -4.7784e-12  -2.16627e-12  -2.9976e-12  -2.16982e-12  -4.44977e-12  -5.65947e-12  -5.42144e-12  -2.77023e-12  -4.51372e-12  -2.90079e-12  -5.48983e-12  -8.1819e-12  -1.11529e-11  -6.30518e-12  -1.04796e-11  -7.3106e-12  -7.52998e-12  -1.12177e-11  -1.07319e-11  -1.20668e-11  -1.70486e-11  -1.27196e-11  -1.98241e-11  -2.33182e-11  -2.18066e-11  -2.50031e-11  -1.94884e-11  -2.19682e-11  -2.19842e-11  -1.97291e-11  -3.51514e-11  -1.57758e-11  -1.68896e-11  -1.34488e-11  -3.31299e-11  -5.93134e-11  -5.92459e-11  -4.05782e-11  -4.73213e-11  -7.35367e-11  -7.66747e-11
210 Eigenvalues converges, out of 210 requested.
Starting Davidson with n_aux = 1050, l_buffer = 1365, lc = 1055, thresh = 0.001, max_iter = 100
Iter 1: V_size = 262, Converged = 0, ‖r‖ (largest λ) = 1.9714829477013993
Iter 2: V_size = 524, Converged = 0, ‖r‖ (largest λ) = 0.0014250235101712569
Iter 3: V_size = 786, Converged = 75, ‖r‖ (largest λ) = 3.717025021283415e-7
Iter 4: V_size = 1048, Converged = 208, ‖r‖ (largest λ) = 335.95087283479256
Iter 5: V_size = 391, Converged = 285, ‖r‖ (largest λ) = 2.3161646207622705e-7
Iter 6: V_size = 653, Converged = 285, ‖r‖ (largest λ) = 149.8261687159487
Iter 7: V_size = 915, Converged = 285, ‖r‖ (largest λ) = 0.014796807947507241
Total MINRES iterations: 3544
Iter 8: V_size = 524, Converged = 285, ‖r‖ (largest λ) = 0.001264688958537015
Total MINRES iterations: 4565
Iter 9: V_size = 786, Converged = 356, ‖r‖ (largest λ) = 3.241720708362435e-5
Total MINRES iterations: 3705
Iter 10: V_size = 1048, Converged = 439, ‖r‖ (largest λ) = 114.42648968898457
Total MINRES iterations: 4275
Iter 11: V_size = 441, Converged = 530, ‖r‖ (largest λ) = 4.331183246300727e-5
Total MINRES iterations: 5590
Iter 12: V_size = 703, Converged = 531, ‖r‖ (largest λ) = 119.97713557804909
Total MINRES iterations: 5731
Iter 13: V_size = 965, Converged = 563, ‖r‖ (largest λ) = 13.498229121302874
Total MINRES iterations: 6100
Iter 14: V_size = 492, Converged = 581, ‖r‖ (largest λ) = 0.00027262959732775847
Total MINRES iterations: 4446
Iter 15: V_size = 754, Converged = 649, ‖r‖ (largest λ) = 49.70568169667525
Total MINRES iterations: 4675
Iter 16: V_size = 1016, Converged = 660, ‖r‖ (largest λ) = 65.17523642797191
Total MINRES iterations: 3200
Iter 17: V_size = 513, Converged = 793, ‖r‖ (largest λ) = 0.00023874990696031768
Total MINRES iterations: 5265
Iter 18: V_size = 775, Converged = 793, ‖r‖ (largest λ) = 117.19656791002184
Total MINRES iterations: 5150
Iter 19: V_size = 1037, Converged = 849, ‖r‖ (largest λ) = 0.00031727332383624615
Total MINRES iterations: 6400
Iter 20: V_size = 468, Converged = 852, ‖r‖ (largest λ) = 0.00040201709123064946
Total MINRES iterations: 4036
Iter 21: V_size = 730, Converged = 950, ‖r‖ (largest λ) = 45.2828188502477
Total MINRES iterations: 5160
Iter 22: V_size = 992, Converged = 950, ‖r‖ (largest λ) = 99.66833528573959
Converged all required eigenvalues (cluster-aware). Iter = 23
35044.145634 seconds (124.62 M allocations: 6.134 TiB, 0.11% gc time)
Number of FLOPs: 359599338167456

Reading exact Eigenvalues...
Reading eigenvalues from ../MA_best/Eigenvalues_folder/eigenres_uracil_RNDbasis1.jld2

Compute the difference between computed and exact eigenvalues:
1×1050 adjoint(::Vector{Float64}) with eltype Float64:
 0.0  -5.68434e-13  1.25056e-12  -6.82121e-13  -5.68434e-13  2.27374e-13  -1.13687e-13  7.38964e-13  5.68434e-14  -1.13687e-13  -2.27374e-13  5.68434e-14  -4.54747e-13  -9.09495e-13  -5.40012e-13  -7.67386e-13  -1.76215e-12  -4.43379e-12  -2.55795e-12  -9.54969e-12  -4.03588e-12  -1.10845e-12  -1.4353e-11  -1.43672e-11  -6.89937e-11  -1.40545e-11  -2.51971e-9  -3.36371e-11  -2.62659e-10  -3.20028e-11  -7.89981e-11  -3.8898e-10  -7.80886e-11  -1.0949e-9  -1.3485e-9  -1.3209e-10  -1.2311e-9  -1.00002e-10  -7.96277e-10  -3.24761e-10  -6.55497e-10  -2.11088e-10  -1.22453e-9  -7.01462e-10  -6.48349e-10  -4.47557e-10  -1.49145e-8  -4.25217e-10  -9.36957e-10  -6.22627e-10  -1.78976e-9  -3.19945e-9  -2.20055e-9  -4.16789e-9  -2.28285e-9  -7.72415e-9  -3.04701e-9  -4.87754e-9  -9.71414e-9  -7.20386e-9  -9.42606e-9  -6.53977e-9  -1.01717e-8  -1.25819e-8  -1.21527e-8  -1.67109e-8  -1.33539e-8  -1.78501e-8  -2.1584e-8  -2.88998e-8  -2.22053e-8  -2.38743e-8  -6.39488e-13  -3.82047e-8  -8.59757e-13  -3.1054e-8  -1.2399e-12  -1.72662e-12  -1.07292e-12  -4.49188e-8  -2.3519e-12  -2.0961e-12  -1.33582e-12  -1.70175e-12  -2.56506e-12  -2.72848e-12  -3.78009e-12  -2.15294e-12  -3.08731e-12  -2.29505e-12  -5.80869e-12  -4.16023e-12  -3.03046e-12  -4.42668e-12  -4.0945e-12  -5.37881e-12  -6.04317e-12  -4.55103e-12  -3.62199e-12  -6.27409e-12  -9.73444e-12  -5.59375e-12  -7.25286e-12  -4.82103e-12  -5.61862e-12  -1.39515e-11  -8.43592e-12  -1.37028e-11  -1.22586e-11  -1.58131e-11  -9.5568e-12  -1.2772e-11  -1.90692e-11  -1.87121e-11  -2.68976e-11  -1.57154e-11  -3.90123e-11  -1.99734e-11  -2.23856e-11  -2.82476e-11  -3.76748e-11  -2.84412e-11  -4.50147e-11  -4.01279e-11  -3.35429e-11  -3.61471e-11  -1.77636e-15  -4.34408e-11  -6.77485e-11  -3.89786e-11  -6.43077e-11  -3.93818e-11  -6.32703e-11  -1.04581e-10  -1.00576e-10  -7.37082e-11  -1.00934e-10  -1.00558e-10  -1.02316e-10  -8.64535e-11  -8.72689e-11  -1.72841e-10  -1.81508e-10  -1.65056e-10  -1.98622e-10  -5.80251e-10  -3.53277e-10  -3.87903e-10  -4.07621e-10  -4.86045e-10  -1.03846e-9  -9.19538e-10  -1.27676e-9  -1.96024e-9  -2.19036e-9  -2.15729e-9  -3.51724e-9  -3.31985e-9  -7.39853e-13  -2.43118e-9  -2.88843e-9  -4.81777e-9  -3.1226e-9  -2.97404e-9  -2.16718e-9  -3.21363e-9  -3.57765e-9  -4.89617e-9  -3.1104e-12  -9.96065e-9  -5.46396e-9  -6.76455e-9  -5.29768e-9  -9.66203e-9  -1.22526e-8  -1.16553e-8  -5.91739e-9  -8.94376e-9  -5.71813e-9  -1.14426e-8  -1.33192e-8  -9.83125e-12  -1.17147e-8  -2.04795e-8  -1.22985e-8  -1.27377e-8  -1.60774e-8  -1.9938e-8  -2.22142e-8  -1.46239e-11  -1.09717e-11  -1.74865e-11  -3.35452e-8  -1.92042e-11  -3.21036e-8  -3.01175e-8  -1.89537e-11  -3.23428e-8  -2.64801e-8  -3.08251e-11  -1.4067e-11  -2.28843e-8  -1.96897e-8  -4.18231e-8  -6.47987e-8  -7.66472e-8  -4.80981e-8  -5.07458e-8  -8.95457e-8  -8.13431e-8  -6.47621e-8  -7.06907e-8  -1.34261e-7  -7.421e-11  -1.11371e-7  -6.81121e-8  -1.53864e-7  -1.80914e-10  -8.97815e-11  -9.11072e-8  -2.49562e-10  -1.60699e-10  -1.72518e-10  -1.8607e-7  -1.18e-7  -1.72023e-10  -3.23814e-10  -2.92369e-10  -2.65486e-10  -4.59603e-10  -3.83173e-10  -6.50673e-10  -3.48352e-10  -2.6019e-10  -4.79263e-10  -5.54589e-10  -3.59769e-10  -7.07469e-10  -2.60894e-10  -4.8856e-10  -8.34031e-10  -4.07028e-10  -9.79071e-10  -9.68301e-10  -7.15024e-10  -8.92102e-10  -1.26666e-9  -8.63778e-10  -1.3801e-9  -2.43658e-9  -1.67868e-9  -1.57889e-9  -1.73592e-9  -2.2377e-9  -1.3687e-9  -1.7307e-9  -1.53958e-9  -3.62017e-9  -3.42616e-9  -1.39308e-9  -3.43289e-9  -3.87303e-9  -2.17166e-8  -1.58083e-8  -6.38683e-8  -3.37009e-8  -4.47681e-8  -9.78949e-8  -6.69009e-8  -6.24737e-8  -4.34212e-8  -4.27613e-8  -6.33257e-8  -5.79699e-8  -7.72721e-8  -2.06686e-7  -6.56022e-8  -1.47445e-7  -9.13313e-8  -2.24013e-7  -1.15405e-7  -1.39942e-7  -1.0975e-7  -2.7928e-7  -9.25819e-8  4.72251e-9  5.21207e-9  3.9632e-9  1.92355e-9  8.99004e-9  2.50457e-9  8.09688e-9  1.96615e-9  8.05159e-10  6.26438e-9  2.82161e-9  1.51163e-9  3.31645e-9  1.22743e-9  2.94113e-9  -1.83701e-10  9.79546e-10  1.04012e-9  3.10334e-9  2.23168e-11  3.19534e-10  -1.73988e-9  -1.13563e-9  -8.98564e-10  -1.84305e-8  -2.21942e-8  -3.26428e-8  -7.43004e-9  -6.22838e-9  -3.31182e-8  -8.07684e-10  -1.04062e-8  -1.38202e-8  -4.36227e-8  -9.22279e-9  -9.83267e-9  -6.48514e-8  -4.99144e-8  -3.03676e-8  -6.31532e-8  -1.22494e-8  -7.65944e-8  -6.93266e-8  -2.47607e-8  -5.12033e-8  -2.77113e-8  -1.42177e-7  -7.34512e-8  -1.57907e-7  -9.62904e-8  -1.09653e-7  -1.32712e-7  -4.89438e-8  -1.82769e-7  -1.47166e-7  -3.99319e-7  -2.63531e-7  -2.46697e-7  -4.09062e-7  -2.88494e-7  -3.51288e-7  -3.25703e-7  -4.77252e-7  -3.98006e-7  -3.84096e-7  -2.74979e-7  -4.24758e-7  -4.01626e-7  -6.61293e-7  -3.97507e-7  -6.83142e-7  9.48407e-10  2.30898e-9  1.21876e-9  1.85295e-9  1.57484e-9  1.37735e-9  8.47417e-10  1.72267e-9  2.61592e-9  6.8562e-10  1.312e-9  2.72338e-9  7.65687e-10  7.17106e-10  1.29758e-9  1.14289e-9  6.57281e-10  1.31217e-9  1.60223e-9  7.1459e-10  7.3184e-10  8.53915e-10  1.2721e-9  9.58208e-10  4.57616e-10  5.43803e-10  4.46888e-9  1.51817e-9  7.83156e-10  4.66973e-10  5.6717e-10  7.59557e-10  3.49816e-9  9.03008e-10  2.84224e-9  6.77351e-10  2.46266e-9  1.27999e-9  8.02355e-10  6.45439e-10  3.14486e-10  1.18091e-9  6.74804e-10  3.15019e-11  1.46774e-9  3.39091e-9  1.18329e-9  8.35487e-10  4.34172e-10  8.30205e-10  1.09028e-9  2.76141e-9  2.25807e-9  -2.63463e-10  6.68873e-10  3.09688e-9  2.85884e-10  1.5077e-9  3.2937e-11  -6.0328e-10  -2.79267e-10  4.72419e-10  -3.79991e-10  7.4662e-9  1.37501e-9  -1.66588e-9  1.34434e-9  8.37175e-10  1.98476e-9  3.19339e-9  -7.91204e-10  2.69374e-9  2.38459e-9  -8.81197e-11  -1.60092e-10  -1.93363e-9  2.89265e-9  -3.64996e-9  -5.24836e-10  -1.49399e-9  -2.11296e-9  -5.89884e-9  -3.26248e-9  -3.29234e-9  -4.90013e-9  -2.01561e-10  -2.05665e-9  -6.48528e-9  -6.14201e-9  -5.7432e-9  -8.79735e-9  1.2124e-9  2.35435e-9  2.52995e-9  -7.56827e-9  2.19372e-9  2.24452e-9  -2.03872e-8  1.73372e-9  -1.28539e-8  1.90488e-9  3.12942e-9  2.20542e-9  -2.61216e-8  -3.27834e-8  -2.89894e-8  4.48168e-9  -2.51418e-8  3.2381e-9  1.50062e-9  -4.52393e-8  1.72167e-9  2.68292e-9  3.54575e-9  1.00688e-9  -8.14013e-10  1.05479e-9  3.14426e-9  4.12777e-10  2.1729e-10  6.50296e-10  -1.04096e-9  -6.70796e-8  -4.58655e-8  -5.867e-8  -1.52089e-9  6.79385e-10  5.07704e-10  -1.99076e-9  -2.44078e-7  -2.39662e-9  -3.6452e-9  -2.95586e-9  -4.46825e-9  -4.9716e-9  -1.86357e-9  -2.12473e-7  -6.71764e-9  -6.38721e-9  -3.40413e-7  -1.12251e-8  -1.92981e-8  -2.88015e-8  -3.48935e-8  -5.68612e-8  -2.15961e-8  -4.04994e-8  -4.20452e-8  -5.97631e-8  -2.47399e-8  -4.10998e-8  -5.45751e-8  -5.58385e-8  -6.58629e-8  -7.65256e-8  -5.98406e-8  -5.93332e-8  -4.10928e-8  -1.0577e-7  -7.19991e-8  -8.26898e-8  -1.77941e-7  -2.00655e-7  -2.59333e-7  -3.24592e-7  -1.90416e-7  -2.86224e-7  -3.5337e-7  -8.39389e-7  -4.69191e-7  -9.15471e-7  -5.09807e-7  -6.53003e-7  4.9637e-9  -1.6616e-6  6.66601e-9  5.48909e-9  7.27163e-9  7.13758e-9  9.39477e-9  7.54709e-9  5.91926e-9  -8.05958e-8  4.66068e-9  5.63373e-9  1.14936e-8  5.98354e-9  6.65431e-9  1.36121e-8  1.30938e-8  8.37e-9  8.39552e-9  1.34787e-8  1.9564e-9  1.76842e-8  -1.23715e-8  -2.27686e-9  -7.15549e-9  -1.00909e-8  -1.34679e-8  -9.34417e-8  -4.31973e-8  -1.9985e-7  -1.73227e-7  -9.21113e-8  -3.4042e-7  -8.8571e-7  -4.50106e-8  -3.42889e-7  -1.53633e-7  -1.00641e-6  -6.15765e-7  -5.5502e-7  -1.22564e-6  -1.12414e-6  -1.88693e-6  -1.18758e-6  -9.27452e-7  -1.24017e-6  -1.21035e-6  -1.38806e-6  5.17979e-8  -1.70599e-6  -1.9109e-6  1.47442e-8  1.06402e-7  -2.09147e-6  -4.81998e-7  1.35037e-8  1.14291e-7  5.19704e-8  1.39888e-9  6.03926e-8  4.44662e-8  3.83366e-8  -2.29873e-8  -3.46448e-9  1.5854e-8  6.15449e-8  -5.71105e-8  -8.81169e-9  -1.95076e-8  -4.69331e-8  4.49244e-9  -5.38126e-8  1.36416e-8  -9.66919e-8  -4.82345e-8  -1.32493e-7  -3.45416e-8  -5.62691e-8  -7.17704e-8  -1.55649e-7  6.46824e-8  -1.46766e-7  -6.05279e-8  -1.2315e-7  8.44513e-8  -1.44771e-7  6.25419e-8  -2.12265e-7  -7.98649e-8  -2.55006e-7  5.86702e-8  1.80812e-7  7.17381e-8  8.17636e-8  4.90767e-8  5.41002e-8  -2.78521e-7  5.45247e-8  -4.17988e-7  -3.4226e-7  -4.35264e-7  -3.6704e-7  -4.98036e-7  -2.68741e-7  -3.87301e-7  -5.25799e-7  -6.59355e-7  -4.58633e-7  -6.21699e-7  -4.95668e-7  -6.73837e-7  -6.73831e-7  -6.91235e-7  -9.65647e-7  -5.90387e-7  -7.9537e-7  3.31564e-8  -8.41134e-7  -1.16595e-6  -9.69364e-7  -1.21027e-6  -1.33143e-6  -1.06318e-6  -1.33919e-6  -1.51249e-6  -1.68815e-6  -1.42468e-6  -1.14801e-6  -1.66084e-6  -1.95162e-6  -2.4412e-6  -2.41454e-6  2.38896e-8  3.31817e-8  1.29122e-8  2.78319e-8  2.70861e-8  -2.01574e-6  2.17128e-8  2.92593e-8  2.8959e-11  3.95142e-8  3.06532e-8  1.28516e-8  5.83005e-8  3.03788e-8  5.27047e-8  5.24692e-8  3.90095e-8  3.33731e-8  5.23163e-8  3.5803e-8  2.6168e-8  2.73966e-8  5.15064e-8  4.72243e-8  2.86764e-8  5.13519e-8  4.9371e-8  4.43657e-8  3.03359e-8  8.95378e-8  5.44265e-8  2.90869e-8  -4.97747e-8  3.13447e-8  5.52249e-8  3.60013e-8  2.38475e-8  4.67379e-8  2.84212e-8  -1.25588e-7  4.31266e-8  4.29284e-8  3.31064e-8  -8.70395e-8  4.46644e-8  3.06092e-8  2.98191e-8  5.39078e-8  2.80094e-8  3.56843e-8  3.59775e-8  3.09954e-8  4.74398e-8  2.68406e-8  3.66084e-8  5.31157e-8  5.03745e-8  4.86443e-8  2.97663e-8  3.1515e-8  3.38395e-8  2.91351e-8  2.5857e-8  3.10493e-8  3.18876e-8  -5.40747e-7  2.65892e-8  4.42568e-8  1.8932e-8  2.88341e-8  2.53796e-8  1.93209e-8  1.57916e-8  2.8088e-8  2.06964e-8  1.97847e-8  7.0148e-9  3.79045e-8  1.05748e-8  7.9168e-9  -7.83126e-11  -1.27409e-8  1.46846e-8  3.5859e-9  -9.01929e-9  -8.23786e-9  -1.01667e-8  -2.02099e-8  -2.02206e-8  -3.70581e-9  -3.803e-8  -4.7496e-8  -4.41688e-9  -3.9452e-8  -5.46578e-8  -3.9314e-8  -1.20716e-7  -1.51295e-7  -4.7835e-8  -5.65007e-8  -7.78265e-8  -6.58359e-8  -1.10126e-7  -9.40058e-8  -1.04282e-7  -8.79683e-8  -1.00576e-7  -3.5762e-7  -1.16044e-7  -1.40535e-7  -4.71221e-7  -2.59745e-7  -3.77881e-7  -4.55104e-7  -1.14103e-7  -4.14439e-7  -9.13225e-7  -2.24917e-7  -7.88965e-7  -1.0016e-6  -6.48385e-7  -8.81218e-7  -1.76719e-6  -2.41904e-6  -2.07797e-6  -2.16291e-6  -2.98433e-6  -2.48152e-6  -4.1838e-6  -6.1635e-6  -4.31304e-6  -3.32867e-6  2.45627e-7  2.54661e-7  5.03212e-7  2.31163e-7  4.5781e-7  3.16109e-7  1.56774e-7  3.43186e-7  1.8819e-7  4.14676e-7  3.81768e-7  3.0251e-7  2.10084e-7  1.83759e-7  2.06157e-7  2.39208e-7  2.45298e-7  3.05487e-7  2.67988e-7  1.39528e-7  2.15835e-7  1.61316e-7  3.36291e-7  1.67094e-7  -5.63247e-8  1.11608e-7  7.33812e-8  1.67722e-7  -5.42258e-8  -7.80653e-8  -6.22839e-8  -1.11433e-7  -1.24998e-8  -2.06881e-9  7.66582e-8  -7.46425e-7  -1.39671e-7  -1.01262e-7  -4.43214e-7  -2.38253e-7  -2.71759e-7  -9.13707e-8  -3.61935e-7  -1.09103e-6  -7.55811e-8  -4.44397e-7  -1.1723e-6  -6.27258e-7  -1.23282e-6  -3.87432e-6  -1.80415e-6  -1.26491e-6  -3.04895e-6  -5.89327e-6  -5.65186e-6  -5.77831e-6  -1.5328e-7  -2.22163e-7  -3.2659e-6  6.02909e-7  4.11017e-7  3.90897e-7  5.66621e-7  3.65798e-7  5.8086e-7  3.81407e-7  4.80081e-7  1.92095e-7  1.85853e-7  3.29846e-7  2.2271e-8  9.65273e-8  1.20178e-7  2.34163e-7  -5.87642e-8  1.7355e-7  2.97153e-7  -6.61363e-8  -1.71985e-7  -1.56069e-7  2.59309e-7  4.55137e-8  2.85201e-7  -3.38509e-7  -8.24001e-8  -5.77779e-9  -2.19754e-7  -7.52068e-8  -2.11961e-7  -5.45982e-8  -2.36117e-7  -2.2915e-9  -1.58369e-7  -4.81865e-7  1.44362e-7  -4.92981e-7  -3.27315e-7  1.63805e-7  1.41373e-7  -1.01451e-6  -4.91896e-7  -7.24742e-7  -5.43433e-7  -8.29683e-7  -5.15835e-7  -4.49273e-7  -1.52969e-6  -3.94994e-7  -3.08061e-7  -2.01792e-7  -1.07603e-6  -1.31745e-6  -1.74874e-6  -2.88831e-6  -7.30587e-7  -1.40486e-6  -1.92052e-6  -2.20159e-6  -1.98789e-6  -1.36597e-6  -1.59051e-6  -2.49614e-6  -2.97354e-6  -3.73182e-6  -2.30962e-6  -4.80077e-6  -1.2258e-6  -4.63549e-6  -3.17678e-6  -2.42112e-6  -2.9431e-6  -4.08151e-6  -2.12369e-6  -2.86781e-6  -3.733e-6  -3.81778e-6  -7.01231e-6  -4.48931e-6  -5.18956e-6  -4.83725e-6  -3.78394e-6  -5.90168e-6  -2.51415e-6  -7.55993e-6  -6.68278e-6  -6.66102e-6  -6.49317e-6  -5.713e-6  -7.65175e-6  -6.03113e-6  -7.45255e-6  3.4664e-7  -8.81888e-6  -7.06021e-6  -6.0587e-6  -5.88434e-6  3.77041e-7  1.7373e-7  1.98291e-7  -9.36922e-6  3.94633e-7  2.11503e-7  2.33446e-7  2.49015e-7  2.33674e-7  2.15888e-7  2.66284e-7  -8.21009e-6  2.6641e-7  2.60094e-7  3.65562e-7  1.51797e-7  3.33402e-7  1.51916e-7  3.90416e-7  2.50626e-7  2.34413e-7  1.75865e-7  1.67762e-7  2.58728e-7  1.99891e-7  1.86129e-7  1.97122e-7  1.19279e-7  2.00933e-7  2.13119e-7  2.16837e-7  1.87626e-7  2.41983e-7  1.79801e-7  2.27217e-7  2.15817e-7  1.63415e-7  2.80286e-7  1.993e-7  1.47874e-7  3.15859e-7  1.36595e-7  1.35727e-7  1.81902e-7  2.35256e-7  1.69245e-7  2.48965e-7  3.18385e-7  1.86133e-7  2.04256e-7  2.31238e-7  2.28896e-7  1.86011e-7  2.13088e-7  1.49204e-7  1.02888e-7  1.39197e-7  3.62165e-7  1.41899e-7  1.45252e-7  1.13746e-7  1.58786e-7  1.53573e-7  1.16939e-7  1.42044e-7  1.13193e-7  1.75793e-7  1.06681e-7  9.64798e-8  1.21841e-7  9.99862e-8  1.55743e-7  1.5776e-7  7.47317e-8  1.11794e-7  1.67416e-7  1.83908e-7  1.01513e-7  -1.72026e-8  1.32253e-7  1.26224e-7  1.14933e-7  -3.06516e-9  -2.18086e-8  -3.42306e-8  -7.94858e-8  -2.73961e-9  -1.55116e-8  2.55103e-8  -1.5106e-7  1.36463e-7  -9.91849e-8  4.06454e-8  -1.36761e-7  -2.67599e-7  -4.60404e-7  -2.78206e-7  -4.50296e-7  -5.20364e-7  -4.59693e-7  -3.96736e-7
1050 Eigenvalues converges, out of 1050 requested.
Starting Davidson with n_aux = 1050, l_buffer = 2730, lc = 2110, thresh = 0.001, max_iter = 100
Iter 1: V_size = 262, Converged = 0, ‖r‖ (largest λ) = 1.9714829477013993
Iter 2: V_size = 524, Converged = 0, ‖r‖ (largest λ) = 0.0014250235101712569
Iter 3: V_size = 786, Converged = 75, ‖r‖ (largest λ) = 3.717025021283415e-7
Iter 4: V_size = 1048, Converged = 208, ‖r‖ (largest λ) = 335.95087283479256
Iter 5: V_size = 391, Converged = 285, ‖r‖ (largest λ) = 2.3161646207622705e-7
Iter 6: V_size = 653, Converged = 285, ‖r‖ (largest λ) = 149.8261687159487
Iter 7: V_size = 915, Converged = 285, ‖r‖ (largest λ) = 0.014796807947507241
Total MINRES iterations: 3544
Iter 8: V_size = 524, Converged = 285, ‖r‖ (largest λ) = 0.001264688958537015
Total MINRES iterations: 4565
Iter 9: V_size = 786, Converged = 356, ‖r‖ (largest λ) = 3.241720708362435e-5
Total MINRES iterations: 3705
Iter 10: V_size = 1048, Converged = 439, ‖r‖ (largest λ) = 114.42648968898457
Total MINRES iterations: 4275
Iter 11: V_size = 441, Converged = 530, ‖r‖ (largest λ) = 4.331183246300727e-5
Total MINRES iterations: 5590
Iter 12: V_size = 703, Converged = 531, ‖r‖ (largest λ) = 119.97713557804909
Total MINRES iterations: 5731
Iter 13: V_size = 965, Converged = 563, ‖r‖ (largest λ) = 13.498229121302874
Total MINRES iterations: 6100
Iter 14: V_size = 492, Converged = 581, ‖r‖ (largest λ) = 0.00027262959732775847
Total MINRES iterations: 4446
Iter 15: V_size = 754, Converged = 649, ‖r‖ (largest λ) = 49.70568169667525
Total MINRES iterations: 4675
Iter 16: V_size = 1016, Converged = 660, ‖r‖ (largest λ) = 65.17523642797191
Total MINRES iterations: 3200
Iter 17: V_size = 513, Converged = 793, ‖r‖ (largest λ) = 0.00023874990696031768
Total MINRES iterations: 5265
Iter 18: V_size = 775, Converged = 793, ‖r‖ (largest λ) = 117.19656791002184
Total MINRES iterations: 5150
Iter 19: V_size = 1037, Converged = 849, ‖r‖ (largest λ) = 0.00031727332383624615
Total MINRES iterations: 6400
Iter 20: V_size = 468, Converged = 852, ‖r‖ (largest λ) = 0.00040201709123064946
Total MINRES iterations: 4036
Iter 21: V_size = 730, Converged = 950, ‖r‖ (largest λ) = 45.2828188502477
