
=== Running tests for molecule: formaldehyde ===
Running with Naux = 100
read ../MA_best/Simulate_CWNO/CWNO_final_tilde.dat
Starting Davidson with n_aux = 100, l_buffer = 650, lc = 502, thresh = 0.0001, max_iter = 100
Iter 1: V_size = 25, Converged = 0, ‖r‖ (largest λ) = 1.5104909930225672
Iter 2: V_size = 50, Converged = 0, ‖r‖ (largest λ) = 0.06588530734764106
Iter 3: V_size = 75, Converged = 0, ‖r‖ (largest λ) = 0.0009448868813938345
Iter 4: V_size = 100, Converged = 2, ‖r‖ (largest λ) = 5.6684662881031615e-6
Iter 5: V_size = 48, Converged = 11, ‖r‖ (largest λ) = 3.2346394271248267e-6
Iter 6: V_size = 73, Converged = 16, ‖r‖ (largest λ) = 3.855915912155125
Iter 7: V_size = 98, Converged = 23, ‖r‖ (largest λ) = 2.507681801005957
Iter 8: V_size = 43, Converged = 24, ‖r‖ (largest λ) = 0.00010510796054486101
Iter 9: V_size = 68, Converged = 25, ‖r‖ (largest λ) = 2.446141623206017
Iter 10: V_size = 93, Converged = 25, ‖r‖ (largest λ) = 1.8978684880126722
Iter 11: V_size = 50, Converged = 25, ‖r‖ (largest λ) = 0.02202535749159288
Iter 12: V_size = 75, Converged = 25, ‖r‖ (largest λ) = 0.007446793984818047
Iter 13: V_size = 100, Converged = 25, ‖r‖ (largest λ) = 0.0019263266009474586
Iter 14: V_size = 50, Converged = 27, ‖r‖ (largest λ) = 0.0005708975562615904
Iter 15: V_size = 75, Converged = 28, ‖r‖ (largest λ) = 1.856885560983177
Iter 16: V_size = 100, Converged = 29, ‖r‖ (largest λ) = 1.2730523796620916
Iter 17: V_size = 49, Converged = 31, ‖r‖ (largest λ) = 4.491698833949678e-5
Iter 18: V_size = 74, Converged = 31, ‖r‖ (largest λ) = 1.8400222387707876
Iter 19: V_size = 99, Converged = 35, ‖r‖ (largest λ) = 4.567859894849745e-5
Iter 20: V_size = 46, Converged = 37, ‖r‖ (largest λ) = 0.00012338625228501383
Iter 21: V_size = 71, Converged = 42, ‖r‖ (largest λ) = 2.1891147456024727
Iter 22: V_size = 96, Converged = 42, ‖r‖ (largest λ) = 2.452770313969851
Iter 23: V_size = 50, Converged = 45, ‖r‖ (largest λ) = 6.562505806136734e-5
Iter 24: V_size = 75, Converged = 45, ‖r‖ (largest λ) = 1.719130183358317
Iter 25: V_size = 100, Converged = 46, ‖r‖ (largest λ) = 7.343295126434546e-5
Iter 26: V_size = 49, Converged = 46, ‖r‖ (largest λ) = 0.00018448596067208636
Iter 27: V_size = 74, Converged = 48, ‖r‖ (largest λ) = 8.143046769621703e-5
Iter 28: V_size = 99, Converged = 49, ‖r‖ (largest λ) = 1.9378190477210189
Iter 29: V_size = 49, Converged = 51, ‖r‖ (largest λ) = 8.298635330680384e-5
Iter 30: V_size = 74, Converged = 51, ‖r‖ (largest λ) = 1.2597451547814646
Iter 31: V_size = 99, Converged = 53, ‖r‖ (largest λ) = 5.6134595325837416e-5
Iter 32: V_size = 48, Converged = 54, ‖r‖ (largest λ) = 8.999032599356004e-5
Iter 33: V_size = 73, Converged = 54, ‖r‖ (largest λ) = 2.164704961908634
Iter 34: V_size = 98, Converged = 58, ‖r‖ (largest λ) = 6.894541752152096e-5
Iter 35: V_size = 46, Converged = 58, ‖r‖ (largest λ) = 0.00010502322628552889
Iter 36: V_size = 71, Converged = 60, ‖r‖ (largest λ) = 6.623990907089842e-5
Iter 37: V_size = 96, Converged = 60, ‖r‖ (largest λ) = 1.1607602450394836
Iter 38: V_size = 50, Converged = 61, ‖r‖ (largest λ) = 9.30882526437944e-5
Iter 39: V_size = 75, Converged = 61, ‖r‖ (largest λ) = 1.3297903216256814
Iter 40: V_size = 100, Converged = 62, ‖r‖ (largest λ) = 8.795137816485491e-5
Iter 41: V_size = 49, Converged = 62, ‖r‖ (largest λ) = 0.00011719871351669588
Iter 42: V_size = 74, Converged = 64, ‖r‖ (largest λ) = 7.270223213143251e-5
Iter 43: V_size = 99, Converged = 66, ‖r‖ (largest λ) = 1.7372003143088384
Iter 44: V_size = 48, Converged = 66, ‖r‖ (largest λ) = 0.00011562371120501799
Iter 45: V_size = 73, Converged = 67, ‖r‖ (largest λ) = 7.789761455157189e-5
Iter 46: V_size = 98, Converged = 69, ‖r‖ (largest λ) = 0.9832580703936863
Iter 47: V_size = 48, Converged = 69, ‖r‖ (largest λ) = 0.00014384563935729072
Iter 48: V_size = 73, Converged = 69, ‖r‖ (largest λ) = 0.00011553430220312005
Iter 49: V_size = 98, Converged = 70, ‖r‖ (largest λ) = 9.84751783471274e-5
Iter 50: V_size = 49, Converged = 71, ‖r‖ (largest λ) = 9.635113704023524e-5
Iter 51: V_size = 74, Converged = 71, ‖r‖ (largest λ) = 0.8136459207688298
Iter 52: V_size = 99, Converged = 71, ‖r‖ (largest λ) = 0.0002615330163292196
Iter 53: V_size = 50, Converged = 71, ‖r‖ (largest λ) = 0.00017503936418392774
Iter 54: V_size = 75, Converged = 71, ‖r‖ (largest λ) = 0.00013286646948229843
Iter 55: V_size = 100, Converged = 73, ‖r‖ (largest λ) = 9.501698748912353e-5
Iter 56: V_size = 48, Converged = 73, ‖r‖ (largest λ) = 0.00010936036389311136
Iter 57: V_size = 73, Converged = 75, ‖r‖ (largest λ) = 7.046403732718439e-5
Iter 58: V_size = 98, Converged = 75, ‖r‖ (largest λ) = 1.536427866761173
Iter 59: V_size = 50, Converged = 78, ‖r‖ (largest λ) = 6.861815014444394e-5
Iter 60: V_size = 75, Converged = 79, ‖r‖ (largest λ) = 2.1509870179125183
Iter 61: V_size = 100, Converged = 79, ‖r‖ (largest λ) = 1.045947490568215
Iter 62: V_size = 50, Converged = 80, ‖r‖ (largest λ) = 9.989177103522298e-5
Iter 63: V_size = 75, Converged = 81, ‖r‖ (largest λ) = 0.913798436255079
Iter 64: V_size = 100, Converged = 81, ‖r‖ (largest λ) = 1.350455232313202
Iter 65: V_size = 50, Converged = 82, ‖r‖ (largest λ) = 0.00010762416335298598
Iter 66: V_size = 75, Converged = 84, ‖r‖ (largest λ) = 1.4450845878841454
Iter 67: V_size = 100, Converged = 84, ‖r‖ (largest λ) = 1.459090782085772
Iter 68: V_size = 50, Converged = 85, ‖r‖ (largest λ) = 0.0001026028732156853
Iter 69: V_size = 75, Converged = 87, ‖r‖ (largest λ) = 1.9767099790432565
Iter 70: V_size = 100, Converged = 87, ‖r‖ (largest λ) = 1.9376566456528852
Iter 71: V_size = 50, Converged = 89, ‖r‖ (largest λ) = 8.656484239306472e-5
Iter 72: V_size = 75, Converged = 91, ‖r‖ (largest λ) = 2.271018427972385
Iter 73: V_size = 100, Converged = 91, ‖r‖ (largest λ) = 1.0551778800829412
Iter 74: V_size = 50, Converged = 91, ‖r‖ (largest λ) = 0.00010752185970640935
Iter 75: V_size = 75, Converged = 92, ‖r‖ (largest λ) = 7.383219850568705e-5
Iter 76: V_size = 100, Converged = 94, ‖r‖ (largest λ) = 0.9839054537038157
Iter 77: V_size = 48, Converged = 96, ‖r‖ (largest λ) = 9.140934350288204e-5
Iter 78: V_size = 73, Converged = 96, ‖r‖ (largest λ) = 1.090524583563581
Iter 79: V_size = 98, Converged = 97, ‖r‖ (largest λ) = 0.00015531175813026895
Iter 80: V_size = 49, Converged = 97, ‖r‖ (largest λ) = 0.00011263819055719203
Iter 81: V_size = 74, Converged = 98, ‖r‖ (largest λ) = 8.94056198100591e-5
Iter 82: V_size = 99, Converged = 98, ‖r‖ (largest λ) = 2.0886421543205
Iter 83: V_size = 50, Converged = 99, ‖r‖ (largest λ) = 9.80100284248748e-5
Iter 84: V_size = 75, Converged = 99, ‖r‖ (largest λ) = 0.8802366071501324
Iter 85: V_size = 100, Converged = 100, ‖r‖ (largest λ) = 8.211724327278226e-5
Iter 86: V_size = 49, Converged = 100, ‖r‖ (largest λ) = 0.0002177214173769486
Iter 87: V_size = 74, Converged = 101, ‖r‖ (largest λ) = 0.00015231097923883524
Iter 88: V_size = 99, Converged = 101, ‖r‖ (largest λ) = 0.00046138443801304853
Iter 89: V_size = 50, Converged = 103, ‖r‖ (largest λ) = 0.00010292543469786903
Iter 90: V_size = 75, Converged = 103, ‖r‖ (largest λ) = 0.8522730651033826
Iter 91: V_size = 100, Converged = 104, ‖r‖ (largest λ) = 8.973026827269644e-5
Iter 92: V_size = 49, Converged = 106, ‖r‖ (largest λ) = 8.252941717311155e-5
Iter 93: V_size = 74, Converged = 106, ‖r‖ (largest λ) = 1.7672589170877329
Iter 94: V_size = 99, Converged = 106, ‖r‖ (largest λ) = 0.00012658539700702932
Iter 95: V_size = 50, Converged = 107, ‖r‖ (largest λ) = 9.920874237498125e-5
Iter 96: V_size = 75, Converged = 107, ‖r‖ (largest λ) = 0.8419409566537435
Iter 97: V_size = 100, Converged = 107, ‖r‖ (largest λ) = 0.00011340688941169481
Iter 98: V_size = 50, Converged = 108, ‖r‖ (largest λ) = 9.91708057045457e-5
Iter 99: V_size = 75, Converged = 108, ‖r‖ (largest λ) = 0.8585694623941226
Total MINRES iterations: 144
Iter 100: V_size = 100, Converged = 108, ‖r‖ (largest λ) = 0.0001140228367510211
Max iterations (100) reached without full expected convergence. Returning what we have.
940.770368 seconds (7.87 M allocations: 352.856 GiB, 0.26% gc time, 0.06% compilation time)
Number of FLOPs: 18197992892940

Reading exact Eigenvalues...
Reading eigenvalues from ../MA_best/Simulate_CWNO/CWNO_final_tilde_results.jld2

Compute the difference between computed and exact eigenvalues:
1×108 adjoint(::Vector{Float64}) with eltype Float64:
 -3.09974e-12  -1.14344e-9  -1.27542e-12  -1.69109e-12  -1.79963e-11  -1.62909e-9  -1.81251e-9  -4.50574e-10  -4.82989e-10  -3.01074e-10  -5.91824e-11  -1.40826e-10  -5.13607e-11  -4.02893e-9  -1.62702e-9  -4.16974e-9  -2.62902e-9  -4.70105e-9  -7.83887e-9  -6.62867e-9  -1.9681e-9  -8.62428e-9  -6.72622e-10  -1.05482e-8  -3.44588e-9  2.85138e-9  -5.58654e-9  -4.47238e-10  -6.98166e-10  5.43726e-10  -1.21252e-10  -8.57778e-9  -4.59698e-9  6.1099e-9  -6.07835e-9  -3.58052e-9  -6.94374e-9  -6.26247e-9  -1.03241e-8  -1.44679e-8  -1.46375e-8  -5.76014e-9  -5.00826e-9  -7.36733e-9  -9.49454e-9  -8.81439e-9  -9.91149e-9  -8.38423e-9  -6.48253e-9  -6.45295e-9  -2.27158e-9  -4.66972e-9  -1.02544e-8  1.93025e-9  -2.53666e-9  -5.71968e-9  -2.89466e-9  -1.11442e-8  -2.51965e-9  -1.56189e-8  -2.14086e-8  -8.77054e-9  -2.22688e-9  -2.42642e-8  -2.56524e-9  -7.36434e-9  -1.37924e-8  -2.21501e-8  -8.82889e-9  -3.23155e-8  -2.51367e-8  -1.66557e-8  3.19517e-10  -5.64801e-9  -5.60985e-9  -1.76639e-8  -1.24893e-8  -9.98263e-9  -1.80858e-8  -1.9249e-8  -1.16891e-8  -7.69991e-9  -1.73016e-8  -1.37727e-8  -1.16832e-8  -1.48686e-8  -2.66308e-8  -6.90285e-9  -7.90091e-9  -1.27352e-8  -1.90044e-8  -1.09406e-8  -1.5175e-8  -2.31228e-8  -1.51521e-8  -2.07281e-9  -1.82838e-10  -1.02917e-8  -3.03196e-8  1.89079e-9  2.38124e-8  6.71438e-10  1.90802e-8  -1.00453e-8  -2.90074e-8  -3.59214e-9  -1.48839e-8  -2.59401e-8
108 Eigenvalues converges, out of 500 requested.
Running with Naux = 300
read ../MA_best/Simulate_CWNO/CWNO_final_tilde.dat
Starting Davidson with n_aux = 300, l_buffer = 650, lc = 502, thresh = 0.0001, max_iter = 100
Iter 1: V_size = 75, Converged = 0, ‖r‖ (largest λ) = 0.6181866107945624
Iter 2: V_size = 150, Converged = 0, ‖r‖ (largest λ) = 0.004581477867670958
Iter 3: V_size = 225, Converged = 1, ‖r‖ (largest λ) = 1.3443111816327556e-5
Iter 4: V_size = 300, Converged = 19, ‖r‖ (largest λ) = 1.3015037201304893e-6
Iter 5: V_size = 132, Converged = 69, ‖r‖ (largest λ) = 6.3665822124649216e-6
Iter 6: V_size = 207, Converged = 75, ‖r‖ (largest λ) = 4.534324999028939
Iter 7: V_size = 282, Converged = 75, ‖r‖ (largest λ) = 2.246653973214375
Iter 8: V_size = 150, Converged = 75, ‖r‖ (largest λ) = 0.04255999832086355
Iter 9: V_size = 225, Converged = 75, ‖r‖ (largest λ) = 0.014690374113950813
Iter 10: V_size = 300, Converged = 75, ‖r‖ (largest λ) = 0.002902644707398276
Iter 11: V_size = 150, Converged = 75, ‖r‖ (largest λ) = 0.0006051073173477052
Iter 12: V_size = 225, Converged = 75, ‖r‖ (largest λ) = 0.00013034928034268926
Iter 13: V_size = 300, Converged = 97, ‖r‖ (largest λ) = 2.2903996290155123e-5
Iter 14: V_size = 128, Converged = 111, ‖r‖ (largest λ) = 3.682122768051504e-5
Iter 15: V_size = 203, Converged = 117, ‖r‖ (largest λ) = 3.050679571024086
Iter 16: V_size = 278, Converged = 122, ‖r‖ (largest λ) = 2.0976860361446468
Iter 17: V_size = 145, Converged = 129, ‖r‖ (largest λ) = 4.632635271683205e-5
Iter 18: V_size = 220, Converged = 133, ‖r‖ (largest λ) = 2.743054528806638
Iter 19: V_size = 295, Converged = 138, ‖r‖ (largest λ) = 1.9068449751608638
Iter 20: V_size = 145, Converged = 140, ‖r‖ (largest λ) = 8.266450208826697e-5
Iter 21: V_size = 220, Converged = 142, ‖r‖ (largest λ) = 0.8051273352501258
Iter 22: V_size = 295, Converged = 147, ‖r‖ (largest λ) = 0.7373248815450589
Iter 23: V_size = 145, Converged = 148, ‖r‖ (largest λ) = 9.277726067459424e-5
Iter 24: V_size = 220, Converged = 150, ‖r‖ (largest λ) = 0.7932946666187735
Iter 25: V_size = 295, Converged = 153, ‖r‖ (largest λ) = 1.29237631614228
Iter 26: V_size = 147, Converged = 160, ‖r‖ (largest λ) = 9.101645707405844e-5
Iter 27: V_size = 222, Converged = 161, ‖r‖ (largest λ) = 0.942609827141503
Iter 28: V_size = 297, Converged = 175, ‖r‖ (largest λ) = 1.841976783730111
Iter 29: V_size = 136, Converged = 186, ‖r‖ (largest λ) = 6.771745789075934e-5
Iter 30: V_size = 211, Converged = 186, ‖r‖ (largest λ) = 1.9346362712486782
Iter 31: V_size = 286, Converged = 194, ‖r‖ (largest λ) = 6.139754913815873e-5
Iter 32: V_size = 142, Converged = 198, ‖r‖ (largest λ) = 6.427080205938824e-5
Iter 33: V_size = 217, Converged = 202, ‖r‖ (largest λ) = 1.4784933137145777
Iter 34: V_size = 292, Converged = 203, ‖r‖ (largest λ) = 1.3051344502562428
Iter 35: V_size = 149, Converged = 206, ‖r‖ (largest λ) = 8.900348494986704e-5
Iter 36: V_size = 224, Converged = 209, ‖r‖ (largest λ) = 1.598494337657585
Iter 37: V_size = 299, Converged = 217, ‖r‖ (largest λ) = 0.967345362984581
Iter 38: V_size = 142, Converged = 218, ‖r‖ (largest λ) = 0.00011483820617444942
Iter 39: V_size = 217, Converged = 220, ‖r‖ (largest λ) = 0.6720329635489394
Iter 40: V_size = 292, Converged = 223, ‖r‖ (largest λ) = 1.6202035911123887
Iter 41: V_size = 147, Converged = 228, ‖r‖ (largest λ) = 8.405233510061054e-5
Iter 42: V_size = 222, Converged = 228, ‖r‖ (largest λ) = 0.8072098436630037
Iter 43: V_size = 297, Converged = 237, ‖r‖ (largest λ) = 5.9223427444566496e-5
Iter 44: V_size = 141, Converged = 237, ‖r‖ (largest λ) = 0.00011652151556255211
Iter 45: V_size = 216, Converged = 245, ‖r‖ (largest λ) = 6.913273892845861e-5
Iter 46: V_size = 291, Converged = 249, ‖r‖ (largest λ) = 1.187603838878404
Iter 47: V_size = 146, Converged = 253, ‖r‖ (largest λ) = 7.317984083316325e-5
Iter 48: V_size = 221, Converged = 256, ‖r‖ (largest λ) = 1.0368305011551704
Iter 49: V_size = 296, Converged = 257, ‖r‖ (largest λ) = 1.1510649233364405
Iter 50: V_size = 149, Converged = 268, ‖r‖ (largest λ) = 5.2557738365940585e-5
Iter 51: V_size = 224, Converged = 268, ‖r‖ (largest λ) = 1.314698593969533
Iter 52: V_size = 299, Converged = 273, ‖r‖ (largest λ) = 6.070239291688464e-5
Iter 53: V_size = 145, Converged = 276, ‖r‖ (largest λ) = 7.375319320832454e-5
Iter 54: V_size = 220, Converged = 278, ‖r‖ (largest λ) = 0.9420985188526496
Iter 55: V_size = 295, Converged = 280, ‖r‖ (largest λ) = 0.8205903199069207
Iter 56: V_size = 148, Converged = 286, ‖r‖ (largest λ) = 7.105084005665719e-5
Iter 57: V_size = 223, Converged = 286, ‖r‖ (largest λ) = 1.1764455048479014
Iter 58: V_size = 298, Converged = 291, ‖r‖ (largest λ) = 9.256022201746485e-5
Iter 59: V_size = 145, Converged = 294, ‖r‖ (largest λ) = 8.772199214591424e-5
Iter 60: V_size = 220, Converged = 296, ‖r‖ (largest λ) = 1.0019833982285347
Iter 61: V_size = 295, Converged = 300, ‖r‖ (largest λ) = 1.0803170431789932
Iter 62: V_size = 146, Converged = 302, ‖r‖ (largest λ) = 9.706481080640845e-5
Iter 63: V_size = 221, Converged = 306, ‖r‖ (largest λ) = 1.4596634541346338
Iter 64: V_size = 296, Converged = 307, ‖r‖ (largest λ) = 0.7313828768091472
Iter 65: V_size = 149, Converged = 313, ‖r‖ (largest λ) = 6.46122778028949e-5
Iter 66: V_size = 224, Converged = 314, ‖r‖ (largest λ) = 0.9459759296917342
Iter 67: V_size = 299, Converged = 317, ‖r‖ (largest λ) = 1.1679264821311808
Iter 68: V_size = 147, Converged = 321, ‖r‖ (largest λ) = 8.194413512819985e-5
Iter 69: V_size = 222, Converged = 326, ‖r‖ (largest λ) = 0.6951539825960327
Iter 70: V_size = 297, Converged = 326, ‖r‖ (largest λ) = 1.119558215651353
Iter 71: V_size = 150, Converged = 328, ‖r‖ (largest λ) = 8.366795455448934e-5
Iter 72: V_size = 225, Converged = 330, ‖r‖ (largest λ) = 0.4173115134635514
Iter 73: V_size = 300, Converged = 334, ‖r‖ (largest λ) = 0.9896460403254368
Iter 74: V_size = 146, Converged = 336, ‖r‖ (largest λ) = 9.023837815697412e-5
Iter 75: V_size = 221, Converged = 337, ‖r‖ (largest λ) = 0.7363056451373503
Iter 76: V_size = 296, Converged = 342, ‖r‖ (largest λ) = 0.5614898598980442
Iter 77: V_size = 145, Converged = 344, ‖r‖ (largest λ) = 8.900598225193527e-5
Iter 78: V_size = 220, Converged = 346, ‖r‖ (largest λ) = 0.6031504669531028
Iter 79: V_size = 295, Converged = 346, ‖r‖ (largest λ) = 0.5468528549596907
Iter 80: V_size = 150, Converged = 349, ‖r‖ (largest λ) = 0.00017634663110919498
Iter 81: V_size = 225, Converged = 350, ‖r‖ (largest λ) = 0.758602421144026
Iter 82: V_size = 300, Converged = 354, ‖r‖ (largest λ) = 0.8436757789877251
Iter 83: V_size = 146, Converged = 358, ‖r‖ (largest λ) = 9.79724090043347e-5
Iter 84: V_size = 221, Converged = 358, ‖r‖ (largest λ) = 0.7647664334551386
Iter 85: V_size = 296, Converged = 361, ‖r‖ (largest λ) = 7.875770926733146e-5
Iter 86: V_size = 147, Converged = 363, ‖r‖ (largest λ) = 8.381086525369511e-5
Iter 87: V_size = 222, Converged = 365, ‖r‖ (largest λ) = 0.4945906108305421
Iter 88: V_size = 297, Converged = 370, ‖r‖ (largest λ) = 1.0815037579969236
Iter 89: V_size = 145, Converged = 372, ‖r‖ (largest λ) = 0.00013621500472475688
Iter 90: V_size = 220, Converged = 372, ‖r‖ (largest λ) = 0.8757834805727275
Iter 91: V_size = 295, Converged = 372, ‖r‖ (largest λ) = 0.0001072715567955775
Iter 92: V_size = 150, Converged = 374, ‖r‖ (largest λ) = 9.231400428079535e-5
Iter 93: V_size = 225, Converged = 376, ‖r‖ (largest λ) = 0.8750499108791295
Iter 94: V_size = 300, Converged = 378, ‖r‖ (largest λ) = 0.7002899913253122
Iter 95: V_size = 148, Converged = 381, ‖r‖ (largest λ) = 0.00011992628323233463
Iter 96: V_size = 223, Converged = 381, ‖r‖ (largest λ) = 0.8165511982342577
Iter 97: V_size = 298, Converged = 386, ‖r‖ (largest λ) = 9.339073716597143e-5
Iter 98: V_size = 145, Converged = 388, ‖r‖ (largest λ) = 0.00012161127719758312
Iter 99: V_size = 220, Converged = 389, ‖r‖ (largest λ) = 0.6353677950710197
Total MINRES iterations: 225
Iter 100: V_size = 295, Converged = 391, ‖r‖ (largest λ) = 0.5329100631649434
Max iterations (100) reached without full expected convergence. Returning what we have.
2686.656697 seconds (80.82 M allocations: 3.589 TiB, 0.62% gc time)
Number of FLOPs: 55135060349503

Reading exact Eigenvalues...
Reading eigenvalues from ../MA_best/Simulate_CWNO/CWNO_final_tilde_results.jld2

Compute the difference between computed and exact eigenvalues:
1×391 adjoint(::Vector{Float64}) with eltype Float64:
 -1.67955e-11  -1.93623e-13  -1.27898e-13  -1.72307e-13  -6.33715e-12  -1.96988e-10  -2.11337e-10  -1.42564e-10  -1.58172e-10  -1.72058e-10  -1.92324e-10  -2.15775e-10  -2.20891e-10  -4.42326e-10  -4.20844e-9  -4.13038e-9  -5.22857e-9  -2.32219e-11  -3.44005e-11  -3.30382e-11  -2.96101e-11  -2.26656e-11  -1.52313e-9  -2.23681e-11  -2.46325e-11  -4.61675e-9  -2.34224e-11  -2.08484e-11  -2.02647e-11  -1.31469e-10  -1.40925e-10  -1.35344e-10  -8.32831e-10  -8.70272e-10  -1.15572e-10  -9.31302e-11  -6.85874e-10  -6.08188e-10  -4.43754e-10  -4.61333e-10  -4.90729e-10  -4.12212e-10  -4.41145e-10  -9.11744e-10  -4.51498e-10  -2.09844e-9  -2.88444e-9  -2.60317e-9  -1.03987e-9  -4.37313e-10  -3.46267e-10  -3.0872e-10  -1.51952e-9  -1.61843e-9  -6.08404e-9  -5.09124e-9  -1.20218e-9  -3.81239e-9  -4.46333e-9  -1.94731e-9  -3.48868e-9  -5.94883e-9  -5.31268e-9  -7.51233e-9  -9.99376e-9  -9.96289e-9  -4.69349e-10  -4.01008e-10  -1.30532e-8  -4.06265e-10  -2.80314e-9  -7.25561e-10  -8.83953e-10  -8.07386e-9  -6.81876e-9  5.42522e-9  -1.54697e-9  -8.61764e-10  -1.43074e-9  -1.13272e-9  -9.45018e-10  -7.73849e-10  -1.74804e-9  -1.72036e-9  -4.75953e-9  -1.64342e-9  -6.36311e-9  -4.48447e-9  -9.40314e-9  -2.89269e-9  -9.82433e-9  -9.50194e-9  -9.98022e-9  -4.88497e-9  -6.0548e-9  -2.89159e-9  -2.9559e-9  -1.01874e-8  -2.85107e-9  -4.66201e-9  -1.57624e-8  -2.66233e-9  -6.62093e-9  -7.69251e-9  -1.30319e-8  -5.24183e-9  -9.0242e-9  -1.74392e-8  -1.41297e-8  -2.60286e-8  -2.26189e-8  -1.98914e-8  -1.70334e-8  -1.05442e-8  -5.24864e-9  -1.94376e-8  -1.05294e-8  -1.30655e-8  -2.56912e-8  -6.43139e-9  -1.22464e-8  -2.13029e-8  -2.19184e-8  -1.05954e-8  -1.85522e-8  -2.05262e-8  -1.46618e-8  -8.86114e-9  -7.00004e-9  -1.13048e-8  -1.19704e-8  -1.07639e-8  -1.5761e-8  -3.98593e-9  -3.76705e-9  -4.29221e-9  -1.99232e-8  -1.53279e-8  -1.84904e-8  -8.71125e-9  -7.59385e-9  -1.77452e-8  -1.29036e-8  -9.11602e-9  -1.96816e-8  -2.42695e-8  -2.6545e-8  -2.82843e-8  -2.43783e-8  3.38818e-8  -1.47504e-8  -4.11953e-9  -1.21667e-8  -2.64291e-9  3.12968e-9  -9.61368e-9  8.97827e-9  3.15901e-9  -9.20207e-9  4.72327e-9  -6.25644e-9  5.79689e-9  -7.38997e-9  -3.14973e-9  1.92636e-10  -1.37647e-8  -4.73015e-9  -2.70194e-8  -2.3192e-8  -6.17766e-9  -1.11669e-8  -5.82946e-9  -1.33746e-8  -8.12154e-9  -2.96339e-8  -5.61049e-9  -8.75746e-9  -2.08781e-8  -1.34615e-8  -5.57723e-9  -2.61653e-8  -3.48792e-8  -3.18421e-8  -5.59765e-9  -2.15647e-8  -2.77138e-8  -3.21197e-9  -1.65746e-8  -2.69714e-8  -1.22095e-8  -2.41126e-8  -3.03015e-8  -2.41838e-8  -1.53181e-8  -8.68291e-9  -1.42983e-8  -4.59267e-8  -7.04531e-9  -3.60578e-8  -1.7103e-8  -1.36528e-8  -2.09258e-8  -7.26467e-9  -2.87687e-8  -5.29437e-9  -4.07754e-8  1.39261e-8  -2.03128e-8  -3.63721e-9  -3.88952e-8  1.81024e-8  -3.51444e-8  -6.46708e-9  -1.04532e-8  -3.20265e-8  -3.47919e-8  -1.48737e-8  -1.78716e-8  -1.71476e-8  -1.71653e-8  -2.31665e-8  -5.46121e-9  -5.01522e-8  -5.19022e-8  3.89913e-9  -2.74832e-8  -8.14832e-9  -1.44542e-8  -2.91281e-8  -1.66167e-8  1.00203e-9  -2.09533e-9  -2.25082e-8  -1.38762e-8  -3.92633e-8  -3.73317e-8  -3.25851e-8  -1.85409e-8  2.01409e-8  -2.61516e-8  2.52645e-9  -3.74332e-8  3.92432e-9  -1.24857e-8  -2.89275e-8  -1.51747e-8  -4.28065e-8  -4.0057e-8  -3.59283e-8  -1.11745e-8  -3.99393e-8  -1.62537e-8  -3.08149e-8  -2.44792e-8  -2.11929e-8  9.27446e-10  -3.72444e-8  2.67265e-9  -8.13348e-9  -2.19156e-9  -3.13873e-9  -1.21659e-8  2.37252e-9  -2.13853e-8  -1.66642e-8  -3.15301e-8  -3.61767e-8  1.75108e-9  -3.91522e-8  -1.8335e-8  -2.33941e-8  -2.24919e-8  -6.29755e-9  -2.26105e-8  -3.9448e-8  -1.8497e-8  -4.55646e-8  -1.04158e-8  5.75342e-9  -1.21569e-8  -4.47361e-8  -1.36801e-8  -2.05404e-8  7.8468e-10  -1.73477e-8  -3.83727e-8  -2.64681e-8  -2.53115e-8  -1.06623e-8  -2.52684e-8  8.53963e-10  -3.25803e-8  -2.34899e-8  -2.19553e-8  -1.80702e-8  -1.70445e-10  -3.50557e-8  -1.69684e-8  -5.06499e-8  -2.8374e-8  -4.35637e-8  8.52914e-9  3.99834e-9  -3.46852e-8  -3.9633e-8  3.13981e-10  -1.14295e-8  -3.46442e-9  -3.87405e-8  -1.20275e-8  -7.61598e-9  2.92848e-9  -2.26567e-8  -2.94509e-8  2.96746e-8  -1.4644e-8  -2.76585e-8  -3.15665e-8  -3.58387e-8  -3.06816e-8  -1.47915e-8  -4.88481e-8  -1.22547e-8  -5.84563e-8  -3.43251e-8  -6.34464e-8  -6.45257e-8  -4.83005e-8  -3.41444e-8  -3.66246e-8  -4.71444e-8  -2.65842e-8  -5.47857e-8  -3.21774e-8  -4.05271e-8  -3.44448e-8  -3.87175e-8  -5.25157e-8  -7.7771e-8  -1.33353e-8  -6.969e-8  -4.41877e-8  -6.26982e-8  -4.41445e-8  -7.16101e-8  -8.51773e-8  -2.62729e-8  -2.02602e-8  -6.35431e-8  -5.3347e-8  -6.28302e-8  -2.92331e-8  -1.7317e-8  -4.58688e-8  -5.8972e-8  -3.87339e-8  -7.52779e-8  1.03506e-9  -2.68409e-8  -3.97793e-8  -2.62221e-8  -1.8856e-8  -2.6563e-8  -5.01274e-8  -6.40292e-8  -6.26225e-8  -5.52266e-8  -6.28217e-8  -6.76581e-8  -7.09573e-8  -5.00005e-8  -7.43153e-8  -5.00603e-8  -3.83482e-8  -4.95979e-8  -4.35453e-8  -6.2793e-8  -3.2282e-8  -6.72686e-8  -5.70998e-8  -5.17585e-8  -7.5543e-10  -7.13194e-8  -9.15807e-8  2.02464e-8  -6.45027e-8  -5.43651e-8  -0.000189969  -0.00105124  -0.0015407  -0.00230377
391 Eigenvalues converges, out of 500 requested.
Running with Naux = 500
read ../MA_best/Simulate_CWNO/CWNO_final_tilde.dat
Starting Davidson with n_aux = 500, l_buffer = 650, lc = 502, thresh = 0.0001, max_iter = 100
Iter 1: V_size = 125, Converged = 0, ‖r‖ (largest λ) = 0.3476552955684772
Iter 2: V_size = 250, Converged = 0, ‖r‖ (largest λ) = 0.0010956703913523216
Iter 3: V_size = 375, Converged = 5, ‖r‖ (largest λ) = 2.1326498313157177e-6
Iter 4: V_size = 500, Converged = 68, ‖r‖ (largest λ) = 4.342576950321632
Iter 5: V_size = 187, Converged = 126, ‖r‖ (largest λ) = 7.051146328829305e-6
Iter 6: V_size = 312, Converged = 126, ‖r‖ (largest λ) = 3.6800747424761866
Iter 7: V_size = 437, Converged = 126, ‖r‖ (largest λ) = 0.03730073205414701
Iter 8: V_size = 250, Converged = 126, ‖r‖ (largest λ) = 0.006847258499577983
Iter 9: V_size = 375, Converged = 126, ‖r‖ (largest λ) = 0.001357521096928218
Iter 10: V_size = 500, Converged = 126, ‖r‖ (largest λ) = 0.00022458674730417482
Iter 11: V_size = 250, Converged = 141, ‖r‖ (largest λ) = 4.327196986384436e-5
Iter 12: V_size = 375, Converged = 166, ‖r‖ (largest λ) = 1.9527969458491292
Iter 13: V_size = 500, Converged = 182, ‖r‖ (largest λ) = 2.8672075407103708
Iter 14: V_size = 234, Converged = 226, ‖r‖ (largest λ) = 6.585720536546444e-6
Iter 15: V_size = 359, Converged = 226, ‖r‖ (largest λ) = 2.42034653938666
Iter 16: V_size = 484, Converged = 238, ‖r‖ (largest λ) = 2.4126108137658773e-5
Iter 17: V_size = 238, Converged = 242, ‖r‖ (largest λ) = 4.810847946714169e-5
Iter 18: V_size = 363, Converged = 245, ‖r‖ (largest λ) = 1.0158841756688688
Iter 19: V_size = 488, Converged = 247, ‖r‖ (largest λ) = 0.8655910298942772
Iter 20: V_size = 248, Converged = 248, ‖r‖ (largest λ) = 3.539863914384094e-5
Iter 21: V_size = 373, Converged = 252, ‖r‖ (largest λ) = 0.882823373556631
Iter 22: V_size = 498, Converged = 261, ‖r‖ (largest λ) = 1.328659567257864
Iter 23: V_size = 241, Converged = 275, ‖r‖ (largest λ) = 4.5098974985493065e-5
Iter 24: V_size = 366, Converged = 278, ‖r‖ (largest λ) = 1.4281411209375632
Iter 25: V_size = 491, Converged = 302, ‖r‖ (largest λ) = 0.6957161586252721
Iter 26: V_size = 226, Converged = 316, ‖r‖ (largest λ) = 6.324467868143968e-5
Iter 27: V_size = 351, Converged = 322, ‖r‖ (largest λ) = 1.863928113536428
Iter 28: V_size = 476, Converged = 338, ‖r‖ (largest λ) = 1.2318825312854595
Iter 29: V_size = 234, Converged = 346, ‖r‖ (largest λ) = 5.9384795160896105e-5
Iter 30: V_size = 359, Converged = 352, ‖r‖ (largest λ) = 0.8898750855236125
Iter 31: V_size = 484, Converged = 358, ‖r‖ (largest λ) = 1.1503740858297775
Iter 32: V_size = 244, Converged = 366, ‖r‖ (largest λ) = 0.00013379132055369824
Iter 33: V_size = 369, Converged = 366, ‖r‖ (largest λ) = 0.7087220635051253
Iter 34: V_size = 494, Converged = 372, ‖r‖ (largest λ) = 7.239423755273913e-5
Iter 35: V_size = 244, Converged = 374, ‖r‖ (largest λ) = 0.00010009634118588836
Iter 36: V_size = 369, Converged = 383, ‖r‖ (largest λ) = 0.7709283967619436
Iter 37: V_size = 494, Converged = 387, ‖r‖ (largest λ) = 1.0305081850640405
Iter 38: V_size = 246, Converged = 406, ‖r‖ (largest λ) = 6.508154287143882e-5
Iter 39: V_size = 371, Converged = 406, ‖r‖ (largest λ) = 1.0023991226888151
Iter 40: V_size = 496, Converged = 420, ‖r‖ (largest λ) = 5.444439110731796e-5
Iter 41: V_size = 236, Converged = 433, ‖r‖ (largest λ) = 6.066665035328977e-5
Iter 42: V_size = 361, Converged = 436, ‖r‖ (largest λ) = 1.025924864432302
Iter 43: V_size = 486, Converged = 449, ‖r‖ (largest λ) = 0.630976028496933
Iter 44: V_size = 237, Converged = 456, ‖r‖ (largest λ) = 8.584996365409917e-5
Iter 45: V_size = 362, Converged = 462, ‖r‖ (largest λ) = 0.6526727937681979
Iter 46: V_size = 487, Converged = 462, ‖r‖ (largest λ) = 0.8127630332710261
Iter 47: V_size = 250, Converged = 477, ‖r‖ (largest λ) = 7.157874438386858e-5
Iter 48: V_size = 375, Converged = 479, ‖r‖ (largest λ) = 1.5396459126521096
Iter 49: V_size = 500, Converged = 486, ‖r‖ (largest λ) = 0.4521507559045897
Iter 50: V_size = 243, Converged = 493, ‖r‖ (largest λ) = 8.417464725295502e-5
Iter 51: V_size = 368, Converged = 494, ‖r‖ (largest λ) = 0.67361940257158
Iter 52: V_size = 493, Converged = 501, ‖r‖ (largest λ) = 0.3659563931956468
Converged all required eigenvalues (cluster-aware). Iter = 53
1359.021352 seconds (84.86 M allocations: 3.775 TiB, 0.89% gc time)
Number of FLOPs: 47839352777027

Reading exact Eigenvalues...
Reading eigenvalues from ../MA_best/Simulate_CWNO/CWNO_final_tilde_results.jld2

Compute the difference between computed and exact eigenvalues:
1×500 adjoint(::Vector{Float64}) with eltype Float64:
 -4.12115e-13  -1.47274e-10  -1.32307e-10  -9.7673e-11  -8.58171e-10  -2.3026e-12  -2.5282e-12  -8.76632e-13  -1.02363e-12  -8.71303e-13  -2.19202e-12  -1.96021e-12  -2.03393e-12  -3.61711e-12  -4.59126e-11  -4.20544e-11  -3.2812e-11  -6.22635e-11  -7.21525e-11  -1.10886e-10  -8.7897e-11  -1.02706e-10  -5.9273e-11  -8.24549e-11  -8.31917e-11  -7.11922e-11  -2.99622e-10  -3.06711e-10  -1.7673e-10  -1.28475e-10  -4.20786e-10  -3.06045e-10  -9.13713e-10  -9.43423e-10  -2.33367e-10  -4.62562e-10  -1.40701e-9  -1.22574e-9  -5.8399e-10  -7.05846e-10  -7.79828e-10  -5.72302e-10  -6.99272e-10  -8.86531e-10  -1.13732e-9  -2.30486e-9  -2.44102e-9  -2.62675e-9  -2.07834e-9  -9.87909e-10  -1.44672e-9  -1.21804e-9  -8.28882e-9  -9.14536e-9  -7.23748e-9  -6.85838e-9  -4.04868e-9  -7.43618e-9  -8.13001e-9  -7.98744e-9  -3.5393e-9  -5.50716e-9  -4.9928e-9  -5.54488e-11  -9.76923e-11  -7.72733e-11  -1.22224e-10  -9.26983e-11  -8.399e-9  -7.1896e-9  -6.73165e-9  -1.19826e-10  -1.03751e-10  -1.88188e-10  -9.61119e-9  -9.43159e-9  -3.05313e-10  -3.88416e-10  -3.32897e-10  -3.99732e-10  -3.78132e-10  -1.44673e-10  -2.86468e-10  -4.72309e-10  -3.5245e-10  -3.0021e-10  -4.37325e-10  -4.66113e-10  -4.17635e-10  -3.52558e-10  -3.87481e-10  -3.15935e-10  -4.14662e-11  -7.22375e-10  -9.15757e-10  -7.11245e-10  -2.12884e-10  -1.20773e-9  -1.38636e-9  -4.07412e-10  -6.74668e-10  -9.84559e-10  -8.19041e-10  -1.11236e-9  -1.02814e-9  -1.35317e-9  -1.06258e-9  -8.92e-10  -1.826e-9  -2.00243e-9  -2.49595e-9  -1.34691e-9  -2.56054e-9  -2.98188e-9  -2.80541e-9  -6.28242e-9  -5.69219e-9  -1.82221e-9  -3.6409e-9  -2.63772e-9  -2.41844e-9  -1.24794e-8  -1.11125e-8  -3.14115e-9  -7.45556e-9  -1.11767e-8  -4.1737e-9  -1.08327e-8  -7.03457e-9  -7.29943e-9  -2.51206e-11  -1.88983e-8  -1.05169e-9  -6.8751e-9  -1.20209e-8  -4.47725e-9  -1.79956e-8  -1.07267e-8  -1.71107e-8  -2.21006e-8  -1.48012e-9  -1.44815e-8  -1.60112e-9  -3.07805e-11  -2.46213e-8  -1.97265e-9  -2.13667e-9  -3.7181e-9  -2.02305e-9  -1.8924e-10  -1.00446e-10  -3.42747e-10  -6.91635e-9  -4.55244e-9  -3.66304e-9  -8.50052e-9  -9.28786e-9  -7.0015e-11  -2.41391e-8  -2.07904e-8  -8.06385e-9  -5.86102e-9  -2.13246e-8  -1.1666e-8  -1.76455e-8  -1.62881e-8  -2.1839e-9  -1.29177e-8  -1.40793e-10  -6.60102e-10  -9.26317e-11  -1.36694e-10  -1.76094e-10  -1.13238e-10  -2.11709e-8  -2.3563e-8  -6.19563e-9  -4.70879e-9  -6.59991e-9  -4.06954e-9  -8.03514e-9  -2.86641e-9  -2.04081e-8  -6.20602e-10  -2.49787e-8  -7.26884e-10  -3.57289e-8  -8.47297e-10  -1.73969e-9  -1.43955e-10  -9.20185e-10  -1.66594e-9  -4.13676e-9  -1.34182e-8  -2.15867e-9  -1.12239e-8  -1.14873e-9  -1.71503e-9  -1.07236e-9  -5.61535e-10  -1.52231e-9  -2.74973e-9  -2.35462e-9  -8.40018e-9  -1.90811e-9  -6.1824e-9  -1.29093e-8  -7.18933e-9  -6.03534e-9  -5.96291e-9  -8.3584e-9  -3.08914e-9  -4.23685e-9  -9.67459e-9  -1.41545e-8  -1.32019e-8  -1.04285e-8  -2.93555e-8  -4.60521e-8  -3.31429e-8  -2.65906e-9  -5.26006e-8  -3.82642e-8  -9.71698e-9  -2.93875e-8  -2.32885e-8  -5.0403e-9  -2.91166e-8  -3.9362e-8  -1.456e-8  -1.18714e-8  -7.34274e-9  -3.34229e-8  -5.06648e-8  -1.81907e-8  -4.41852e-8  -1.0483e-8  -3.52946e-8  -4.782e-8  -1.76604e-8  -3.29014e-8  -4.2233e-8  -1.51718e-8  -1.6005e-8  -1.29172e-8  -2.01311e-8  -1.49866e-8  -4.1114e-9  -1.16124e-8  -3.32309e-8  -1.41866e-8  1.94481e-9  1.82528e-9  1.06112e-8  2.06039e-9  5.00555e-9  4.14238e-9  7.0117e-9  1.55769e-9  -1.25017e-10  1.04179e-8  -3.43136e-9  -2.612e-8  4.71595e-9  -1.49316e-8  1.93252e-9  -7.76142e-10  -3.1044e-8  -1.56926e-8  2.56528e-9  -9.15072e-9  8.42161e-9  -6.94352e-9  2.29933e-8  -3.53265e-8  -9.86978e-9  1.60875e-9  -3.93744e-8  2.41966e-9  -5.14044e-9  -7.06718e-9  -4.22704e-9  -1.76825e-9  -8.66482e-9  -3.26121e-10  -8.35197e-9  -1.99698e-8  -6.20385e-9  -1.21945e-8  -1.06405e-8  4.25644e-9  -1.46432e-8  -2.55845e-8  -1.66735e-8  -2.64395e-8  -2.76993e-8  -2.90749e-8  -3.23032e-8  -3.30342e-8  -1.72016e-8  -6.09135e-9  -9.27658e-9  -6.05094e-9  -4.75196e-8  -9.38846e-9  -1.92652e-8  -1.37151e-8  -5.74098e-8  -2.04695e-8  -2.50689e-8  -2.39989e-8  -1.11518e-8  -3.23016e-8  -5.3241e-8  -1.48064e-8  -1.54623e-8  -3.24647e-8  -2.84095e-9  -4.71721e-8  -1.1399e-8  -1.12764e-8  -1.42477e-8  -3.21122e-8  -4.55635e-8  -7.74181e-9  -4.1902e-8  -1.70886e-8  -1.48709e-8  -2.81553e-8  -2.29538e-8  -3.17462e-8  -3.02641e-8  -7.52567e-8  -5.86884e-8  -7.03123e-8  -7.13504e-8  -4.35248e-8  -2.00285e-8  -6.27167e-8  -6.9685e-8  -6.93337e-8  -6.25335e-8  -3.26637e-8  -2.07288e-8  -3.32437e-8  -3.28439e-8  -7.92157e-8  -4.25302e-8  -4.04877e-8  -1.41811e-8  -5.16736e-8  -4.22553e-8  -4.27951e-8  -3.49161e-8  -2.04736e-8  -6.14527e-8  -2.48642e-8  3.46084e-8  -1.80918e-8  -6.02019e-8  -1.61188e-8  -1.45176e-8  -5.95506e-8  -6.73949e-8  -1.71502e-8  -2.25297e-8  -4.31571e-8  -1.86584e-8  -3.04954e-8  -4.10521e-8  -2.7403e-8  -5.28837e-8  2.6869e-9  -2.39362e-8  -3.13194e-8  -2.81256e-8  2.77051e-9  -1.4938e-8  -3.02688e-8  -5.10137e-8  -1.02159e-8  3.09983e-9  -1.9023e-8  1.78531e-8  1.72223e-8  -4.24018e-8  -2.76098e-8  4.64101e-9  -1.33519e-8  7.21908e-9  8.52035e-9  -6.90615e-9  1.2528e-8  -4.0108e-9  3.45897e-9  3.99443e-9  -6.48331e-8  -1.53487e-8  -4.40848e-8  -1.83735e-8  -4.25892e-8  1.87531e-8  -5.51572e-8  -5.58323e-8  -2.60005e-8  -6.61289e-8  1.48544e-8  8.38002e-9  8.66386e-9  1.59394e-8  -5.55324e-8  1.95137e-9  -4.25904e-8  -1.42017e-8  -3.74811e-8  -3.91833e-9  -8.79188e-9  -7.63943e-8  -3.24966e-8  5.39001e-9  -6.41234e-8  -1.53184e-8  -2.047e-8  -7.46742e-8  -4.31051e-8  -2.32308e-8  -4.69007e-8  -5.53863e-8  -3.22335e-8  -4.43108e-8  -3.97329e-8  4.59918e-9  -6.06343e-8  5.7507e-9  4.67729e-10  -1.78056e-8  -2.92171e-8  -1.17658e-10  -7.33612e-8  -5.22455e-8  -4.07454e-8  -2.02565e-8  -5.20877e-9  -1.36629e-8  -2.31383e-8  -2.79721e-8  -4.74476e-8  -2.28844e-8  -2.63986e-8  -5.49905e-8  -3.32525e-8  -3.97444e-8  -4.58003e-8  -3.62301e-8  -1.12524e-8  -6.80474e-8  -1.95597e-8  -4.17333e-8  -2.17269e-8  -4.12014e-8  -4.85018e-8  -5.72452e-8  -1.45763e-8  -4.26095e-10  -1.04753e-8  -8.55344e-9  -5.39454e-9  -4.55051e-8  -1.31948e-8  -2.94415e-8  -2.35323e-8  -4.04719e-8  -2.55242e-8  -2.75627e-8  -3.60456e-8  -4.28856e-8  -9.32541e-8  -2.57713e-8  -2.58653e-9  -1.95189e-9  -1.11082e-8  -5.08501e-8  5.10087e-9  -1.45602e-8  -1.16762e-8  2.77245e-9  -4.94925e-8  -6.02856e-8  -1.98183e-8  -2.80725e-8  1.76855e-9  -3.37778e-8  -1.59954e-8  -6.1832e-8  3.19948e-8  4.40406e-8  3.8394e-8  1.86039e-8  3.57004e-8  3.11161e-8
500 Eigenvalues converges, out of 500 requested.
Running with Naux = 1000
read ../MA_best/Simulate_CWNO/CWNO_final_tilde.dat
Starting Davidson with n_aux = 1000, l_buffer = 650, lc = 502, thresh = 0.0001, max_iter = 100
Iter 1: V_size = 250, Converged = 0, ‖r‖ (largest λ) = 0.12036468756846049
Iter 2: V_size = 500, Converged = 0, ‖r‖ (largest λ) = 0.00019567379869197472
Iter 3: V_size = 750, Converged = 40, ‖r‖ (largest λ) = 2.40741195774747e-7
Iter 4: V_size = 1000, Converged = 237, ‖r‖ (largest λ) = 3.2904644192551964
Iter 5: V_size = 303, Converged = 259, ‖r‖ (largest λ) = 1.1726819696148866e-5
Iter 6: V_size = 553, Converged = 259, ‖r‖ (largest λ) = 1.632706346012319
Iter 7: V_size = 803, Converged = 259, ‖r‖ (largest λ) = 0.019494616417458675
Iter 8: V_size = 500, Converged = 259, ‖r‖ (largest λ) = 0.01479886408868891
Iter 9: V_size = 750, Converged = 259, ‖r‖ (largest λ) = 0.0031074094469486467
Iter 10: V_size = 1000, Converged = 260, ‖r‖ (largest λ) = 0.00021689540415226313
Iter 11: V_size = 499, Converged = 396, ‖r‖ (largest λ) = 2.5802082562979563e-5
Iter 12: V_size = 749, Converged = 398, ‖r‖ (largest λ) = 3.8001880327351363
Iter 13: V_size = 999, Converged = 496, ‖r‖ (largest λ) = 3.820511800111326e-6
Converged all required eigenvalues (cluster-aware). Iter = 14
864.938644 seconds (31.20 M allocations: 1.424 TiB, 0.77% gc time)
Number of FLOPs: 23648058281582

Reading exact Eigenvalues...
Reading eigenvalues from ../MA_best/Simulate_CWNO/CWNO_final_tilde_results.jld2

Compute the difference between computed and exact eigenvalues:
1×500 adjoint(::Vector{Float64}) with eltype Float64:
 -1.77636e-15  -3.85469e-13  -3.32179e-13  -3.85469e-13  -6.11333e-12  -5.2562e-11  -5.56044e-11  -3.06439e-11  -5.27685e-11  -5.62341e-11  -1.00662e-10  -1.09594e-10  -1.04134e-10  -1.57451e-10  -6.34134e-10  -6.91248e-10  -4.74961e-10  -1.27567e-9  -1.18157e-9  -1.51334e-9  -1.41995e-9  -1.41383e-9  -1.26448e-9  -1.09472e-9  -1.23336e-9  -1.40043e-9  -2.83223e-9  -2.99864e-9  -2.70735e-9  -2.11339e-9  -4.53526e-9  -4.37154e-9  -8.6775e-13  -8.25784e-13  -2.18158e-9  -6.52329e-9  -9.13047e-13  -7.34524e-13  -5.67737e-9  -8.93952e-13  -8.57758e-13  -6.53179e-9  -6.29146e-9  -1.21259e-12  -9.86544e-13  -1.91824e-12  -3.00693e-12  -3.62266e-12  -1.7788e-12  -6.31037e-9  -5.7747e-9  -8.20233e-13  -3.45191e-12  -3.60112e-12  -4.25882e-12  -4.09672e-12  -7.89124e-12  -7.67675e-12  -7.64766e-12  -5.13078e-12  -5.8713e-12  -5.48828e-12  -4.71179e-12  -1.3209e-11  -1.13705e-11  -1.23097e-11  -2.22298e-11  -1.8302e-11  -1.08218e-11  -1.1501e-11  -4.16533e-12  -1.96183e-11  -1.57671e-11  -2.53982e-11  -1.51787e-11  -1.53237e-11  -3.83729e-11  -4.41348e-11  -3.27632e-11  -3.17616e-11  -2.45217e-11  -2.21001e-11  -2.07463e-11  -2.12661e-11  -3.27948e-11  -3.81793e-11  -4.15057e-11  -4.654e-11  -6.081e-11  -5.48329e-11  -2.73898e-11  -3.2096e-11  -8.90143e-9  -9.54189e-11  -4.92381e-11  -5.21833e-11  -3.51421e-11  -1.44275e-10  -1.49408e-10  -4.57162e-11  -3.87823e-11  -4.71508e-11  -8.97974e-11  -1.25165e-10  -1.39904e-10  -1.31862e-10  -5.97213e-11  -6.02006e-11  -1.36744e-10  -1.35392e-10  -1.29479e-10  -1.45283e-10  -1.95636e-10  -2.05277e-10  -1.48507e-10  -3.21727e-10  -2.71015e-10  -1.15407e-10  -4.92563e-10  -1.33348e-10  -1.13047e-10  -5.83389e-10  -4.79501e-10  -2.79295e-10  -4.43178e-10  -4.21867e-10  -4.48316e-10  -4.24592e-10  -3.16498e-10  -3.28523e-10  -2.30376e-10  -2.67614e-10  -6.27851e-10  -3.50487e-10  -2.95037e-10  -9.44048e-10  -7.44588e-10  -7.85573e-10  -7.3886e-10  -8.57618e-10  -7.55986e-10  -7.89304e-10  -7.86564e-10  -1.27984e-10  -2.83979e-10  -3.29261e-10  -3.78668e-10  -1.41641e-9  -5.8699e-10  -8.49127e-10  -9.14737e-10  -1.26835e-9  -1.72333e-9  -1.81331e-9  -1.84498e-9  -1.77879e-9  -1.66774e-9  -1.6411e-9  -1.59835e-9  -1.22071e-9  -2.35861e-9  -1.96525e-9  -1.66224e-9  -1.53122e-9  -1.92539e-9  -1.15946e-9  -2.74987e-9  -3.11205e-9  -1.65488e-9  -2.30873e-9  -2.65963e-9  -2.94049e-9  -3.02968e-9  -3.46215e-9  -7.73363e-10  -3.34595e-9  -3.9241e-9  -4.3353e-9  -4.04719e-9  -3.7654e-9  -3.6056e-9  -3.41088e-9  -4.33017e-9  -2.07612e-9  -3.41812e-9  -3.95212e-9  -2.92926e-9  -2.21946e-9  -5.46887e-9  -4.88424e-9  -4.17538e-9  -3.42364e-9  -1.30645e-9  -5.45924e-9  -6.56494e-9  -6.30689e-9  -5.42903e-9  -4.85758e-9  -4.46651e-9  -8.81887e-9  -4.78083e-9  -4.9607e-9  -4.17247e-9  -3.78958e-9  -4.04301e-9  -6.58397e-9  -1.10771e-8  -1.64282e-8  -1.52142e-8  -2.06565e-8  -1.92625e-8  -1.07002e-8  -7.49609e-9  -6.97417e-9  -1.42891e-8  -1.66298e-8  -7.48048e-9  -2.5436e-8  -7.42115e-9  -7.48897e-9  -1.18974e-8  -8.56125e-9  -1.04135e-8  -1.2117e-8  -4.03465e-10  -1.28324e-8  -1.29218e-8  -9.49623e-9  -1.2866e-8  -7.34476e-9  -8.40627e-9  -1.54624e-8  -9.61103e-11  -7.07607e-9  -9.98777e-11  -6.95223e-10  -5.59532e-10  -1.61426e-10  -9.57012e-9  -3.29655e-10  -1.47657e-8  -1.78477e-8  -1.77005e-9  -4.4201e-10  -5.02839e-10  -4.84024e-10  -2.82975e-10  -1.88613e-8  -4.03484e-10  -4.12114e-10  -1.03471e-9  -5.91295e-10  -5.74875e-10  -6.43855e-10  -8.87532e-10  -1.08028e-9  -1.10564e-9  -9.26253e-10  -8.75401e-10  -2.28967e-9  -5.7889e-10  -7.54603e-10  -1.55527e-9  -1.95827e-9  -2.22909e-9  -1.55331e-9  -9.95217e-10  -1.42067e-9  -1.42842e-9  -1.93467e-9  -1.30152e-9  -2.7843e-9  -3.09315e-8  -3.72089e-9  -3.24424e-9  -5.9811e-9  -2.79512e-9  -4.74939e-9  -4.63703e-9  -4.85313e-9  -2.5425e-9  -2.30318e-9  -2.59751e-9  -4.25136e-9  -2.00848e-9  -2.26832e-9  -6.16674e-9  -4.27596e-9  -2.74567e-9  -5.26877e-9  -1.03315e-8  -1.04952e-8  -3.49041e-9  -1.2166e-8  -1.77059e-8  -1.19121e-8  -7.63715e-9  -4.33776e-9  -6.69582e-9  -5.85011e-9  -9.61961e-9  -1.84665e-8  -1.1577e-8  -8.03768e-9  -1.3911e-8  -4.70233e-9  -9.47289e-9  -1.29118e-8  -1.2964e-8  -1.01274e-8  -6.07615e-9  -9.3282e-9  -1.06512e-8  -1.2209e-8  -2.97399e-8  -3.64463e-8  -4.99264e-9  -1.15373e-8  -1.09191e-8  -3.45932e-8  -3.03669e-8  -1.42184e-8  -3.75035e-8  -1.74802e-8  -5.50164e-9  -7.94911e-9  -2.06202e-8  -3.27047e-8  -3.03741e-8  -3.28838e-8  -2.79137e-8  -4.02493e-8  -6.87944e-9  -3.78933e-8  -2.12999e-8  -2.43259e-8  -4.0269e-8  -3.89067e-8  -2.47435e-8  -3.85993e-8  -1.95003e-9  -2.5846e-8  -2.44628e-8  -1.59125e-8  -3.25666e-8  -4.23364e-8  -2.69034e-8  -1.95538e-9  -3.07804e-8  -4.82342e-8  -5.03946e-8  -5.45345e-11  -1.08313e-10  -1.61742e-8  -5.28392e-11  -6.66323e-11  -1.93557e-8  -1.60279e-10  -5.11144e-8  -4.13875e-8  -3.17786e-8  -2.9415e-8  -2.47588e-8  -4.1547e-8  -3.25089e-8  -4.41371e-8  -4.1278e-8  -5.88343e-11  -3.46453e-8  -9.06422e-11  -5.86602e-8  -6.68448e-11  -1.2745e-10  -1.27747e-10  -5.64397e-8  -1.17101e-12  -3.81422e-8  -3.03414e-8  -5.19267e-8  -5.79221e-8  -5.41078e-8  -1.85828e-8  -2.5405e-10  -5.22146e-8  -4.02211e-8  -6.16777e-8  -1.52669e-10  -1.3893e-10  -6.70183e-8  -1.88261e-10  -4.32676e-10  -6.01811e-8  -1.67664e-10  -3.07349e-10  -4.91861e-10  -2.28379e-10  -5.82224e-8  -6.38607e-8  -4.37868e-10  -1.89744e-10  -2.42837e-10  -2.10323e-10  -5.60899e-8  -1.23723e-11  -2.30229e-11  -1.86793e-10  -1.44341e-11  -7.03329e-8  -2.93598e-10  -5.09313e-10  -6.14695e-8  -3.40302e-10  -4.05539e-10  -3.67723e-10  -2.24162e-8  -5.47767e-10  -6.83106e-10  -3.77518e-10  -3.91753e-10  -2.64075e-8  -4.84881e-10  -1.17788e-9  -9.11632e-10  -7.0675e-10  -5.48432e-8  -6.6512e-8  -6.55857e-10  -7.91689e-10  -5.30062e-10  -4.55226e-10  -8.20952e-10  -9.68098e-10  -6.12098e-10  -6.70862e-8  -8.58357e-10  -7.58321e-8  -7.09741e-8  -4.82493e-8  -1.53973e-9  -1.48519e-9  -4.53302e-8  -3.14466e-9  -2.87391e-9  -1.10145e-9  -2.81969e-9  -1.41769e-9  -1.55264e-9  -9.39995e-10  -5.92212e-8  -3.8702e-8  -4.58105e-8  -2.5131e-9  -1.31122e-9  -8.14336e-8  -8.1395e-8  -1.75123e-9  -1.33902e-9  -9.46625e-8  -3.0977e-9  -2.08644e-9  -2.3935e-9  -1.15355e-9  -9.64264e-8  -1.36234e-9  -2.33825e-9  -3.13643e-9  -1.52984e-9  -3.62798e-9  -2.66054e-9  -1.74275e-9  -4.49225e-9  -1.70705e-9  -9.04947e-8  -3.3494e-9  -5.4575e-9  -6.29747e-9  -7.10812e-9  -4.15261e-9  -6.01598e-9  -9.92541e-9  -5.00732e-9  -4.74138e-9  -1.4614e-8  -9.86944e-9  -4.2612e-9  -3.74218e-8  -1.65606e-8  -8.10117e-9  -1.24063e-8  -3.19848e-8  -4.23825e-8  -6.62879e-9  -1.28601e-8  -5.62457e-9  -1.45673e-8  -2.29938e-8  -2.91176e-8  -6.26778e-8  -1.03812e-7  -6.52963e-8
500 Eigenvalues converges, out of 500 requested.
Running with Naux = 1500
read ../MA_best/Simulate_CWNO/CWNO_final_tilde.dat
Starting Davidson with n_aux = 1500, l_buffer = 650, lc = 502, thresh = 0.0001, max_iter = 100
Iter 1: V_size = 375, Converged = 0, ‖r‖ (largest λ) = 0.05583705521267697
Iter 2: V_size = 750, Converged = 1, ‖r‖ (largest λ) = 6.12151402412484e-5
Iter 3: V_size = 1125, Converged = 132, ‖r‖ (largest λ) = 2.3872700396856614e-7
Iter 4: V_size = 1500, Converged = 386, ‖r‖ (largest λ) = 3.546586771080346
Iter 5: V_size = 496, Converged = 404, ‖r‖ (largest λ) = 1.8868660734562695e-7
Iter 6: V_size = 760, Converged = 404, ‖r‖ (largest λ) = 1.4275585010149896
Iter 7: V_size = 1006, Converged = 404, ‖r‖ (largest λ) = 0.02235291044399651
Iter 8: V_size = 1252, Converged = 404, ‖r‖ (largest λ) = 0.010701952156378338
Iter 9: V_size = 1498, Converged = 404, ‖r‖ (largest λ) = 0.004586680233525965
Iter 10: V_size = 492, Converged = 404, ‖r‖ (largest λ) = 0.0012286005687087125
Iter 11: V_size = 738, Converged = 404, ‖r‖ (largest λ) = 0.0005473139634643597
Iter 12: V_size = 984, Converged = 456, ‖r‖ (largest λ) = 4.160253356667454e-5
Iter 13: V_size = 1230, Converged = 459, ‖r‖ (largest λ) = 2.3026194158768813
Iter 14: V_size = 1424, Converged = 497, ‖r‖ (largest λ) = 0.5505320179287035
Converged all required eigenvalues (cluster-aware). Iter = 15
1577.023413 seconds (67.63 M allocations: 3.011 TiB, 0.73% gc time)
Number of FLOPs: 35139490479820

Reading exact Eigenvalues...
Reading eigenvalues from ../MA_best/Simulate_CWNO/CWNO_final_tilde_results.jld2

Compute the difference between computed and exact eigenvalues:
1×500 adjoint(::Vector{Float64}) with eltype Float64:
 -3.42053e-10  -3.55271e-15  8.88178e-15  -8.88178e-15  -1.03029e-13  -9.73888e-13  -9.22817e-13  -8.75744e-13  -8.3844e-13  -6.96332e-13  -1.50679e-12  -1.93179e-12  -1.83764e-12  -2.61657e-12  -1.13665e-11  -1.13309e-11  -1.45266e-11  -1.95977e-11  -1.78222e-11  -2.92357e-11  -2.97058e-11  -3.62232e-11  -1.46245e-11  -2.13509e-11  -1.71427e-11  -2.14633e-11  -4.11451e-11  -4.44742e-11  -5.28617e-11  -4.54687e-11  -8.18343e-11  -7.33906e-11  -1.42617e-10  -1.4025e-10  -7.15847e-11  -7.91505e-11  -1.58044e-10  -1.86426e-10  -1.13555e-10  -1.38266e-10  -1.33971e-10  -1.0065e-10  -1.00459e-10  -1.93669e-10  -2.56556e-10  -3.13818e-10  -4.44055e-10  -3.95872e-10  -4.10897e-10  -1.41245e-10  -1.63658e-10  -1.51568e-10  -4.80055e-10  -4.74523e-10  -5.36862e-10  -5.56967e-10  -6.03507e-10  -7.44084e-10  -9.29188e-10  -9.53665e-10  -7.7614e-10  -5.26607e-10  -5.57713e-10  -1.71732e-9  -1.16827e-9  -1.10873e-9  -1.64131e-9  -1.86813e-9  -9.66093e-10  -1.22087e-9  -5.18886e-10  -1.43818e-9  -1.49589e-9  -2.22543e-9  -1.27406e-9  -1.25978e-9  -3.33457e-9  -3.37591e-9  -2.9163e-9  -2.60249e-9  -4.07796e-9  -1.37743e-9  -1.7831e-9  -1.53076e-9  -2.95554e-9  -2.9566e-9  -3.86241e-9  -3.15339e-9  -4.11377e-9  -4.05161e-9  -2.50614e-9  -2.34699e-9  -2.36402e-10  -6.42663e-9  -3.90944e-9  -4.35694e-9  -3.07376e-9  -9.06228e-9  -9.60895e-9  -2.81732e-9  -3.08834e-9  -2.95948e-9  -4.36107e-9  -6.30359e-9  -6.04462e-9  -8.47439e-9  -3.82246e-9  -4.19556e-9  -1.19165e-8  -7.80612e-9  -7.9677e-9  -7.52364e-9  -7.83426e-9  -7.79378e-9  -1.10705e-8  -1.35218e-8  -1.24984e-8  -6.42511e-9  -1.47928e-8  -6.23504e-9  -5.42745e-9  -4.70435e-12  -5.25791e-12  -3.70159e-12  -4.54148e-12  -4.13358e-12  -5.30098e-12  -1.22907e-8  -1.44156e-8  -1.23972e-8  -1.23763e-8  -1.30311e-8  -7.24987e-12  -1.17667e-8  -1.21597e-8  -7.73803e-12  -9.52383e-12  -8.89144e-12  -7.96019e-12  -1.01665e-11  -1.08122e-11  -8.48366e-12  -8.17246e-12  -4.64779e-9  -1.40442e-8  -1.19408e-8  -1.26344e-8  -1.59538e-11  -6.01996e-12  -1.01898e-11  -1.04078e-11  -1.24898e-11  -1.83084e-11  -1.93663e-11  -1.98624e-11  -1.98558e-11  -1.87369e-11  -1.56704e-11  -1.78064e-11  -1.02038e-11  -2.70878e-11  -2.11459e-11  -2.47981e-11  -1.40132e-11  -1.33851e-11  -1.4476e-11  -3.29261e-11  -2.91254e-11  -2.60855e-11  -5.29576e-14  -3.0432e-11  -3.54545e-11  -3.44527e-11  -3.58334e-11  -1.5987e-11  -4.69954e-11  -4.76069e-11  -5.59298e-11  -3.48143e-11  -3.40158e-11  -4.24338e-11  -4.23594e-11  -3.73721e-11  -3.13155e-11  -6.45745e-11  -6.74693e-11  -4.65938e-11  -2.24126e-11  -5.96257e-11  -6.27486e-11  -1.11022e-13  -4.90266e-11  -3.1652e-11  -5.27534e-11  -6.20728e-11  -6.35594e-11  -6.16149e-11  -5.7612e-11  -5.24379e-11  -8.7147e-11  -4.55967e-11  -4.01758e-11  -4.22478e-11  -6.21946e-11  -5.47978e-11  -9.64169e-11  -7.56947e-11  -1.64467e-10  -1.45228e-10  -1.43234e-10  -1.33572e-10  -1.45807e-10  -7.25087e-11  -6.96911e-11  -1.26076e-10  -1.64086e-10  -6.32535e-11  -2.99714e-10  -8.54719e-11  -7.1458e-11  -1.796e-10  -9.94034e-11  -1.06572e-10  -9.77541e-11  -2.31488e-10  -1.54276e-10  -1.63365e-10  -1.76271e-10  -1.67085e-10  -1.11506e-10  -1.15776e-10  -2.80619e-10  -7.30095e-11  -7.00161e-11  -7.66514e-11  -7.28252e-10  -6.62661e-10  -1.1992e-10  -1.18832e-10  -2.49153e-10  -2.70107e-10  -2.66523e-10  -2.2814e-11  -3.42296e-10  -3.26243e-10  -3.68109e-10  -2.86036e-10  -3.10586e-10  -4.20617e-10  -3.83896e-10  -5.17354e-10  -4.8617e-10  -5.39466e-10  -9.13825e-13  -4.07232e-10  -7.08909e-10  -6.37716e-10  -2.75136e-10  -2.51992e-10  -3.21782e-10  -5.44924e-10  -5.03866e-10  -5.29038e-10  -4.65789e-10  -4.2114e-10  -3.1862e-10  -4.63087e-10  -5.18367e-10  -6.69255e-10  -1.12019e-9  -7.46538e-10  -7.86539e-10  -2.08211e-9  -5.85611e-10  -5.18463e-10  -1.527e-10  -6.91884e-10  -8.32125e-10  -4.8287e-10  -5.33553e-10  -5.02278e-10  -1.26126e-9  -1.13159e-9  -6.61939e-10  -1.48122e-9  -1.49439e-9  -1.08931e-9  -1.3089e-9  -1.19256e-9  -1.24692e-9  -9.6839e-10  -1.09868e-9  -7.5949e-10  -8.26698e-10  -6.14893e-10  -6.9594e-10  -1.32314e-9  -1.32687e-9  -1.83071e-9  -1.67878e-9  -1.57375e-9  -3.89534e-10  -1.41351e-9  -1.70469e-11  -1.3833e-9  -1.25946e-9  -3.30877e-9  -3.67264e-9  -3.34459e-9  -2.57575e-9  -2.56656e-9  -2.62204e-9  -3.79327e-9  -3.38833e-9  -1.18111e-9  -1.15066e-9  -2.73467e-9  -2.17972e-9  -2.46683e-9  -1.2077e-9  -1.86394e-9  -3.11747e-9  -1.82148e-9  -1.63575e-9  -3.48537e-9  -3.35028e-9  -5.33146e-9  -5.58151e-9  -2.89038e-9  -2.51257e-9  -5.09117e-9  -4.97217e-9  -6.64826e-9  -5.65626e-9  -6.07548e-9  -5.35026e-9  -6.75403e-9  -6.58555e-9  -3.60006e-9  -4.74917e-9  -3.72097e-9  -3.27684e-9  -3.92062e-9  -6.10517e-11  -2.9999e-9  -7.8331e-9  -6.61393e-9  -4.22338e-9  -6.22308e-9  -5.45659e-9  -5.13594e-9  -5.15912e-9  -1.24154e-9  -7.99946e-9  -5.07833e-9  -5.68397e-9  -4.90154e-9  -1.28426e-9  -4.15561e-9  -4.03498e-9  -4.81117e-11  -5.31313e-9  -5.85439e-9  -8.17148e-9  -7.59698e-9  -8.84374e-9  -7.54547e-9  -8.62988e-9  -1.45487e-10  -1.03781e-10  -9.22339e-11  -3.13791e-9  -5.33636e-9  -5.54018e-9  -9.66797e-9  -1.06326e-8  -1.91664e-8  -1.4969e-8  -1.5874e-8  -2.58141e-8  -2.43877e-8  -1.91353e-8  -1.50577e-8  -1.3827e-8  -1.73197e-8  -2.92433e-8  -2.17165e-8  -1.49618e-8  -2.17842e-8  -2.0791e-8  -1.52192e-8  -2.35553e-10  -1.86485e-8  -1.04806e-8  -1.22594e-8  -2.29394e-8  -3.55236e-10  -3.18025e-10  -5.39603e-10  -4.41727e-10  -6.19401e-10  -5.49027e-10  -5.00325e-10  -4.03977e-10  -9.89536e-9  -2.13456e-8  -3.09243e-8  -4.80724e-8  -5.99981e-9  -4.74158e-9  -2.43162e-8  -3.09238e-8  -9.85445e-9  -1.66912e-8  -5.09567e-10  -3.31245e-8  -5.38851e-9  -2.70514e-8  -5.50133e-9  -1.1279e-8  -2.24445e-8  -1.75399e-8  -1.4733e-8  -7.71877e-9  -6.07893e-10  -3.00155e-8  -7.67946e-10  -1.09381e-8  -2.38489e-8  -4.3176e-8  -3.13536e-8  -1.68071e-8  -1.11625e-11  -2.96391e-8  -5.38418e-8  -6.34889e-9  -2.08527e-8  -1.26156e-8  -9.31164e-9  -5.57854e-8  -3.73353e-8  -3.07444e-11  -3.23351e-8  -1.21522e-8  -3.03277e-8  -3.83111e-8  -3.49911e-8  -2.66483e-8  -3.11506e-8  -2.54917e-11  -3.46899e-8  -4.02643e-8  3.05796e-10  -2.03843e-10  -6.12269e-8  -8.04789e-9  -3.84186e-8  3.47297e-11  -4.51768e-11  -1.0796e-10  -5.17404e-8  -4.14382e-12  -9.7489e-11  -4.90085e-11  -1.04081e-10  -6.78915e-8  -1.2034e-11  -4.5712e-12  -2.38477e-11  -1.64125e-11  -2.83353e-8  -3.81664e-8  -1.93633e-11  -2.25727e-10  -7.25202e-8  -5.31504e-8  -6.45653e-12  -1.929e-11  -2.57523e-11  -6.90877e-11  -3.37127e-11  -4.79653e-11  -1.65688e-10  -9.0005e-11  -5.68615e-8  -1.32223e-11  -1.07845e-10  -4.98975e-11  -1.86678e-11  -8.0128e-11  -7.22018e-11  3.87509e-11  -1.48131e-11  -4.87398e-11  8.41266e-12  -2.2895e-11  -7.01148e-11  -3.29507e-10  -2.93027e-11  1.86232e-11
500 Eigenvalues converges, out of 500 requested.
