
=== Running tests for molecule: formaldehyde ===
Running with Naux = 500
Starting Davidson with n_aux = 500, l_buffer = 234, lc = 181, thresh = 0.002, max_iter = 100
Iter 1: V_size = 125, Converged = 0, ‖r‖ (largest λ) = 0.5019495876520204
Iter 2: V_size = 250, Converged = 9, ‖r‖ (largest λ) = 7.964916218912751e-5
Iter 3: V_size = 375, Converged = 81, ‖r‖ (largest λ) = 292.36090366176467
Iter 4: V_size = 500, Converged = 109, ‖r‖ (largest λ) = 277.6725379796944
Iter 5: V_size = 222, Converged = 155, ‖r‖ (largest λ) = 2.512324458170762e-5
Iter 6: V_size = 347, Converged = 156, ‖r‖ (largest λ) = 73.08037874178896
Iter 7: V_size = 426, Converged = 157, ‖r‖ (largest λ) = 0.0017698419358694148
Iter 8: V_size = 155, Converged = 157, ‖r‖ (largest λ) = 0.026480806414975643
Iter 9: V_size = 232, Converged = 157, ‖r‖ (largest λ) = 0.024632681793978956
Total MINRES iterations: 845
Iter 10: V_size = 309, Converged = 157, ‖r‖ (largest λ) = 0.02117245337657751
Converged all required eigenvalues (cluster-aware). Iter = 11
393.029205 seconds (5.80 M allocations: 237.103 GiB, 0.34% gc time, 0.14% compilation time)
Number of FLOPs: 9586798694728

Reading exact Eigenvalues...
Reading eigenvalues from ../MA_best/Eigenvalues_folder/eigenres_formaldehyde_RNDbasis1.jld2

Compute the difference between computed and exact eigenvalues:
1×180 adjoint(::Vector{Float64}) with eltype Float64:
 -9.77707e-12  -3.60387e-11  -1.77351e-11  -1.75442e-9  -2.7525e-9  -2.00913e-9  -8.14092e-9  -3.78893e-9  -2.1024e-8  -1.27898e-12  -4.89138e-11  -6.60805e-13  -8.19256e-12  -1.39579e-10  -5.1223e-11  -1.60846e-10  -1.05544e-10  -9.53904e-12  -2.089e-11  -6.71072e-11  -1.66374e-11  -8.27676e-11  -1.23539e-10  -6.51745e-10  -2.73843e-11  -1.33137e-9  -4.15447e-10  -1.97979e-10  -2.35467e-10  -1.72191e-10  -3.85914e-11  -1.00945e-10  -1.79698e-10  -9.59268e-11  -7.95987e-10  -4.01089e-10  -5.79799e-10  -4.00863e-10  -3.39275e-10  -1.78665e-9  -4.05286e-10  -2.22056e-9  -1.87217e-9  -3.83397e-9  -3.19368e-9  -4.22947e-9  -4.28844e-9  -9.30102e-9  -7.43918e-9  -2.77942e-9  -9.28166e-9  -9.82278e-9  -1.09919e-8  -2.29071e-8  -3.68614e-8  -1.23735e-8  -2.56287e-8  -3.91552e-8  -5.12494e-8  -3.40656e-8  -3.65759e-8  -9.50795e-13  -1.93223e-12  -7.30527e-13  -3.30225e-12  -4.26718e-8  -1.17799e-7  -1.75179e-7  -1.11673e-7  -2.46209e-7  -2.30555e-7  -1.15685e-7  -1.98228e-7  -7.21525e-7  -4.03939e-7  -4.81862e-7  -1.35325e-6  -5.16199e-7  -6.97903e-7  -1.011e-6  -9.79837e-7  -9.12957e-7  -1.4199e-6  -6.91398e-11  -1.60029e-6  -1.16409e-10  -1.75107e-6  -1.40633e-10  -1.46718e-9  -7.51571e-10  -6.50391e-10  -3.33646e-9  -1.19953e-9  -1.69106e-9  -3.83888e-10  -2.65859e-9  -6.09855e-9  -1.88881e-9  -1.40403e-8  -1.46297e-9  -6.94653e-8  -1.00689e-7  -1.20684e-10  -8.78767e-7  -2.90455e-7  -1.13924e-7  -2.6509e-7  -6.54439e-10  -4.05148e-10  -5.86482e-7  -1.09002e-9  -9.33614e-7  -1.66485e-9  -5.24043e-9  -1.7867e-8  -2.76219e-6  -4.05063e-8  -2.50851e-7  -3.87766e-7  -4.34347e-7  -3.29328e-7  -1.41535e-6  -4.87334e-7  -9.54351e-7  -8.17365e-7  -2.12243e-6  -2.28819e-6  -1.2131e-6  -1.61795e-6  -2.38719e-6  -9.54421e-7  -1.45598e-6  -1.12383e-6  -2.37395e-6  -3.31834e-6  -2.37762e-6  -2.32462e-6  -1.88549e-6  -2.86915e-6  -2.6229e-6  -4.3266e-6  -2.38756e-6  -1.66174e-6  -1.66658e-6  -2.96502e-6  -1.89297e-6  -3.32829e-6  -3.2745e-6  -2.19246e-6  -1.9826e-6  -4.93354e-6  -2.25556e-6  -4.09868e-6  -2.90608e-6  -3.83491e-6  -3.51934e-6  -5.21604e-6  -5.72903e-7  -1.23617e-6  -5.03478e-7  -4.35083e-7  -1.04291e-6  -1.24438e-6  -7.35728e-7  -7.87074e-7  -1.9059e-6  -1.45498e-6  -1.98477e-6  -9.71658e-7  -1.67857e-6  -1.02908e-6  -1.72063e-6  -1.05826e-6  -3.28423e-6  -2.95866e-6  -1.90926e-6  -2.51134e-6  -4.24741e-6  -2.77743e-6  -2.84937e-6
180 Eigenvalues converges, out of 180 requested.
Running with Naux = 1000
Starting Davidson with n_aux = 1000, l_buffer = 234, lc = 181, thresh = 0.002, max_iter = 100
Iter 1: V_size = 250, Converged = 0, ‖r‖ (largest λ) = 0.09323173995939667
Iter 2: V_size = 484, Converged = 63, ‖r‖ (largest λ) = 2.688642567816883e-6
Iter 3: V_size = 718, Converged = 94, ‖r‖ (largest λ) = 305.3357162446335
Iter 4: V_size = 889, Converged = 128, ‖r‖ (largest λ) = 121.42266563756029
Iter 5: V_size = 1029, Converged = 139, ‖r‖ (largest λ) = 71.12219466625363
Converged all required eigenvalues (cluster-aware). Iter = 6
297.291454 seconds (4.37 M allocations: 191.960 GiB, 0.45% gc time)
Number of FLOPs: 7523766307145

Reading exact Eigenvalues...
Reading eigenvalues from ../MA_best/Eigenvalues_folder/eigenres_formaldehyde_RNDbasis1.jld2

Compute the difference between computed and exact eigenvalues:
1×180 adjoint(::Vector{Float64}) with eltype Float64:
 -1.36424e-12  7.95808e-13  2.27374e-13  -1.19371e-12  -1.16529e-12  -2.33058e-12  -1.53477e-12  -2.92744e-12  -1.25414e-9  -9.02129e-9  -1.37142e-8  -1.42109e-13  -1.24876e-8  -7.81597e-14  -4.3041e-9  -2.55795e-13  -3.1115e-9  -3.11238e-8  -4.04738e-9  -3.09086e-13  -1.88928e-9  -2.09792e-9  -2.00715e-8  -1.20129e-9  -3.51719e-13  -7.17648e-13  -3.18599e-8  -1.49569e-12  -9.52714e-9  -1.15827e-7  -3.2685e-13  -2.98606e-12  -2.73328e-7  -3.27328e-7  -1.14119e-8  -9.02691e-8  -1.41846e-7  -7.24674e-8  -4.36984e-13  -2.78604e-8  -1.90762e-7  -2.24648e-7  -3.4496e-8  -1.82331e-7  -2.48424e-12  -2.58764e-7  -1.31006e-12  -2.85105e-12  -4.02374e-8  -5.38769e-7  -6.69938e-7  -1.46271e-7  -3.3018e-7  -9.52526e-8  -3.14806e-7  -1.95784e-7  -9.3343e-8  -4.95652e-7  -1.23739e-7  -6.50941e-7  -2.61802e-7  -5.39131e-7  -8.02025e-13  -1.59541e-7  -2.0711e-11  -3.31373e-7  -5.30433e-7  -1.42597e-12  -1.25649e-6  3.86624e-12  3.50253e-12  -4.22236e-7  -8.67106e-7  7.64153e-11  -7.18286e-7  2.83191e-11  -5.17844e-7  -1.49347e-6  -7.89995e-7  4.84484e-11  1.59779e-11  -7.79658e-7  -1.66822e-6  -1.67044e-6  -1.54493e-6  -2.3107e-7  -1.53129e-11  -6.71529e-7  -1.58603e-7  -9.88908e-7  -1.60473e-7  5.73079e-11  -1.37801e-12  -1.88657e-7  -6.79308e-7  -5.55904e-7  1.53388e-11  -9.7744e-12  -2.99607e-11  -9.52347e-7  -6.95268e-11  2.77924e-11  -9.12752e-11  8.80851e-12  -6.64488e-10  -5.56537e-11  -2.14572e-10  -2.99319e-10  -6.36043e-10  -2.75252e-9  -1.08894e-7  -4.02094e-8  -3.28327e-8  -9.58409e-8  -1.07442e-7  -2.28086e-7  -1.27955e-7  -2.82383e-7  -7.90637e-7  -1.01805e-6  -5.53746e-7  -5.72934e-7  -4.25881e-8  -1.04687e-6  -1.32457e-6  -6.66053e-7  -1.32228e-6  -3.44682e-8  -1.08576e-6  -2.94164e-7  -5.50856e-7  -1.14351e-7  -2.66178e-6  -2.78768e-7  -1.28279e-7  -2.96005e-7  -7.20372e-7  -4.94303e-7  -2.66456e-7  -4.60332e-7  -3.49909e-7  -5.98631e-7  -6.7871e-7  -1.84675e-6  -2.42338e-6  -2.03484e-6  -5.48732e-7  -1.77512e-6  -8.13984e-7  -1.50541e-6  -1.32019e-6  -8.29573e-7  -1.03385e-6  -8.73055e-7  -2.88909e-6  -1.70229e-6  -1.75575e-6  -3.39534e-6  -1.67061e-6  -2.5723e-6  -1.74381e-6  -1.68944e-6  -1.49261e-6  -2.35898e-6  -2.98907e-6  -2.24639e-6  -2.03603e-6  -2.08874e-6  -2.76513e-6  -2.27128e-6  -2.99485e-6  -3.3192e-6  -2.65616e-6  -3.05433e-6  -4.99234e-6  -2.21835e-6  -3.69841e-6  -3.54146e-6  -4.41787e-6  -2.74396e-6
180 Eigenvalues converges, out of 180 requested.
Running with Naux = 1500
Starting Davidson with n_aux = 1500, l_buffer = 234, lc = 181, thresh = 0.002, max_iter = 100
Iter 1: V_size = 375, Converged = 0, ‖r‖ (largest λ) = 0.026671535617726835
Iter 2: V_size = 609, Converged = 126, ‖r‖ (largest λ) = 2.2296379615242674e-7
Iter 3: V_size = 843, Converged = 129, ‖r‖ (largest λ) = 366.8169160294403
Iter 4: V_size = 951, Converged = 165, ‖r‖ (largest λ) = 22.213191711709136
Iter 5: V_size = 1056, Converged = 171, ‖r‖ (largest λ) = 69.84432378360049
Iter 6: V_size = 1125, Converged = 175, ‖r‖ (largest λ) = 45.92788445758007
Iter 7: V_size = 1188, Converged = 178, ‖r‖ (largest λ) = 111.49694681948895
Iter 8: V_size = 1247, Converged = 179, ‖r‖ (largest λ) = 38.84425972741494
Iter 9: V_size = 1303, Converged = 180, ‖r‖ (largest λ) = 8.695360847305954
Total MINRES iterations: 2
Iter 10: V_size = 1358, Converged = 180, ‖r‖ (largest λ) = 33.091077844926126
Converged all required eigenvalues (cluster-aware). Iter = 11
1008.560575 seconds (26.44 M allocations: 1.085 TiB, 0.54% gc time, 0.00% compilation time)
Number of FLOPs: 23451948016576

Reading exact Eigenvalues...
Reading eigenvalues from ../MA_best/Eigenvalues_folder/eigenres_formaldehyde_RNDbasis1.jld2

Compute the difference between computed and exact eigenvalues:
1×180 adjoint(::Vector{Float64}) with eltype Float64:
 -9.09495e-13  -1.13687e-13  -4.54747e-13  0.0  2.84217e-14  -1.13687e-13  1.7053e-13  -2.27374e-13  -4.41389e-11  -4.5148e-9  -1.74592e-9  -2.21247e-8  -1.43994e-8  -2.04331e-9  -4.48934e-9  -2.4889e-8  -1.73493e-10  -1.51569e-8  -4.01442e-9  -2.23128e-9  -6.42089e-10  -8.21458e-11  -1.09256e-9  -1.84577e-8  -3.16567e-8  -6.81058e-8  -5.63869e-9  -7.48965e-10  -1.39686e-9  -1.49972e-8  -9.20206e-9  -1.38458e-8  -6.96517e-9  -4.66539e-8  -1.64114e-9  -6.06839e-11  -1.5162e-8  -2.75264e-10  -3.8431e-9  -2.52289e-9  -1.02481e-7  -6.65019e-8  -3.55444e-8  -8.40724e-8  -7.44825e-8  -1.07045e-9  -8.36855e-10  -3.42427e-10  -4.02725e-8  -1.29634e-8  -4.02378e-8  -2.18972e-8  -2.09076e-7  -1.04657e-7  -9.31298e-10  -1.88712e-9  -8.36288e-8  -2.82375e-9  -9.04818e-10  -3.77602e-8  -2.86566e-7  -1.63962e-7  -1.75819e-9  -1.50405e-9  -1.72006e-7  -6.53433e-7  -6.65041e-9  -2.77365e-7  -2.45787e-7  -5.60871e-8  -1.29012e-7  -4.22721e-9  -2.61569e-7  -1.56079e-7  -7.49861e-9  -2.88216e-7  -9.2751e-9  -1.17672e-7  -2.4129e-7  -2.71054e-7  -5.20447e-8  -4.59643e-8  -2.64541e-8  -3.31607e-7  -1.78161e-7  -1.31075e-7  -2.45591e-7  -8.50793e-8  -8.17941e-8  -9.77937e-8  -3.42085e-7  -1.55854e-7  -4.02041e-7  -3.87322e-7  -5.81043e-7  -6.08847e-7  -4.73716e-7  -6.4936e-7  -1.13169e-6  -4.70043e-7  -6.08458e-7  -1.15558e-6  -1.49921e-6  -6.65285e-7  -1.42164e-6  -7.09968e-7  -1.361e-6  -1.41508e-6  -1.106e-6  -7.89568e-7  -1.13272e-6  -2.29861e-6  -9.42251e-7  -2.1061e-6  -1.7032e-6  -2.50786e-6  -1.40585e-6  -2.09096e-6  -3.16234e-6  -2.66162e-6  -3.09082e-6  -2.31974e-6  -3.98064e-6  -3.34625e-6  -3.47175e-6  -3.461e-6  -2.25919e-7  -2.83403e-7  -1.45696e-6  -1.62765e-6  -1.83378e-6  -3.19807e-7  -2.61487e-7  -2.45161e-7  -2.34665e-7  -2.95419e-7  -5.84728e-7  -2.90861e-7  -6.80099e-7  -5.9063e-7  -6.6963e-7  -8.15706e-7  -7.31224e-7  -8.33527e-7  -6.91288e-7  -9.21321e-7  -9.36669e-7  -9.89769e-7  -1.05602e-6  -8.39599e-7  -1.22356e-6  -1.31201e-6  -1.36512e-6  -1.24916e-6  -1.40031e-6  -1.60226e-6  -1.96491e-6  -1.29179e-6  -2.49768e-6  -1.57932e-6  -1.87988e-6  -1.73088e-6  -1.83112e-6  -2.17022e-6  -1.76916e-6  -2.90001e-6  -1.96765e-6  -2.34326e-6  -2.65798e-6  -7.96244e-7  -9.32861e-7  -9.60716e-7  -7.95957e-6  -1.14729e-6  -1.01652e-6  -6.07653e-6  -9.26765e-7  -9.11019e-7  -5.75391e-7  -6.99571e-7
180 Eigenvalues converges, out of 180 requested.

=== Running tests for molecule: uracil ===
Running with Naux = 500
Starting Davidson with n_aux = 500, l_buffer = 546, lc = 422, thresh = 0.002, max_iter = 100
Iter 1: V_size = 125, Converged = 0, ‖r‖ (largest λ) = 5.693797348480899
Iter 2: V_size = 250, Converged = 0, ‖r‖ (largest λ) = 0.016360284264002125
Iter 3: V_size = 375, Converged = 21, ‖r‖ (largest λ) = 1.857133464725515e-5
Iter 4: V_size = 500, Converged = 69, ‖r‖ (largest λ) = 339.72169600900315
Iter 5: V_size = 202, Converged = 127, ‖r‖ (largest λ) = 3.276441242958759e-5
Iter 6: V_size = 327, Converged = 129, ‖r‖ (largest λ) = 145.41365934496912
Iter 7: V_size = 452, Converged = 129, ‖r‖ (largest λ) = 0.09424309174342903
Iter 8: V_size = 250, Converged = 129, ‖r‖ (largest λ) = 0.008532018871845955
Iter 9: V_size = 375, Converged = 149, ‖r‖ (largest λ) = 0.0006003295127538196
Total MINRES iterations: 1574
Iter 10: V_size = 500, Converged = 175, ‖r‖ (largest λ) = 66.93209016171728
Total MINRES iterations: 1475
Iter 11: V_size = 224, Converged = 220, ‖r‖ (largest λ) = 0.00019694359419480543
Total MINRES iterations: 2155
Iter 12: V_size = 349, Converged = 234, ‖r‖ (largest λ) = 115.07260852062919
Total MINRES iterations: 2286
Iter 13: V_size = 474, Converged = 249, ‖r‖ (largest λ) = 71.07931190365113
Total MINRES iterations: 2715
Iter 14: V_size = 235, Converged = 259, ‖r‖ (largest λ) = 0.0005854202562855254
Total MINRES iterations: 2065
Iter 15: V_size = 360, Converged = 261, ‖r‖ (largest λ) = 31.735937945402174
Total MINRES iterations: 887
Iter 16: V_size = 485, Converged = 317, ‖r‖ (largest λ) = 0.0011685100276149602
Total MINRES iterations: 1950
Iter 17: V_size = 194, Converged = 347, ‖r‖ (largest λ) = 0.000748381325558295
Total MINRES iterations: 2359
Iter 18: V_size = 319, Converged = 350, ‖r‖ (largest λ) = 84.60417714059342
Total MINRES iterations: 2322
Iter 19: V_size = 444, Converged = 365, ‖r‖ (largest λ) = 31.77794546243115
Total MINRES iterations: 2575
Iter 20: V_size = 235, Converged = 380, ‖r‖ (largest λ) = 0.0008189170888205822
Total MINRES iterations: 2103
Iter 21: V_size = 360, Converged = 386, ‖r‖ (largest λ) = 66.71626323450813
Total MINRES iterations: 1478
Iter 22: V_size = 485, Converged = 408, ‖r‖ (largest λ) = 32.04346286984427
Converged all required eigenvalues (cluster-aware). Iter = 23
6402.612779 seconds (25.69 M allocations: 1.255 TiB, 0.11% gc time)
Number of FLOPs: 133238600876156

Reading exact Eigenvalues...
Reading eigenvalues from ../MA_best/Eigenvalues_folder/eigenres_uracil_RNDbasis1.jld2

Compute the difference between computed and exact eigenvalues:
1×420 adjoint(::Vector{Float64}) with eltype Float64:
 -3.41061e-13  -1.47793e-12  -1.93268e-12  -1.13687e-12  -2.16005e-12  -2.72848e-12  -9.07789e-11  -1.08912e-10  -1.7377e-10  -1.00897e-10  -9.67475e-11  -1.67631e-10  -2.34013e-9  -3.91833e-9  -5.01566e-9  -5.0504e-9  -3.4475e-9  -7.3984e-9  -8.2423e-13  -1.23583e-8  -9.93998e-9  -1.22773e-8  -8.10019e-13  -1.13687e-12  -1.20792e-12  -2.43006e-11  -3.01839e-11  -5.25517e-11  -2.82512e-11  -9.4218e-12  -3.00986e-11  -1.88294e-11  -3.85967e-11  -1.32729e-11  -2.32632e-11  -3.11644e-11  -3.52998e-11  -3.08233e-11  -3.48876e-11  -7.22196e-11  -7.68239e-11  -1.29546e-10  -1.14454e-10  -2.22094e-10  -8.04775e-10  -7.79288e-10  -3.84539e-10  -8.90545e-10  -6.46814e-10  -1.87435e-9  -2.93709e-9  -7.96697e-9  -1.0462e-8  -1.08492e-8  -3.45021e-9  -1.93767e-8  -1.08456e-8  -8.61685e-9  -3.50885e-8  -3.20149e-8  -3.95346e-11  -5.51401e-8  -6.61542e-8  -4.4531e-8  -4.43955e-8  -9.36356e-8  -6.44728e-8  -1.44947e-7  -9.331e-8  -1.21832e-7  -3.77121e-10  -3.79995e-10  -7.43132e-10  -1.24049e-9  -4.17668e-10  -1.02384e-9  -8.05784e-10  -1.27999e-9  -1.83037e-9  -1.14906e-9  -4.67397e-9  -2.83783e-9  -2.78107e-9  -5.12242e-9  -2.33743e-9  -7.735e-9  -9.32167e-9  -5.28785e-9  -1.4727e-8  -7.64246e-9  -1.37775e-8  -9.51171e-9  -1.74913e-8  -1.65251e-8  -2.79475e-8  -3.01959e-8  -1.58313e-8  -2.11262e-8  -2.21032e-8  -1.36392e-8  -5.20712e-8  -1.10461e-8  -3.56869e-8  -3.3563e-8  -2.95959e-8  -8.33262e-8  -6.79354e-8  -4.15907e-8  -5.57497e-8  -6.61797e-8  -1.32444e-7  -2.1327e-7  -9.8987e-8  -6.2149e-8  -6.88423e-8  -1.2762e-7  -1.64414e-7  -1.43132e-7  -1.00571e-7  -2.20415e-7  -1.73632e-7  -1.50371e-7  -2.05179e-7  -3.21448e-7  -1.36815e-7  -7.8648e-9  -2.48847e-7  -3.80755e-7  -7.52209e-9  -3.05377e-8  -2.73697e-8  -1.36106e-8  -2.70777e-8  -8.18845e-9  -5.6595e-8  -2.77437e-8  -3.5318e-8  -3.11188e-8  -6.65001e-8  -9.38635e-8  -5.08732e-8  -1.17106e-7  -1.52439e-7  -1.71677e-7  -1.42043e-7  -1.45582e-7  -4.18328e-7  -5.49057e-7  -2.85389e-7  -2.59996e-9  -1.04737e-9  1.71021e-9  -9.30693e-9  -7.25614e-9  -1.01803e-8  5.61366e-9  -2.3926e-8  -5.49869e-8  -3.78624e-8  -1.93891e-8  -2.03025e-8  -3.14395e-8  -9.25804e-9  -3.22198e-8  1.25075e-9  9.83772e-9  -3.17577e-8  -9.38665e-8  -6.12797e-10  2.50784e-9  -3.3346e-7  -3.59912e-7  3.63664e-9  3.10225e-9  -2.61977e-7  -3.37708e-7  -2.16061e-7  -3.5299e-7  -1.97522e-7  -4.25709e-7  -5.12636e-7  -9.57384e-10  -3.91503e-7  3.08364e-9  -1.78806e-8  -8.7977e-9  -1.74679e-8  -2.78503e-8  7.83491e-9  -3.74616e-8  -8.10618e-8  -3.98658e-8  -2.39755e-8  -1.64919e-8  -4.59652e-9  -1.78588e-8  -1.17051e-8  -9.99119e-8  -8.20181e-8  -8.46791e-8  -7.67101e-8  -9.42884e-8  -4.18247e-8  -1.64705e-7  -2.09018e-7  -1.47428e-7  -1.24644e-7  -2.33653e-7  -7.31233e-7  -2.4239e-7  -2.4799e-7  -6.31911e-7  -3.65684e-7  -7.61362e-7  -4.8542e-7  -1.07329e-6  -1.23847e-6  -1.43309e-6  -1.11336e-6  -1.63799e-6  -6.65263e-8  -5.00427e-8  -2.57572e-8  -2.25195e-8  -6.11859e-8  -5.47817e-8  -6.84281e-8  -1.64752e-7  -2.45635e-7  2.48301e-8  -3.01373e-7  -5.90846e-7  -2.21563e-7  -3.02072e-9  1.77904e-8  1.00733e-8  -3.13393e-8  -4.28029e-8  9.12759e-9  -5.51305e-8  -1.63335e-8  -2.81311e-8  -1.20142e-6  -7.3034e-8  -1.28142e-6  -1.11263e-7  -5.01257e-7  -1.2012e-7  -2.60359e-7  -2.20445e-8  -5.59762e-7  -8.6197e-8  -6.97832e-8  -1.29399e-7  -1.64696e-6  -5.88229e-7  -5.1948e-7  -3.63775e-7  -1.70346e-6  4.9851e-8  3.09671e-7  1.54312e-7  2.70546e-7  -1.00807e-7  1.57554e-7  2.65935e-7  1.48934e-7  1.58166e-7  1.6805e-7  5.8337e-7  2.9723e-7  2.2872e-7  2.71708e-7  2.54435e-7  3.28652e-7  1.33722e-7  1.15536e-7  6.40986e-8  1.75271e-7  4.03265e-8  5.55714e-8  1.13667e-7  9.21325e-8  2.5673e-7  1.30988e-7  1.66427e-7  7.21676e-8  1.11175e-7  1.58225e-7  5.1189e-8  1.2825e-7  7.03902e-8  2.07926e-8  3.60238e-9  1.18396e-7  1.10361e-7  6.35683e-8  -1.63515e-9  -7.892e-8  -3.05348e-8  -6.72218e-9  -2.17698e-7  2.72478e-8  -9.93145e-7  -8.12229e-7  -3.99131e-7  -8.23802e-7  -4.33958e-7  3.53728e-8  -1.81798e-7  -5.02232e-8  -2.59589e-7  -2.10191e-7  -8.30474e-7  -1.90586e-7  -4.3024e-7  -5.76547e-7  -1.79558e-7  5.8453e-8  -1.50264e-7  -4.93597e-7  -6.07449e-7  -2.08578e-7  -2.84498e-8  -1.11781e-7  -2.20088e-6  -1.96157e-6  -1.05407e-6  -4.31964e-8  -1.57826e-7  -4.81182e-7  -2.05249e-7  -4.79374e-8  -3.2873e-7  -1.60428e-7  -4.84718e-7  -1.4213e-6  -2.83094e-7  -6.13193e-7  -1.74286e-6  -9.95732e-7  -1.65639e-6  -3.29934e-6  -2.44717e-6  -1.84297e-6  1.45998e-7  -1.49988e-6  -3.35036e-7  -4.15197e-7  -3.06668e-6  -5.94309e-7  7.05859e-9  1.30585e-7  3.35378e-8  -5.2176e-9  -1.0126e-7  -5.01689e-8  -2.15917e-7  2.99807e-9  -5.76561e-8  -3.37952e-7  -2.3458e-7  -1.10259e-6  -9.287e-7  -6.15649e-7  -6.97364e-7  -4.18346e-8  -4.18947e-9  -6.74317e-8  -7.82235e-8  -2.16757e-7  -1.89929e-7  -8.28386e-7  -4.85809e-7  -6.20476e-7  -9.02297e-7  -4.82473e-7  -3.58497e-6  -1.52654e-6  7.78341e-8  -2.51705e-6  -4.87923e-11  5.25515e-8  1.62548e-7  1.31733e-7  -3.69271e-7  3.71447e-7  1.51588e-6  2.17064e-7  -1.11706e-6  5.00011e-8  1.45651e-7  1.75727e-7  -1.29206e-6  1.31354e-8  9.94858e-8  2.48108e-7  -4.24609e-8  -2.34193e-7  -1.43259e-8  -3.21364e-7  1.21669e-7  2.66621e-7  9.78598e-8  1.951e-7  -1.84589e-7  1.03554e-7  -4.89312e-7  -5.37714e-7  -6.24622e-7  -1.84048e-6  -1.29133e-6  5.47798e-8  -2.47055e-7  -1.23269e-7  -2.71934e-7  2.0524e-7  -8.67384e-8  -1.12514e-7  -3.26609e-7
420 Eigenvalues converges, out of 420 requested.
Running with Naux = 1000
Starting Davidson with n_aux = 1000, l_buffer = 546, lc = 422, thresh = 0.002, max_iter = 100
Iter 1: V_size = 250, Converged = 0, ‖r‖ (largest λ) = 2.030766371103435
Iter 2: V_size = 500, Converged = 4, ‖r‖ (largest λ) = 0.001542940297629537
Iter 3: V_size = 750, Converged = 87, ‖r‖ (largest λ) = 8.659397273916893e-7
Iter 4: V_size = 1000, Converged = 217, ‖r‖ (largest λ) = 305.3716845331525
Iter 5: V_size = 370, Converged = 282, ‖r‖ (largest λ) = 1.7745767712957012e-5
Iter 6: V_size = 620, Converged = 282, ‖r‖ (largest λ) = 128.59530782872696
Iter 7: V_size = 870, Converged = 282, ‖r‖ (largest λ) = 0.017298235386346457
Iter 8: V_size = 500, Converged = 289, ‖r‖ (largest λ) = 0.0017214401534336587
Iter 9: V_size = 750, Converged = 298, ‖r‖ (largest λ) = 53.39398495311607
Total MINRES iterations: 4069
Iter 10: V_size = 1000, Converged = 327, ‖r‖ (largest λ) = 65.14258968820029
Total MINRES iterations: 725
Iter 11: V_size = 467, Converged = 420, ‖r‖ (largest λ) = 0.00019467563626979627
Total MINRES iterations: 1171
Iter 12: V_size = 686, Converged = 420, ‖r‖ (largest λ) = 124.40136798913936
Converged all required eigenvalues (cluster-aware). Iter = 13
2227.521452 seconds (30.87 M allocations: 1.511 TiB, 0.36% gc time)
Number of FLOPs: 51248082567740

Reading exact Eigenvalues...
Reading eigenvalues from ../MA_best/Eigenvalues_folder/eigenres_uracil_RNDbasis1.jld2

Compute the difference between computed and exact eigenvalues:
1×420 adjoint(::Vector{Float64}) with eltype Float64:
 -3.17948e-9  -3.7345e-9  -5.43889e-9  -3.24053e-9  3.41061e-13  0.0  -3.41061e-13  3.41061e-13  2.84217e-13  -2.84217e-13  -5.68434e-14  -1.7053e-13  -9.66338e-13  -1.3074e-12  -1.33582e-12  -9.9476e-13  -2.44427e-12  -1.47793e-12  -8.49809e-12  -4.49063e-12  -8.52651e-12  -2.359e-12  -4.50058e-11  -1.6513e-11  -5.06617e-11  -1.83462e-11  -4.29654e-9  -1.34861e-10  -2.00089e-10  -4.97238e-11  -1.29972e-10  -1.15089e-9  -9.6648e-11  -3.01476e-9  -2.3396e-9  -3.96938e-10  -1.22503e-9  -3.93527e-10  -1.30112e-9  -5.50045e-10  -5.20373e-10  -1.88521e-10  -3.35434e-9  -9.63716e-10  -7.86883e-10  -9.56952e-10  -2.02891e-8  -1.00588e-9  -2.1863e-9  -1.11582e-9  -2.66616e-9  -5.66448e-9  -3.52653e-9  -8.2018e-9  -5.19663e-9  -1.35099e-8  -5.21219e-9  -9.25265e-9  -1.58406e-8  -1.21819e-8  -1.8264e-8  -1.05613e-8  -2.1218e-8  -1.78088e-8  -2.32483e-8  -2.51481e-8  -2.82956e-8  -2.62165e-8  -4.34686e-8  -5.53204e-8  -4.83696e-8  -4.5653e-8  -1.23506e-7  -6.01046e-8  -9.63737e-8  -7.51013e-8  -8.05743e-8  -1.34834e-7  -1.33841e-7  -8.0754e-8  -1.69284e-7  -6.13554e-12  -1.48178e-7  -1.06968e-7  -1.92619e-7  -1.79829e-7  -8.88534e-12  -6.92424e-12  -7.8515e-12  -1.46393e-7  -1.12301e-11  -8.95994e-12  -1.86959e-7  -1.11946e-11  -1.22746e-11  -1.86997e-11  -1.10703e-11  -1.32907e-11  -1.49516e-11  -2.25278e-11  -2.86509e-11  -1.15836e-11  -1.59428e-11  -1.40528e-11  -1.47171e-11  -4.18865e-11  -2.14815e-11  -3.23919e-11  -3.17026e-11  -3.4829e-11  -3.40208e-11  -3.57172e-11  -8.32596e-11  -6.42792e-11  -5.61098e-11  -3.533e-11  -7.99929e-11  -4.86029e-11  -5.36673e-11  -5.73728e-11  -8.40803e-11  -6.13856e-11  -1.00583e-10  -1.09683e-10  -7.83924e-11  -7.84954e-11  -1.248e-10  -9.26033e-11  -1.82297e-10  -9.17222e-11  -1.23141e-10  -8.68958e-11  -1.7392e-10  -2.96572e-10  -2.19996e-10  -1.37039e-10  -3.14992e-10  -3.35238e-10  -2.68935e-10  -1.78591e-10  -2.89274e-10  -3.68244e-10  -6.21329e-10  -4.8488e-10  -6.18268e-10  -1.4215e-9  -1.20731e-9  -1.24725e-9  -1.8853e-9  -1.36739e-9  -2.2719e-9  2.78e-13  -4.33695e-9  -4.28539e-9  -5.80494e-9  -5.89728e-9  -6.57171e-9  -6.1208e-9  2.07656e-12  -6.61854e-9  -5.66663e-9  -9.51757e-9  -6.1658e-9  -7.30027e-9  -7.97969e-9  -9.47624e-9  -9.46636e-9  -1.11727e-8  -2.2448e-8  -3.19183e-8  -1.87426e-8  -1.62301e-8  -1.53741e-8  -2.2701e-8  -3.25491e-8  -2.7266e-8  -1.08551e-8  -2.13369e-8  -1.87556e-8  -2.90415e-8  -3.12184e-8  -4.81653e-8  -2.37303e-8  -4.33215e-8  -2.79977e-8  -2.56894e-8  -3.74085e-8  -6.31983e-8  -5.46607e-8  -4.55644e-8  -2.98446e-11  -3.24833e-11  -6.641e-11  -5.48903e-11  -4.81286e-11  -7.56035e-8  -8.83791e-8  -8.52518e-8  -8.45474e-8  -1.45952e-7  -5.401e-8  -7.14854e-8  -8.26755e-8  -8.25059e-8  -1.25819e-10  -1.72903e-7  -1.57231e-7  -1.488e-7  -2.26066e-7  -2.17846e-7  -1.93542e-7  -2.09031e-7  -2.35437e-7  -3.43673e-7  -2.81176e-7  -2.77829e-7  -3.2113e-7  -3.88963e-7  -1.98242e-7  -3.22042e-7  -5.21499e-10  -3.42701e-7  -5.1079e-10  -5.28157e-10  -4.23158e-10  -8.7748e-10  -9.21785e-10  -5.89398e-7  -5.2926e-7  -1.37536e-9  -7.48681e-7  -1.49312e-9  -1.15115e-9  -1.09005e-9  -2.06049e-9  -1.92987e-9  -8.13779e-7  -2.11875e-9  -8.46273e-10  -1.59126e-9  -2.75537e-9  -2.75686e-9  -3.25198e-9  -2.66655e-9  -2.73058e-9  -3.10208e-9  -4.12185e-9  -4.93743e-9  -6.06009e-9  -7.31117e-9  -3.71752e-8  -3.79161e-8  -1.07267e-7  -7.43264e-8  -1.17276e-7  -1.72399e-7  -1.01314e-7  -8.93428e-8  -8.59133e-8  -1.05785e-7  -8.22874e-8  -1.00692e-7  -1.7671e-7  -1.29833e-7  -2.20404e-7  -1.55271e-7  -1.88811e-7  -1.00037e-7  -2.61047e-7  -2.232e-7  -1.468e-7  -1.6588e-7  -2.78465e-7  -1.76624e-7  -2.82517e-7  -5.09263e-7  -1.56137e-7  -3.51637e-7  -3.13194e-7  -5.60835e-7  -3.08279e-7  -5.39209e-7  -1.3162e-6  6.0165e-9  -1.31957e-6  -2.09191e-9  -1.55964e-6  -1.53839e-6  -1.71767e-6  -1.48384e-6  2.53902e-8  -1.47101e-6  1.35743e-8  1.71575e-8  1.34408e-8  -3.14026e-8  1.00025e-9  -2.37858e-9  -1.7317e-8  -7.49529e-8  -5.04658e-8  -2.11748e-8  -4.39251e-8  2.87697e-9  1.11253e-10  -1.2147e-8  3.23822e-9  -2.31126e-8  -6.33653e-8  -3.32878e-8  -2.54982e-8  -1.9453e-8  -1.39126e-8  -2.27604e-8  -2.59928e-8  -3.21984e-8  -4.41305e-8  -5.76982e-8  -1.22962e-7  -2.07517e-8  -1.34026e-6  -5.21249e-8  -5.93851e-8  -4.50688e-8  -5.54166e-8  -5.79019e-8  -1.63171e-7  -8.31759e-8  -2.02954e-7  -1.85989e-8  -5.22729e-9  -3.39033e-7  -1.63965e-8  -1.26585e-8  -1.3907e-8  -6.80735e-9  -1.88213e-9  2.16795e-9  -3.31e-8  -3.73447e-8  -3.31413e-9  -2.36066e-9  -1.45853e-8  -7.55225e-9  1.5488e-9  -7.35229e-8  -8.35388e-8  -2.52431e-8  -3.6683e-8  -3.35138e-8  -1.37622e-7  -2.14771e-8  -2.10078e-7  -7.99117e-8  -8.48935e-7  -6.85513e-7  -1.52733e-6  -1.36513e-7  -1.41351e-7  -1.53366e-7  -2.09382e-7  -2.72534e-7  -2.70438e-7  -2.84609e-7  -3.45474e-7  -3.23896e-7  -2.80627e-7  -3.51119e-7  -5.19837e-7  -5.10529e-7  -4.76972e-7  -6.73499e-7  -7.02714e-7  -6.80176e-7  -5.38846e-7  -8.74815e-7  -8.5042e-7  -9.96878e-7  -1.07538e-6  -9.44415e-7  -6.78683e-7  -1.13801e-6  -1.22674e-6  -8.56175e-7  -1.57984e-6  -1.76838e-6  -1.21821e-6  -1.83377e-6  -1.25937e-6  -1.2792e-6  -1.9423e-6  -1.17347e-6  -2.05339e-6  -2.2125e-6  -2.25539e-6  -2.89236e-6  -1.82736e-6  -1.85017e-6  -1.93754e-6  -2.00135e-6  -2.95973e-6  -2.73828e-6  -3.38481e-6  -3.03017e-6  -2.8283e-6  -2.80999e-6  -2.90258e-6  -4.12147e-6  -2.83929e-6  -4.08377e-6  -3.88684e-6  -3.27231e-6  -4.43552e-6  -3.59098e-6  -4.65791e-6  -1.6019e-7  -3.97991e-6  -3.96078e-6  -4.80211e-6  -4.49288e-6
420 Eigenvalues converges, out of 420 requested.
Running with Naux = 1500
Starting Davidson with n_aux = 1500, l_buffer = 546, lc = 422, thresh = 0.002, max_iter = 100
Iter 1: V_size = 375, Converged = 0, ‖r‖ (largest λ) = 1.0027947181686145
Iter 2: V_size = 750, Converged = 15, ‖r‖ (largest λ) = 0.00029865181685458596
Iter 3: V_size = 1125, Converged = 183, ‖r‖ (largest λ) = 336.7968023735892
Iter 4: V_size = 1500, Converged = 307, ‖r‖ (largest λ) = 349.059604858737
Iter 5: V_size = 602, Converged = 368, ‖r‖ (largest λ) = 2.0771446567511256e-5
Iter 6: V_size = 841, Converged = 368, ‖r‖ (largest λ) = 105.51133799554083
Converged all required eigenvalues (cluster-aware). Iter = 7
473.630204 seconds (17.51 M allocations: 899.680 GiB, 0.79% gc time)
Number of FLOPs: 18751247157292

Reading exact Eigenvalues...
Reading eigenvalues from ../MA_best/Eigenvalues_folder/eigenres_uracil_RNDbasis1.jld2

Compute the difference between computed and exact eigenvalues:
1×420 adjoint(::Vector{Float64}) with eltype Float64:
 -1.19712e-10  -7.90124e-11  -1.75191e-10  -1.13914e-10  -3.48678e-10  -4.17231e-10  -1.67444e-9  -1.40398e-9  -3.03123e-9  -2.78914e-9  -3.21705e-9  -3.6722e-9  -1.81008e-8  0.0  -1.74563e-8  -2.16542e-8  -5.68434e-14  -5.68434e-13  -3.12639e-13  -1.13687e-12  -1.7053e-13  -1.22213e-12  -5.11591e-13  -6.39488e-13  -5.25802e-13  -5.7554e-12  -1.55481e-10  -4.68816e-11  -5.27223e-12  -6.11067e-12  -2.53664e-11  -3.63229e-11  -2.70006e-13  -1.38201e-10  -2.03386e-10  -3.7943e-12  -1.10347e-10  -3.85114e-12  -1.48916e-10  -3.25429e-12  -9.20863e-12  -1.38442e-10  -9.46443e-12  -2.0826e-11  -6.5711e-11  -1.23137e-11  -1.38334e-9  -3.97264e-11  -1.59986e-10  -1.69535e-11  -2.48832e-11  -2.82441e-11  -2.15366e-11  -3.07736e-11  -6.02967e-11  -4.75495e-11  -7.62554e-11  -5.64807e-10  -5.26192e-11  -1.20878e-10  -3.76954e-10  -1.68985e-10  -7.00453e-11  -7.54099e-11  -8.33467e-11  -1.57918e-10  -7.77995e-10  -3.65795e-10  -1.44791e-10  -2.27544e-10  -1.58902e-10  -1.83576e-10  -3.05732e-10  -4.11266e-10  -4.84945e-10  -3.41217e-10  -1.30591e-9  -4.76966e-10  -4.92676e-10  -4.4761e-10  -6.95842e-10  -1.40732e-9  -5.26999e-10  -7.29827e-10  -1.50292e-9  -8.32301e-10  -1.05918e-9  -8.96613e-10  -8.46523e-10  -7.51506e-10  -1.73761e-9  -1.10615e-9  -1.08353e-9  -1.24568e-9  -1.00533e-9  -1.28223e-9  -2.14466e-9  -1.64581e-9  -1.40668e-9  -2.5046e-9  -1.6042e-9  -1.14958e-9  -1.54438e-9  -1.13453e-9  -1.54914e-9  -3.62794e-9  -1.91158e-9  -1.68405e-9  -2.14648e-9  -2.89453e-9  -2.95203e-9  -2.69039e-9  -4.18981e-9  -2.22757e-9  -3.89838e-9  -3.13577e-9  -4.09192e-9  -3.47012e-9  -2.32059e-9  -3.89833e-9  -6.24463e-9  -4.38624e-9  -4.84634e-9  -3.7873e-9  -7.00585e-9  -6.41844e-9  -6.19379e-9  -4.79301e-9  -7.79644e-9  -4.41905e-9  -4.67973e-9  -6.25303e-9  -7.73711e-9  -9.59918e-9  -6.25089e-9  -9.2441e-9  -6.90366e-9  -8.48333e-9  -1.41797e-8  -6.54495e-9  -1.02918e-8  -1.91267e-8  -1.89818e-8  -8.61321e-9  -1.58721e-8  -2.68599e-7  -2.9788e-7  -2.72339e-7  -8.32541e-8  -3.35001e-7  -4.44758e-8  -3.54384e-8  -1.0992e-7  -2.3712e-7  -2.92181e-7  -5.8904e-12  -2.54692e-7  -3.3337e-7  -9.19281e-8  -2.74301e-7  -6.42242e-12  -1.46717e-7  -1.08911e-7  -4.04589e-7  -1.54383e-11  -2.67361e-7  -1.34722e-7  -1.20935e-7  -1.67425e-7  -3.2871e-7  -2.74841e-7  -1.28182e-11  -4.61544e-7  -6.01331e-7  -2.81879e-7  -2.28285e-7  -2.12016e-7  -3.06015e-7  -2.8229e-11  -2.83803e-7  -4.77041e-7  -1.35731e-11  -1.11733e-11  -4.80283e-7  -3.00338e-11  -2.64668e-11  -3.53947e-7  -4.28796e-7  -2.86432e-7  -2.86935e-11  -4.41239e-7  -2.84723e-11  -3.73773e-7  -8.06377e-12  -1.67253e-11  -2.04432e-11  -2.38005e-11  -1.80806e-11  -1.92308e-11  -2.54907e-11  -3.25242e-11  -3.97603e-7  -1.1867e-11  -2.38671e-11  -1.72395e-11  -4.40803e-11  -3.29834e-11  -5.57927e-11  -4.06306e-11  -7.71303e-11  -4.87566e-11  -6.30331e-11  -5.62004e-11  -6.40457e-11  -8.27614e-11  -8.87166e-11  -7.43823e-11  -7.22613e-11  -8.75788e-11  -7.59499e-11  -4.88081e-11  -1.46598e-10  -1.55319e-10  -1.02959e-10  -9.70894e-11  -1.701e-10  -1.58619e-10  -2.99539e-10  -3.76013e-10  -1.71781e-10  -2.30605e-10  -4.51561e-10  -5.78933e-10  -3.1401e-10  -3.39589e-10  -2.61855e-10  3.89244e-12  -2.58328e-10  -1.77041e-10  -6.63684e-10  -5.08435e-10  -2.42862e-10  -4.07115e-10  -3.25719e-10  -2.33249e-10  -3.73179e-10  -4.35909e-10  -7.55938e-10  -6.66134e-10  -4.76234e-10  -1.00023e-9  -6.90202e-10  -6.33428e-10  -8.75005e-10  -8.94551e-10  -5.18376e-10  -7.22661e-10  -1.13763e-9  -1.11426e-9  -1.08076e-9  -1.01781e-9  -7.51641e-10  -8.36557e-10  -2.06479e-9  -8.04294e-10  -8.43416e-10  -1.25852e-9  -1.86851e-9  -9.89218e-10  -1.55378e-9  -1.18319e-9  -3.22932e-9  -1.99481e-9  -2.49867e-9  -2.5032e-9  -2.18796e-9  -2.14926e-9  -2.85028e-9  -3.39963e-9  -2.96335e-9  -4.03022e-9  -2.38092e-9  -4.00352e-9  -5.07669e-9  -4.33025e-9  -4.16405e-9  -4.49818e-9  -3.03751e-9  -5.68034e-9  -5.85323e-9  -4.66348e-9  -5.93245e-9  -4.19731e-9  2.06262e-11  -6.63712e-9  -6.995e-9  -5.91761e-9  -6.93537e-9  -9.79398e-9  1.12834e-11  6.7546e-13  -2.08632e-8  -1.4988e-12  -1.23959e-7  -6.88849e-11  -1.38303e-7  -9.21712e-11  -1.51643e-7  -1.07984e-7  -3.58264e-8  -2.02078e-7  -8.64061e-8  -5.971e-11  -1.72875e-10  -5.90039e-11  -3.47855e-11  -1.88245e-11  -2.26158e-10  -2.78452e-10  -1.59638e-10  -2.55137e-7  -4.62812e-10  -7.35443e-11  -5.63424e-10  -2.74454e-10  -4.10902e-10  -2.97408e-10  -4.89262e-7  -5.55908e-10  -1.75947e-9  -3.20913e-9  -1.19759e-9  -1.86076e-9  -2.51741e-9  -5.62111e-10  -2.59151e-9  -2.77131e-9  -3.2281e-9  -4.51323e-9  -5.5288e-9  -6.80066e-9  -1.25269e-8  -1.20899e-8  -1.109e-8  -2.10534e-8  -2.99769e-8  -1.20223e-8  -7.15437e-8  -6.96911e-8  -2.79973e-8  -1.02472e-7  -6.14514e-7  -3.81787e-7  -3.62285e-7  -1.23712e-6  -7.58851e-7  -4.36892e-7  -1.15694e-6  -1.19891e-6  -1.16973e-6  -2.0985e-6  -7.99962e-7  -6.07682e-7  -1.66235e-6  -1.08949e-6  -2.21875e-6  -2.46667e-6  -4.44762e-7  -6.62621e-7  -5.37695e-7  -6.66859e-7  -1.30845e-6  -9.13805e-7  -1.00855e-6  -2.62223e-6  -7.62867e-7  -1.13767e-6  -2.46521e-6  -1.07729e-6  -8.03723e-7  -1.05034e-6  -1.23944e-6  -1.16558e-6  -9.47808e-7  -1.46264e-6  -2.63695e-6  -8.26237e-7  -9.28431e-7  -1.03487e-6  -1.0779e-6  -9.01286e-7  -2.84955e-6  -9.89533e-7  -9.42504e-7  -1.41257e-6  -1.69137e-6  -1.27345e-6  -9.36136e-7  -1.46266e-6  -1.12103e-6  -9.55064e-7  -1.24185e-6  -2.03997e-6  -1.36372e-6  -1.76869e-6  -1.56513e-6  -1.65765e-6  -1.49742e-6  -1.41416e-6  -1.33903e-6  -2.19431e-6  -1.58823e-6  -2.04926e-6  -2.15482e-6  -1.45143e-6  -1.31255e-6  -1.27071e-6  -2.07444e-6  -1.55534e-6  -2.96246e-6
420 Eigenvalues converges, out of 420 requested.
